******************** Stress Settings ********************
Command:
  Type: write
  Count: -1
  Duration: 90 SECONDS
  No Warmup: false
  Consistency Level: ONE
  Target Uncertainty: not applicable
  Key Size (bytes): 10
  Counter Increment Distibution: add=fixed(1)
Rate:
  Auto: false
  Thread Count: 50
  OpsPer Sec: 0
Population:
  Sequence: 1..1000000
  Order: ARBITRARY
  Wrap: true
Insert:
  Revisits: Uniform:  min=1,max=1000000
  Visits: Fixed:  key=1
  Row Population Ratio: Ratio: divisor=1.000000;delegate=Fixed:  key=1
  Batch Type: not batching
Columns:
  Max Columns Per Key: 1
  Column Names: [C0]
  Comparator: AsciiType
  Timestamp: null
  Variable Column Count: false
  Slice: false
  Size Distribution: Fixed:  key=34
  Count Distribution: Fixed:  key=1
Errors:
  Ignore: false
  Tries: 10
Log:
  No Summary: false
  No Settings: false
  File: null
  Interval Millis: 1000
  Level: NORMAL
Mode:
  API: JAVA_DRIVER_NATIVE
  Connection Style: CQL_PREPARED
  CQL Version: CQL3
  Protocol Version: V4
  Username: null
  Password: null
  Auth Provide Class: null
  Max Pending Per Connection: 128
  Connections Per Host: 8
  Compression: NONE
Node:
  Nodes: [cassandra_a, cassandra_b, cassandra_c]
  Is White List: false
  Datacenter: null
Schema:
  Keyspace: keyspace1
  Replication Strategy: org.apache.cassandra.locator.SimpleStrategy
  Replication Strategy Pptions: {replication_factor=3}
  Table Compression: null
  Table Compaction Strategy: null
  Table Compaction Strategy Options: {}
Transport:
  factory=org.apache.cassandra.thrift.TFramedTransportFactory; truststore=null; truststore-password=null; keystore=null; keystore-password=null; ssl-protocol=TLS; ssl-alg=SunX509; store-type=JKS; ssl-ciphers=TLS_RSA_WITH_AES_128_CBC_SHA,TLS_RSA_WITH_AES_256_CBC_SHA; 
Port:
  Native Port: 9042
  Thrift Port: 9160
  JMX Port: 7199
Send To Daemon:
  *not set*
Graph:
  File: null
  Revision: unknown
  Title: null
  Operation: WRITE
TokenRange:
  Wrap: false
  Split Factor: 1

Connected to cluster: TestCluster, max pending requests per connection 128, max connections per host 8
Datatacenter: datacenter1; Host: cassandra_c/172.19.0.4; Rack: rack1
Datatacenter: datacenter1; Host: cassandra_b/172.19.0.3; Rack: rack1
Datatacenter: datacenter1; Host: cassandra_a/172.19.0.2; Rack: rack1
Created keyspaces. Sleeping 3s for propagation.
Sleeping 2s...
Warming up WRITE with 150000 iterations...
Failed to connect over JMX; not collecting these stats
Running WRITE with 50 threads 90 seconds
Failed to connect over JMX; not collecting these stats
type       total ops,    op/s,    pk/s,   row/s,    mean,     med,     .95,     .99,    .999,     max,   time,   stderr, errors,  gc: #,  max ms,  sum ms,  sdv ms,      mb
total,          2331,    2331,    2331,    2331,    13.7,    20.3,    20.4,    20.5,    21.5,    21.6,    1.0,  0.00000,      0,      0,       0,       0,       0,       0
total,          5935,    3604,    3604,    3604,    13.9,    20.3,    20.3,    20.4,    20.5,    28.1,    2.0,  0.15392,      0,      0,       0,       0,       0,       0
total,          9608,    3673,    3673,    3673,    13.6,    20.3,    20.3,    20.4,    20.5,    20.8,    3.0,  0.11181,      0,      0,       0,       0,       0,       0
total,         13279,    3671,    3671,    3671,    13.6,    20.3,    20.3,    20.4,    20.5,    20.8,    4.0,  0.08629,      0,      0,       0,       0,       0,       0
total,         16875,    3596,    3596,    3596,    13.9,    20.3,    20.3,    20.4,    20.5,    20.5,    5.0,  0.06940,      0,      0,       0,       0,       0,       0
total,         20477,    3602,    3602,    3602,    13.9,    20.3,    20.3,    20.4,    20.5,    25.6,    6.0,  0.05814,      0,      0,       0,       0,       0,       0
total,         24195,    3718,    3718,    3718,    13.5,    20.3,    20.3,    20.4,    20.4,    20.8,    7.0,  0.05052,      0,      0,       0,       0,       0,       0
total,         27863,    3668,    3668,    3668,    13.6,    20.2,    20.3,    20.4,    20.5,    22.3,    8.0,  0.04444,      0,      0,       0,       0,       0,       0
total,         31566,    3703,    3703,    3703,    13.5,    20.2,    20.3,    20.4,    20.4,    20.4,    9.0,  0.03974,      0,      0,       0,       0,       0,       0
total,         35295,    3729,    3729,    3729,    13.4,    20.3,    20.3,    20.4,    20.4,    20.5,   10.0,  0.03601,      0,      0,       0,       0,       0,       0
total,         38953,    3658,    3658,    3658,    13.7,    20.3,    20.3,    20.4,    20.6,    22.8,   11.0,  0.03279,      0,      0,       0,       0,       0,       0
total,         42675,    3722,    3722,    3722,    13.4,    20.3,    20.3,    20.4,    20.5,    20.6,   12.0,  0.03019,      0,      0,       0,       0,       0,       0
total,         46302,    3627,    3627,    3627,    13.7,    20.3,    20.3,    20.4,    21.9,    25.9,   13.0,  0.02787,      0,      0,       0,       0,       0,       0
total,         49607,    3305,    3305,    3305,    15.2,    20.3,    20.4,   125.9,   151.3,   153.2,   14.0,  0.02621,      0,      0,       0,       0,       0,       0
total,         53263,    3656,    3656,    3656,    13.6,    20.3,    20.4,    20.4,    20.5,    20.6,   15.0,  0.02446,      0,      0,       0,       0,       0,       0
total,         56903,    3640,    3640,    3640,    13.7,    20.3,    20.4,    20.4,    20.5,    20.7,   16.0,  0.02293,      0,      0,       0,       0,       0,       0
total,         60550,    3647,    3647,    3647,    13.7,    20.3,    20.3,    20.4,    21.2,    27.1,   17.0,  0.02159,      0,      0,       0,       0,       0,       0
total,         63884,    3334,    3334,    3334,    15.1,    20.3,    20.4,    98.0,   148.1,   157.0,   18.0,  0.02071,      0,      0,       0,       0,       0,       0
total,         67609,    3725,    3725,    3725,    13.3,    20.3,    20.4,    20.4,    20.5,    21.1,   19.0,  0.01966,      0,      0,       0,       0,       0,       0
total,         71057,    3448,    3448,    3448,    14.5,    20.3,    20.4,    69.6,   109.4,   110.2,   20.0,  0.01878,      0,      0,       0,       0,       0,       0
total,         74779,    3722,    3722,    3722,    13.4,    20.3,    20.4,    20.4,    20.5,    20.7,   21.0,  0.01790,      0,      0,       0,       0,       0,       0
total,         78437,    3658,    3658,    3658,    13.7,    20.3,    20.3,    20.4,    20.4,    20.6,   22.0,  0.01708,      0,      0,       0,       0,       0,       0
total,         82159,    3722,    3722,    3722,    13.4,    20.3,    20.3,    20.4,    20.5,    20.5,   23.0,  0.01636,      0,      0,       0,       0,       0,       0
total,         85848,    3689,    3689,    3689,    13.5,    20.3,    20.3,    20.4,    20.4,    20.6,   24.0,  0.01568,      0,      0,       0,       0,       0,       0
total,         89586,    3738,    3738,    3738,    13.4,    20.3,    20.3,    20.4,    20.4,    20.5,   25.0,  0.01507,      0,      0,       0,       0,       0,       0
total,         93275,    3689,    3689,    3689,    13.5,    20.2,    20.3,    20.4,    20.4,    20.5,   26.0,  0.01449,      0,      0,       0,       0,       0,       0
total,         96956,    3681,    3681,    3681,    13.6,    20.3,    20.3,    20.4,    20.6,    20.8,   27.0,  0.01395,      0,      0,       0,       0,       0,       0
total,        100729,    3773,    3773,    3773,    13.3,    20.3,    20.3,    20.4,    20.4,    21.0,   28.0,  0.01349,      0,      0,       0,       0,       0,       0
total,        104391,    3662,    3662,    3662,    13.6,    20.2,    20.3,    20.4,    20.5,    20.8,   29.0,  0.01303,      0,      0,       0,       0,       0,       0
total,        108035,    3644,    3644,    3644,    13.7,    20.2,    20.3,    20.4,    20.4,    20.5,   30.0,  0.01259,      0,      0,       0,       0,       0,       0
total,        111703,    3668,    3668,    3668,    13.7,    20.2,    20.3,    20.4,    20.4,    20.5,   31.0,  0.01219,      0,      0,       0,       0,       0,       0
total,        115332,    3629,    3629,    3629,    13.8,    20.2,    20.3,    20.4,    20.4,    20.5,   32.0,  0.01181,      0,      0,       0,       0,       0,       0
total,        118987,    3655,    3655,    3655,    13.7,    20.2,    20.3,    20.4,    20.4,    20.4,   33.0,  0.01145,      0,      0,       0,       0,       0,       0
total,        122666,    3679,    3679,    3679,    13.6,    20.2,    20.3,    20.4,    20.4,    20.4,   34.0,  0.01111,      0,      0,       0,       0,       0,       0
total,        126345,    3679,    3679,    3679,    13.6,    20.2,    20.3,    20.4,    20.7,    27.1,   35.0,  0.01080,      0,      0,       0,       0,       0,       0
total,        130076,    3731,    3731,    3731,    13.4,    20.3,    20.3,    20.4,    20.4,    20.5,   36.0,  0.01051,      0,      0,       0,       0,       0,       0
total,        133672,    3596,    3596,    3596,    13.9,    20.2,    20.3,    20.4,    20.4,    20.5,   37.0,  0.01024,      0,      0,       0,       0,       0,       0
total,        137372,    3700,    3700,    3700,    13.4,    20.2,    20.3,    20.4,    30.0,    31.0,   38.0,  0.00998,      0,      0,       0,       0,       0,       0
total,        141088,    3716,    3716,    3716,    13.5,    20.2,    20.3,    20.4,    20.4,    20.8,   39.0,  0.00973,      0,      0,       0,       0,       0,       0
total,        144822,    3734,    3734,    3734,    13.4,    20.2,    20.3,    20.4,    20.4,    20.5,   40.0,  0.00950,      0,      0,       0,       0,       0,       0
total,        148566,    3744,    3744,    3744,    13.3,    20.3,    20.3,    20.4,    20.4,    20.5,   41.0,  0.00928,      0,      0,       0,       0,       0,       0
total,        152222,    3656,    3656,    3656,    13.7,    20.3,    20.3,    20.4,    20.4,    20.4,   42.0,  0.00906,      0,      0,       0,       0,       0,       0
total,        155832,    3610,    3610,    3610,    13.9,    20.3,    20.3,    20.4,    20.4,    20.5,   43.0,  0.00885,      0,      0,       0,       0,       0,       0
total,        159445,    3613,    3613,    3613,    13.9,    20.3,    20.3,    20.4,    20.4,    20.5,   44.0,  0.00866,      0,      0,       0,       0,       0,       0
total,        163175,    3730,    3730,    3730,    13.4,    20.3,    20.3,    20.4,    20.5,    20.6,   45.0,  0.00848,      0,      0,       0,       0,       0,       0
total,        166782,    3607,    3607,    3607,    13.9,    20.3,    20.3,    20.4,    20.5,    20.6,   46.0,  0.00830,      0,      0,       0,       0,       0,       0
total,        170486,    3704,    3704,    3704,    13.5,    20.3,    20.3,    20.4,    20.5,    21.7,   47.0,  0.00813,      0,      0,       0,       0,       0,       0
total,        174139,    3653,    3653,    3653,    13.7,    20.2,    20.3,    20.4,    20.4,    22.1,   48.0,  0.00796,      0,      0,       0,       0,       0,       0
total,        177817,    3678,    3678,    3678,    13.6,    20.3,    20.3,    20.4,    20.4,    20.5,   49.0,  0.00779,      0,      0,       0,       0,       0,       0
total,        181541,    3724,    3724,    3724,    13.4,    20.3,    20.3,    20.4,    20.5,    20.8,   50.0,  0.00764,      0,      0,       0,       0,       0,       0
total,        185262,    3721,    3721,    3721,    13.4,    20.3,    20.3,    20.4,    20.4,    20.7,   51.0,  0.00750,      0,      0,       0,       0,       0,       0
total,        188912,    3650,    3650,    3650,    13.7,    20.3,    20.3,    20.4,    20.5,    21.7,   52.0,  0.00735,      0,      0,       0,       0,       0,       0
total,        192591,    3679,    3679,    3679,    13.6,    20.3,    20.3,    20.4,    20.5,    20.6,   53.0,  0.00721,      0,      0,       0,       0,       0,       0
total,        196273,    3682,    3682,    3682,    13.5,    20.2,    20.3,    20.4,    20.4,    20.5,   54.0,  0.00708,      0,      0,       0,       0,       0,       0
total,        199939,    3666,    3666,    3666,    13.6,    20.3,    20.3,    20.4,    20.4,    20.6,   55.0,  0.00695,      0,      0,       0,       0,       0,       0
total,        203606,    3667,    3667,    3667,    13.6,    20.3,    20.3,    20.4,    20.5,    20.9,   56.0,  0.00683,      0,      0,       0,       0,       0,       0
total,        207397,    3791,    3791,    3791,    13.2,    20.3,    20.3,    20.4,    20.5,    20.7,   57.0,  0.00673,      0,      0,       0,       0,       0,       0
total,        210994,    3597,    3597,    3597,    13.9,    20.3,    20.3,    20.4,    20.4,    20.5,   58.0,  0.00663,      0,      0,       0,       0,       0,       0
total,        214672,    3678,    3678,    3678,    13.6,    20.3,    20.3,    20.4,    20.5,    20.5,   59.0,  0.00651,      0,      0,       0,       0,       0,       0
total,        218414,    3742,    3742,    3742,    13.4,    20.3,    20.3,    20.4,    27.6,    29.3,   60.0,  0.00642,      0,      0,       0,       0,       0,       0
total,        222112,    3698,    3698,    3698,    13.5,    20.3,    20.3,    20.4,    20.5,    20.5,   61.0,  0.00632,      0,      0,       0,       0,       0,       0
total,        225661,    3549,    3549,    3549,    14.1,    20.3,    20.4,    20.7,    50.7,    59.9,   62.0,  0.00621,      0,      0,       0,       0,       0,       0
total,        229352,    3691,    3691,    3691,    13.5,    20.3,    20.3,    20.4,    20.4,    20.8,   63.0,  0.00612,      0,      0,       0,       0,       0,       0
total,        233030,    3678,    3678,    3678,    13.6,    20.3,    20.3,    20.4,    20.5,    20.6,   64.0,  0.00602,      0,      0,       0,       0,       0,       0
total,        236696,    3666,    3666,    3666,    13.7,    20.3,    20.3,    20.4,    20.4,    20.5,   65.0,  0.00593,      0,      0,       0,       0,       0,       0
total,        240395,    3699,    3699,    3699,    13.5,    20.3,    20.3,    20.4,    20.5,    20.5,   66.0,  0.00584,      0,      0,       0,       0,       0,       0
total,        244095,    3700,    3700,    3700,    13.5,    20.3,    20.3,    20.4,    20.4,    20.5,   67.0,  0.00575,      0,      0,       0,       0,       0,       0
total,        247818,    3723,    3723,    3723,    13.5,    20.3,    20.3,    20.4,    20.5,    23.7,   68.0,  0.00567,      0,      0,       0,       0,       0,       0
total,        251499,    3681,    3681,    3681,    13.6,    20.3,    20.3,    20.4,    20.5,    20.6,   69.0,  0.00559,      0,      0,       0,       0,       0,       0
total,        255127,    3628,    3628,    3628,    13.7,    20.3,    20.4,    20.5,    28.3,    44.9,   70.0,  0.00551,      0,      0,       0,       0,       0,       0
total,        258679,    3552,    3552,    3552,    14.0,    20.3,    20.5,    36.7,    59.6,    64.7,   71.0,  0.00544,      0,      0,       0,       0,       0,       0
total,        262318,    3639,    3639,    3639,    13.7,    20.3,    20.4,    20.4,    20.6,    20.7,   72.0,  0.00536,      0,      0,       0,       0,       0,       0
total,        265979,    3661,    3661,    3661,    13.6,    20.3,    20.3,    20.4,    20.5,    20.6,   73.0,  0.00529,      0,      0,       0,       0,       0,       0
total,        269613,    3634,    3634,    3634,    13.7,    20.3,    20.3,    20.4,    20.5,    20.6,   74.0,  0.00522,      0,      0,       0,       0,       0,       0
total,        273279,    3666,    3666,    3666,    13.6,    20.3,    20.3,    20.4,    20.5,    20.6,   75.0,  0.00515,      0,      0,       0,       0,       0,       0
total,        277079,    3800,    3800,    3800,    13.2,    20.2,    20.3,    20.4,    20.5,    20.5,   76.0,  0.00510,      0,      0,       0,       0,       0,       0
total,        280734,    3655,    3655,    3655,    13.7,    20.3,    20.3,    20.4,    20.4,    21.6,   77.0,  0.00504,      0,      0,       0,       0,       0,       0
total,        284452,    3718,    3718,    3718,    13.5,    20.2,    20.3,    20.4,    20.4,    20.6,   78.0,  0.00497,      0,      0,       0,       0,       0,       0
total,        288193,    3741,    3741,    3741,    13.4,    20.2,    20.3,    20.4,    20.4,    20.5,   79.0,  0.00491,      0,      0,       0,       0,       0,       0
total,        291919,    3726,    3726,    3726,    13.4,    20.2,    20.3,    20.4,    20.4,    20.5,   80.0,  0.00486,      0,      0,       0,       0,       0,       0
total,        295555,    3636,    3636,    3636,    13.7,    20.2,    20.3,    20.4,    28.4,    29.0,   81.0,  0.00480,      0,      0,       0,       0,       0,       0
total,        299236,    3681,    3681,    3681,    13.6,    20.2,    20.3,    20.4,    20.4,    20.5,   82.0,  0.00474,      0,      0,       0,       0,       0,       0
total,        302821,    3585,    3585,    3585,    13.9,    20.2,    20.3,    20.4,    20.5,    20.6,   83.0,  0.00469,      0,      0,       0,       0,       0,       0
total,        306498,    3677,    3677,    3677,    13.6,    20.2,    20.3,    20.3,    20.4,    20.5,   84.0,  0.00463,      0,      0,       0,       0,       0,       0
total,        310161,    3663,    3663,    3663,    13.6,    20.2,    20.3,    20.4,    20.5,    21.0,   85.0,  0.00458,      0,      0,       0,       0,       0,       0
total,        313886,    3725,    3725,    3725,    13.4,    20.2,    20.3,    20.3,    20.4,    20.6,   86.0,  0.00453,      0,      0,       0,       0,       0,       0
total,        317549,    3663,    3663,    3663,    13.7,    20.2,    20.3,    20.4,    20.8,    20.9,   87.0,  0.00448,      0,      0,       0,       0,       0,       0
total,        321295,    3746,    3746,    3746,    13.4,    20.2,    20.3,    20.4,    20.4,    20.9,   88.0,  0.00443,      0,      0,       0,       0,       0,       0
total,        324990,    3695,    3695,    3695,    13.5,    20.2,    20.3,    20.4,    20.4,    20.5,   89.0,  0.00438,      0,      0,       0,       0,       0,       0
total,        328647,    3657,    3657,    3657,    13.7,    20.2,    20.3,    20.4,    20.4,    20.6,   90.0,  0.00433,      0,      0,       0,       0,       0,       0
total,        329957,    3656,    3656,    3656,    13.4,    20.2,    20.3,    20.4,    20.8,    20.8,   90.4,  0.00430,      0,      0,       0,       0,       0,       0


Results:
Op rate                   :    3,652 op/s  [WRITE: 3,652 op/s]
Partition rate            :    3,652 pk/s  [WRITE: 3,652 pk/s]
Row rate                  :    3,652 row/s [WRITE: 3,652 row/s]
Latency mean              :   13.6 ms [WRITE: 13.6 ms]
Latency median            :   20.3 ms [WRITE: 20.3 ms]
Latency 95th percentile   :   20.3 ms [WRITE: 20.3 ms]
Latency 99th percentile   :   20.4 ms [WRITE: 20.4 ms]
Latency 99.9th percentile :   21.2 ms [WRITE: 21.2 ms]
Latency max               :  157.0 ms [WRITE: 157.0 ms]
Total partitions          :    329,957 [WRITE: 329,957]
Total errors              :          0 [WRITE: 0]
Total GC count            : 0
Total GC memory           : 0.000 KiB
Total GC time             :    0.0 seconds
Avg GC time               :    NaN ms
StdDev GC time            :    0.0 ms
Total operation time      : 00:01:30

END
