******************** Stress Settings ********************
Command:
  Type: write
  Count: -1
  Duration: 90 SECONDS
  No Warmup: false
  Consistency Level: ONE
  Target Uncertainty: not applicable
  Key Size (bytes): 10
  Counter Increment Distibution: add=fixed(1)
Rate:
  Auto: false
  Thread Count: 50
  OpsPer Sec: 0
Population:
  Sequence: 1..1000000
  Order: ARBITRARY
  Wrap: true
Insert:
  Revisits: Uniform:  min=1,max=1000000
  Visits: Fixed:  key=1
  Row Population Ratio: Ratio: divisor=1.000000;delegate=Fixed:  key=1
  Batch Type: not batching
Columns:
  Max Columns Per Key: 1
  Column Names: [C0]
  Comparator: AsciiType
  Timestamp: null
  Variable Column Count: false
  Slice: false
  Size Distribution: Fixed:  key=34
  Count Distribution: Fixed:  key=1
Errors:
  Ignore: false
  Tries: 10
Log:
  No Summary: false
  No Settings: false
  File: null
  Interval Millis: 1000
  Level: NORMAL
Mode:
  API: JAVA_DRIVER_NATIVE
  Connection Style: CQL_PREPARED
  CQL Version: CQL3
  Protocol Version: V4
  Username: null
  Password: null
  Auth Provide Class: null
  Max Pending Per Connection: 128
  Connections Per Host: 8
  Compression: NONE
Node:
  Nodes: [cassandra_a, cassandra_b, cassandra_c]
  Is White List: false
  Datacenter: null
Schema:
  Keyspace: keyspace1
  Replication Strategy: org.apache.cassandra.locator.SimpleStrategy
  Replication Strategy Pptions: {replication_factor=3}
  Table Compression: null
  Table Compaction Strategy: null
  Table Compaction Strategy Options: {}
Transport:
  factory=org.apache.cassandra.thrift.TFramedTransportFactory; truststore=null; truststore-password=null; keystore=null; keystore-password=null; ssl-protocol=TLS; ssl-alg=SunX509; store-type=JKS; ssl-ciphers=TLS_RSA_WITH_AES_128_CBC_SHA,TLS_RSA_WITH_AES_256_CBC_SHA; 
Port:
  Native Port: 9042
  Thrift Port: 9160
  JMX Port: 7199
Send To Daemon:
  *not set*
Graph:
  File: null
  Revision: unknown
  Title: null
  Operation: WRITE
TokenRange:
  Wrap: false
  Split Factor: 1

Connected to cluster: TestCluster, max pending requests per connection 128, max connections per host 8
Datatacenter: datacenter1; Host: cassandra_a/172.28.0.2; Rack: rack1
Datatacenter: datacenter1; Host: cassandra_b/172.28.0.3; Rack: rack1
Datatacenter: datacenter1; Host: cassandra_c/172.28.0.4; Rack: rack1
Created keyspaces. Sleeping 3s for propagation.
Sleeping 2s...
Warming up WRITE with 150000 iterations...
Failed to connect over JMX; not collecting these stats
Running WRITE with 50 threads 90 seconds
Failed to connect over JMX; not collecting these stats
type       total ops,    op/s,    pk/s,   row/s,    mean,     med,     .95,     .99,    .999,     max,   time,   stderr, errors,  gc: #,  max ms,  sum ms,  sdv ms,      mb
total,         52371,   52371,   52371,   52371,     0.5,     0.4,     1.1,     1.9,     4.9,    13.9,    1.0,  0.00000,      0,      0,       0,       0,       0,       0
total,        148826,   96455,   96455,   96455,     0.5,     0.4,     1.1,     1.8,    11.4,    80.3,    2.0,  0.23172,      0,      0,       0,       0,       0,       0
total,        232530,   83704,   83704,   83704,     0.6,     0.4,     1.1,     1.9,    41.7,    51.2,    3.0,  0.15181,      0,      0,       0,       0,       0,       0
total,        320908,   88378,   88378,   88378,     0.6,     0.4,     1.2,     2.1,     5.1,    59.3,    4.0,  0.11397,      0,      0,       0,       0,       0,       0
total,        404041,   83133,   83133,   83133,     0.6,     0.4,     1.1,     2.0,    52.2,    68.8,    5.0,  0.09070,      0,      0,       0,       0,       0,       0
total,        496843,   92802,   92802,   92802,     0.5,     0.4,     1.0,     1.6,     3.3,    15.5,    6.0,  0.07580,      0,      0,       0,       0,       0,       0
total,        593003,   96160,   96160,   96160,     0.5,     0.4,     1.0,     1.6,    25.5,    67.4,    7.0,  0.06750,      0,      0,       0,       0,       0,       0
total,        680736,   87733,   87733,   87733,     0.6,     0.4,     1.0,     1.7,    45.4,    86.4,    8.0,  0.05913,      0,      0,       0,       0,       0,       0
total,        771837,   91101,   91101,   91101,     0.5,     0.4,     1.1,     1.7,     3.9,    68.1,    9.0,  0.05278,      0,      0,       0,       0,       0,       0
total,        859383,   87546,   87546,   87546,     0.6,     0.4,     1.0,     1.7,    47.5,    57.4,   10.0,  0.04745,      0,      0,       0,       0,       0,       0
total,        950892,   91509,   91509,   91509,     0.5,     0.4,     1.1,     1.9,     4.9,    63.5,   11.0,  0.04328,      0,      0,       0,       0,       0,       0
total,       1042847,   91955,   91955,   91955,     0.5,     0.4,     1.1,     2.2,     4.4,    54.5,   12.0,  0.03975,      0,      0,       0,       0,       0,       0
total,       1071641,   28794,   28794,   28794,     1.7,     2.2,     2.4,     2.6,    71.4,    77.2,   13.0,  0.06445,      0,      0,       0,       0,       0,       0
total,       1102639,   30998,   30998,   30998,     1.6,     2.2,     2.4,     2.5,     3.0,     9.3,   14.0,  0.07802,      0,      0,       0,       0,       0,       0
total,       1133375,   30736,   30736,   30736,     1.6,     2.2,     2.4,     2.5,    12.4,    14.0,   15.0,  0.08691,      0,      0,       0,       0,       0,       0
total,       1162672,   29297,   29297,   29297,     1.7,     2.2,     2.4,     2.5,    53.5,    61.0,   16.0,  0.09302,      0,      0,       0,       0,       0,       0
total,       1193836,   31164,   31164,   31164,     1.6,     2.2,     2.4,     2.5,     2.8,     4.8,   17.0,  0.09727,      0,      0,       0,       0,       0,       0
total,       1225017,   31181,   31181,   31181,     1.6,     2.2,     2.4,     2.5,     2.7,     3.1,   18.0,  0.10028,      0,      0,       0,       0,       0,       0
total,       1255411,   30394,   30394,   30394,     1.6,     2.2,     2.4,     2.5,     2.8,     7.3,   19.0,  0.10256,      0,      0,       0,       0,       0,       0
total,       1283676,   28265,   28265,   28265,     1.8,     2.2,     2.4,     2.5,    73.7,    77.2,   20.0,  0.10412,      0,      0,       0,       0,       0,       0
total,       1315155,   31479,   31479,   31479,     1.6,     2.2,     2.4,     2.5,     2.7,     3.2,   21.0,  0.10490,      0,      0,       0,       0,       0,       0
total,       1346284,   31129,   31129,   31129,     1.6,     2.2,     2.4,     2.5,     2.7,     4.7,   22.0,  0.10535,      0,      0,       0,       0,       0,       0
total,       1375018,   28734,   28734,   28734,     1.7,     2.2,     2.4,     2.5,    75.9,    80.7,   23.0,  0.10550,      0,      0,       0,       0,       0,       0
total,       1406056,   31038,   31038,   31038,     1.6,     2.2,     2.4,     2.5,     2.7,    13.5,   24.0,  0.10535,      0,      0,       0,       0,       0,       0
total,       1436923,   30867,   30867,   30867,     1.6,     2.2,     2.4,     2.5,     2.7,    10.8,   25.0,  0.10506,      0,      0,       0,       0,       0,       0
total,       1467387,   30464,   30464,   30464,     1.6,     2.2,     2.4,     2.5,    10.7,    12.4,   26.0,  0.10467,      0,      0,       0,       0,       0,       0
total,       1495046,   27659,   27659,   27659,     1.8,     2.2,     2.4,     2.6,    82.0,    86.2,   27.0,  0.10426,      0,      0,       0,       0,       0,       0
total,       1526362,   31316,   31316,   31316,     1.6,     2.2,     2.4,     2.5,     2.7,     3.7,   28.0,  0.10353,      0,      0,       0,       0,       0,       0
total,       1557495,   31133,   31133,   31133,     1.6,     2.2,     2.4,     2.5,     2.7,    14.0,   29.0,  0.10271,      0,      0,       0,       0,       0,       0
total,       1586653,   29158,   29158,   29158,     1.7,     2.2,     2.4,     2.5,    59.9,    63.9,   30.0,  0.10189,      0,      0,       0,       0,       0,       0
total,       1617827,   31174,   31174,   31174,     1.6,     2.2,     2.4,     2.5,     2.6,     3.3,   31.0,  0.10100,      0,      0,       0,       0,       0,       0
total,       1649067,   31240,   31240,   31240,     1.6,     2.2,     2.4,     2.5,     2.7,     3.4,   32.0,  0.10007,      0,      0,       0,       0,       0,       0
total,       1679227,   30160,   30160,   30160,     1.6,     2.2,     2.4,     2.5,     2.8,     9.2,   33.0,  0.09923,      0,      0,       0,       0,       0,       0
total,       1707658,   28431,   28431,   28431,     1.8,     2.2,     2.4,     2.6,    76.0,    79.2,   34.0,  0.09830,      0,      0,       0,       0,       0,       0
total,       1738897,   31239,   31239,   31239,     1.6,     2.2,     2.4,     2.5,     2.7,     5.7,   35.0,  0.09729,      0,      0,       0,       0,       0,       0
total,       1770236,   31339,   31339,   31339,     1.6,     2.2,     2.4,     2.5,     2.7,     3.3,   36.0,  0.09627,      0,      0,       0,       0,       0,       0
total,       1799741,   29505,   29505,   29505,     1.7,     2.2,     2.4,     2.5,    59.8,    65.4,   37.0,  0.09524,      0,      0,       0,       0,       0,       0
total,       1831040,   31299,   31299,   31299,     1.6,     2.2,     2.4,     2.5,     2.7,     6.1,   38.0,  0.09421,      0,      0,       0,       0,       0,       0
total,       1862148,   31108,   31108,   31108,     1.6,     2.2,     2.4,     2.5,     2.7,     3.4,   39.0,  0.09322,      0,      0,       0,       0,       0,       0
total,       1891741,   29593,   29593,   29593,     1.7,     2.2,     2.4,     2.5,    44.4,    52.1,   40.0,  0.09222,      0,      0,       0,       0,       0,       0
total,       1920851,   29110,   29110,   29110,     1.7,     2.2,     2.4,     2.5,    69.3,    72.5,   41.0,  0.09122,      0,      0,       0,       0,       0,       0
total,       1951975,   31124,   31124,   31124,     1.6,     2.2,     2.4,     2.5,     2.7,     4.2,   42.0,  0.09024,      0,      0,       0,       0,       0,       0
total,       1983122,   31147,   31147,   31147,     1.6,     2.2,     2.4,     2.5,     2.7,     3.4,   43.0,  0.08927,      0,      0,       0,       0,       0,       0
total,       2010818,   27696,   27696,   27696,     1.8,     2.2,     2.4,     2.5,   111.9,   117.6,   44.0,  0.08829,      0,      0,       0,       0,       0,       0
total,       2041740,   30922,   30922,   30922,     1.6,     2.2,     2.4,     2.5,     3.0,     8.6,   45.0,  0.08735,      0,      0,       0,       0,       0,       0
total,       2072820,   31080,   31080,   31080,     1.6,     2.2,     2.4,     2.5,     2.7,     3.5,   46.0,  0.08641,      0,      0,       0,       0,       0,       0
total,       2103357,   30537,   30537,   30537,     1.6,     2.2,     2.4,     2.5,     2.7,     6.5,   47.0,  0.08552,      0,      0,       0,       0,       0,       0
total,       2129003,   25646,   25646,   25646,     2.0,     2.2,     2.4,     2.7,    72.4,    78.8,   48.0,  0.08487,      0,      0,       0,       0,       0,       0
total,       2160088,   31085,   31085,   31085,     1.6,     2.2,     2.4,     2.5,     2.7,     3.7,   49.0,  0.08397,      0,      0,       0,       0,       0,       0
total,       2191099,   31011,   31011,   31011,     1.6,     2.2,     2.4,     2.5,     2.7,     5.3,   50.0,  0.08308,      0,      0,       0,       0,       0,       0
total,       2221791,   30692,   30692,   30692,     1.6,     2.2,     2.4,     2.5,     3.1,     7.1,   51.0,  0.08221,      0,      0,       0,       0,       0,       0
total,       2251773,   29982,   29982,   29982,     1.7,     2.2,     2.4,     2.5,    47.8,    55.0,   52.0,  0.08131,      0,      0,       0,       0,       0,       0
total,       2282644,   30871,   30871,   30871,     1.6,     2.2,     2.4,     2.5,     3.4,    17.3,   53.0,  0.08045,      0,      0,       0,       0,       0,       0
total,       2313309,   30665,   30665,   30665,     1.6,     2.2,     2.4,     2.5,    13.4,    15.2,   54.0,  0.07961,      0,      0,       0,       0,       0,       0
total,       2341267,   27958,   27958,   27958,     1.8,     2.2,     2.4,     2.6,    52.4,    60.1,   55.0,  0.07888,      0,      0,       0,       0,       0,       0
total,       2372650,   31383,   31383,   31383,     1.6,     2.2,     2.4,     2.5,     2.7,     4.7,   56.0,  0.07805,      0,      0,       0,       0,       0,       0
total,       2403747,   31097,   31097,   31097,     1.6,     2.2,     2.4,     2.5,     2.7,     3.4,   57.0,  0.07725,      0,      0,       0,       0,       0,       0
total,       2434521,   30774,   30774,   30774,     1.6,     2.2,     2.4,     2.5,     2.9,    10.4,   58.0,  0.07647,      0,      0,       0,       0,       0,       0
total,       2464989,   30468,   30468,   30468,     1.7,     2.2,     2.4,     2.5,    42.8,    54.1,   59.0,  0.07564,      0,      0,       0,       0,       0,       0
total,       2496360,   31371,   31371,   31371,     1.6,     2.2,     2.4,     2.5,     2.7,     4.5,   60.0,  0.07487,      0,      0,       0,       0,       0,       0
total,       2527007,   30647,   30647,   30647,     1.6,     2.2,     2.4,     2.5,     2.7,     6.1,   61.0,  0.07414,      0,      0,       0,       0,       0,       0
total,       2555321,   28314,   28314,   28314,     1.8,     2.2,     2.4,     2.6,    56.4,    58.0,   62.0,  0.07347,      0,      0,       0,       0,       0,       0
total,       2586491,   31170,   31170,   31170,     1.6,     2.2,     2.4,     2.5,     2.7,     3.5,   63.0,  0.07274,      0,      0,       0,       0,       0,       0
total,       2617560,   31069,   31069,   31069,     1.6,     2.2,     2.4,     2.5,     2.7,     8.8,   64.0,  0.07202,      0,      0,       0,       0,       0,       0
total,       2647355,   29795,   29795,   29795,     1.7,     2.2,     2.4,     2.5,    44.4,    50.4,   65.0,  0.07132,      0,      0,       0,       0,       0,       0
total,       2678472,   31117,   31117,   31117,     1.6,     2.2,     2.4,     2.5,     2.7,     4.5,   66.0,  0.07063,      0,      0,       0,       0,       0,       0
total,       2709332,   30860,   30860,   30860,     1.6,     2.2,     2.4,     2.5,     2.7,     4.5,   67.0,  0.06997,      0,      0,       0,       0,       0,       0
total,       2738782,   29450,   29450,   29450,     1.7,     2.2,     2.4,     2.5,    45.4,    52.2,   68.0,  0.06931,      0,      0,       0,       0,       0,       0
total,       2768491,   29709,   29709,   29709,     1.7,     2.2,     2.4,     2.5,    45.4,    48.4,   69.0,  0.06866,      0,      0,       0,       0,       0,       0
total,       2799148,   30657,   30657,   30657,     1.6,     2.2,     2.4,     2.5,    15.6,    17.9,   70.0,  0.06802,      0,      0,       0,       0,       0,       0
total,       2830319,   31171,   31171,   31171,     1.6,     2.2,     2.4,     2.5,     2.7,     7.0,   71.0,  0.06738,      0,      0,       0,       0,       0,       0
total,       2860160,   29841,   29841,   29841,     1.7,     2.2,     2.4,     2.5,    45.8,    50.4,   72.0,  0.06675,      0,      0,       0,       0,       0,       0
total,       2891478,   31318,   31318,   31318,     1.6,     2.2,     2.4,     2.5,     2.8,     3.4,   73.0,  0.06614,      0,      0,       0,       0,       0,       0
total,       2922502,   31024,   31024,   31024,     1.6,     2.2,     2.4,     2.5,     2.7,     4.0,   74.0,  0.06554,      0,      0,       0,       0,       0,       0
total,       2950616,   28114,   28114,   28114,     1.8,     2.2,     2.4,     2.6,    49.2,    50.9,   75.0,  0.06501,      0,      0,       0,       0,       0,       0
total,       2982009,   31393,   31393,   31393,     1.6,     2.2,     2.4,     2.5,     2.6,     3.8,   76.0,  0.06442,      0,      0,       0,       0,       0,       0
total,       3013196,   31187,   31187,   31187,     1.6,     2.2,     2.4,     2.5,     2.7,     3.2,   77.0,  0.06385,      0,      0,       0,       0,       0,       0
total,       3044334,   31138,   31138,   31138,     1.6,     2.2,     2.4,     2.5,     2.7,     3.6,   78.0,  0.06329,      0,      0,       0,       0,       0,       0
total,       3073949,   29615,   29615,   29615,     1.7,     2.2,     2.4,     2.5,    43.8,    52.4,   79.0,  0.06274,      0,      0,       0,       0,       0,       0
total,       3105202,   31253,   31253,   31253,     1.6,     2.2,     2.4,     2.5,     2.6,     4.0,   80.0,  0.06219,      0,      0,       0,       0,       0,       0
total,       3136329,   31127,   31127,   31127,     1.6,     2.2,     2.4,     2.5,     2.7,     3.1,   81.0,  0.06166,      0,      0,       0,       0,       0,       0
total,       3164611,   28282,   28282,   28282,     1.8,     2.2,     2.4,     2.6,    53.0,    57.3,   82.0,  0.06117,      0,      0,       0,       0,       0,       0
total,       3195575,   30964,   30964,   30964,     1.6,     2.2,     2.4,     2.5,     2.7,     4.9,   83.0,  0.06066,      0,      0,       0,       0,       0,       0
total,       3226405,   30830,   30830,   30830,     1.6,     2.2,     2.4,     2.5,     2.8,     8.0,   84.0,  0.06015,      0,      0,       0,       0,       0,       0
total,       3257244,   30839,   30839,   30839,     1.6,     2.2,     2.4,     2.5,     2.7,     4.4,   85.0,  0.05966,      0,      0,       0,       0,       0,       0
total,       3286538,   29294,   29294,   29294,     1.7,     2.2,     2.4,     2.5,    44.9,    54.1,   86.0,  0.05917,      0,      0,       0,       0,       0,       0
total,       3317669,   31131,   31131,   31131,     1.6,     2.2,     2.4,     2.5,     2.7,     3.7,   87.0,  0.05868,      0,      0,       0,       0,       0,       0
total,       3348816,   31147,   31147,   31147,     1.6,     2.2,     2.4,     2.5,     2.7,     8.2,   88.0,  0.05820,      0,      0,       0,       0,       0,       0
total,       3377444,   28628,   28628,   28628,     1.7,     2.2,     2.4,     2.5,    48.6,    50.3,   89.0,  0.05776,      0,      0,       0,       0,       0,       0
total,       3408565,   31121,   31121,   31121,     1.6,     2.2,     2.4,     2.5,     2.7,     4.3,   90.0,  0.05729,      0,      0,       0,       0,       0,       0
total,       3419947,   31040,   31040,   31040,     1.6,     2.2,     2.4,     2.5,     3.1,     4.2,   90.4,  0.05683,      0,      0,       0,       0,       0,       0


Results:
Op rate                   :   37,845 op/s  [WRITE: 37,845 op/s]
Partition rate            :   37,845 pk/s  [WRITE: 37,845 pk/s]
Row rate                  :   37,845 row/s [WRITE: 37,845 row/s]
Latency mean              :    1.3 ms [WRITE: 1.3 ms]
Latency median            :    0.8 ms [WRITE: 0.8 ms]
Latency 95th percentile   :    2.4 ms [WRITE: 2.4 ms]
Latency 99th percentile   :    2.5 ms [WRITE: 2.5 ms]
Latency 99.9th percentile :    6.4 ms [WRITE: 6.4 ms]
Latency max               :  117.6 ms [WRITE: 117.6 ms]
Total partitions          :  3,419,947 [WRITE: 3,419,947]
Total errors              :          0 [WRITE: 0]
Total GC count            : 0
Total GC memory           : 0.000 KiB
Total GC time             :    0.0 seconds
Avg GC time               :    NaN ms
StdDev GC time            :    0.0 ms
Total operation time      : 00:01:30

END
