******************** Stress Settings ********************
Command:
  Type: write
  Count: -1
  Duration: 90 SECONDS
  No Warmup: false
  Consistency Level: ONE
  Target Uncertainty: not applicable
  Key Size (bytes): 10
  Counter Increment Distibution: add=fixed(1)
Rate:
  Auto: false
  Thread Count: 50
  OpsPer Sec: 0
Population:
  Sequence: 1..1000000
  Order: ARBITRARY
  Wrap: true
Insert:
  Revisits: Uniform:  min=1,max=1000000
  Visits: Fixed:  key=1
  Row Population Ratio: Ratio: divisor=1.000000;delegate=Fixed:  key=1
  Batch Type: not batching
Columns:
  Max Columns Per Key: 1
  Column Names: [C0]
  Comparator: AsciiType
  Timestamp: null
  Variable Column Count: false
  Slice: false
  Size Distribution: Fixed:  key=34
  Count Distribution: Fixed:  key=1
Errors:
  Ignore: false
  Tries: 10
Log:
  No Summary: false
  No Settings: false
  File: null
  Interval Millis: 1000
  Level: NORMAL
Mode:
  API: JAVA_DRIVER_NATIVE
  Connection Style: CQL_PREPARED
  CQL Version: CQL3
  Protocol Version: V4
  Username: null
  Password: null
  Auth Provide Class: null
  Max Pending Per Connection: 128
  Connections Per Host: 8
  Compression: NONE
Node:
  Nodes: [cassandra_a, cassandra_b, cassandra_c]
  Is White List: false
  Datacenter: null
Schema:
  Keyspace: keyspace1
  Replication Strategy: org.apache.cassandra.locator.SimpleStrategy
  Replication Strategy Pptions: {replication_factor=3}
  Table Compression: null
  Table Compaction Strategy: null
  Table Compaction Strategy Options: {}
Transport:
  factory=org.apache.cassandra.thrift.TFramedTransportFactory; truststore=null; truststore-password=null; keystore=null; keystore-password=null; ssl-protocol=TLS; ssl-alg=SunX509; store-type=JKS; ssl-ciphers=TLS_RSA_WITH_AES_128_CBC_SHA,TLS_RSA_WITH_AES_256_CBC_SHA; 
Port:
  Native Port: 9042
  Thrift Port: 9160
  JMX Port: 7199
Send To Daemon:
  *not set*
Graph:
  File: null
  Revision: unknown
  Title: null
  Operation: WRITE
TokenRange:
  Wrap: false
  Split Factor: 1

Connected to cluster: TestCluster, max pending requests per connection 128, max connections per host 8
Datatacenter: datacenter1; Host: cassandra_a/172.28.0.2; Rack: rack1
Datatacenter: datacenter1; Host: cassandra_b/172.28.0.3; Rack: rack1
Datatacenter: datacenter1; Host: cassandra_c/172.28.0.4; Rack: rack1
Created keyspaces. Sleeping 3s for propagation.
Sleeping 2s...
Warming up WRITE with 150000 iterations...
Failed to connect over JMX; not collecting these stats
Running WRITE with 50 threads 90 seconds
Failed to connect over JMX; not collecting these stats
type       total ops,    op/s,    pk/s,   row/s,    mean,     med,     .95,     .99,    .999,     max,   time,   stderr, errors,  gc: #,  max ms,  sum ms,  sdv ms,      mb
total,         27800,   27800,   27800,   27800,     0.7,     0.4,     1.1,     2.6,    51.1,    52.0,    1.0,  0.00000,      0,      0,       0,       0,       0,       0
total,        125987,   98187,   98187,   98187,     0.5,     0.4,     1.0,     1.5,     4.9,    16.4,    2.0,  0.38599,      0,      0,       0,       0,       0,       0
total,        218273,   92286,   92286,   92286,     0.5,     0.4,     1.0,     1.7,    19.7,    43.0,    3.0,  0.24926,      0,      0,       0,       0,       0,       0
total,        308067,   89794,   89794,   89794,     0.5,     0.4,     1.0,     1.7,    38.6,    42.8,    4.0,  0.18314,      0,      0,       0,       0,       0,       0
total,        401364,   93297,   93297,   93297,     0.5,     0.4,     1.0,     1.5,    15.7,    44.0,    5.0,  0.14535,      0,      0,       0,       0,       0,       0
total,        484344,   82980,   82980,   82980,     0.6,     0.5,     1.1,     1.7,    46.5,    50.8,    6.0,  0.12038,      0,      0,       0,       0,       0,       0
total,        577012,   92668,   92668,   92668,     0.5,     0.5,     1.1,     1.6,     3.0,    15.7,    7.0,  0.10264,      0,      0,       0,       0,       0,       0
total,        664117,   87105,   87105,   87105,     0.6,     0.4,     1.1,     1.8,    18.3,    64.8,    8.0,  0.08941,      0,      0,       0,       0,       0,       0
total,        752205,   88088,   88088,   88088,     0.6,     0.4,     1.1,     1.8,    45.8,    53.6,    9.0,  0.07921,      0,      0,       0,       0,       0,       0
total,        841622,   89417,   89417,   89417,     0.6,     0.4,     1.1,     1.9,    13.9,    55.1,   10.0,  0.07114,      0,      0,       0,       0,       0,       0
total,        932989,   91367,   91367,   91367,     0.5,     0.4,     1.0,     1.6,    47.3,    50.5,   11.0,  0.06463,      0,      0,       0,       0,       0,       0
total,       1025288,   92299,   92299,   92299,     0.5,     0.4,     1.1,     2.2,     5.6,    15.3,   12.0,  0.05914,      0,      0,       0,       0,       0,       0
total,       1038629,   13341,   13341,   13341,     3.7,     5.2,     5.3,     5.7,    43.9,    52.6,   13.0,  0.08851,      0,      0,       0,       0,       0,       0
total,       1052535,   13906,   13906,   13906,     3.6,     5.2,     5.3,     5.4,     5.6,     6.6,   14.0,  0.10650,      0,      0,       0,       0,       0,       0
total,       1066498,   13963,   13963,   13963,     3.6,     5.2,     5.3,     5.4,     5.5,     5.6,   15.0,  0.11911,      0,      0,       0,       0,       0,       0
total,       1080375,   13877,   13877,   13877,     3.6,     5.2,     5.3,     5.4,     5.5,     8.9,   16.0,  0.12849,      0,      0,       0,       0,       0,       0
total,       1094311,   13936,   13936,   13936,     3.6,     5.2,     5.3,     5.4,     5.5,    10.1,   17.0,  0.13564,      0,      0,       0,       0,       0,       0
total,       1107709,   13398,   13398,   13398,     3.7,     5.2,     5.3,     5.5,    49.9,    54.7,   18.0,  0.14118,      0,      0,       0,       0,       0,       0
total,       1121104,   13395,   13395,   13395,     3.7,     5.2,     5.4,     5.5,    52.5,    54.5,   19.0,  0.14554,      0,      0,       0,       0,       0,       0
total,       1134896,   13792,   13792,   13792,     3.6,     5.2,     5.3,     5.4,     5.5,     6.0,   20.0,  0.14909,      0,      0,       0,       0,       0,       0
total,       1148926,   14030,   14030,   14030,     3.6,     5.2,     5.3,     5.4,     5.5,     5.8,   21.0,  0.15183,      0,      0,       0,       0,       0,       0
total,       1163001,   14075,   14075,   14075,     3.5,     5.2,     5.3,     5.4,     5.5,     6.1,   22.0,  0.15398,      0,      0,       0,       0,       0,       0
total,       1176841,   13840,   13840,   13840,     3.6,     5.2,     5.3,     5.4,     5.6,     6.2,   23.0,  0.15573,      0,      0,       0,       0,       0,       0
total,       1190728,   13887,   13887,   13887,     3.6,     5.2,     5.3,     5.4,     5.5,     7.1,   24.0,  0.15706,      0,      0,       0,       0,       0,       0
total,       1204702,   13974,   13974,   13974,     3.6,     5.2,     5.3,     5.5,    10.9,    12.9,   25.0,  0.15802,      0,      0,       0,       0,       0,       0
total,       1218608,   13906,   13906,   13906,     3.6,     5.2,     5.3,     5.4,     5.5,     5.9,   26.0,  0.15876,      0,      0,       0,       0,       0,       0
total,       1232549,   13941,   13941,   13941,     3.6,     5.2,     5.3,     5.4,     5.5,     5.7,   27.0,  0.15925,      0,      0,       0,       0,       0,       0
total,       1246009,   13460,   13460,   13460,     3.7,     5.2,     5.4,     5.5,    47.5,    52.1,   28.0,  0.15951,      0,      0,       0,       0,       0,       0
total,       1259822,   13813,   13813,   13813,     3.6,     5.2,     5.3,     5.4,     5.6,    10.4,   29.0,  0.15966,      0,      0,       0,       0,       0,       0
total,       1273662,   13840,   13840,   13840,     3.6,     5.2,     5.3,     5.4,     5.5,     5.7,   30.0,  0.15967,      0,      0,       0,       0,       0,       0
total,       1287613,   13951,   13951,   13951,     3.6,     5.2,     5.3,     5.4,     5.5,     5.7,   31.0,  0.15953,      0,      0,       0,       0,       0,       0
total,       1301524,   13911,   13911,   13911,     3.6,     5.2,     5.3,     5.4,     5.5,     5.8,   32.0,  0.15930,      0,      0,       0,       0,       0,       0
total,       1314839,   13315,   13315,   13315,     3.7,     5.2,     5.4,     5.5,    47.9,    50.7,   33.0,  0.15897,      0,      0,       0,       0,       0,       0
total,       1328100,   13261,   13261,   13261,     3.8,     5.2,     5.3,     5.5,    54.1,    56.5,   34.0,  0.15855,      0,      0,       0,       0,       0,       0
total,       1341966,   13866,   13866,   13866,     3.6,     5.2,     5.3,     5.4,     5.5,     5.8,   35.0,  0.15809,      0,      0,       0,       0,       0,       0
total,       1355819,   13853,   13853,   13853,     3.6,     5.2,     5.3,     5.4,     5.5,     8.8,   36.0,  0.15756,      0,      0,       0,       0,       0,       0
total,       1369822,   14003,   14003,   14003,     3.6,     5.2,     5.3,     5.4,     5.5,     5.6,   37.0,  0.15696,      0,      0,       0,       0,       0,       0
total,       1383740,   13918,   13918,   13918,     3.6,     5.2,     5.3,     5.4,     5.5,     5.7,   38.0,  0.15633,      0,      0,       0,       0,       0,       0
total,       1397685,   13945,   13945,   13945,     3.6,     5.2,     5.3,     5.4,     5.5,     5.9,   39.0,  0.15566,      0,      0,       0,       0,       0,       0
total,       1411698,   14013,   14013,   14013,     3.6,     5.2,     5.3,     5.4,     5.5,     8.8,   40.0,  0.15493,      0,      0,       0,       0,       0,       0
total,       1425374,   13676,   13676,   13676,     3.6,     5.2,     5.3,     5.4,     5.5,     5.8,   41.0,  0.15425,      0,      0,       0,       0,       0,       0
total,       1439336,   13962,   13962,   13962,     3.6,     5.2,     5.3,     5.4,     5.5,     5.7,   42.0,  0.15348,      0,      0,       0,       0,       0,       0
total,       1452728,   13392,   13392,   13392,     3.7,     5.2,     5.4,     5.6,    46.0,    50.9,   43.0,  0.15269,      0,      0,       0,       0,       0,       0
total,       1466609,   13881,   13881,   13881,     3.6,     5.2,     5.3,     5.4,     5.5,     5.8,   44.0,  0.15191,      0,      0,       0,       0,       0,       0
total,       1480473,   13864,   13864,   13864,     3.6,     5.2,     5.3,     5.4,     5.5,     5.7,   45.0,  0.15111,      0,      0,       0,       0,       0,       0
total,       1494457,   13984,   13984,   13984,     3.6,     5.2,     5.3,     5.4,     5.5,     5.6,   46.0,  0.15028,      0,      0,       0,       0,       0,       0
total,       1507735,   13278,   13278,   13278,     3.8,     5.2,     5.4,     5.5,    53.9,    57.9,   47.0,  0.14943,      0,      0,       0,       0,       0,       0
total,       1521134,   13399,   13399,   13399,     3.7,     5.2,     5.4,     5.5,    49.5,    51.2,   48.0,  0.14858,      0,      0,       0,       0,       0,       0
total,       1535018,   13884,   13884,   13884,     3.6,     5.2,     5.3,     5.4,     5.5,     9.3,   49.0,  0.14773,      0,      0,       0,       0,       0,       0
total,       1549033,   14015,   14015,   14015,     3.6,     5.2,     5.3,     5.4,     5.5,     7.1,   50.0,  0.14687,      0,      0,       0,       0,       0,       0
total,       1562867,   13834,   13834,   13834,     3.6,     5.2,     5.3,     5.4,     5.5,     5.8,   51.0,  0.14603,      0,      0,       0,       0,       0,       0
total,       1576715,   13848,   13848,   13848,     3.6,     5.2,     5.3,     5.4,     5.6,     5.7,   52.0,  0.14518,      0,      0,       0,       0,       0,       0
total,       1590468,   13753,   13753,   13753,     3.6,     5.2,     5.4,     5.5,    12.1,    13.4,   53.0,  0.14433,      0,      0,       0,       0,       0,       0
total,       1604377,   13909,   13909,   13909,     3.6,     5.2,     5.3,     5.4,     5.6,     9.1,   54.0,  0.14347,      0,      0,       0,       0,       0,       0
total,       1618367,   13990,   13990,   13990,     3.6,     5.2,     5.3,     5.4,     5.5,     5.9,   55.0,  0.14260,      0,      0,       0,       0,       0,       0
total,       1632317,   13950,   13950,   13950,     3.6,     5.2,     5.3,     5.4,     5.5,     5.7,   56.0,  0.14174,      0,      0,       0,       0,       0,       0
total,       1646286,   13969,   13969,   13969,     3.6,     5.2,     5.3,     5.4,     5.5,     5.7,   57.0,  0.14089,      0,      0,       0,       0,       0,       0
total,       1659662,   13376,   13376,   13376,     3.7,     5.2,     5.4,     5.5,    43.7,    49.4,   58.0,  0.14003,      0,      0,       0,       0,       0,       0
total,       1673475,   13813,   13813,   13813,     3.6,     5.2,     5.3,     5.4,     5.5,     6.0,   59.0,  0.13919,      0,      0,       0,       0,       0,       0
total,       1687368,   13893,   13893,   13893,     3.6,     5.2,     5.3,     5.4,     5.5,     5.7,   60.0,  0.13835,      0,      0,       0,       0,       0,       0
total,       1701418,   14050,   14050,   14050,     3.6,     5.2,     5.3,     5.4,     5.5,     7.2,   61.0,  0.13749,      0,      0,       0,       0,       0,       0
total,       1714800,   13382,   13382,   13382,     3.7,     5.2,     5.3,     5.5,    50.1,    53.6,   62.0,  0.13664,      0,      0,       0,       0,       0,       0
total,       1728133,   13333,   13333,   13333,     3.7,     5.2,     5.3,     5.5,    50.8,    53.5,   63.0,  0.13580,      0,      0,       0,       0,       0,       0
total,       1742185,   14052,   14052,   14052,     3.6,     5.2,     5.3,     5.4,     5.6,     6.0,   64.0,  0.13496,      0,      0,       0,       0,       0,       0
total,       1756190,   14005,   14005,   14005,     3.6,     5.2,     5.3,     5.4,     5.5,     5.6,   65.0,  0.13413,      0,      0,       0,       0,       0,       0
total,       1770198,   14008,   14008,   14008,     3.6,     5.2,     5.3,     5.4,     5.5,     5.7,   66.0,  0.13331,      0,      0,       0,       0,       0,       0
total,       1784031,   13833,   13833,   13833,     3.6,     5.2,     5.3,     5.4,     5.5,     6.1,   67.0,  0.13251,      0,      0,       0,       0,       0,       0
total,       1797832,   13801,   13801,   13801,     3.6,     5.2,     5.3,     5.4,     5.5,     7.0,   68.0,  0.13172,      0,      0,       0,       0,       0,       0
total,       1811751,   13919,   13919,   13919,     3.6,     5.2,     5.3,     5.4,     5.5,     5.6,   69.0,  0.13092,      0,      0,       0,       0,       0,       0
total,       1825665,   13914,   13914,   13914,     3.6,     5.2,     5.3,     5.4,     5.5,     5.6,   70.0,  0.13013,      0,      0,       0,       0,       0,       0
total,       1839534,   13869,   13869,   13869,     3.6,     5.2,     5.3,     5.4,     5.5,     5.6,   71.0,  0.12935,      0,      0,       0,       0,       0,       0
total,       1853465,   13931,   13931,   13931,     3.6,     5.2,     5.3,     5.4,     5.5,     5.7,   72.0,  0.12858,      0,      0,       0,       0,       0,       0
total,       1866846,   13381,   13381,   13381,     3.7,     5.2,     5.3,     5.5,    45.3,    50.8,   73.0,  0.12780,      0,      0,       0,       0,       0,       0
total,       1880755,   13909,   13909,   13909,     3.6,     5.2,     5.3,     5.4,     5.5,     5.7,   74.0,  0.12703,      0,      0,       0,       0,       0,       0
total,       1894553,   13798,   13798,   13798,     3.6,     5.2,     5.3,     5.4,     5.5,     5.8,   75.0,  0.12628,      0,      0,       0,       0,       0,       0
total,       1908163,   13610,   13610,   13610,     3.6,     5.2,     5.3,     5.4,     7.1,     9.3,   76.0,  0.12556,      0,      0,       0,       0,       0,       0
total,       1921026,   12863,   12863,   12863,     4.0,     5.2,     5.4,     7.2,    60.4,    61.9,   77.0,  0.12484,      0,      0,       0,       0,       0,       0
total,       1934880,   13854,   13854,   13854,     3.6,     5.2,     5.3,     5.4,     5.5,     5.6,   78.0,  0.12410,      0,      0,       0,       0,       0,       0
total,       1948847,   13967,   13967,   13967,     3.6,     5.2,     5.3,     5.4,     5.5,     6.2,   79.0,  0.12337,      0,      0,       0,       0,       0,       0
total,       1962828,   13981,   13981,   13981,     3.6,     5.2,     5.3,     5.4,     5.5,     5.7,   80.0,  0.12264,      0,      0,       0,       0,       0,       0
total,       1976764,   13936,   13936,   13936,     3.6,     5.2,     5.3,     5.4,     5.5,     5.7,   81.0,  0.12192,      0,      0,       0,       0,       0,       0
total,       1990782,   14018,   14018,   14018,     3.6,     5.2,     5.3,     5.4,     5.5,     5.7,   82.0,  0.12120,      0,      0,       0,       0,       0,       0
total,       2004551,   13769,   13769,   13769,     3.6,     5.2,     5.3,     5.4,     5.5,     5.8,   83.0,  0.12050,      0,      0,       0,       0,       0,       0
total,       2018444,   13893,   13893,   13893,     3.6,     5.2,     5.3,     5.4,     5.5,     5.7,   84.0,  0.11981,      0,      0,       0,       0,       0,       0
total,       2032354,   13910,   13910,   13910,     3.6,     5.2,     5.3,     5.4,     5.5,     5.6,   85.0,  0.11912,      0,      0,       0,       0,       0,       0
total,       2046350,   13996,   13996,   13996,     3.6,     5.2,     5.3,     5.4,     5.5,     5.6,   86.0,  0.11842,      0,      0,       0,       0,       0,       0
total,       2059218,   12868,   12868,   12868,     3.9,     5.2,     5.4,     5.9,    71.6,    75.2,   87.0,  0.11775,      0,      0,       0,       0,       0,       0
total,       2072757,   13539,   13539,   13539,     3.7,     5.2,     5.3,     5.5,    44.6,    51.9,   88.0,  0.11706,      0,      0,       0,       0,       0,       0
total,       2086583,   13826,   13826,   13826,     3.6,     5.2,     5.3,     5.4,     5.5,     5.9,   89.0,  0.11640,      0,      0,       0,       0,       0,       0
total,       2100497,   13914,   13914,   13914,     3.6,     5.2,     5.3,     5.4,     5.5,     5.7,   90.0,  0.11574,      0,      0,       0,       0,       0,       0
total,       2108603,   13774,   13774,   13774,     3.6,     5.2,     5.3,     5.4,     5.5,     6.1,   90.6,  0.11509,      0,      0,       0,       0,       0,       0


Results:
Op rate                   :   23,277 op/s  [WRITE: 23,277 op/s]
Partition rate            :   23,277 pk/s  [WRITE: 23,277 pk/s]
Row rate                  :   23,277 row/s [WRITE: 23,277 row/s]
Latency mean              :    2.1 ms [WRITE: 2.1 ms]
Latency median            :    0.5 ms [WRITE: 0.5 ms]
Latency 95th percentile   :    5.3 ms [WRITE: 5.3 ms]
Latency 99th percentile   :    5.4 ms [WRITE: 5.4 ms]
Latency 99.9th percentile :    9.2 ms [WRITE: 9.2 ms]
Latency max               :   75.2 ms [WRITE: 75.2 ms]
Total partitions          :  2,108,603 [WRITE: 2,108,603]
Total errors              :          0 [WRITE: 0]
Total GC count            : 0
Total GC memory           : 0.000 KiB
Total GC time             :    0.0 seconds
Avg GC time               :    NaN ms
StdDev GC time            :    0.0 ms
Total operation time      : 00:01:30

END
