******************** Stress Settings ********************
Command:
  Type: write
  Count: -1
  Duration: 90 SECONDS
  No Warmup: false
  Consistency Level: ONE
  Target Uncertainty: not applicable
  Key Size (bytes): 10
  Counter Increment Distibution: add=fixed(1)
Rate:
  Auto: false
  Thread Count: 50
  OpsPer Sec: 0
Population:
  Sequence: 1..1000000
  Order: ARBITRARY
  Wrap: true
Insert:
  Revisits: Uniform:  min=1,max=1000000
  Visits: Fixed:  key=1
  Row Population Ratio: Ratio: divisor=1.000000;delegate=Fixed:  key=1
  Batch Type: not batching
Columns:
  Max Columns Per Key: 1
  Column Names: [C0]
  Comparator: AsciiType
  Timestamp: null
  Variable Column Count: false
  Slice: false
  Size Distribution: Fixed:  key=34
  Count Distribution: Fixed:  key=1
Errors:
  Ignore: false
  Tries: 10
Log:
  No Summary: false
  No Settings: false
  File: null
  Interval Millis: 1000
  Level: NORMAL
Mode:
  API: JAVA_DRIVER_NATIVE
  Connection Style: CQL_PREPARED
  CQL Version: CQL3
  Protocol Version: V4
  Username: null
  Password: null
  Auth Provide Class: null
  Max Pending Per Connection: 128
  Connections Per Host: 8
  Compression: NONE
Node:
  Nodes: [cassandra_a, cassandra_b, cassandra_c]
  Is White List: false
  Datacenter: null
Schema:
  Keyspace: keyspace1
  Replication Strategy: org.apache.cassandra.locator.SimpleStrategy
  Replication Strategy Pptions: {replication_factor=3}
  Table Compression: null
  Table Compaction Strategy: null
  Table Compaction Strategy Options: {}
Transport:
  factory=org.apache.cassandra.thrift.TFramedTransportFactory; truststore=null; truststore-password=null; keystore=null; keystore-password=null; ssl-protocol=TLS; ssl-alg=SunX509; store-type=JKS; ssl-ciphers=TLS_RSA_WITH_AES_128_CBC_SHA,TLS_RSA_WITH_AES_256_CBC_SHA; 
Port:
  Native Port: 9042
  Thrift Port: 9160
  JMX Port: 7199
Send To Daemon:
  *not set*
Graph:
  File: null
  Revision: unknown
  Title: null
  Operation: WRITE
TokenRange:
  Wrap: false
  Split Factor: 1

Connected to cluster: TestCluster, max pending requests per connection 128, max connections per host 8
Datatacenter: datacenter1; Host: cassandra_a/172.28.0.2; Rack: rack1
Datatacenter: datacenter1; Host: cassandra_b/172.28.0.3; Rack: rack1
Datatacenter: datacenter1; Host: cassandra_c/172.28.0.4; Rack: rack1
Created keyspaces. Sleeping 3s for propagation.
Sleeping 2s...
Warming up WRITE with 150000 iterations...
Failed to connect over JMX; not collecting these stats
Running WRITE with 50 threads 90 seconds
Failed to connect over JMX; not collecting these stats
type       total ops,    op/s,    pk/s,   row/s,    mean,     med,     .95,     .99,    .999,     max,   time,   stderr, errors,  gc: #,  max ms,  sum ms,  sdv ms,      mb
total,         29041,   29041,   29041,   29041,     0.6,     0.5,     1.1,     1.9,     5.9,    14.6,    1.0,  0.00000,      0,      0,       0,       0,       0,       0
total,         88654,   59613,   59613,   59613,     0.8,     0.4,     1.1,     1.8,   118.9,   136.7,    2.0,  0.28407,      0,      0,       0,       0,       0,       0
total,        183162,   94508,   94508,   94508,     0.6,     0.4,     1.0,     1.5,     3.2,   122.2,    3.0,  0.26815,      0,      0,       0,       0,       0,       0
total,        276448,   93286,   93286,   93286,     0.5,     0.4,     1.0,     1.5,    14.7,    53.6,    4.0,  0.20026,      0,      0,       0,       0,       0,       0
total,        356282,   79834,   79834,   79834,     0.6,     0.4,     1.1,     1.8,    57.6,    62.3,    5.0,  0.15787,      0,      0,       0,       0,       0,       0
total,        454972,   98690,   98690,   98690,     0.5,     0.4,     1.0,     1.5,     3.2,    17.0,    6.0,  0.13230,      0,      0,       0,       0,       0,       0
total,        532393,   77421,   77421,   77421,     0.6,     0.4,     1.0,     1.6,    75.9,   115.5,    7.0,  0.11264,      0,      0,       0,       0,       0,       0
total,        618827,   86434,   86434,   86434,     0.6,     0.4,     1.0,     1.6,    25.2,   107.4,    8.0,  0.09849,      0,      0,       0,       0,       0,       0
total,        706974,   88147,   88147,   88147,     0.6,     0.4,     1.1,     1.7,     4.2,    86.2,    9.0,  0.08744,      0,      0,       0,       0,       0,       0
total,        782497,   75523,   75523,   75523,     0.7,     0.4,     1.0,     1.6,   100.7,   134.2,   10.0,  0.07857,      0,      0,       0,       0,       0,       0
total,        880904,   98407,   98407,   98407,     0.5,     0.4,     1.0,     1.6,     4.3,    11.5,   11.0,  0.07172,      0,      0,       0,       0,       0,       0
total,        956302,   75398,   75398,   75398,     0.6,     0.5,     1.2,     1.9,    49.6,    82.4,   12.0,  0.06620,      0,      0,       0,       0,       0,       0
total,        959277,    2975,    2975,    2975,    17.1,    25.3,    25.4,    44.7,    50.1,    50.4,   13.0,  0.10137,      0,      0,       0,       0,       0,       0
total,        962186,    2909,    2909,    2909,    17.0,    25.3,    25.4,    25.5,    25.6,    25.6,   14.0,  0.12362,      0,      0,       0,       0,       0,       0
total,        965127,    2941,    2941,    2941,    16.9,    25.3,    25.4,    25.4,    25.5,    31.0,   15.0,  0.13983,      0,      0,       0,       0,       0,       0
total,        968101,    2974,    2974,    2974,    17.0,    25.3,    25.4,    25.4,    25.5,    25.6,   16.0,  0.15240,      0,      0,       0,       0,       0,       0
total,        971113,    3012,    3012,    3012,    16.5,    25.3,    25.3,    25.4,    25.7,    27.4,   17.0,  0.16251,      0,      0,       0,       0,       0,       0
total,        974083,    2970,    2970,    2970,    16.7,    25.3,    25.3,    25.4,    25.5,    25.5,   18.0,  0.17087,      0,      0,       0,       0,       0,       0
total,        976717,    2634,    2634,    2634,    19.0,    25.3,    25.5,   126.4,   161.9,   164.6,   19.0,  0.17784,      0,      0,       0,       0,       0,       0
total,        979780,    3063,    3063,    3063,    16.4,    25.3,    25.4,    25.4,    25.5,    25.5,   20.0,  0.18376,      0,      0,       0,       0,       0,       0
total,        982712,    2932,    2932,    2932,    17.0,    25.3,    25.4,    25.4,    25.5,    25.6,   21.0,  0.18891,      0,      0,       0,       0,       0,       0
total,        985621,    2909,    2909,    2909,    17.1,    25.3,    25.3,    25.4,    25.5,    25.5,   22.0,  0.19338,      0,      0,       0,       0,       0,       0
total,        988621,    3000,    3000,    3000,    16.8,    25.2,    25.3,    25.4,    25.5,    26.0,   23.0,  0.19724,      0,      0,       0,       0,       0,       0
total,        991548,    2927,    2927,    2927,    17.0,    25.3,    25.4,    25.4,    25.6,    25.8,   24.0,  0.20066,      0,      0,       0,       0,       0,       0
total,        994439,    2891,    2891,    2891,    17.2,    25.3,    25.3,    25.4,    25.4,    25.4,   25.0,  0.20369,      0,      0,       0,       0,       0,       0
total,        997402,    2963,    2963,    2963,    17.0,    25.2,    25.3,    25.4,    25.4,    25.4,   26.0,  0.20635,      0,      0,       0,       0,       0,       0
total,       1000337,    2935,    2935,    2935,    16.9,    25.2,    25.3,    25.4,    25.4,    25.5,   27.0,  0.20872,      0,      0,       0,       0,       0,       0
total,       1003278,    2941,    2941,    2941,    17.0,    25.2,    25.3,    25.4,    25.5,    25.5,   28.0,  0.21082,      0,      0,       0,       0,       0,       0
total,       1006190,    2912,    2912,    2912,    17.2,    25.2,    25.3,    25.4,    25.4,    25.5,   29.0,  0.21272,      0,      0,       0,       0,       0,       0
total,       1009121,    2931,    2931,    2931,    16.9,    25.2,    25.3,    25.4,    25.4,    25.5,   30.0,  0.21440,      0,      0,       0,       0,       0,       0
total,       1012081,    2960,    2960,    2960,    17.0,    25.2,    25.3,    25.4,    25.4,    25.6,   31.0,  0.21590,      0,      0,       0,       0,       0,       0
total,       1014986,    2905,    2905,    2905,    17.1,    25.2,    25.3,    25.4,    25.4,    25.5,   32.0,  0.21726,      0,      0,       0,       0,       0,       0
total,       1017931,    2945,    2945,    2945,    16.9,    25.2,    25.3,    25.4,    25.5,    25.5,   33.0,  0.21846,      0,      0,       0,       0,       0,       0
total,       1020936,    3005,    3005,    3005,    16.7,    25.2,    25.3,    25.4,    25.4,    25.5,   34.0,  0.21952,      0,      0,       0,       0,       0,       0
total,       1023843,    2907,    2907,    2907,    17.1,    25.2,    25.3,    25.4,    25.4,    25.5,   35.0,  0.22050,      0,      0,       0,       0,       0,       0
total,       1026754,    2911,    2911,    2911,    17.3,    25.2,    25.3,    25.4,    25.4,    25.5,   36.0,  0.22138,      0,      0,       0,       0,       0,       0
total,       1029704,    2950,    2950,    2950,    16.9,    25.2,    25.3,    25.4,    25.4,    25.5,   37.0,  0.22215,      0,      0,       0,       0,       0,       0
total,       1032627,    2923,    2923,    2923,    17.0,    25.2,    25.3,    25.4,    25.5,    25.6,   38.0,  0.22285,      0,      0,       0,       0,       0,       0
total,       1035642,    3015,    3015,    3015,    16.8,    25.2,    25.3,    25.4,    25.5,    25.6,   39.0,  0.22344,      0,      0,       0,       0,       0,       0
total,       1038598,    2956,    2956,    2956,    16.8,    25.2,    25.3,    25.4,    25.4,    25.5,   40.0,  0.22398,      0,      0,       0,       0,       0,       0
total,       1041586,    2988,    2988,    2988,    16.7,    25.2,    25.3,    25.4,    25.5,    25.6,   41.0,  0.22444,      0,      0,       0,       0,       0,       0
total,       1044565,    2979,    2979,    2979,    16.9,    25.2,    25.3,    25.4,    25.4,    25.6,   42.0,  0.22485,      0,      0,       0,       0,       0,       0
total,       1047549,    2984,    2984,    2984,    16.6,    25.2,    25.3,    25.4,    25.4,    25.5,   43.0,  0.22521,      0,      0,       0,       0,       0,       0
total,       1050539,    2990,    2990,    2990,    16.9,    25.2,    25.3,    25.4,    25.4,    25.5,   44.0,  0.22551,      0,      0,       0,       0,       0,       0
total,       1053469,    2930,    2930,    2930,    16.9,    25.2,    25.3,    25.4,    25.4,    25.5,   45.0,  0.22579,      0,      0,       0,       0,       0,       0
total,       1056403,    2934,    2934,    2934,    17.0,    25.2,    25.3,    25.4,    25.4,    25.5,   46.0,  0.22602,      0,      0,       0,       0,       0,       0
total,       1059330,    2927,    2927,    2927,    17.2,    25.2,    25.3,    25.4,    25.4,    25.5,   47.0,  0.22622,      0,      0,       0,       0,       0,       0
total,       1062232,    2902,    2902,    2902,    17.1,    25.2,    25.3,    25.4,    25.5,    25.6,   48.0,  0.22638,      0,      0,       0,       0,       0,       0
total,       1065205,    2973,    2973,    2973,    17.0,    25.2,    25.3,    25.4,    25.5,    25.7,   49.0,  0.22650,      0,      0,       0,       0,       0,       0
total,       1068176,    2971,    2971,    2971,    16.7,    25.2,    25.3,    25.4,    25.5,    25.8,   50.0,  0.22658,      0,      0,       0,       0,       0,       0
total,       1071127,    2951,    2951,    2951,    16.9,    25.2,    25.3,    25.4,    25.4,    25.5,   51.0,  0.22664,      0,      0,       0,       0,       0,       0
total,       1074091,    2964,    2964,    2964,    16.9,    25.2,    25.3,    25.4,    25.4,    25.5,   52.0,  0.22666,      0,      0,       0,       0,       0,       0
total,       1077007,    2916,    2916,    2916,    17.0,    25.2,    25.3,    25.4,    25.5,    25.6,   53.0,  0.22668,      0,      0,       0,       0,       0,       0
total,       1079963,    2956,    2956,    2956,    17.1,    25.2,    25.3,    25.4,    25.4,    25.5,   54.0,  0.22666,      0,      0,       0,       0,       0,       0
total,       1082894,    2931,    2931,    2931,    16.9,    25.2,    25.3,    25.4,    25.5,    25.6,   55.0,  0.22663,      0,      0,       0,       0,       0,       0
total,       1085848,    2954,    2954,    2954,    17.0,    25.2,    25.3,    25.4,    25.5,    25.7,   56.0,  0.22657,      0,      0,       0,       0,       0,       0
total,       1088814,    2966,    2966,    2966,    16.9,    25.2,    25.3,    25.4,    25.5,    25.7,   57.0,  0.22648,      0,      0,       0,       0,       0,       0
total,       1091819,    3005,    3005,    3005,    16.5,    25.3,    25.4,    25.4,    25.8,    26.1,   58.0,  0.22637,      0,      0,       0,       0,       0,       0
total,       1094818,    2999,    2999,    2999,    16.9,    25.3,    25.4,    25.5,    25.9,    27.0,   59.0,  0.22625,      0,      0,       0,       0,       0,       0
total,       1097763,    2945,    2945,    2945,    16.9,    25.3,    25.3,    25.4,    25.7,    25.8,   60.0,  0.22612,      0,      0,       0,       0,       0,       0
total,       1100675,    2912,    2912,    2912,    17.0,    25.2,    25.3,    25.4,    25.5,    30.0,   61.0,  0.22598,      0,      0,       0,       0,       0,       0
total,       1103639,    2964,    2964,    2964,    17.1,    25.2,    25.3,    25.4,    25.4,    25.5,   62.0,  0.22582,      0,      0,       0,       0,       0,       0
total,       1106528,    2889,    2889,    2889,    17.1,    25.2,    25.3,    25.4,    25.4,    25.5,   63.0,  0.22566,      0,      0,       0,       0,       0,       0
total,       1109326,    2798,    2798,    2798,    17.8,    25.3,    25.4,    73.3,   105.4,   106.2,   64.0,  0.22545,      0,      0,       0,       0,       0,       0
total,       1112377,    3051,    3051,    3051,    16.6,    25.2,    25.3,    25.4,    25.5,    25.6,   65.0,  0.22523,      0,      0,       0,       0,       0,       0
total,       1115263,    2886,    2886,    2886,    17.1,    25.2,    25.3,    25.4,    25.5,    25.5,   66.0,  0.22504,      0,      0,       0,       0,       0,       0
total,       1118276,    3013,    3013,    3013,    16.7,    25.2,    25.3,    25.4,    25.5,    25.5,   67.0,  0.22481,      0,      0,       0,       0,       0,       0
total,       1121200,    2924,    2924,    2924,    17.0,    25.2,    25.3,    25.4,    25.5,    25.5,   68.0,  0.22459,      0,      0,       0,       0,       0,       0
total,       1124129,    2929,    2929,    2929,    16.9,    25.2,    25.3,    25.4,    25.8,    26.0,   69.0,  0.22436,      0,      0,       0,       0,       0,       0
total,       1127120,    2991,    2991,    2991,    17.0,    25.2,    25.3,    25.4,    25.5,    25.6,   70.0,  0.22411,      0,      0,       0,       0,       0,       0
total,       1130004,    2884,    2884,    2884,    17.2,    25.2,    25.3,    25.4,    25.4,    25.8,   71.0,  0.22387,      0,      0,       0,       0,       0,       0
total,       1132969,    2965,    2965,    2965,    17.0,    25.2,    25.3,    25.4,    25.5,    25.5,   72.0,  0.22361,      0,      0,       0,       0,       0,       0
total,       1135848,    2879,    2879,    2879,    17.3,    25.2,    25.3,    25.4,    25.5,    25.5,   73.0,  0.22336,      0,      0,       0,       0,       0,       0
total,       1138742,    2894,    2894,    2894,    17.1,    25.2,    25.3,    25.4,    25.5,    25.6,   74.0,  0.22310,      0,      0,       0,       0,       0,       0
total,       1141678,    2936,    2936,    2936,    17.3,    25.2,    25.4,    25.4,    25.5,    25.5,   75.0,  0.22283,      0,      0,       0,       0,       0,       0
total,       1144566,    2888,    2888,    2888,    17.2,    25.2,    25.3,    25.4,    25.5,    25.6,   76.0,  0.22255,      0,      0,       0,       0,       0,       0
total,       1147495,    2929,    2929,    2929,    17.0,    25.2,    25.3,    25.4,    25.5,    25.5,   77.0,  0.22227,      0,      0,       0,       0,       0,       0
total,       1150432,    2937,    2937,    2937,    17.1,    25.2,    25.3,    25.4,    25.5,    25.7,   78.0,  0.22197,      0,      0,       0,       0,       0,       0
total,       1153335,    2903,    2903,    2903,    17.0,    25.2,    25.3,    25.4,    25.4,    25.5,   79.0,  0.22168,      0,      0,       0,       0,       0,       0
total,       1156357,    3022,    3022,    3022,    16.8,    25.2,    25.3,    25.4,    25.5,    25.5,   80.0,  0.22136,      0,      0,       0,       0,       0,       0
total,       1159239,    2882,    2882,    2882,    17.2,    25.2,    25.3,    25.4,    25.4,    25.5,   81.0,  0.22106,      0,      0,       0,       0,       0,       0
total,       1161933,    2694,    2694,    2694,    18.6,    25.3,    25.5,   110.2,   136.1,   137.6,   82.0,  0.22073,      0,      0,       0,       0,       0,       0
total,       1164575,    2642,    2642,    2642,    18.8,    25.3,    25.4,   114.6,   156.9,   157.9,   83.0,  0.22039,      0,      0,       0,       0,       0,       0
total,       1167575,    3000,    3000,    3000,    16.8,    25.2,    25.4,    25.4,    25.6,    25.8,   84.0,  0.22005,      0,      0,       0,       0,       0,       0
total,       1170496,    2921,    2921,    2921,    17.1,    25.2,    25.3,    25.4,    25.5,    25.5,   85.0,  0.21973,      0,      0,       0,       0,       0,       0
total,       1173399,    2903,    2903,    2903,    17.1,    25.2,    25.3,    25.4,    25.5,    25.6,   86.0,  0.21941,      0,      0,       0,       0,       0,       0
total,       1176368,    2969,    2969,    2969,    17.1,    25.2,    25.3,    25.4,    25.4,    25.5,   87.0,  0.21908,      0,      0,       0,       0,       0,       0
total,       1179292,    2924,    2924,    2924,    16.9,    25.2,    25.3,    25.4,    25.4,    25.5,   88.0,  0.21875,      0,      0,       0,       0,       0,       0
total,       1182214,    2922,    2922,    2922,    17.1,    25.2,    25.3,    25.4,    25.5,    25.5,   89.0,  0.21842,      0,      0,       0,       0,       0,       0
total,       1185170,    2956,    2956,    2956,    16.9,    25.2,    25.4,    25.5,    39.5,    39.9,   90.0,  0.21806,      0,      0,       0,       0,       0,       0
total,       1187134,    2907,    2907,    2907,    17.4,    25.2,    25.4,    25.5,    26.8,    27.1,   90.7,  0.21772,      0,      0,       0,       0,       0,       0


Results:
Op rate                   :   13,092 op/s  [WRITE: 13,092 op/s]
Partition rate            :   13,092 pk/s  [WRITE: 13,092 pk/s]
Row rate                  :   13,092 row/s [WRITE: 13,092 row/s]
Latency mean              :    3.8 ms [WRITE: 3.8 ms]
Latency median            :    0.5 ms [WRITE: 0.5 ms]
Latency 95th percentile   :   25.3 ms [WRITE: 25.3 ms]
Latency 99th percentile   :   25.3 ms [WRITE: 25.3 ms]
Latency 99.9th percentile :   25.6 ms [WRITE: 25.6 ms]
Latency max               :  164.6 ms [WRITE: 164.6 ms]
Total partitions          :  1,187,134 [WRITE: 1,187,134]
Total errors              :          0 [WRITE: 0]
Total GC count            : 0
Total GC memory           : 0.000 KiB
Total GC time             :    0.0 seconds
Avg GC time               :    NaN ms
StdDev GC time            :    0.0 ms
Total operation time      : 00:01:30

END
