******************** Stress Settings ********************
Command:
  Type: write
  Count: -1
  Duration: 90 SECONDS
  No Warmup: false
  Consistency Level: ONE
  Target Uncertainty: not applicable
  Key Size (bytes): 10
  Counter Increment Distibution: add=fixed(1)
Rate:
  Auto: false
  Thread Count: 50
  OpsPer Sec: 0
Population:
  Sequence: 1..1000000
  Order: ARBITRARY
  Wrap: true
Insert:
  Revisits: Uniform:  min=1,max=1000000
  Visits: Fixed:  key=1
  Row Population Ratio: Ratio: divisor=1.000000;delegate=Fixed:  key=1
  Batch Type: not batching
Columns:
  Max Columns Per Key: 1
  Column Names: [C0]
  Comparator: AsciiType
  Timestamp: null
  Variable Column Count: false
  Slice: false
  Size Distribution: Fixed:  key=34
  Count Distribution: Fixed:  key=1
Errors:
  Ignore: false
  Tries: 10
Log:
  No Summary: false
  No Settings: false
  File: null
  Interval Millis: 1000
  Level: NORMAL
Mode:
  API: JAVA_DRIVER_NATIVE
  Connection Style: CQL_PREPARED
  CQL Version: CQL3
  Protocol Version: V4
  Username: null
  Password: null
  Auth Provide Class: null
  Max Pending Per Connection: 128
  Connections Per Host: 8
  Compression: NONE
Node:
  Nodes: [cassandra_a, cassandra_b, cassandra_c]
  Is White List: false
  Datacenter: null
Schema:
  Keyspace: keyspace1
  Replication Strategy: org.apache.cassandra.locator.SimpleStrategy
  Replication Strategy Pptions: {replication_factor=3}
  Table Compression: null
  Table Compaction Strategy: null
  Table Compaction Strategy Options: {}
Transport:
  factory=org.apache.cassandra.thrift.TFramedTransportFactory; truststore=null; truststore-password=null; keystore=null; keystore-password=null; ssl-protocol=TLS; ssl-alg=SunX509; store-type=JKS; ssl-ciphers=TLS_RSA_WITH_AES_128_CBC_SHA,TLS_RSA_WITH_AES_256_CBC_SHA; 
Port:
  Native Port: 9042
  Thrift Port: 9160
  JMX Port: 7199
Send To Daemon:
  *not set*
Graph:
  File: null
  Revision: unknown
  Title: null
  Operation: WRITE
TokenRange:
  Wrap: false
  Split Factor: 1

Connected to cluster: TestCluster, max pending requests per connection 128, max connections per host 8
Datatacenter: datacenter1; Host: cassandra_a/172.28.0.2; Rack: rack1
Datatacenter: datacenter1; Host: cassandra_b/172.28.0.3; Rack: rack1
Datatacenter: datacenter1; Host: cassandra_c/172.28.0.4; Rack: rack1
Created keyspaces. Sleeping 3s for propagation.
Sleeping 2s...
Warming up WRITE with 150000 iterations...
Failed to connect over JMX; not collecting these stats
Running WRITE with 50 threads 90 seconds
Failed to connect over JMX; not collecting these stats
type       total ops,    op/s,    pk/s,   row/s,    mean,     med,     .95,     .99,    .999,     max,   time,   stderr, errors,  gc: #,  max ms,  sum ms,  sdv ms,      mb
total,         42895,   42895,   42895,   42895,     0.6,     0.5,     1.1,     1.9,    39.6,    41.6,    1.0,  0.00000,      0,      0,       0,       0,       0,       0
total,        138046,   95151,   95151,   95151,     0.5,     0.4,     1.0,     1.5,     3.7,    12.7,    2.0,  0.25861,      0,      0,       0,       0,       0,       0
total,        227460,   89414,   89414,   89414,     0.6,     0.4,     1.1,     1.7,    41.9,    45.6,    3.0,  0.17500,      0,      0,       0,       0,       0,       0
total,        318973,   91513,   91513,   91513,     0.5,     0.4,     1.0,     1.6,    10.8,    55.5,    4.0,  0.13308,      0,      0,       0,       0,       0,       0
total,        395378,   76405,   76405,   76405,     0.6,     0.4,     1.1,     1.8,    86.4,   107.0,    5.0,  0.10594,      0,      0,       0,       0,       0,       0
total,        484121,   88743,   88743,   88743,     0.6,     0.4,     1.1,     1.7,    18.8,    87.0,    6.0,  0.08932,      0,      0,       0,       0,       0,       0
total,        569106,   84985,   84985,   84985,     0.6,     0.4,     1.1,     1.7,    10.0,    92.1,    7.0,  0.07651,      0,      0,       0,       0,       0,       0
total,        642959,   73853,   73853,   73853,     0.7,     0.4,     1.1,     2.1,    94.2,   105.0,    8.0,  0.06763,      0,      0,       0,       0,       0,       0
total,        722465,   79506,   79506,   79506,     0.6,     0.5,     1.2,     2.0,    14.4,   104.9,    9.0,  0.06000,      0,      0,       0,       0,       0,       0
total,        803799,   81334,   81334,   81334,     0.6,     0.5,     1.1,     1.8,     4.4,   118.1,   10.0,  0.05400,      0,      0,       0,       0,       0,       0
total,        888087,   84288,   84288,   84288,     0.6,     0.4,     1.1,     1.7,     3.7,   102.0,   11.0,  0.04920,      0,      0,       0,       0,       0,       0
total,        914253,   26166,   26166,   26166,     1.5,     0.4,     1.3,     5.9,   213.3,   220.2,   12.0,  0.07043,      0,      0,       0,       0,       0,       0
total,        916448,    2195,    2195,    2195,    22.4,     0.2,   205.9,   423.4,  1452.3,  1453.3,   13.0,  0.11071,      0,      0,       0,       0,       0,       0
total,        917707,    1259,    1259,    1259,    36.3,     0.2,   212.1,   637.5,  1455.4,  1456.5,   14.0,  0.13511,      0,      0,       0,       0,       0,       0
total,        919142,    1435,    1435,    1435,    30.8,     0.2,   207.6,   631.2,  1504.7,  1530.9,   15.0,  0.15335,      0,      0,       0,       0,       0,       0
total,        920917,    1775,    1775,    1775,    23.6,     0.2,   207.0,   628.1,   832.0,   835.2,   16.0,  0.16083,      0,      0,       0,       0,       0,       0
total,        922612,    1695,    1695,    1695,    29.6,     0.2,   207.0,   253.5,  3036.7,  3191.9,   17.0,  0.17228,      0,      0,       0,       0,       0,       0
total,        923918,    1306,    1306,    1306,    30.4,     0.2,   207.7,   642.8,  1476.4,  1479.5,   18.0,  0.18286,      0,      0,       0,       0,       0,       0
total,        925365,    1447,    1447,    1447,    49.9,     0.2,   207.6,   631.2,  6568.3,  6585.1,   19.0,  0.19081,      0,      0,       0,       0,       0,       0
total,        926251,     886,     886,     886,    37.0,     0.2,   212.3,  1279.3,  1472.2,  1479.5,   20.0,  0.19843,      0,      0,       0,       0,       0,       0
total,        927609,    1358,    1358,    1358,    52.9,     0.2,   215.6,  1439.7,  3154.1,  3154.1,   21.0,  0.20462,      0,      0,       0,       0,       0,       0
total,        928544,     935,     935,     935,    53.9,     0.2,   251.8,   724.0,  1471.2,  1471.2,   22.0,  0.21071,      0,      0,       0,       0,       0,       0
total,        929894,    1350,    1350,    1350,    31.0,     0.2,   207.9,   647.5,  1453.3,  1456.5,   23.0,  0.21661,      0,      0,       0,       0,       0,       0
total,        931458,    1564,    1564,    1564,    29.6,     0.2,   206.8,   637.0,  1472.2,  1472.2,   24.0,  0.22216,      0,      0,       0,       0,       0,       0
total,        932964,    1506,    1506,    1506,    43.6,     0.2,   213.4,  1023.9,  1591.7,  1604.3,   25.0,  0.22691,      0,      0,       0,       0,       0,       0
total,        935120,    2156,    2156,    2156,    20.3,     0.2,   205.3,   588.3,   643.8,   813.2,   26.0,  0.22594,      0,      0,       0,       0,       0,       0
total,        936511,    1391,    1391,    1391,    34.6,     0.2,   207.4,   655.9,  2220.9,  2220.9,   27.0,  0.22953,      0,      0,       0,       0,       0,       0
total,        938440,    1929,    1929,    1929,    27.8,     0.2,   207.2,   619.2,  1471.2,  1472.2,   28.0,  0.23402,      0,      0,       0,       0,       0,       0
total,        939825,    1385,    1385,    1385,    35.9,     0.2,   208.0,   651.2,  1456.5,  1456.5,   29.0,  0.23783,      0,      0,       0,       0,       0,       0
total,        941530,    1705,    1705,    1705,    27.5,     0.2,   207.0,   623.4,  1084.2,  1216.3,   30.0,  0.24342,      0,      0,       0,       0,       0,       0
total,        943437,    1907,    1907,    1907,    22.4,     0.2,   205.9,   431.2,  1053.3,  1275.1,   31.0,  0.24840,      0,      0,       0,       0,       0,       0
total,        944868,    1431,    1431,    1431,    42.6,     0.2,   208.0,   640.2,  3294.6,  3296.7,   32.0,  0.25067,      0,      0,       0,       0,       0,       0
total,        946850,    1982,    1982,    1982,    25.7,     0.2,   206.6,   628.1,  1479.5,  1480.6,   33.0,  0.25417,      0,      0,       0,       0,       0,       0
total,        948364,    1514,    1514,    1514,    33.0,     0.2,   213.4,   637.5,  1152.4,  1474.3,   34.0,  0.25717,      0,      0,       0,       0,       0,       0
total,        949682,    1318,    1318,    1318,    35.2,     0.2,   212.7,   631.8,  1469.1,  1470.1,   35.0,  0.25989,      0,      0,       0,       0,       0,       0
total,        951193,    1511,    1511,    1511,    33.6,     0.2,   207.9,   639.6,  1475.3,  1475.3,   36.0,  0.26265,      0,      0,       0,       0,       0,       0
total,        952902,    1709,    1709,    1709,    26.6,     0.2,   207.4,   631.2,  1460.7,  1461.7,   37.0,  0.26553,      0,      0,       0,       0,       0,       0
total,        954091,    1189,    1189,    1189,    45.8,     0.2,   214.4,  1248.9,  1484.8,  1493.2,   38.0,  0.26780,      0,      0,       0,       0,       0,       0
total,        955600,    1509,    1509,    1509,    30.2,     0.2,   207.7,   576.2,  1023.4,  1375.7,   39.0,  0.27064,      0,      0,       0,       0,       0,       0
total,        956999,    1399,    1399,    1399,    35.5,     0.2,   212.1,   632.3,  3124.8,  3124.8,   40.0,  0.27207,      0,      0,       0,       0,       0,       0
total,        958488,    1489,    1489,    1489,    42.5,     0.2,   207.6,   652.2,  3131.0,  3131.0,   41.0,  0.27346,      0,      0,       0,       0,       0,       0
total,        960175,    1687,    1687,    1687,    24.6,     0.2,   207.5,   611.8,   648.0,   769.7,   42.0,  0.27185,      0,      0,       0,       0,       0,       0
total,        961750,    1575,    1575,    1575,    33.7,     0.2,   207.7,   652.2,  1484.8,  1489.0,   43.0,  0.27410,      0,      0,       0,       0,       0,       0
total,        962961,    1211,    1211,    1211,    25.7,     0.2,   207.7,   631.2,   655.9,   655.9,   44.0,  0.27377,      0,      0,       0,       0,       0,       0
total,        964614,    1653,    1653,    1653,    36.1,     0.2,   212.2,   643.8,  1470.1,  1471.2,   45.0,  0.27603,      0,      0,       0,       0,       0,       0
total,        965737,    1123,    1123,    1123,    38.0,     0.2,   212.9,   641.2,  1477.4,  1481.6,   46.0,  0.27778,      0,      0,       0,       0,       0,       0
total,        967631,    1894,    1894,    1894,    26.0,     0.2,   206.8,   619.2,  1487.9,  1565.5,   47.0,  0.27990,      0,      0,       0,       0,       0,       0
total,        969180,    1549,    1549,    1549,    26.5,     0.2,   207.1,   638.6,  1458.6,  1469.1,   48.0,  0.28195,      0,      0,       0,       0,       0,       0
total,        970719,    1539,    1539,    1539,    47.1,     0.2,   208.1,   652.7,  6316.6,  6513.8,   49.0,  0.28281,      0,      0,       0,       0,       0,       0
total,        972954,    2235,    2235,    2235,    23.9,     0.2,   206.4,   432.0,  1459.6,  1572.9,   50.0,  0.28504,      0,      0,       0,       0,       0,       0
total,        974282,    1328,    1328,    1328,    31.8,     0.2,   212.3,   643.3,  1461.7,  1462.8,   51.0,  0.28683,      0,      0,       0,       0,       0,       0
total,        976089,    1807,    1807,    1807,    29.2,     0.3,   208.0,   623.9,  1485.8,  1485.8,   52.0,  0.28893,      0,      0,       0,       0,       0,       0
total,        977241,    1152,    1152,    1152,    35.6,     0.2,   207.6,   636.0,  1480.6,  1487.9,   53.0,  0.29047,      0,      0,       0,       0,       0,       0
total,        979047,    1806,    1806,    1806,    33.7,     0.2,   208.9,   639.1,  1468.0,  1477.4,   54.0,  0.29255,      0,      0,       0,       0,       0,       0
total,        980307,    1260,    1260,    1260,    39.3,     0.2,   212.1,  1375.7,  1487.9,  1487.9,   55.0,  0.29414,      0,      0,       0,       0,       0,       0
total,        981822,    1515,    1515,    1515,    38.5,     0.2,   211.3,   729.8,  1464.9,  1645.2,   56.0,  0.29561,      0,      0,       0,       0,       0,       0
total,        983262,    1440,    1440,    1440,    25.1,     0.2,   206.4,   620.2,   684.2,   766.0,   57.0,  0.29385,      0,      0,       0,       0,       0,       0
total,        984699,    1437,    1437,    1437,    37.6,     0.3,   208.0,   651.2,  1500.5,  1523.6,   58.0,  0.29543,      0,      0,       0,       0,       0,       0
total,        986063,    1364,    1364,    1364,    28.5,     0.2,   208.5,   627.6,  1476.4,  1476.4,   59.0,  0.29704,      0,      0,       0,       0,       0,       0
total,        987485,    1422,    1422,    1422,    47.5,     0.2,   215.4,   683.7,  3133.1,  3133.1,   60.0,  0.29777,      0,      0,       0,       0,       0,       0
total,        988277,     792,     792,     792,    52.2,     0.3,   238.9,   655.4,  1468.0,  1480.6,   61.0,  0.29887,      0,      0,       0,       0,       0,       0
total,        989501,    1224,    1224,    1224,    49.8,     0.3,   454.8,   655.4,   868.2,  1007.7,   62.0,  0.42771,      0,      0,       0,       0,       0,       0
total,        991745,    2244,    2244,    2244,    20.9,     0.2,   206.6,   615.5,   651.2,   821.0,   63.0,  0.42075,      0,      0,       0,       0,       0,       0
total,        993545,    1800,    1800,    1800,    23.7,     0.2,   206.7,   340.5,  1472.2,  1485.8,   64.0,  0.42328,      0,      0,       0,       0,       0,       0
total,        995561,    2016,    2016,    2016,    28.6,     0.2,   207.2,   623.4,  1459.6,  1468.0,   65.0,  0.42620,      0,      0,       0,       0,       0,       0
total,        997465,    1904,    1904,    1904,    26.9,     0.2,   207.1,   400.6,  1462.8,  1643.1,   66.0,  0.42830,      0,      0,       0,       0,       0,       0
total,        998410,     945,     945,     945,    35.8,     0.2,   212.1,   638.6,   658.5,   868.2,   67.0,  0.42433,      0,      0,       0,       0,       0,       0
total,       1000095,    1685,    1685,    1685,    24.9,     0.2,   206.3,   639.6,  1469.1,  1715.5,   68.0,  0.42601,      0,      0,       0,       0,       0,       0
total,       1001294,    1199,    1199,    1199,    40.2,     0.2,   208.1,   638.6,  3124.8,  3124.8,   69.0,  0.42660,      0,      0,       0,       0,       0,       0
total,       1003296,    2002,    2002,    2002,    27.8,     0.2,   206.4,   638.1,  1475.3,  1631.6,   70.0,  0.42878,      0,      0,       0,       0,       0,       0
