******************** Stress Settings ********************
Command:
  Type: write
  Count: -1
  Duration: 90 SECONDS
  No Warmup: false
  Consistency Level: ONE
  Target Uncertainty: not applicable
  Key Size (bytes): 10
  Counter Increment Distibution: add=fixed(1)
Rate:
  Auto: false
  Thread Count: 50
  OpsPer Sec: 0
Population:
  Sequence: 1..1000000
  Order: ARBITRARY
  Wrap: true
Insert:
  Revisits: Uniform:  min=1,max=1000000
  Visits: Fixed:  key=1
  Row Population Ratio: Ratio: divisor=1.000000;delegate=Fixed:  key=1
  Batch Type: not batching
Columns:
  Max Columns Per Key: 1
  Column Names: [C0]
  Comparator: AsciiType
  Timestamp: null
  Variable Column Count: false
  Slice: false
  Size Distribution: Fixed:  key=34
  Count Distribution: Fixed:  key=1
Errors:
  Ignore: false
  Tries: 10
Log:
  No Summary: false
  No Settings: false
  File: null
  Interval Millis: 1000
  Level: NORMAL
Mode:
  API: JAVA_DRIVER_NATIVE
  Connection Style: CQL_PREPARED
  CQL Version: CQL3
  Protocol Version: V4
  Username: null
  Password: null
  Auth Provide Class: null
  Max Pending Per Connection: 128
  Connections Per Host: 8
  Compression: NONE
Node:
  Nodes: [cassandra_a, cassandra_b, cassandra_c]
  Is White List: false
  Datacenter: null
Schema:
  Keyspace: keyspace1
  Replication Strategy: org.apache.cassandra.locator.SimpleStrategy
  Replication Strategy Pptions: {replication_factor=3}
  Table Compression: null
  Table Compaction Strategy: null
  Table Compaction Strategy Options: {}
Transport:
  factory=org.apache.cassandra.thrift.TFramedTransportFactory; truststore=null; truststore-password=null; keystore=null; keystore-password=null; ssl-protocol=TLS; ssl-alg=SunX509; store-type=JKS; ssl-ciphers=TLS_RSA_WITH_AES_128_CBC_SHA,TLS_RSA_WITH_AES_256_CBC_SHA; 
Port:
  Native Port: 9042
  Thrift Port: 9160
  JMX Port: 7199
Send To Daemon:
  *not set*
Graph:
  File: null
  Revision: unknown
  Title: null
  Operation: WRITE
TokenRange:
  Wrap: false
  Split Factor: 1

Connected to cluster: TestCluster, max pending requests per connection 128, max connections per host 8
Datatacenter: datacenter1; Host: cassandra_a/172.28.0.2; Rack: rack1
Datatacenter: datacenter1; Host: cassandra_b/172.28.0.3; Rack: rack1
Datatacenter: datacenter1; Host: cassandra_c/172.28.0.4; Rack: rack1
Created keyspaces. Sleeping 3s for propagation.
Sleeping 2s...
Warming up WRITE with 150000 iterations...
Failed to connect over JMX; not collecting these stats
Running WRITE with 50 threads 90 seconds
Failed to connect over JMX; not collecting these stats
type       total ops,    op/s,    pk/s,   row/s,    mean,     med,     .95,     .99,    .999,     max,   time,   stderr, errors,  gc: #,  max ms,  sum ms,  sdv ms,      mb
total,         69932,   69932,   69932,   69932,     0.5,     0.4,     1.0,     1.6,     4.0,    17.6,    1.0,  0.00000,      0,      0,       0,       0,       0,       0
total,        161699,   91767,   91767,   91767,     0.5,     0.4,     1.0,     1.5,    37.7,    40.6,    2.0,  0.10368,      0,      0,       0,       0,       0,       0
total,        254228,   92529,   92529,   92529,     0.5,     0.4,     1.0,     1.7,    15.6,    37.3,    3.0,  0.07669,      0,      0,       0,       0,       0,       0
total,        344611,   90383,   90383,   90383,     0.5,     0.4,     1.1,     1.6,     4.3,    61.2,    4.0,  0.05987,      0,      0,       0,       0,       0,       0
total,        422510,   77899,   77899,   77899,     0.6,     0.4,     1.1,     1.6,    79.6,    89.8,    5.0,  0.04909,      0,      0,       0,       0,       0,       0
total,        512282,   89772,   89772,   89772,     0.5,     0.5,     1.1,     1.6,     2.9,     8.2,    6.0,  0.04088,      0,      0,       0,       0,       0,       0
total,        590652,   78370,   78370,   78370,     0.6,     0.4,     1.1,     1.7,    61.6,   108.3,    7.0,  0.03517,      0,      0,       0,       0,       0,       0
total,        672792,   82140,   82140,   82140,     0.6,     0.4,     1.1,     1.9,    21.0,    92.0,    8.0,  0.03077,      0,      0,       0,       0,       0,       0
total,        757585,   84793,   84793,   84793,     0.6,     0.4,     1.1,     1.7,     5.0,    90.3,    9.0,  0.02761,      0,      0,       0,       0,       0,       0
total,        841288,   83703,   83703,   83703,     0.6,     0.4,     1.1,     1.9,     4.8,   102.8,   10.0,  0.02504,      0,      0,       0,       0,       0,       0
total,        918586,   77298,   77298,   77298,     0.6,     0.4,     1.1,     1.9,    85.0,    97.5,   11.0,  0.02326,      0,      0,       0,       0,       0,       0
total,       1002400,   83814,   83814,   83814,     0.6,     0.4,     1.4,     1.9,     3.9,    12.9,   12.0,  0.02182,      0,      0,       0,       0,       0,       0
total,       1049318,   46918,   46918,   46918,     1.1,     1.2,     1.5,     1.7,    57.0,    64.4,   13.0,  0.03946,      0,      0,       0,       0,       0,       0
total,       1096586,   47268,   47268,   47268,     1.1,     1.2,     1.5,     1.6,    62.1,    74.4,   14.0,  0.04754,      0,      0,       0,       0,       0,       0
total,       1142918,   46332,   46332,   46332,     1.1,     1.2,     1.5,     1.7,    70.5,    81.1,   15.0,  0.05262,      0,      0,       0,       0,       0,       0
total,       1193442,   50524,   50524,   50524,     1.0,     1.2,     1.5,     1.6,     2.0,     4.0,   16.0,  0.05568,      0,      0,       0,       0,       0,       0
total,       1241442,   48000,   48000,   48000,     1.0,     1.2,     1.5,     1.6,    59.4,    68.0,   17.0,  0.05733,      0,      0,       0,       0,       0,       0
total,       1289333,   47891,   47891,   47891,     1.0,     1.2,     1.5,     1.6,    58.4,    64.2,   18.0,  0.05834,      0,      0,       0,       0,       0,       0
total,       1336631,   47298,   47298,   47298,     1.0,     1.2,     1.5,     1.6,    13.4,    14.9,   19.0,  0.05963,      0,      0,       0,       0,       0,       0
total,       1386720,   50089,   50089,   50089,     1.1,     1.2,     1.5,     1.6,     3.0,    88.5,   20.0,  0.05890,      0,      0,       0,       0,       0,       0
total,       1437796,   51076,   51076,   51076,     1.0,     1.2,     1.5,     1.6,     1.9,     6.1,   21.0,  0.05871,      0,      0,       0,       0,       0,       0
total,       1485213,   47417,   47417,   47417,     1.0,     1.2,     1.5,     1.7,    63.8,    70.0,   22.0,  0.05840,      0,      0,       0,       0,       0,       0
total,       1532787,   47574,   47574,   47574,     1.0,     1.2,     1.5,     1.7,    52.3,    63.3,   23.0,  0.05798,      0,      0,       0,       0,       0,       0
total,       1579449,   46662,   46662,   46662,     1.1,     1.2,     1.5,     1.6,    77.1,    89.3,   24.0,  0.05737,      0,      0,       0,       0,       0,       0
total,       1630556,   51107,   51107,   51107,     1.0,     1.2,     1.5,     1.6,     2.0,     3.6,   25.0,  0.05668,      0,      0,       0,       0,       0,       0
total,       1678721,   48165,   48165,   48165,     1.0,     1.2,     1.5,     1.7,    42.2,    61.7,   26.0,  0.05594,      0,      0,       0,       0,       0,       0
total,       1726154,   47433,   47433,   47433,     1.0,     1.2,     1.5,     1.7,    56.2,    65.3,   27.0,  0.05523,      0,      0,       0,       0,       0,       0
total,       1772908,   46754,   46754,   46754,     1.1,     1.2,     1.4,     1.6,    76.0,    92.3,   28.0,  0.05441,      0,      0,       0,       0,       0,       0
total,       1823971,   51063,   51063,   51063,     1.0,     1.2,     1.5,     1.6,     2.0,     3.3,   29.0,  0.05360,      0,      0,       0,       0,       0,       0
total,       1874965,   50994,   50994,   50994,     1.0,     1.2,     1.5,     1.6,     1.9,     3.5,   30.0,  0.05280,      0,      0,       0,       0,       0,       0
total,       1920206,   45241,   45241,   45241,     1.1,     1.2,     1.5,     1.7,    57.1,    65.2,   31.0,  0.05227,      0,      0,       0,       0,       0,       0
total,       1971108,   50902,   50902,   50902,     1.0,     1.2,     1.5,     1.6,     1.9,     3.3,   32.0,  0.05146,      0,      0,       0,       0,       0,       0
total,       2018888,   47780,   47780,   47780,     1.0,     1.2,     1.5,     1.6,    51.2,    66.4,   33.0,  0.05064,      0,      0,       0,       0,       0,       0
total,       2070179,   51291,   51291,   51291,     1.0,     1.2,     1.5,     1.6,     2.0,     3.4,   34.0,  0.04982,      0,      0,       0,       0,       0,       0
total,       2118857,   48678,   48678,   48678,     1.0,     1.2,     1.5,     1.6,    48.5,    59.4,   35.0,  0.04899,      0,      0,       0,       0,       0,       0
total,       2166328,   47471,   47471,   47471,     1.0,     1.2,     1.5,     1.6,    58.9,    67.9,   36.0,  0.04824,      0,      0,       0,       0,       0,       0
total,       2214047,   47719,   47719,   47719,     1.0,     1.2,     1.5,     1.6,    56.7,    68.0,   37.0,  0.04748,      0,      0,       0,       0,       0,       0
total,       2264286,   50239,   50239,   50239,     1.0,     1.2,     1.5,     1.6,     8.7,    20.0,   38.0,  0.04673,      0,      0,       0,       0,       0,       0
total,       2313266,   48980,   48980,   48980,     1.0,     1.2,     1.5,     1.6,     2.0,    15.8,   39.0,  0.04610,      0,      0,       0,       0,       0,       0
total,       2360199,   46933,   46933,   46933,     1.1,     1.2,     1.5,     1.6,    60.2,    63.9,   40.0,  0.04545,      0,      0,       0,       0,       0,       0
total,       2410773,   50574,   50574,   50574,     1.0,     1.2,     1.5,     1.6,     1.9,     5.8,   41.0,  0.04477,      0,      0,       0,       0,       0,       0
total,       2458343,   47570,   47570,   47570,     1.0,     1.2,     1.5,     1.6,    51.2,    69.3,   42.0,  0.04409,      0,      0,       0,       0,       0,       0
total,       2508846,   50503,   50503,   50503,     1.0,     1.2,     1.5,     1.6,     2.0,     4.0,   43.0,  0.04344,      0,      0,       0,       0,       0,       0
total,       2557374,   48528,   48528,   48528,     1.0,     1.2,     1.5,     1.6,    40.2,    52.3,   44.0,  0.04279,      0,      0,       0,       0,       0,       0
total,       2605610,   48236,   48236,   48236,     1.0,     1.2,     1.5,     1.6,    53.9,    63.1,   45.0,  0.04214,      0,      0,       0,       0,       0,       0
total,       2653242,   47632,   47632,   47632,     1.0,     1.2,     1.5,     1.6,    54.0,    70.0,   46.0,  0.04152,      0,      0,       0,       0,       0,       0
total,       2704506,   51264,   51264,   51264,     1.0,     1.2,     1.5,     1.6,     2.0,     3.5,   47.0,  0.04091,      0,      0,       0,       0,       0,       0
total,       2753631,   49125,   49125,   49125,     1.0,     1.2,     1.4,     1.6,    39.2,    49.8,   48.0,  0.04030,      0,      0,       0,       0,       0,       0
total,       2801191,   47560,   47560,   47560,     1.0,     1.2,     1.4,     1.6,    53.1,    67.0,   49.0,  0.03973,      0,      0,       0,       0,       0,       0
total,       2851715,   50524,   50524,   50524,     1.0,     1.2,     1.4,     1.6,     1.9,     7.4,   50.0,  0.03918,      0,      0,       0,       0,       0,       0
total,       2900855,   49140,   49140,   49140,     1.0,     1.2,     1.5,     1.6,    39.2,    57.6,   51.0,  0.03860,      0,      0,       0,       0,       0,       0
total,       2952652,   51797,   51797,   51797,     1.0,     1.2,     1.4,     1.6,     1.8,     3.4,   52.0,  0.03805,      0,      0,       0,       0,       0,       0
total,       2997991,   45339,   45339,   45339,     1.1,     1.2,     1.5,     1.7,    56.1,    62.4,   53.0,  0.03764,      0,      0,       0,       0,       0,       0
total,       3048490,   50499,   50499,   50499,     1.0,     1.2,     1.5,     1.6,     3.1,     5.4,   54.0,  0.03714,      0,      0,       0,       0,       0,       0
total,       3095835,   47345,   47345,   47345,     1.0,     1.3,     1.5,     1.6,    50.8,    63.2,   55.0,  0.03667,      0,      0,       0,       0,       0,       0
total,       3147480,   51645,   51645,   51645,     1.0,     1.2,     1.4,     1.6,     1.9,     2.8,   56.0,  0.03617,      0,      0,       0,       0,       0,       0
total,       3195579,   48099,   48099,   48099,     1.0,     1.2,     1.5,     1.7,    48.5,    61.9,   57.0,  0.03569,      0,      0,       0,       0,       0,       0
total,       3243538,   47959,   47959,   47959,     1.0,     1.2,     1.5,     1.6,    64.0,    68.7,   58.0,  0.03522,      0,      0,       0,       0,       0,       0
total,       3291163,   47625,   47625,   47625,     1.0,     1.2,     1.5,     1.7,    48.2,    61.5,   59.0,  0.03479,      0,      0,       0,       0,       0,       0
total,       3342334,   51171,   51171,   51171,     1.0,     1.2,     1.5,     1.6,     2.0,     3.4,   60.0,  0.03434,      0,      0,       0,       0,       0,       0
total,       3392684,   50350,   50350,   50350,     1.0,     1.2,     1.5,     1.7,     2.1,    14.5,   61.0,  0.03392,      0,      0,       0,       0,       0,       0
total,       3437992,   45308,   45308,   45308,     1.1,     1.2,     1.5,     1.7,    61.7,    68.2,   62.0,  0.03357,      0,      0,       0,       0,       0,       0
total,       3489240,   51248,   51248,   51248,     1.0,     1.2,     1.5,     1.6,     1.9,     3.5,   63.0,  0.03315,      0,      0,       0,       0,       0,       0
total,       3537244,   48004,   48004,   48004,     1.0,     1.2,     1.5,     1.6,    54.6,    66.2,   64.0,  0.03275,      0,      0,       0,       0,       0,       0
total,       3588403,   51159,   51159,   51159,     1.0,     1.2,     1.5,     1.6,     2.0,    14.2,   65.0,  0.03234,      0,      0,       0,       0,       0,       0
total,       3633888,   45485,   45485,   45485,     1.0,     1.2,     1.5,     1.7,    46.5,    56.9,   66.0,  0.03203,      0,      0,       0,       0,       0,       0
total,       3682637,   48749,   48749,   48749,     1.1,     1.3,     1.5,     1.7,    57.6,    68.2,   67.0,  0.03163,      0,      0,       0,       0,       0,       0
total,       3730335,   47698,   47698,   47698,     1.0,     1.2,     1.5,     1.7,    48.4,    60.5,   68.0,  0.03127,      0,      0,       0,       0,       0,       0
total,       3780970,   50635,   50635,   50635,     1.0,     1.2,     1.5,     1.6,     2.9,    13.0,   69.0,  0.03091,      0,      0,       0,       0,       0,       0
total,       3829860,   48890,   48890,   48890,     1.0,     1.2,     1.5,     1.6,    27.5,    48.8,   70.0,  0.03056,      0,      0,       0,       0,       0,       0
total,       3877285,   47425,   47425,   47425,     1.0,     1.2,     1.5,     1.6,    66.8,    76.5,   71.0,  0.03021,      0,      0,       0,       0,       0,       0
total,       3927378,   50093,   50093,   50093,     1.0,     1.2,     1.5,     1.6,     1.9,     6.6,   72.0,  0.02989,      0,      0,       0,       0,       0,       0
total,       3975563,   48185,   48185,   48185,     1.0,     1.2,     1.5,     1.6,    64.1,    75.6,   73.0,  0.02954,      0,      0,       0,       0,       0,       0
total,       4026791,   51228,   51228,   51228,     1.0,     1.2,     1.5,     1.6,     1.9,     3.4,   74.0,  0.02922,      0,      0,       0,       0,       0,       0
total,       4069707,   42916,   42916,   42916,     1.2,     1.2,     1.5,     1.8,    77.8,    82.9,   75.0,  0.02900,      0,      0,       0,       0,       0,       0
total,       4120588,   50881,   50881,   50881,     1.0,     1.2,     1.5,     1.6,     2.1,     9.4,   76.0,  0.02868,      0,      0,       0,       0,       0,       0
total,       4163002,   42414,   42414,   42414,     1.2,     1.2,     1.5,     1.8,    79.8,    84.1,   77.0,  0.02848,      0,      0,       0,       0,       0,       0
total,       4212566,   49564,   49564,   49564,     1.0,     1.3,     1.5,     1.7,     2.1,     3.6,   78.0,  0.02821,      0,      0,       0,       0,       0,       0
total,       4259781,   47215,   47215,   47215,     1.1,     1.2,     1.5,     1.7,    50.4,    59.1,   79.0,  0.02793,      0,      0,       0,       0,       0,       0
total,       4306671,   46890,   46890,   46890,     1.1,     1.2,     1.5,     1.7,    72.0,    78.1,   80.0,  0.02765,      0,      0,       0,       0,       0,       0
total,       4357851,   51180,   51180,   51180,     1.0,     1.2,     1.5,     1.6,     2.0,     3.4,   81.0,  0.02736,      0,      0,       0,       0,       0,       0
total,       4404614,   46763,   46763,   46763,     1.1,     1.2,     1.5,     1.7,    72.3,    84.3,   82.0,  0.02708,      0,      0,       0,       0,       0,       0
total,       4455289,   50675,   50675,   50675,     1.0,     1.2,     1.5,     1.6,     2.0,     9.4,   83.0,  0.02681,      0,      0,       0,       0,       0,       0
total,       4499886,   44597,   44597,   44597,     1.1,     1.2,     1.5,     1.7,    65.9,    75.2,   84.0,  0.02659,      0,      0,       0,       0,       0,       0
total,       4550823,   50937,   50937,   50937,     1.0,     1.2,     1.5,     1.6,     2.0,     3.3,   85.0,  0.02633,      0,      0,       0,       0,       0,       0
total,       4598359,   47536,   47536,   47536,     1.0,     1.2,     1.5,     1.6,    54.8,    71.5,   86.0,  0.02607,      0,      0,       0,       0,       0,       0
total,       4649623,   51264,   51264,   51264,     1.0,     1.2,     1.5,     1.6,     1.9,     8.0,   87.0,  0.02581,      0,      0,       0,       0,       0,       0
total,       4697494,   47871,   47871,   47871,     1.0,     1.2,     1.5,     1.7,    41.3,    53.6,   88.0,  0.02557,      0,      0,       0,       0,       0,       0
total,       4745248,   47754,   47754,   47754,     1.0,     1.2,     1.5,     1.7,    51.0,    64.1,   89.0,  0.02533,      0,      0,       0,       0,       0,       0
total,       4793343,   48095,   48095,   48095,     1.0,     1.2,     1.5,     1.7,    45.9,    56.6,   90.0,  0.02510,      0,      0,       0,       0,       0,       0
total,       4807211,   49963,   49963,   49963,     1.0,     1.2,     1.5,     1.6,     3.5,     5.4,   90.3,  0.02486,      0,      0,       0,       0,       0,       0


Results:
Op rate                   :   53,249 op/s  [WRITE: 53,249 op/s]
Partition rate            :   53,249 pk/s  [WRITE: 53,249 pk/s]
Row rate                  :   53,249 row/s [WRITE: 53,249 row/s]
Latency mean              :    0.9 ms [WRITE: 0.9 ms]
Latency median            :    1.2 ms [WRITE: 1.2 ms]
Latency 95th percentile   :    1.5 ms [WRITE: 1.5 ms]
Latency 99th percentile   :    1.6 ms [WRITE: 1.6 ms]
Latency 99.9th percentile :    5.0 ms [WRITE: 5.0 ms]
Latency max               :  108.3 ms [WRITE: 108.3 ms]
Total partitions          :  4,807,211 [WRITE: 4,807,211]
Total errors              :          0 [WRITE: 0]
Total GC count            : 0
Total GC memory           : 0.000 KiB
Total GC time             :    0.0 seconds
Avg GC time               :    NaN ms
StdDev GC time            :    0.0 ms
Total operation time      : 00:01:30

END
