1761
1863
1861
1886
1904
1947
1954
1958
1966
1966
1705
1814
1871
1769
1784
1981
1849
1914
1875
1919
1689
1791
1779
1904
1919
1878
1965
1820
1972
1922
1900
1834
1812
1699
1728
1753
1924
1907
1915
2006
1750
1873
1763
1613
1804
1854
1936
1813
1977
1919
1745
1635
1641
1558
1853
1902
1938
1861
1873
1947
1692
1614
1977
1742
1659
1813
1962
1721
2141
1894
1694
1729
1978
1926
1696
1818
1837
1740
2030
2191
1791
1682
1735
1950
1718
2106
1924
1905
1865
1821
1746
1885
1769
1832
1630
1952
1857
1949
1928
1720
1858
1814
1960
1736
2276
1894
1721
1793
2421
1965
1785
1922
1788
2084
1756
1854
1735
1810
1900
1843
1830
1718
1690
1994
2000
1652
1917
1811
1797
1883
1734
1609
1641
1917
1859
1963
1804
1988
2100
2115
2025
1739
1885
1816
2032
1826
1765
2572
1859
1899
1754
1995
1858
1928
1858
1961
1779
1871
1975
1836
1992
1855
1772
2024
1981
1850
1836
1871
1752
1967
1898
1709
2034
1787
1812
1881
1835
1875
1774
1872
1726
2016
1677
1777
1601
1703
1984
1774
2134
1847
1904
1586
1816
1657
1799
1750
1680
1712
1805
1765
1795
1620
1856
1804
1755
1797
2095
1560
1846
1718
1753
1790
2000
1840
1928
1628
1769
1745
1746
1721
1678
1684
1735
1808
1802
1860
1725
1802
1841
1802
1758
1714
1758
1814
1914
1835
1926
1773
1850
1964
2085
1800
1619
1598
1843
1781
1701
2000
1766
1747
1852
1858
1856
1832
1633
1999
2048
2352
2097
1871
1817
1944
1863
1744
1842
1808
1804
1906
2017
1750
1681
1777
1757
1972
1886
1561
1762
1882
1877
1718
1718
1808
1994
1725
1665
1858
1713
1776
1709
2073
1581
1882
1815
1709
1803
1680
1802
1730
1899
1809
1797
1876
1830
1557
2103
1793
1653
1710
1657
1774
1815
1901
1750
1634
1746
1757
1596
1776
1634
1860
1922
2020
1895
1952
1631
1751
1584
1709
1689
1782
1767
1751
2149
1880
1818
1645
1891
1658
1906
1765
1784
1951
1802
1587
1809
1914
1590
1920
1891
1659
1638
1858
1723
1778
1812
1725
1766
1911
2086
1581
2082
1809
1798
1966
1817
1793
1662
1871
1970
1767
1773
1902
1877
1902
1833
1902
1723
1855
1865
2058
2068
1955
1897
1868
1951
2003
1561
1797
1755
1851
1844
1719
1884
1661
1708
1602
1912
1605
1809
1848
1899
2121
1594
1851
2004
1724
1804
1867
1588
1832
1914
2049
1805
1838
1910
2058
1883
1838
1809
1919
1823
1801
1877
1850
1863
2019
1630
1766
1858
1704
1886
1734
1707
1951
2096
1690
1772
1721
1761
1521
1770
1845
1736
1828
1697
1703
1784
1797
1922
1825
1702
1894
1644
2172
1874
1761
1969
1827
1859
1997
1775
1629
1774
1913
1909
1958
1757
1923
1946
1954
1869
1748
1940
2014
1809
1692
1696
1838
1840
1818
1832
1790
1848
1897
1693
1711
1750
1834
2105
1636
1715
1756
1726
1738
1710
1539
1917
1819
1699
1736
1742
1593
1969
1739
1856
1776
1841
1969
1992
2113
1951
1627
1927
1878
1844
1868
1620
1847
2074
1812
1893
1840
1626
1729
1989
1833
1907
1866
1755
1793
1833
1991
1592
1963
1669
1786
1808
1890
1761
1712
1661
1684
2115
1818
1919
1581
1853
2010
2086
1822
1841
1775
1625
1860
1828
1838
2003
1870
2331
1837
2170
2130
1698
1810
1908
2198
1907
1762
1808
1758
1877
2076
1769
1878
1990
1765
1891
1690
2458
1730
2003
1865
1755
1912
2040
1850
1798
1967
1844
1846
1794
1723
1955
1714
1641
1591
1937
1981
1681
2053
1838
1820
1892
1761
1912
1893
1556
2168
1650
2032
1870
1725
1604
1913
1823
1887
1889
1641
2085
1676
1784
1814
1861
2063
1890
1729
1874
1845
1860
1842
1716
1976
1697
1871
1787
1956
1856
1950
1782
1783
1966
1953
1656
1753
1753
2005
1938
1984
1784
1953
1792
1978
1943
1699
1925
1828
1615
1930
2054
1904
1771
1745
2049
1658
1875
1958
1913
1674
1895
1892
1955
1782
1816
1948
1989
2003
2593
1998
1893
1953
1885
1968
1707
1767
1887
1943
1594
2038
1885
1708
1852
1829
2067
1739
1838
2005
1992
1878
1873
1588
1671
1849
2066
1883
1878
1667
1844
1879
1823
1777
1728
1897
1895
1710
1800
1739
2058
1560
1678
1948
1825
1993
1893
2000
1824
1883
1733
1913
1929
1592
1978
1958
1625
1877
1955
1694
1784
2026
1826
1884
1867
1951
1712
1882
1808
1737
1848
1934
1776
1940
2004
1911
1819
1644
1907
1802
1993
1859
1549
2012
1738
1770
1783
1996
1802
2012
1904
1804
1710
2015
1756
1734
1786
1694
1915
1962
1847
1811
1834
1777
2175
1619
1674
1809
1733
1730
1763
1728
1577
1679
1850
1991
1636
1961
1948
1805
1640
1938
1713
1824
1638
1756
1926
1960
1759
1883
1789
1716
1668
1632
1734
1868
1992
1812
1663
1953
1936
1865
1739
1896
1786
1719
1867
1889
1907
1895
1647
1758
1695
1861
1902
1674
2289
1890
1741
1780
2064
2015
1879
1877
1922
1833
1771
1760
1910
1879
1972
1875
1711
1786
1927
1948
1648
1943
1972
1847
1880
1841
1843
1764
1899
1720
1742
1721
1817
1606
1864
1566
1841
1645
1687
1770
1887
1870
2138
1633
1734
1729
1809
1756
1628
1470
1959
1708
1707
1657
1701
1666
1900
1707
1742
1629
1981
1956
1839
1802
1576
1802
1747
1772
1849
1670
1861
1894
1825
1752
1796
1695
1753
1755
1665
1879
1786
1740
1714
1659
1920
1823
1776
1843
1871
1876
1786
1673
1919
1686
1815
1959
1792
1892
1664
1805
1755
1805
1588
1740
1737
1882
1737
1969
1597
1795
1817
1881
1907
1933
1832
1908
1811
1917
1933
1806
1929
1744
1768
2003
1808
1941
1975
1886
1861
1901
1922
1572
1794
1951
1865
1613
1751
1920
2245
1952
1937
1970
1986
1978
2342
1928
1790
1717
1892
1961
2028
1557
1761
1735
1813
2244
1750
1892
1842
1759
1760
1967
1699
1868
1853
1760
1637
1892
1915
1946
2088
1816
2156
1868
1703
1912
1935
1635
1837
1969
1772
1924
1879
1813
2100
1856
1651
1715
1797
1791
1857
2044
1956
1765
1640
1714
1810
1969
1958
1868
1637
1768
1874
1855
2041
1724
2056
2005
1833
1969
2050
1749
1839
1923
1774
1647
1903
1648
1935
1854
1942
1772
1826
1925
1720
1879
1771
1733
1990
2003
1784
2045
1819
2111
1768
1903
1950
2035
1788
1812
1689
1966
1817
2039
1824
1672
1868
1928
1822
1916
1899
1709
1871
1786
1885
1935
1678
1928
1939
2108
1624
1526
1669
1840
1829
1780
2034
1783
1853
1947
1774
1674
1843
1678
1885
1930
1867
1845
1568
1980
2005
1856
1679
1793
1694
2124
1627
1790
1752
1792
1891
1751
1991
2014
1569
1882
1975
1844
1895
1720
1813
1976
1703
1917
2040
1989
1686
1780
1693
1805
2125
1884
1934
1879
1739
2274
1864
2090
1694
1803
1667
1924
1810
1903
1737
1642
1730
1798
1512
1833
1791
1625
1714
1663
1513
1759
2059
1965
1722
1542
1836
1688
1901
1878
1852
1744
1857
1908
1566
1948
1948
1972
1821
1927
1765
1865
1796
1810
1646
1706
1698
1805
1714
1893
2049
2055
1774
1712
1992
1952
1995
1761
2085
1860
1837
1843
1762
1773
1894
2079
2004
1955
1742
1799
1837
1840
1846
1837
1968
1896
1734
1971
1890
1795
1994
2057
1775
1729
1877
1773
1776
1697
1813
1891
1725
1682
1963
1770
1649
2007
2023
1624
1765
1795
1860
1808
1837
1743
1728
1760
2121
1660
2043
1715
1746
1760
1768
1555
1649
1616
1899
1723
1758
1723
1702
1777
1793
1646
1696
1717
1722
1817
1767
1749
1805
1703
1616
1867
1686
1860
1928
1887
1636
1857
1890
1645
1799
1950
1734
1522
1712
1783
1766
1691
1693
1520
1860
1960
1640
1977
1800
1944
1944
1716
1835
1828
1766
1830
1801
1797
1785
1635
1857
1669
1830
1709
2087
1878
1841
1952
1700
2148
1918
2076
2038
2347
1851
1999
1986
2232
1742
1787
1718
1814
1657
1845
1973
2054
1858
1861
1921
1694
1912
1872
1683
1846
1943
1878
2011
1615
1922
1711
1966
1676
2031
1696
1587
1564
1868
1802
1710
1883
1888
1886
1754
1750
1799
1786
1720
1764
1709
1672
1773
1499
1762
1930
1777
1743
1746
1733
1819
1861
1747
1903
1717
1841
1850
1693
1757
1861
1811
1878
1546
1719
2004
2036
1681
1722
2100
1779
1715
1937
1883
1856
1882
1927
1691
1716
1882
1704
1971
1898
1790
1721
1887
1945
1624
1806
1736
2097
1852
1897
1830
2061
1903
1739
1809
1754
1604
1998
1792
1707
1946
1796
1904
1833
1695
1759
1873
2042
2126
1774
1941
1935
1843
1937
1873
2026
1797
1894
1915
1668
1874
1490
1783
1809
1932
1889
1814
1845
2113
1968
1877
1903
1841
1835
1839
2074
1913
1994
1780
2061
1671
1680
1953
1854
1823
1870
1810
1977
1651
1633
1740
1847
1613
1805
1762
1643
1752
1863
1676
1614
1702
1864
1741
1600
1869
1673
1753
1845
1649
1659
1789
1835
1776
1917
1774
1808
1570
1953
1804
1782
1866
1581
1770
1768
1803
1815
2030
1784
1851
1653
1956
2113
1765
2050
1844
1851
1619
1793
1744
1802
1954
1652
1848
1976
1790
1728
1671
1610
1756
1755
1601
1933
1897
1847
1758
1701
2003
1831
1577
1873
2012
1736
1599
1904
1834
1800
1748
1764
1997
1933
1629
1995
1715
1982
1596
1895
2102
1771
1728
1688
1810
1881
1728
1959
1845
1758
1862
1837
1944
1835
1731
1929
1976
1709
1812
1816
1876
2139
1976
1615
1625
1836
1794
1863
1813
1978
1893
1890
1859
1897
1717
1826
1729
1543
1855
1792
1997
1704
1693
1842
1764
2138
1820
1615
1804
1850
1990
1643
1985
1759
1820
1738
1803
1975
1969
1785
1982
1647
1966
1852
1971
1805
1785
1663
1920
1881
1933
1704
1832
1769
1904
1866
1732
1712
1832
1854
1907
2004
1859
1848
1628
1797
1836
1758
1805
1882
1594
1797
1806
1877
2147
1781
1747
1557
1567
1789
1708
2022
1871
2040
1759
1724
1648
1564
1813
1847
1702
1777
1987
1908
1787
1878
1826
1648
1772
1718
1611
1819
1542
1866
1752
1844
1821
1522
1647
1977
1827
1938
1838
1810
2009
2130
1952
1672
1924
1852
1976
2010
1778
1741
2061
2010
2053
1974
2042
1961
1838
1941
2041
1759
2107
2049
2160
1792
1732
1877
1816
1847
1640
1996
2041
1805
1975
1859
1781
1941
1958
1917
1984
1837
2045
1923
1840
1904
1950
1875
1911
1906
2080
2244
1811
2046
1953
1993
2164
1922
1644
1763
1795
1772
1807
1994
1925
2034
1724
1886
1884
1899
1814
1729
1846
1895
1910
2012
1919
1823
1936
2384
1796
1829
1815
1802
1996
1744
1772
2008
2062
1868
1888
1779
1723
1855
1779
1759
1877
1708
1957
1857
2082
2087
1860
1850
2003
1955
1715
1853
2011
1730
1777
1776
2014
1714
1956
1738
1843
1646
1773
1857
1800
1814
1888
1750
1804
1807
1797
1746
1523
1731
1545
1662
1681
1762
1731
1833
2006
1585
1857
1783
1572
1754
1876
1634
1781
1951
1807
1942
1911
1657
1717
2011
1769
1748
2092
1835
1970
1677
1872
1731
1746
1676
1852
1623
1868
1725
1815
1778
1639
1731
1763
1798
1808
1767
1926
1707
1873
2014
1752
1964
1787
1826
1905
1736
1864
1943
1716
1712
1712
1811
1976
1812
2211
1942
1957
2013
2237
1593
1802
1808
1946
1838
1800
1869
1862
1741
1784
1860
1752
1837
1833
1746
1582
1746
1873
1769
1853
1818
1828
2092
1745
2091
1782
1629
1849
1914
1887
1819
1900
1654
1759
1962
1843
1928
2005
2001
1906
1832
1854
1899
1684
1873
2033
1793
1895
1852
1770
2072
1846
1879
1786
1749
1951
1968
1816
1999
1670
2004
1728
2008
1846
2021
1862
1907
1749
1610
1696
1612
1850
1946
1678
1713
1785
1775
1722
1813
1912
1727
1684
1845
1603
1738
1680
1894
2009
1471
1787
1818
1817
1786
1699
2006
1932
1545
1788
1690
1847
1683
1816
1685
1815
1805
1722
1920
1892
1942
1871
1645
1786
1769
1834
1643
1703
1785
1893
1886
1765
1982
1790
1666
1719
1868
1886
1766
2027
1788
1865
1763
1963
1814
1866
1901
2107
1911
1874
1775
1934
1926
1814
1830
1806
1694
2063
1820
1947
1981
2116
2011
1962
1748
2109
1897
2670
1976
2072
1862
1884
2113
1848
1865
1956
2075
1835
1880
1790
2049
1703
1925
1788
1915
1868
1946
1706
1998
2044
1809
1794
1900
2130
1883
1944
1779
1768
1968
1969
1974
1975
1865
1813
2043
1750
1920
1739
1922
1949
1999
2009
1924
1898
1897
1846
1871
1821
1942
1850
1943
1869
1858
1866
1945
2069
1951
1800
1749
1979
1779
2074
2041
1837
1724
1932
1852
1749
1751
1916
1773
1803
1951
2128
1884
1807
1915
1949
1927
1793
1940
2001
1665
1834
1913
1824
1865
1745
1844
1871
1894
2046
1952
1687
1770
1897
1955
1920
1896
1777
1738
1955
1982
1847
2074
1693
2200
1714
1915
1929
1892
1746
1845
2295
2095
2468
1917
1944
2041
2085
1822
2101
1882
1914
1986
1808
2429
1929
2092
1771
1970
1993
1719
1887
1850
1961
1910
1722
1972
1737
1858
2025
1986
1807
1808
2183
1972
2095
1965
1905
1747
1770
1659
1890
1805
1897
1822
2029
1871
2021
1927
1636
1856
2013
1683
1946
1608
2038
1945
1953
1853
2060
1917
2224
1813
1943
1729
1856
1821
1880
1928
1940
1724
1987
1755
1905
1962
2027
2019
1989
1813
1743
1861
1934
1929
1742
1721
1958
1858
1888
1770
1815
1777
1962
1928
1846
1837
1809
2060
1779
1764
1693
1889
1818
1771
1655
1770
1951
1922
1955
1962
1787
1887
1858
1815
1937
1795
1846
1852
1868
1988
1770
1878
1899
2022
1930
1904
1719
1803
1876
1869
2123
2020
1927
1791
1932
1753
1824
2007
1852
1674
1789
1851
1867
1855
1745
1913
1642
1999
2011
2024
1872
2049
1674
1886
1545
1767
1944
1673
1825
1980
1731
1804
1889
1960
1836
1850
1906
2200
1850
1800
1829
1733
1705
1845
1930
1755
1777
1686
1940
1957
1829
1585
1813
1715
1973
1761
1593
1478
1771
1743
1959
1771
1944
2028
1766
1720
2062
1823
1863
1839
1903
1871
1756
1974
1887
2057
1759
2046
1781
2001
1972
1998
1763
1934
1940
1838
1865
1780
1894
1719
1798
1835
1876
1866
2011
1606
1651
1811
1991
1806
1757
1858
1824
1926
1921
1578
1990
1886
1779
1929
1913
1703
1893
1887
1987
1578
1982
1881
1691
1913
1835
2113
1766
2349
2071
1993
1794
2078
1705
1866
1858
2057
1790
1957
1954
1936
1646
2061
1722
1685
1771
1840
1880
1708
1754
1933
1716
1733
1891
1585
1864
1937
1488
1728
1871
1782
1933
1848
1944
1805
1902
1577
1616
1814
1653
1897
1804
1909
1861
1847
1691
1968
1611
1772
1888
1947
1715
1836
1777
1847
1804
1620
1875
1842
1808
1923
1745
1885
1648
1841
1917
1853
1776
1794
2126
1760
1865
2029
2044
1912
1769
1937
1820
1829
1756
1727
1729
2137
1888
1823
2293
1922
1807
1984
1705
1701
1855
1889
1693
1920
1815
1843
1919
1881
2007
1889
1925
2051
1752
1872
2002
1865
1938
1819
2130
1881
1810
1879
1748
1928
1787
1916
1923
1974
1880
1845
1618
1860
1894
2087
2082
1908
1870
1776
1991
1914
1787
1712
1740
1667
1902
2043
1809
1867
1734
1849
2009
1801
2075
1777
1826
1761
1886
1720
1839
2028
1849
1739
1798
1712
1567
1857
1865
2084
1821
1858
1760
1855
1886
1916
1866
1637
1745
1771
1872
1871
1764
1803
1714
1853
1804
1631
1601
1609
1712
1544
1747
1771
1725
1600
1756
1435
1735
1745
1667
1866
1543
1686
1729
1750
1637
1657
1702
1791
1816
2077
1815
1560
1935
1665
1818
1715
1905
1658
1752
1827
1785
1729
1804
1739
1916
1764
1712
1998
1667
1822
1713
1797
1572
1799
1861
1821
1829
1875
1852
1967
1868
2012
1831
1876
1760
1818
1830
1936
1917
1712
1895
1825
1730
1990
1745
1812
1938
2006
2012
1862
1863
1823
1603
1731
1775
1969
1766
1765
1956
1622
1796
1682
1592
2000
1640
1913
1818
1876
1691
2115
1755
1866
1921
1691
1801
1838
1884
1836
1809
1818
1888
1769
1940
1812
1855
1893
1929
1754
1609
1869
1964
1708
1861
1714
1935
1711
1658
1754
1779
1859
1738
1984
1789
1871
1884
1990
1972
1820
2188
2000
2387
1677
1766
2071
2062
1720
1804
1799
2038
1759
2020
1817
1871
1956
1939
1794
1751
1853
2051
2485
1775
2232
1683
1571
1747
2143
1759
1976
1941
1816
1793
1886
1794
2018
1871
1864
1820
1959
1769
1818
1799
1878
1905
2006
1839
1913
1881
1773
2193
2251
1858
2049
2458
1911
1999
1782
1853
2165
1849
1834
1831
1831
2115
1847
1711
2027
1776
1784
2050
1809
1960
1673
1835
1827
1934
1827
1924
1954
1874
1880
1937
1647
2044
2013
1885
1732
1742
1860
2012
1788
1912
1673
1968
1720
1892
1893
2323
2179
2019
2232
2011
1914
2004
1858
1855
1835
1798
1696
1943
1742
1857
1862
1852
1711
1839
1901
1892
1976
1841
2014
1830
2043
1991
1823
1706
1895
1690
1795
2042
1784
1945
1784
1684
1809
2049
2028
1746
1890
1898
1755
1752
1738
1910
1780
1905
2005
2188
1879
1942
1801
1964
1828
1960
1864
1962
1649
1872
1628
1912
1722
1854
2020
1945
1946
2033
1835
1938
1725
2027
1755
1784
1836
1923
1929
1850
1947
1790
1812
1852
1754
1939
1986
1556
1955
1880
1987
1977
1849
1874
1973
1804
2093
1913
1676
1832
1933
2043
1941
2005
1807
1846
1832
1750
1976
1898
1789
1879
1907
1888
1788
1878
1731
2194
2204
2098
1908
1830
1653
1822
1688
1663
1654
1636
2025
1774
1731
1761
2056
1840
1928
1694
1786
1823
2031
1445
1831
1588
1688
1780
1676
1767
1731
1878
1679
1834
1733
1822
1585
1951
1922
1649
1897
1944
1700
1659
1802
1780
2060
2103
1747
1838
1810
1850
1855
1733
1838
1789
1959
1653
1840
1859
1998
1800
1659
2101
1864
1814
2133
1507
1854
1916
1912
1895
2131
1878
1886
1676
1774
1918
1960
1725
1768
2089
1663
2070
1907
1826
1620
2024
1900
1866
2012
1801
1995
2026
1592
1740
1752
1776
1960
1994
1876
1887
1748
1760
1683
1929
1675
1852
1772
1814
1531
1661
1762
1780
1868
1735
1829
1997
1871
1567
1849
1769
1859
1817
1730
1763
1838
1857
2101
1929
1982
1890
1742
1768
1853
1747
2143
1892
1785
1952
1883
1867
1955
1841
1923
1883
1833
1668
2026
2010
1980
2051
2001
1876
2231
2407
2053
1902
1886
1869
1757
1674
2042
1848
2037
1899
1954
1767
1982
1862
2001
1896
1750
1843
1886
2147
1758
2077
1845
1730
1743
1887
1841
1937
1776
2034
1950
1858
1919
1934
1870
1696
1848
1962
1908
1755
1684
2079
1825
1764
1878
2108
1712
1920
2021
1874
1963
1762
1980
1732
1918
1668
1881
1796
2172
1827
2617
2112
1653
2076
1791
1894
1847
1960
2106
1953
1850
1924
2039
1854
1934
2077
1941
2038
1853
2049
2025
1928
1779
1942
1705
1891
2014
1792
1971
1905
2155
1772
1937
1942
1860
1987
1914
1763
1743
1836
1869
1765
1745
2076
1890
1854
1681
1814
1941
1956
2271
1871
1912
1867
2040
2059
1814
1858
1911
1818
1940
1956
1641
1596
1905
1878
1966
1625
1772
1816
1822
1884
1919
1900
1761
1621
1893
1894
1728
1996
2007
1846
1977
1656
1826
1821
1810
1626
1893
1614
1790
1772
1702
1708
2065
2038
1790
1775
1763
1906
1667
1770
1834
1881
1815
1814
1867
1667
1937
1758
1840
1887
1855
1841
1816
1971
1764
1806
1787
1821
2028
1939
1839
1895
1653
1843
1858
1727
1955
1908
1842
1702
1923
1686
1672
1751
1948
1869
1765
1859
1777
2175
1879
1824
2011
1719
1840
1814
1763
1758
1880
1788
1754
2128
1798
1695
1882
1765
1708
1803
1867
2003
1895
1983
1774
1982
1758
2014
2004
1590
1847
1893
1895
1908
2026
1931
1944
2071
1700
2142
1551
1795
2035
1847
1902
1885
1681
1831
1943
1728
1696
1817
1702
1803
1984
1894
1834
1950
2054
1842
1652
1693
1942
1755
1722
1874
1863
1967
1730
1840
1806
1840
1751
1545
1904
2011
1649
1728
1756
1852
1778
1684
2031
1743
1768
1757
1717
1741
2035
1832
1836
1711
1984
1928
1891
1839
1822
1638
1780
1668
1839
1874
1930
2175
1793
1668
1936
1954
1994
1975
1838
1778
1686
1702
1839
2004
1925
1836
1871
1920
1982
1797
1902
1709
1868
1740
2020
1970
1803
1734
2050
1627
2048
2085
1832
1916
1830
1808
1806
1850
1847
1881
2056
1933
1706
1902
1849
2012
1671
1763
1911
2059
1947
1821
1743
1751
1798
1922
2008
1800
1869
1624
1775
1980
2046
1919
1905
1852
1769
1992
2049
1561
1949
2072
1746
1784
2009
1838
2029
1841
2032
2001
1964
1903
1948
1668
1903
1662
1781
1899
2032
1836
1968
1698
2259
1711
1801
1858
1702
1942
1790
1847
1894
1809
1817
1918
1698
1949
1780
1903
1773
1739
1779
1962
1844
1715
1652
1972
1602
2009
1790
1740
1777
1749
1922
1653
1799
1929
1946
1805
1801
1934
1830
1757
1930
1851
1640
1764
1719
1806
1901
1690
1887
1683
1768
1922
1778
1923
1740
1846
1613
1798
1834
1734
1791
1864
1775
1750
1748
2025
1734
1685
1816
1721
1755
2027
1858
1919
1925
1928
1952
1626
1898
1883
1750
1875
1983
1840
1795
1977
1970
1819
1768
1961
1717
1763
1817
2000
1941
1840
1898
1668
1706
2079
1816
1666
1949
1930
1767
1958
1878
1936
1533
1627
1679
1777
2198
1791
1968
1985
2090
1894
1843
1754
1866
1848
1890
1814
1787
1968
1743
2138
1913
1662
1585
1854
1821
1810
1815
2002
1833
1792
1905
1739
1711
2006
1797
1662
1730
1762
1754
1855
1711
1786
1598
1668
2068
1754
1919
1869
1628
2007
2046
1998
1986
1875
1829
1934
1701
1874
1785
1883
1868
1521
1736
1944
1731
2005
2008
1990
1899
1864
1882
1764
2012
1851
1896
2002
1638
1897
1871
1783
1713
1844
1894
1582
1911
1604
1807
2118
1704
1653
1738
1973
1740
1602
1974
1943
1818
1730
1687
1823
1777
1889
1747
1761
1875
1836
1837
1707
1864
1912
1757
1739
1873
1673
1832
1874
1623
1814
2043
2082
1806
1916
1737
1739
1851
1973
1785
2072
1740
1874
1809
1713
1855
1949
1666
1760
1759
1808
1833
1756
1919
1782
1822
1875
1728
1640
1795
1960
1873
1731
1951
1822
2287
2170
1870
1898
1798
1983
2006
1832
1934
1736
1808
1891
1866
2133
1764
1856
1946
1929
1816
1877
1951
1746
1831
1734
1825
1850
1769
1930
1704
1962
1698
1914
2088
1699
1880
2038
1782
1707
1945
1720
1901
1851
1853
1946
1851
1821
1765
1973
1839
1706
2034
1810
1905
1867
1775
1717
1735
1884
1851
1679
1760
2192
1982
1921
2144
1788
2013
1768
1938
1801
1910
1976
1819
2012
1911
2014
1762
1873
1807
2149
1776
1933
1888
1919
1714
2084
1776
1880
1641
2328
2018
1932
1981
1794
1709
1909
2024
1737
1981
1902
1832
2152
2062
1805
1786
1691
2000
1890
1689
1828
1808
2152
2146
1817
2214
1857
1819
2787
1774
2019
1870
1674
1887
2070
1949
1785
1875
1808
2045
1986
2405
1914
1967
1966
1980
1886
1902
1840
1858
2058
1788
2018
1955
2017
1769
2017
2004
1728
1801
1721
1816
1693
2027
1749
1789
1983
2040
1979
1935
1940
1946
1793
1804
2142
1741
1972
1892
1846
2017
1563
1784
1841
1802
1958
1971
1797
1795
2055
2005
1933
1796
1882
1606
1874
1878
2143
1958
1993
1896
1900
1853
1894
1976
2009
1753
1769
2113
2002
1935
1804
1845
2028
1831
2075
1824
1811
1841
1768
1940
2007
1772
1745
1874
1806
1883
1843
2018
1771
1838
1741
1836
1883
1842
1840
1949
1974
1927
1943
1773
1677
1891
1664
2008
1781
1810
1820
1720
1790
1827
2312
1757
1692
1897
1838
1948
1891
1760
1790
1849
1780
1837
1807
1643
1824
1939
1835
1785
1864
1758
1886
1987
1720
1825
1756
1739
2054
1954
1890
1853
1944
1967
1814
1775
1767
1731
1945
2030
1789
1938
1878
1923
1955
1782
1795
1904
1982
1848
1986
1885
1938
1859
1745
1614
1901
1773
1958
1973
1654
1603
1761
1867
1639
1676
1882
1981
1910
2063
1767
1710
1839
1979
1686
1861
1819
1739
1740
1893
1870
1912
1842
1954
2117
1808
1848
1722
1913
1780
1870
1997
1875
1823
1717
1862
1953
2134
2067
1942
1736
2004
2538
1803
1800
2071
1966
1903
2049
1684
1889
1934
1760
2065
2083
2106
1697
1868
2061
1972
1837
1939
1805
1862
2005
1777
1838
1835
1730
1762
1917
2033
2119
1943
1924
1846
1740
1931
1891
2047
1945
1971
2032
1850
2016
2029
1832
1760
1806
1916
2014
2022
1874
1741
1727
1869
1936
1951
1921
1931
1852
1833
1935
2112
1804
1914
1586
1834
2003
2001
2031
2007
1847
1946
1672
1675
2102
1799
1878
1805
1770
1784
1853
1719
1913
1799
1834
1958
1866
1656
1754
1785
1730
1822
2008
1615
1702
2048
1549
1826
1901
1893
1979
1816
2071
1800
1685
1746
1776
1693
1855
1729
1847
1839
1928
1869
1992
1856
1797
1912
2000
2053
2246
1958
2054
1690
2105
1808
1901
1839
1893
1859
1930
1916
1966
1928
1922
2108
1966
1808
2074
1953
1938
1841
1807
1928
1851
1830
1922
1795
1829
1816
2174
1958
2126
1767
1748
1805
1869
1978
1926
1877
1720
1804
1856
1867
1945
1801
1944
1974
1930
1679
1778
2031
1916
1910
1904
1897
2072
1925
1961
1832
1795
2024
1948
1748
1850
1807
2090
1760
1752
1778
1947
1617
2031
1911
2195
2069
2154
1829
1782
1857
1914
1833
1884
1919
1862
1880
2089
2126
1906
1923
1941
1890
1789
2056
2118
1796
1743
1710
1726
1839
1949
1948
1868
1884
2010
1979
1809
1836
1917
1782
1875
1686
1866
1771
1769
1892
1852
2029
1981
1747
1867
2104
1882
1748
1795
1707
1915
1964
1894
1876
1934
1730
1897
1701
1998
1737
1961
1740
1836
2072
1747
1809
2031
1759
1761
2067
2022
1836
2045
1945
1897
1715
1986
2258
1746
1825
1820
1826
1765
1815
1970
1759
1714
1782
1869
1869
1757
1912
1737
1797
1874
1737
2011
1859
1903
1942
1861
1921
1494
1751
1734
1747
1984
2077
1914
2058
1824
1835
1589
1823
1616
1646
1903
1786
1802
1718
1941
1815
1824
1784
1853
1830
1804
1817
1910
1840
2045
1949
1950
1901
2020
1869
1813
1841
1791
1865
1977
1862
1927
1920
1954
2027
1750
1648
1859
1863
1743
1711
2092
1694
1774
1965
1852
2000
1845
1851
2317
1925
1843
1957
1914
1863
1856
2070
1843
1888
2035
1859
1755
1943
1976
1740
1745
1715
1809
1858
2052
1665
1807
1837
1989
2023
1847
1806
1916
1722
1926
1805
1786
1719
1910
1913
1944
1749
1780
1874
1849
1873
1844
1914
1924
1754
2163
1707
1936
2011
1699
1718
1798
1872
1998
1690
1919
1919
1820
1868
1872
1724
1974
1918
1718
1887
1889
1933
1938
1605
1864
1774
1908
1744
2118
1654
1852
2042
1990
1878
1780
1755
2057
1826
1815
1903
1759
1724
1880
1796
1946
1764
1928
1810
1903
1673
1792
1831
1848
1842
1736
1873
1993
1603
1923
1804
1896
1903
1770
1817
1815
1745
1924
2079
2198
1902
1735
1744
1886
1921
1705
1855
1891
1653
1733
1671
1776
1621
1661
1804
1851
1656
1888
1815
1840
1716
1915
1586
1821
1782
1818
1904
1859
1780
1708
1790
1796
1945
1806
1834
1809
1989
1819
1951
1694
1872
1746
1857
1812
1774
1968
1714
1862
1488
2039
1638
1776
1800
1688
1985
1934
1934
1887
1747
1749
1794
1845
1908
1669
2017
1827
1867
1642
1783
1879
1663
1824
1787
1756
1772
1795
1764
1923
1860
1785
1953
1882
1828
1960
1825
1694
1826
1964
1896
1807
2061
1797
1723
1928
1803
1854
1715
2165
1802
1917
1804
1828
1998
1874
1862
1964
1746
1846
1916
1887
1983
2050
1628
1981
2112
1824
1867
1919
1798
1721
1935
1853
1862
1758
1762
1666
1861
1720
1765
1859
1957
2174
1863
1884
1804
1787
1904
1783
1866
1803
1880
1777
1712
1765
1945
1969
1860
2117
1841
1945
1657
1756
1839
1854
1893
1848
1638
1857
1887
1940
1969
1979
1720
1706
1909
1735
1716
1846
1849
1983
1791
1707
1943
1947
1889
1675
2048
1706
1707
1822
1813
1877
2011
2211
1932
1928
1881
1853
1811
1885
1869
2010
1813
1754
1686
2134
2006
1866
2075
1800
2035
2031
2052
1846
2464
1946
1944
1946
1838
1842
1867
2023
2088
2050
1894
2203
2047
1872
1803
1739
1926
1839
1920
1853
1906
1986
1968
1954
1907
2027
1803
1870
1955
2042
1801
1805
1812
2076
1865
2024
2085
1882
1792
1882
1868
1837
2139
1839
2075
1994
2125
2175
2054
1925
2533
2188
2052
1655
2027
1856
1962
1820
2205
1773
1847
1625
1794
2062
1887
1885
1764
2114
1814
1913
1845
1680
1739
1826
1643
1795
1705
1872
2027
1881
1966
2081
2038
1799
2033
1677
1878
1900
1846
1795
1991
1654
2033
2028
1637
1694
2047
1738
2234
2547
2197
2060
1900
1837
1848
1708
1777
1731
2019
1792
1868
1971
1855
1832
1755
1848
1789
1559
1843
1777
1729
1903
1871
1635
1640
1693
1884
1870
1977
1903
1857
1873
1810
1778
1866
1960
1932
1950
1929
1769
1860
2018
1866
1973
1878
1912
1870
1711
1933
1659
1853
1919
1743
1716
1690
1850
1957
1955
2054
1774
2091
1937
2117
1839
1670
1791
1691
1853
1682
2014
1749
1827
1920
1964
1823
1757
1804
1683
1783
1777
2073
1743
1833
1842
1782
1869
1921
1939
1817
1975
1891
1818
1842
1736
1920
2092
1875
1741
1852
2011
1996
2042
1966
1636
1786
1715
1711
1761
2045
2160
1810
1894
1851
1858
1774
1813
1962
1758
1832
1793
1796
1919
1934
1901
1986
1839
2130
1846
1819
1935
1891
1981
2018
2124
1969
1905
1848
1919
2032
1898
1857
2037
1910
1791
2029
1763
1876
1681
1900
1834
1904
1926
1843
1944
2182
2043
1846
1860
1806
2074
1897
1851
2059
2023
1882
1739
2039
1869
2498
1811
2042
2000
1841
2032
1972
1723
1838
1899
1958
1721
1850
1829
1808
1816
1940
1826
1965
1888
1939
1810
1978
1779
1873
2022
1804
1691
1932
1700
1831
1760
1848
1791
1782
2060
1818
1904
2016
1860
1990
1845
1695
2044
1819
2077
2405
1824
1919
1929
1886
1933
1729
1807
1768
1780
1952
1897
1815
1862
1893
2009
1767
2042
1768
2082
1880
1862
1787
1748
1806
1939
1756
2051
1821
1820
1722
2115
1727
1799
1765
1975
2125
1888
1737
1879
1806
2021
1772
1979
1895
1790
1685
2016
1934
1954
2119
1815
1652
1813
1920
1859
1772
1837
2037
1892
1663
1799
1563
1831
1873
1932
1570
1645
1599
1785
1836
1928
1705
1535
1843
1697
1630
1944
1938
1955
1940
1868
1839
1796
1783
1879
1975
1925
1714
1918
1810
1908
1679
1836
2130
1886
1759
1968
1903
1896
1928
1868
2059
1820
1854
1841
1823
2049
1751
2011
1573
2038
1834
1795
1841
1870
1842
1768
1859
1720
1924
1870
1624
2136
1840
1847
1783
1868
1976
2056
1789
1945
1859
2020
1898
2223
2167
1959
2211
1973
1994
1850
1900
2046
1838
1790
1976
1748
1893
1888
1935
2060
1634
1829
1883
1879
2016
1999
2133
1946
2167
1762
1793
1661
1868
1948
1999
1809
1930
1934
1647
1911
1798
1872
1769
1666
1760
1756
1850
1649
1958
1769
1855
1781
1747
1836
1856
1899
2076
1718
1830
1739
1889
1741
1780
1954
1842
1772
1858
1728
1643
1704
1622
1873
1905
1884
1737
1997
1960
2084
2024
1699
1915
1897
1842
1936
1746
1896
1960
1576
1848
1682
1955
1849
1812
1756
2011
1915
2006
1871
1934
1927
1925
1957
1906
2113
1709
2082
1836
2009
1794
1784
1945
1802
1976
1794
1682
1803
2140
1959
1641
2094
1955
1777
1867
1865
1849
1945
1701
1835
1707
1731
1727
2090
1871
1976
2013
1711
2024
1738
1758
1668
1756
2118
1737
2013
1777
2010
1887
1930
1755
1749
1795
1884
1845
1780
2127
1969
1804
2101
2018
1947
1842
1941
2052
1933
1797
1811
2200
1878
1798
2067
1841
1975
1685
1845
1780
1883
1842
1921
2081
1758
1917
1991
1992
1858
1855
2126
1842
2022
2044
1808
2485
2040
2171
1892
1835
1871
1878
1905
1816
2012
1768
2075
1930
1865
1784
2113
1577
1906
2024
1944
1900
1768
1902
1946
1605
1768
1874
1993
2215
2029
1899
1823
2082
1923
1806
1952
2093
1784
1736
2115
1986
1748
2109
2147
2011
1693
2064
1701
1963
1964
1911
1951
1845
2070
1921
2051
1825
1777
1885
1783
1945
1902
1951
1939
1913
1822
1926
1866
1673
1931
1988
2075
1676
1937
1986
1913
2065
1641
2131
1959
1874
1854
1984
1908
2100
2011
1949
1830
2083
1967
1848
1845
1926
1845
1799
2034
1858
2049
1842
1617
1949
2083
1903
1636
2028
1890
1786
1678
2008
2103
2054
1797
1922
1977
2027
1946
1979
2206
1915
2018
1887
1878
1949
1817
1754
1777
1866
1973
2010
1741
1825
2012
2080
2260
1795
1881
1823
1857
1926
1819
1915
1777
1988
2215
1948
2016
2061
2159
1822
1742
1844
1895
1956
2009
1674
1892
2058
1805
2056
1972
1721
1876
1932
1849
1926
2060
1958
2286
1941
1956
1793
1610
1968
1925
2044
1745
2049
1701
1986
2123
2262
1672
1985
1847
1764
1845
1917
1827
1911
1878
2146
1861
1847
1882
1764
1781
1904
1912
2135
1754
2117
2054
1870
1847
1928
1650
1892
1764
1763
1997
2190
1868
1775
2135
1967
1786
1838
1789
1950
1950
1974
1775
1909
1856
1879
2046
1788
1708
1803
1819
1804
1783
1934
1811
1850
1988
1899
1870
1854
1812
1801
1959
1631
1988
1706
1909
1643
1908
1728
1974
1904
1887
2031
1851
1932
1883
1903
1976
1748
1833
2098
1959
1860
1898
1894
1836
2093
2053
1975
1727
2030
1737
1782
1894
1788
1928
1750
1696
1852
1959
1803
1879
2049
2148
1850
2032
1993
1900
1918
1813
1891
1975
1998
1583
2083
2000
1894
2068
1899
2011
1748
1875
1909
2106
1770
2041
1901
2066
1720
1789
2031
1962
2011
1889
1795
1771
1896
2050
1825
1781
1976
1840
2036
2003
1701
2090
1858
1792
1774
1869
1819
1930
1977
1911
1892
1823
1856
2104
1992
1756
1773
1840
2103
1835
1838
1843
1925
1996
1910
1715
1898
1907
1754
1975
2095
1865
1711
2074
1788
1871
2028
1690
1871
1998
1967
1911
1984
1804
1979
1966
1823
1993
1888
1823
1873
1837
1834
1898
1711
1738
2067
1822
2004
1801
1895
1971
1996
1813
1833
1938
1966
1994
1812
1809
1914
1872
1937
2303
2205
2425
2755
2987
2918
3332
3465
3779
4170
3129
3406
3583
3185
3284
3782
3859
3431
3797
3443
3712
3355
4000
3345
3503
4240
4098
3293
3272
3706
3734
3769
4072
4185
3848
3663
4131
4324
3806
3778
3626
3492
3916
3362
3434
3510
3711
3283
4250
3815
3958
3644
3291
3900
3610
3766
3588
3097
3831
4123
3671
3781
3155
4082
3946
3673
4258
4018
3860
3865
3967
4269
3870
3552
3983
3278
3747
3792
3532
3649
3618
3409
4166
3828
2814
3691
3482
3972
3740
3497
4249
3935
3784
3902
4119
4008
4195
3767
3757
3963
3786
3813
4045
3810
3657
4314
4205
3481
3684
3637
3550
3663
3820
4084
3384
4143
3926
3590
3644
4302
3299
3925
4143
3844
2854
4212
3785
3637
3950
3246
3390
3662
4100
3600
3416
3799
3992
4102
4089
3696
3783
3326
3935
3281
3626
2875
3562
3848
4183
3933
3421
3173
3637
4173
3834
3822
3690
3740
3534
3722
3853
3984
3802
3769
3822
3764
3893
4107
3829
3737
3994
3123
3721
3344
3314
3715
3634
4169
3324
3609
3521
3545
3947
3716
3498
3919
3362
3936
3709
3813
3867
3665
3982
3826
3675
3650
4256
4009
3973
3649
3176
3988
3413
3154
4573
3685
3081
4199
4251
3786
4003
3141
3932
3584
3731
3997
3776
3825
3870
3325
3589
3426
3597
3294
3353
3557
3744
4262
3327
3726
3570
2832
3806
4158
4102
3254
3310
3512
3645
3810
4110
3400
3696
3720
3870
3628
3818
3110
3416
3566
3492
3554
4070
3202
3809
3895
3418
3893
3479
3974
4031
3923
3897
4130
3431
4041
3534
3595
4322
4776
3518
4019
3257
4231
3896
3396
3904
3773
3643
3436
2931
4027
3619
3730
3384
3484
3888
3948
4246
4028
3525
3576
3581
3752
2752
3240
4197
4066
3866
4089
4329
3510
3556
3669
3338
3387
4443
4095
3523
3972
4062
3888
3966
3609
3598
3139
3797
3746
3867
4339
3727
3632
4074
4048
3834
3145
3388
3488
3626
3189
3555
3985
4099
3604
3437
3801
3583
3304
4106
3557
3640
3636
3574
3821
4179
3536
4227
3929
3595
3849
3465
3773
3962
4006
3587
3520
3379
4164
3629
3492
3893
3124
3772
3937
3937
3787
3398
4134
2998
3450
3692
3495
4086
3725
4175
4290
3590
3443
3812
3996
4047
4091
3958
4157
3590
3872
3895
3834
3342
3850
3590
4006
3772
3928
3338
3558
3936
3856
3927
3578
3260
4308
3790
3651
3989
3718
3937
3677
3768
3395
3765
4019
3669
4126
3803
3986
3546
3807
4375
4026
3734
3657
3884
3854
3490
3720
3774
3744
3995
3953
3185
3833
3636
3911
3718
4014
4089
3827
4238
4271
3704
3605
3602
3926
3743
3273
3611
3867
3760
3902
3393
3414
4043
3802
3566
4140
3968
3829
3631
3778
3151
3848
4010
3745
3349
3796
3627
3107
3510
3627
3776
3995
3282
3496
3246
3301
3165
3217
3546
4190
4019
3936
3223
3547
3848
3637
3753
3758
3367
3771
3932
3883
3768
3309
3745
3829
4051
3572
3984
3838
3430
3873
4136
3665
3489
3868
4415
4156
3364
3844
3934
3700
3709
4054
3760
3561
3376
3397
3103
3594
3624
3552
3228
3851
4189
4198
3874
3470
3941
3950
3277
4052
3948
4216
4037
3470
4140
3527
3690
4027
3726
4157
3575
3923
3379
3928
3436
3579
4102
4372
3640
3375
3432
3466
4178
3685
3845
3427
3725
3778
3485
4205
3597
3561
3856
3561
3748
3975
3221
3780
3883
3710
3503
3694
3447
4011
3712
3756
3606
4263
3726
3970
4074
3487
5078
4066
4272
3648
3336
3974
4012
3778
3192
4202
3654
4125
4030
3697
3883
3665
3829
3863
3899
3372
3651
3353
3712
3892
3776
4097
3871
3467
3950
4161
3775
3920
3429
3829
3465
3661
3789
3672
4093
3949
3918
3940
4248
4080
3753
4175
3665
3313
3790
3861
3835
3073
3457
4180
3636
4067
3508
3590
3482
3604
4404
3396
4237
4061
3482
3632
3930
3710
3941
3464
3551
3902
3338
3821
4291
3757
3698
3617
3957
4051
3668
3771
4293
3718
3694
3892
3508
3910
3672
4206
3853
4002
3345
3330
3548
3436
3595
3471
3957
3681
3934
3420
3839
3831
3684
3710
3778
3959
3406
4000
3825
4020
4003
3891
3592
3346
3836
4194
3720
3512
3830
3704
3488
3471
3702
4137
3242
3977
4127
3987
4119
3850
3231
3206
3926
4109
3864
3821
3341
3343
3401
3938
3701
3286
3582
3904
3848
3325
3604
3306
4042
4144
3013
4031
3361
3185
4258
3739
3975
3930
3684
3091
3711
3888
3813
3718
3688
4091
3968
3345
3460
4463
3703
3558
4001
3856
3956
3979
3653
4193
4477
3373
3534
4152
3676
3547
3794
3751
4009
3571
3431
3533
4033
3814
3932
3507
3461
3860
4017
4088
3558
3419
3775
3966
3422
3650
3491
4177
3690
3273
3938
4254
3964
3530
3479
3481
3893
3125
4024
4067
3936
4139
3673
4112
3772
3597
3634
3178
3590
4071
4149
3883
3473
3525
3388
3642
3782
4168
3822
4041
3764
3773
3548
3945
4171
3517
3519
3825
3688
3966
3276
4528
4126
4030
3565
4044
3674
3583
3606
3733
3472
3651
3337
4005
3377
3851
3711
3679
3407
3966
3454
3752
4342
4494
3759
3984
3567
3430
3518
4558
4458
3724
4032
3477
4299
3500
3309
4250
3655
3701
3894
3660
3875
4076
3827
4038
3229
3889
3532
4156
3698
4146
4105
4018
3517
3419
3862
3787
4192
4178
3458
3659
4011
3811
3976
3868
3820
3452
3880
3865
4188
4311
3411
4263
3656
3711
4335
3841
3815
3878
3813
3763
3260
3891
3478
4345
3852
3697
3954
3659
3630
3522
4109
3688
3145
3735
3386
3044
2887
3925
4063
3936
4208
3387
3757
3700
4043
3594
3841
3389
3865
3761
3596
3582
3342
3537
3895
3384
3366
3390
3578
3899
4388
3972
4239
3378
3799
4113
3953
3700
3610
3334
3797
3414
3899
3686
4054
3705
3275
3699
3590
3777
3977
3838
3980
3914
3215
3732
4423
3312
3785
3646
3291
3759
3568
4288
4110
3615
3684
3604
3342
3601
3468
3637
3643
3667
4603
4339
3945
3926
4137
3554
3884
4104
3559
4209
4075
3394
3201
3258
3695
4240
3620
3470
4105
3518
3420
3955
3597
4189
3255
3642
4121
3950
3794
3707
3483
3327
3556
3828
3852
3607
3600
3603
3799
3569
4073
3966
3645
3472
3654
3832
3726
3276
4029
4347
4088
3888
3657
3869
4080
3396
3994
3862
3043
3637
4060
4139
4905
3430
3522
3623
3410
4147
3159
3523
3715
3467
4055
3970
3623
3290
4175
3473
3992
3840
3751
3840
4044
4119
3686
3584
3574
4571
3684
3779
3980
3528
3706
3226
4119
3937
4014
3824
4095
3620
3922
3847
3298
3668
3626
4239
3881
3287
4273
3703
4491
3679
3595
3830
3812
4217
3971
3170
3569
3442
3604
3898
4218
3561
4243
3252
3640
3826
3798
4110
3801
3125
4048
3829
3983
3666
3981
3781
3616
3574
3853
3147
3655
3645
3481
3616
3721
3578
3275
3853
4028
3674
3622
3861
3805
3862
3836
4148
3722
3647
3945
4045
3715
3516
3934
3537
4118
3835
4432
4296
4187
4137
4269
3434
3809
3837
3363
4346
3901
3723
3711
3778
3621
4174
4403
3704
3944
3864
3961
3607
3903
3893
4087
4011
3517
3686
3835
3397
3510
4143
3471
3753
4092
3807
4062
4151
3915
4051
3749
3266
3824
3537
4118
3814
3899
3399
3813
3906
3656
3741
3773
4061
4045
4385
3931
3389
3431
3416
3185
3915
4253
4078
4317
3769
3869
3997
3446
3839
3675
4847
3319
3815
3309
3915
4233
3961
4069
4014
3594
3854
3803
3550
3846
3477
3823
3727
4347
3546
4101
3686
3803
3852
4267
4316
3881
4281
3672
3804
3590
3965
3541
3331
3722
4030
3639
3758
3816
3698
4056
3099
4115
3481
3625
3371
4137
3692
3590
3786
3654
3880
3860
3491
3907
3331
3913
3681
3394
3758
4194
3903
3665
4069
3471
4067
3518
3749
3410
3379
3388
3580
3676
3979
4261
3559
4088
3791
4052
4158
3673
3837
3820
3615
3591
3573
3727
3575
4048
3695
3755
4186
3950
3995
3611
3334
3681
4172
4279
3784
3647
3648
3433
3870
3545
4070
3422
3263
3968
3751
3957
4002
4011
4216
3937
4567
3231
3059
4127
3708
3892
3931
3510
3883
3433
3595
4026
3312
3704
3827
3858
3700
3707
3720
3972
3646
4096
4425
3897
4014
3416
3779
3626
3529
3845
3691
3494
3444
3731
3859
3520
3643
3737
3328
3640
4135
3959
3742
3367
3619
2727
2941
2473
2392
2440
3007
2620
2183
2013
1894
1922
1950
1707
1951
1990
1900
2049
1622
2015
2087
1737
1790
1792
1930
1979
1876
2070
1763
1899
1541
2014
1868
1968
1990
2190
1959
1934
2073
1880
2015
2006
2109
2093
2506
2089
2091
2017
2032
2061
1943
1886
1886
1702
1990
1979
1869
1862
2353
1921
2021
1732
1820
2162
2068
1836
2071
1961
1870
1758
2126
1830
1742
1875
1986
2049
1795
2102
1968
1994
2097
1824
1826
1660
2042
1903
1844
1728
1979
1901
1961
1985
2018
1895
1734
1794
2146
1960
1985
2002
1878
2014
2005
1748
2182
1915
1883
2160
1694
1952
1931
1817
1972
1724
1912
1795
2139
1824
1889
1811
1930
2112
1809
1875
2230
1982
2148
2012
2024
1856
1968
1860
2001
1742
1870
1986
2002
1893
1800
1812
1925
1829
2089
1947
2048
1932
1848
2386
1955
1698
1939
1741
1810
1815
1990
1804
1717
1916
1928
1906
2082
2001
2256
1846
1909
1774
1970
1959
2000
1902
2123
1877
1767
1878
1916
2020
1872
1842
1797
2007
1985
1978
2037
1866
1812
1953
1808
2101
2194
1729
2007
1907
1939
2010
1973
2156
1979
1852
1866
2024
1863
1862
1869
1891
1849
2010
2197
1864
2066
1930
1899
1980
1727
1819
2312
1660
1642
1798
1978
1985
1945
2013
2032
1892
1870
1689
2000
1875
2079
1979
1960
2100
2000
1711
1787
1992
2004
1858
1805
2060
1945
1967
2084
1931
2110
1800
1752
1879
1971
1964
1998
2181
2086
2121
1870
1797
1899
1778
1854
1932
1974
1943
1923
1917
2082
2107
1718
1971
1966
1885
1923
1837
2122
1928
2183
1908
1975
1976
2041
1912
1940
1716
1950
1870
1973
1853
1968
1713
1786
2232
1864
2067
2110
1869
1957
1835
1998
2069
2026
1719
1988
1850
2117
2047
2119
2135
1809
1774
2002
1997
2157
1926
1952
1688
1830
1744
1768
1719
1795
1892
1940
1958
1993
2056
2061
2069
1749
1958
1833
2014
2047
1764
2268
1934
1951
1952
1950
1941
2001
1762
2192
1813
2122
1978
2025
1877
2120
1856
1903
1791
1627
1926
1923
2061
1944
2033
1876
1915
2106
2009
2050
1726
1927
1891
1827
1918
2081
1884
1794
1816
1811
2061
1887
1920
1955
2068
1815
1772
1925
1951
2071
1763
2112
1841
1886
1923
1923
1639
2074
2209
2145
2780
2771
3317
3300
3431
3538
4072
3788
3946
3906
3953
4029
4037
3952
3956
4176
4222
3497
3710
3750
3639
3529
3395
3672
3699
3812
3829
3693
4007
3993
3322
3386
4209
3766
4172
3680
3589
3638
3656
3891
4066
3813
4140
4311
3558
3911
3446
4222
3977
3508
4080
3550
3582
3807
3564
3773
4258
3643
4037
4618
3864
3667
3782
4140
3848
4129
4004
3808
3783
3981
3142
3779
4353
3504
4101
3897
3731
4033
3816
3954
3485
4070
4024
3959
3900
4108
3845
4799
3929
3844
3912
3682
3739
4300
3738
4186
3913
4305
3854
3491
3864
3410
4230
3406
3330
3851
3989
3921
4065
4113
3843
3585
4150
3259
4253
3647
3591
4169
3999
3769
3889
4437
3528
3799
3289
3649
3259
3373
3900
3642
4124
3950
4061
3537
4080
3653
3962
3429
4195
4249
3592
4141
3572
3609
3890
4108
3550
4082
3892
4102
3498
3858
4203
3690
4146
3787
3618
3554
4054
4106
4019
3356
4138
3560
4179
3749
3339
4035
3596
3712
4165
4159
3320
3945
3560
4451
3712
3772
3313
3843
4015
3750
4036
3981
3493
3726
3966
4310
3942
3409
3941
3477
3548
3388
3317
4032
3442
4556
3854
3795
4619
3446
3445
4275
3845
4046
3994
4166
3838
4253
3468
4270
4114
4053
3827
3847
4153
4244
3910
3733
3909
3632
3905
3646
4256
3549
3867
4078
4256
3883
3817
4166
3952
4126
4262
4032
3954
4006
3792
3824
3671
3820
3362
3629
3582
3726
4494
3795
4074
3638
3640
4225
3788
3865
3741
4129
3280
3849
3885
3772
3652
3250
3974
4195
3477
4302
3417
4195
3787
4176
4106
3491
3639
3970
3665
3536
3630
4152
3723
3510
3893
3466
3876
3617
4118
3879
3852
3954
3700
3219
3463
3780
3483
3492
4338
3994
3321
3914
3609
3866
3975
3597
3928
4111
4190
3957
3900
3869
4032
3602
4417
3940
3247
3808
4190
4080
3635
4105
3437
3756
3949
4185
4330
3873
3496
4063
3556
4256
3219
3324
4019
3983
3664
3707
3567
3790
3724
4290
4122
3938
3541
3933
4338
4142
3738
3480
4251
3888
3898
3712
3943
3745
3282
3490
3735
3776
3669
3677
3695
3657
3516
3933
3725
4288
4114
4045
3551
3334
3675
3998
3930
3564
3924
3836
4094
3540
3671
3742
3668
4136
3914
4206
3702
4106
4362
4044
3355
3800
3885
3919
3916
3707
3684
4429
3952
3951
4404
4518
3751
3498
3372
4299
4005
3494
3899
4012
3601
3830
3473
3882
3541
3798
3794
3829
3817
3080
3449
4559
3303
3675
3612
4123
3748
4215
3609
3752
3525
3604
3833
3809
4286
4063
3415
3748
3243
4512
3926
4302
3769
3977
3640
3213
4349
3551
3373
4304
3528
4348
4310
3863
4394
3746
3367
3769
3738
3919
3908
3786
3616
3410
4191
4023
3717
3668
3757
4034
3910
3724
3511
3422
3622
4079
3611
3736
3881
3936
3785
4085
3735
3917
4157
3994
4006
3593
3682
3471
3781
5387
4258
3859
3726
3824
3875
3990
4281
3985
3920
3824
4133
3810
3832
3765
3754
3975
3516
4101
3994
4173
3688
3792
4062
3826
3967
3328
3516
4525
4164
3865
4002
3549
4253
4044
3724
3828
4091
4157
4193
3391
4092
4079
3776
3519
3496
3992
3331
3572
4332
4135
4062
3444
4015
3553
3894
4607
4160
3989
3821
4202
3659
3795
3989
3525
4185
3972
3553
3611
4007
3626
3520
3927
3159
4090
4055
3903
3717
3915
3556
3295
4287
4181
3478
4047
4144
3724
3473
3678
3831
4019
3311
4153
3535
4206
3625
3332
4300
4113
3860
3347
3949
3663
3692
4206
3674
3547
3442
3897
3752
4297
3692
4802
4268
4215
4008
4114
4136
3743
3768
3862
3474
3768
3965
3998
3251
4274
3411
4437
3808
3698
3851
3936
3462
4004
4315
3876
4042
4070
3866
4011
3623
3874
3907
3921
3662
3636
3739
4044
4313
3493
3535
3640
3688
3513
3851
3758
3759
3439
3122
3891
4149
3654
3421
3940
3910
3898
3754
3811
3703
3837
3986
3972
3734
3542
3624
4288
3817
3955
3900
3515
3927
3997
4396
4237
3993
4165
3807
3625
3275
4119
4422
3531
4221
3788
3602
4218
3940
3928
3799
3959
3541
3661
3882
3695
4462
3490
3485
3521
3472
3795
3329
3891
3300
3818
3795
4085
4147
3923
4068
4049
4216
3224
3289
3416
3326
3746
3560
4410
4399
3900
4055
4270
3996
3550
3763
3648
3735
4132
3811
4018
4282
4143
3991
3776
3838
3808
3646
4042
3894
3761
3937
3684
3787
4412
3680
4569
4319
3963
4174
3115
3695
3555
4482
3793
3677
4137
4031
4100
4212
3799
3509
3701
3882
3751
4148
3793
3609
3908
3483
4108
3886
3996
3986
3883
3792
3464
4119
4081
3868
4399
4103
4234
3791
3911
3701
3563
4360
4180
3304
3550
3728
4026
4155
3722
3882
3666
3903
4391
3799
3378
3592
3397
3901
3613
4019
3662
3299
3778
3492
4705
3485
3598
3793
3362
3354
3986
4331
3803
4428
3632
4081
3935
4088
3675
3920
3587
4227
4071
3532
3873
3233
3677
4247
4190
4135
3769
3834
3802
4333
4168
3702
3563
3575
3572
3843
3803
3458
3897
3937
3728
3901
3816
4575
3818
4366
3441
4000
3653
3373
4134
3930
3735
3537
3738
3833
3922
4072
4133
3898
3342
3371
3791
3475
3819
4389
3774
4317
4255
4141
3438
3268
3829
3447
3908
3898
4066
3768
3862
3593
4055
4083
3283
3257
3606
3786
3834
3932
4235
3719
4045
4540
4045
3553
3693
3520
4027
4129
4047
3745
4355
3878
4025
4261
3864
3720
3916
3515
4041
4169
3857
3959
3473
4002
4273
3613
3864
4185
3571
3732
3994
3884
3769
3997
4017
3935
3475
4060
3888
3356
4119
4340
3886
3636
3869
3404
3406
3788
3419
3985
3562
4519
4259
3674
3930
3644
4065
4213
3554
4020
4666
3314
3789
3509
3642
3710
3764
3340
4156
4126
4216
4473
3605
3857
3831
4663
3978
3692
4086
3743
3744
3813
3654
3497
3985
4108
3760
3631
3551
4196
4106
3860
3934
4026
4215
4301
3591
4276
4457
4058
3829
4255
3809
3935
3945
3397
3974
3474
3935
4320
3763
3620
3770
3788
4431
4001
3786
3546
3867
3931
3569
3232
3752
3484
4126
3914
4227
3822
3777
3256
3849
3579
3874
4219
3630
3995
3650
4303
3739
3992
3993
3683
3655
3742
4571
3716
3783
3679
3348
4004
3924
4013
4079
4119
3824
4418
3775
4002
3556
3824
3744
3506
3861
3448
3463
3983
4143
4396
4067
4236
3482
3691
4204
4100
3864
3680
3830
4082
4136
4075
3861
4075
4054
4427
3843
3844
3761
3843
3560
3919
3310
3352
4103
3232
3710
3928
4098
4209
3372
3861
4125
4184
3890
3430
4402
3918
3960
3962
4303
3546
3870
4004
3680
3825
3823
4357
3932
3848
3894
4263
3720
4045
3250
4022
4040
3985
3817
4156
3784
4299
4609
3749
3656
3682
3767
3850
3882
4031
3706
3565
3666
3936
4500
4232
3544
3880
4453
3755
3524
3939
3714
4135
4398
4142
3527
4221
3818
3917
3925
3638
3511
3774
3588
3884
3872
3932
3670
3858
3544
4192
4163
3679
3483
3784
3656
4015
3933
4609
3943
4268
3508
3917
3996
4048
4214
4083
4001
3499
3968
3857
3996
4267
4087
3997
3947
3734
3898
4117
4283
3693
4003
4156
3631
3650
4002
4405
3978
4302
3933
3893
3985
3979
4543
4017
3867
3522
3929
3409
3556
3750
3935
3981
4324
3409
4071
3920
3567
3716
3708
3727
4209
3496
3795
4016
3366
3510
4156
4513
3770
3633
3720
4250
3396
4087
3935
3719
3665
4431
3778
3687
3270
3583
3654
4724
4042
3870
4315
4212
3794
4047
3922
4094
4221
3615
3791
3629
3675
3832
3834
3606
3974
3938
3768
4224
3363
4263
4125
4217
3515
3817
3341
3806
4345
4303
4292
3394
4016
3572
3536
4372
3841
5596
4230
3779
4278
4259
3794
3784
3845
4301
3854
4051
3745
3574
3819
3723
3609
4174
4069
4013
4410
3759
3839
3978
3993
3939
3774
3577
3952
4211
3992
4295
4078
3854
3989
3897
3826
3534
4066
3599
4123
3673
3605
3794
3857
4055
4032
4076
3631
4385
4203
3715
4156
4331
4070
3893
4344
4350
4496
3870
4013
3506
3959
4061
3973
3661
4193
3746
3632
3938
4645
3985
4382
3842
4006
4131
4290
4230
3750
3476
3877
4050
3680
3748
4004
4233
3728
3897
3927
3578
4246
4286
3602
3897
3809
4052
3381
4704
3280
3777
3921
4097
3915
3734
3408
4190
3892
4133
3922
3959
3382
3644
4259
4330
3738
3565
4033
4066
3635
4353
3676
4005
3849
3771
3797
3371
4053
3619
3784
3776
4067
3614
3709
3946
3732
4058
3399
4604
4228
3941
4103
4065
3823
4428
3451
3876
3637
4113
3825
3726
3566
4314
3717
3922
4024
3820
4211
3571
3952
4006
3572
3802
3659
3802
3325
3655
3470
3651
3893
3345
3687
3839
4090
3728
3575
3913
3419
4654
3890
4645
4074
3991
4507
3625
3988
3857
4225
3579
4168
3800
3831
3859
3937
3876
3883
4100
4296
3871
3685
4501
3555
3911
3547
4083
3396
3787
4166
3591
4336
4269
3999
3331
4142
4198
4067
4384
4052
3988
3851
3400
3251
3441
3461
3971
4014
3676
3844
4089
3610
3716
4322
3817
3850
4185
4050
3864
3428
4047
4199
3779
3601
3976
3659
4318
4253
3830
3880
4033
4488
3680
3461
3673
4040
3568
4635
4148
4214
3753
3570
3749
4153
3476
3887
3859
4635
4208
4552
3945
4217
3875
4095
4368
3878
3345
3853
4173
3949
3875
3502
3918
3903
4018
3789
3464
3815
4019
4018
3724
3822
3185
3920
3433
3546
3612
4203
3583
3739
3716
4005
3853
3748
3867
4007
3246
3803
3815
4093
4049
4110
3662
4006
4261
4233
3956
3973
3667
3738
3761
3499
3421
4216
3991
3428
3445
4056
4526
4028
4215
4021
3345
3872
3803
3906
3800
3627
3718
3806
4050
4451
3433
3597
4214
3626
3709
3589
4325
3368
3593
4034
4049
3507
3685
4033
3607
3583
3332
3717
4287
4112
3498
3180
3672
3771
4084
3704
3946
4166
3901
3812
3812
3568
3997
4081
4130
3650
3740
3982
3859
3425
4044
3937
4338
3841
3804
4120
3820
3892
3715
3494
3936
3485
3981
4218
3640
4017
4124
4551
4266
3779
4145
3325
4363
3710
3835
3880
4125
3756
4106
3758
3512
4564
3636
3613
4097
4090
4193
3575
3946
4297
3441
3563
3887
3732
3952
4310
4089
4168
3881
4001
3739
3836
4072
4334
4244
4188
3622
3841
3764
4886
4006
3974
4372
3715
4237
3918
3895
4004
3672
4357
3725
3125
3865
3973
4199
3447
3990
3869
3626
3802
4274
4268
3728
3872
4214
3817
4547
3482
3745
3495
4159
3353
3986
3379
3788
4032
3381
4028
3400
3435
3787
3959
3995
3622
3911
3949
4638
4389
3811
4230
4137
4211
3574
4509
4623
4004
4234
3506
3885
3544
3543
3353
3937
4365
3945
3684
3694
3339
3960
4094
3899
4180
3586
3531
3991
4149
3986
3681
3599
3988
3386
4390
3546
3956
3785
3881
3983
3909
3740
3884
3817
3872
3896
3638
4114
3868
4420
3411
4008
4615
3631
4598
4137
3645
3755
3564
3699
4152
3940
3642
4269
3604
3962
3648
3626
3816
3728
4154
3125
4197
4096
3782
4435
4123
4017
3897
3546
3422
3639
3870
3857
4063
3926
4256
3603
3716
4060
3997
3573
2956
3856
3902
5078
3884
3323
3647
4120
3943
3947
4022
3413
4140
3986
3419
3969
3541
3842
3756
4096
4024
4363
4274
3850
3523
3698
3971
4223
4214
3633
4143
3897
3796
3372
3353
3814
3885
4080
3785
4291
3512
4587
3509
3776
3758
3722
3889
3913
3725
4163
3858
4122
3595
3754
3778
3920
4288
4742
3650
3392
3608
3713
4422
3499
3760
3705
3701
4057
3959
4303
4172
3828
4046
4181
4660
3855
3557
3900
4174
3945
3579
4001
4067
3664
4307
4171
3979
3834
4091
3930
3716
3478
3176
3831
3586
4138
3504
3996
3316
4380
3575
4061
3695
4362
3367
3887
4353
4040
3925
4058
3545
3849
4067
4118
3457
3806
3616
3671
3829
3755
3320
4412
4007
3847
3925
4248
3971
3988
4454
3990
3859
4010
3798
3883
3991
3677
3491
3854
3549
4469
4159
3750
4081
3731
3304
4427
4297
3790
3417
4374
3962
4146
4036
4182
4193
3823
3905
3513
4061
4198
3999
3862
4074
3781
3502
3963
3447
3729
4091
3928
3918
4313
3420
4109
3840
3814
3690
3850
3442
3839
3555
3821
3608
3933
4115
4405
3747
3983
3501
3754
3314
4371
4281
3967
3730
4187
4031
4303
3701
3299
3653
3955
4122
3064
3928
4436
3989
4439
3898
4292
4045
3502
3746
4118
4327
3760
4214
4095
4141
4138
3668
3900
4048
3611
3572
4058
3728
3724
3887
4017
4045
3993
3857
3808
4347
4054
3636
3594
3711
3900
3616
4312
3925
4196
3899
4245
3726
4026
3958
4044
3680
4221
4302
3517
3614
3731
3521
4542
3533
4192
4333
3685
4559
4283
3873
4286
3657
3621
3146
3917
3496
3537
3690
3589
3935
4161
3926
4646
3814
3778
3893
4307
3618
3005
3940
4856
3851
4072
4748
3890
4052
4001
4241
4075
3977
3118
3910
3893
3822
3413
4049
3764
3528
4333
3824
4014
3848
4126
3971
3824
4544
4033
5280
3474
3890
4434
4260
3649
4194
4417
4091
4204
3821
3612
3505
4293
3846
4025
3879
4051
4374
4244
3635
4046
4319
3572
4001
4010
4030
3767
3444
3775
3707
3640
4050
4267
4074
4184
3415
3367
3492
3284
3233
2385
2258
2133
2358
1859
2113
2002
2075
1934
2232
1843
1816
1916
1747
2117
2142
1964
1915
1910
1832
1850
2187
1932
1870
1892
1879
1759
2121
2064
1894
1925
1801
1813
1975
1867
2099
2020
1852
2034
1977
1843
1766
1773
1963
2033
1942
2009
2056
2088
1706
1964
1930
1991
2000
1960
1810
2169
2207
1916
1897
1802
1921
2301
2397
2003
1861
2281
1895
2003
2073
1809
2209
2008
2005
1916
1776
1989
1975
2002
2184
1930
1984
1987
1891
2029
1902
1941
1892
2138
1755
1958
1937
2026
1871
1958
2014
1956
2074
1742
1967
2097
1744
1956
1852
2019
1954
1979
2116
2010
2149
1938
1974
1956
1881
2002
2330
2055
1867
1944
1951
1965
1800
1900
2016
2064
2004
2041
1875
2058
1986
1838
2091
2033
1869
1852
2051
1791
1929
1920
1866
2015
1976
1858
1827
1942
2072
1859
2062
1936
1885
1980
1964
2211
1968
2027
2007
2024
2292
2021
2119
2165
1984
1969
2103
1943
1937
1835
1761
2139
1782
2118
2261
2036
1954
2064
2060
1988
1881
2096
1999
2122
1975
1901
2067
1794
1759
2074
1789
1783
1662
1570
1251
