2652
2749
2872
2894
3010
3056
3075
3189
3323
3564
2687
3109
3505
3263
3092
2969
3312
3380
3424
2909
3478
3031
3275
3245
3087
3056
3101
3290
3527
3569
2968
3073
2622
3029
3239
3129
3681
3396
3344
3563
2674
2552
2588
3478
3365
3365
3851
3501
3121
3522
3271
3619
3020
3231
3682
3300
3186
3375
3315
3606
2821
3024
2952
3154
3118
3424
3418
3579
3089
3602
2939
3051
3307
2973
3656
3030
3545
2871
3498
3168
3492
3257
3534
3764
2918
3025
3298
2846
3029
3084
3528
3248
3276
3281
3573
3323
3690
3382
3369
3361
4039
3181
3733
3436
3212
3087
3494
3158
3556
3505
3000
2502
3427
3026
3393
3327
2902
3468
3013
3355
3159
2980
3344
3337
3308
3062
3550
3388
3500
3425
3624
3096
3035
3045
2886
3250
3476
3719
2993
2943
3373
3479
3091
3141
2958
3184
3051
3417
3213
3240
3726
3457
3290
2766
3373
3176
3192
3471
3941
3582
3168
3853
3422
2904
3420
3201
3286
3910
3084
3721
3534
2726
3653
2961
3684
3257
3574
3324
3605
3627
3367
3022
3237
2757
3182
3574
3355
3535
3898
3176
3313
3218
4014
2698
3347
2958
2957
2960
3661
3318
3040
2984
3235
3163
3252
3556
3746
3749
3327
3006
2937
3548
2973
3061
3435
3395
2983
3344
3396
3210
3062
3199
2934
3183
3369
3721
3291
3389
3497
3907
3123
3528
3285
2941
3705
3373
3826
3006
3053
3491
3037
3169
3679
3878
3240
3729
3355
3162
3360
3258
3176
3243
3249
3516
3608
3019
3177
3502
3138
3205
3682
3543
3381
3146
3223
3199
3202
2962
3025
3339
3177
3207
3094
3232
3373
3102
3183
3048
3739
3766
3475
2918
3024
4200
3313
2969
3103
3153
3618
3699
2924
3323
3391
3118
2915
2920
3004
3096
3248
3155
3217
3803
3664
3262
3202
3563
3299
3745
3590
3433
3438
3203
3219
3676
3099
3292
3239
3709
3208
3455
3188
3035
3284
3719
3188
2964
3018
3229
3727
3305
3453
3249
3205
3440
3267
3336
3153
2917
3370
3185
3420
3312
2866
3653
3024
3072
2746
3237
3454
3348
3264
3229
3725
3496
3237
3110
3098
2795
3048
3215
2978
3316
3289
3912
2762
4078
2901
3498
2987
3517
2827
3704
3234
2746
3105
3186
3333
3160
3517
2802
3332
3147
3801
3392
3094
3135
3078
3195
3384
3230
3145
3346
3113
3286
3670
3319
2890
2691
3076
3063
2847
3216
3110
3024
3552
3663
3554
2919
2727
3338
3177
3260
3129
3273
3482
2978
3260
3360
3286
3134
3495
3733
3205
3285
3297
3291
3493
3578
3385
2636
3297
3033
3125
3659
3456
3474
2886
3103
3406
3062
3416
3135
3224
3131
3483
3515
2983
3249
3204
3627
3181
2939
3467
2795
3563
3417
3477
2929
3401
3494
3093
3413
3423
3219
3010
2820
3251
3397
3135
2979
2832
3607
3084
3270
2583
3283
3320
3386
2921
3114
3197
3400
3511
3543
3415
2616
3017
3513
3225
3141
2928
3294
3121
3317
3403
3226
3394
3787
3727
2955
3095
3048
3066
3371
3349
3106
3281
3789
3241
3158
2951
3134
3143
2812
3322
3239
3217
3820
2946
3200
3499
3115
3429
3353
3169
3120
3446
3168
3117
2998
2671
3303
3236
3421
3432
3617
2839
3110
3850
3068
2986
3642
3222
3418
3574
3721
3039
2875
2672
3496
3482
3512
3184
2810
3150
3636
3225
3298
3018
3289
3573
2533
2680
3124
3396
3277
3044
3274
3473
3351
3343
3055
3486
3333
3613
2930
3018
2910
3504
3181
3370
3336
2988
3080
3011
3098
3306
3370
3083
3426
3799
3083
3124
3177
3752
3351
3074
3048
3557
3583
3051
3296
3513
3457
2958
3036
2975
3231
3402
3767
3074
3214
3478
3616
2940
2730
3481
2910
3448
3325
3381
3105
3102
3636
3231
3408
3460
3531
3130
3163
3589
3347
2901
2998
3148
2913
3042
2947
3395
3242
3261
3282
3603
2948
3519
2937
3220
3266
3220
4120
3263
3114
3109
3075
2959
3137
2675
3092
3537
3102
2882
3287
3336
3112
3645
2770
3307
3090
2882
3410
3384
2923
2906
3020
3647
3584
3445
3328
3428
3639
3304
3449
2982
3241
2853
3107
3244
3178
3405
2912
3501
3250
3542
3501
2788
3066
3307
3111
3486
2941
3679
3226
3122
3533
3619
3971
2977
2990
3280
2959
3315
3250
3668
3054
2977
3392
3738
3476
3170
3326
3119
3310
3247
3353
3403
3109
2891
3659
2903
2866
3047
3022
3319
3358
3330
3466
3989
3527
3729
3140
3801
2903
3583
3215
3583
3974
3592
3447
2883
3491
2677
3423
3555
3429
3181
3232
3222
3147
3752
3305
3137
3373
3252
3131
3886
3334
3097
3452
2897
3436
3641
2841
3137
3092
3149
3518
3333
3527
3357
3217
3583
3087
3365
3229
3384
2695
2758
3568
3064
3167
3189
2645
3249
3591
3396
3399
2886
3457
3034
3272
3680
3500
3371
3048
3807
3083
3241
3720
3412
3181
3491
3099
3264
2923
3341
3385
2985
3413
3032
3516
2910
3233
3605
3387
3053
3139
3868
3536
3265
2863
3966
3308
3402
2777
3196
2954
3711
2904
3026
3378
3057
3605
3363
3678
3634
2690
3199
3477
3073
3069
3002
2975
3242
3357
2916
2901
3094
3651
2957
3513
3194
2956
2889
3722
3158
3303
3308
2895
2906
3659
3263
2950
3348
3488
3182
2814
3292
3044
3414
3238
2867
3573
3726
3343
3388
3086
3280
3055
3618
3302
3299
3720
3190
3332
3400
2381
3390
3397
3822
3255
2854
3613
3567
3225
3338
3552
3161
3829
3923
3108
3404
3518
3627
3131
3416
3470
3232
3184
3714
3206
3383
2816
3395
3039
3313
3226
2702
2992
3482
2748
3636
3641
3212
3174
3167
3372
3717
3439
3168
3373
3241
3062
3245
3044
3677
3071
3623
3558
3464
3159
3123
3150
2970
3423
3578
3296
3309
3251
3564
2951
3463
3527
3680
3352
3455
3076
3214
2998
3045
3031
2860
3250
3073
2904
3302
2811
3488
3205
3714
3536
3284
3495
3355
3189
3287
3166
3364
3126
3422
3109
3046
2663
3375
3409
3250
2948
3778
3518
3340
3034
3623
3305
3028
2869
3408
3090
3573
3262
4069
2953
2904
3717
3279
3122
4035
3086
2955
3382
3542
2949
3016
3400
3506
3225
3315
3204
2793
3024
3540
3089
2898
3137
3314
2839
3839
3222
3208
3451
3290
3601
3437
3566
3432
3760
3078
3024
3108
3603
3489
3393
2913
3364
3454
3389
3335
3760
3378
3347
3620
3094
3289
3313
3524
3348
3146
3182
3213
3400
3222
3429
3383
3338
3056
3496
3048
3341
3381
3055
3347
3401
3449
3371
3107
3262
3282
3403
3306
3451
2833
3191
3314
3696
3474
3326
3046
3434
3264
3205
3125
4004
3235
3163
3075
3840
3121
2880
3982
3254
3597
2929
3146
3446
3392
3231
3095
2912
3202
3123
3320
3321
3603
3154
2991
3189
2904
3023
3610
3368
3378
3262
3236
2877
2572
2914
3092
3336
3661
3566
3831
4143
3542
3045
3229
3217
3179
3722
3483
3255
3300
3384
3315
3239
3499
3461
3612
3552
3734
3723
4000
3497
3299
3573
2865
3546
3261
3468
3422
2755
3165
2713
3589
2804
3551
3296
3462
3005
3287
3156
3475
3411
3517
2800
3501
3570
3359
2815
3391
3417
3865
3175
3263
3795
3594
2907
3903
3827
3035
4059
3040
3224
3223
3419
3168
3621
3380
3442
3378
2925
3212
2860
2877
3275
2918
3133
3285
3194
3314
3132
3595
3287
3160
3860
3608
3034
3072
3006
2551
3363
3722
3317
3520
2971
3626
3606
3581
3298
3065
3693
3185
3151
3547
2997
3096
3449
3768
2998
3367
3169
3510
3111
3019
3780
3046
3338
3044
3207
3245
3858
3637
3408
3473
3372
3521
3259
3043
3365
3175
3273
3301
2954
3371
3094
2973
3671
2815
3641
3658
2933
3412
2656
3176
3127
3362
3286
3323
2955
3330
3340
3271
3114
3844
3064
3552
3689
3126
2905
2873
2972
3014
3695
2717
3513
3474
3196
3550
3491
3234
3183
2783
3830
3181
3254
3264
3061
3181
3176
3338
3101
3263
2965
3281
3118
3368
3769
3342
3338
2984
3298
3527
4123
3260
3642
3287
3158
2926
3002
3129
3242
3439
3016
3271
3264
2578
3999
3183
3453
3200
3455
3363
3754
3602
3049
3352
2754
3379
3457
3863
3126
3565
3527
3187
3242
3088
3212
3275
3356
3502
3236
3237
3463
3015
3151
3736
3490
2947
3684
3311
3039
3494
3318
2773
3596
3447
3225
3555
3384
3037
3434
3455
3594
3244
3020
2750
3358
2880
3471
3430
3594
3506
3307
3118
3309
3148
3505
3414
3513
3478
2775
3031
3462
4011
3767
3176
3133
3251
3185
3181
3062
3318
3266
3432
3075
3524
3195
3253
3370
3378
3293
3079
2785
3112
3227
3447
2833
2871
3353
2867
3068
3433
3523
3074
3224
3397
3720
3851
3378
3362
3206
3658
3131
3326
3035
3198
2959
3281
3501
3429
3220
3448
3134
3637
3426
3376
3123
3138
3507
3091
3042
2975
3468
3433
2945
3281
3215
3588
3305
3134
3177
3622
3368
3429
3540
3680
3363
3332
3334
3177
3513
3392
3223
3480
3533
3416
3273
3710
2985
3174
3317
3308
3042
3989
3360
2925
3613
3377
3225
3267
3218
3108
3335
3923
3854
3268
2802
3617
3134
3264
3200
3629
3017
3263
3064
3105
3135
3499
3254
3014
3345
4051
3580
3324
3768
3185
3568
3441
3153
3091
2848
3294
3684
3443
3152
2797
3208
3354
3352
3663
3610
2926
3109
3486
3365
2797
3427
3323
3039
3424
3781
2800
3163
3301
3505
3487
3012
3311
3545
3598
3237
3021
3093
3244
3430
3032
3377
3226
3140
3467
3205
3927
3615
3015
3241
3819
3148
3083
3396
3203
3373
2700
3697
3141
3515
3394
3594
2970
3135
3596
3435
3090
2863
3394
3432
3472
3616
3395
2990
3140
3785
3224
2918
2896
3017
3584
3735
3545
3246
3323
3374
3142
3507
3780
3416
2940
3708
3034
3365
3750
2962
3264
3179
3318
3326
3025
3008
3903
3326
2931
3278
3551
3344
3301
3534
3263
3254
3282
2826
3317
3407
3644
3127
3154
3188
3327
3183
3111
3056
3053
3016
3555
3528
3693
3227
3345
3242
3988
3737
3075
3385
3452
2980
2984
3388
3660
4065
3481
3166
3523
2775
3422
3216
2915
3401
3483
2862
3120
3026
3417
3947
3329
3095
3183
3518
3229
3154
3335
3160
3957
3072
3951
3133
3294
3013
3698
3440
2859
3454
3061
3264
3792
3410
3156
2953
3498
3384
3102
3255
3038
2948
3413
3902
3299
3296
3514
3749
3488
2951
3191
3219
3883
3371
3551
3097
3447
3125
3227
3132
3069
3395
3633
3146
3109
2951
3326
3282
3151
3613
3306
3801
3744
3025
3324
3164
3283
3376
3175
3462
3038
3598
3495
3202
3463
3423
3467
3176
3311
3101
3454
3255
3195
3341
3290
3468
3058
3273
2902
3309
3638
3153
3370
3663
3668
3249
3221
3244
3382
3636
2989
3368
2817
3568
3197
3007
3225
3656
3415
3211
2899
3464
3110
3139
3086
3529
3167
2948
3829
3565
3546
3093
3249
3565
3716
3497
3429
3344
3424
3161
3389
2953
3098
3374
3274
3231
3337
3154
3286
3315
3707
3306
2785
3548
3399
3180
3032
3552
2802
3554
3726
3113
3365
3102
3096
3317
3146
3322
3345
3681
3531
3405
3266
3385
2712
3509
3760
2929
3392
3712
3392
3171
3423
3873
3378
2512
3221
4405
3551
2816
3120
3309
3408
3781
3294
3731
3089
3202
3567
3223
3213
3161
2971
4176
3012
2924
3190
2989
3415
3250
2745
3222
3117
3345
3748
3074
3461
3645
3092
3316
3329
3151
3160
3614
2894
3357
3538
3642
3215
3529
3721
2990
3525
2918
3351
3467
3180
3205
4076
3193
3271
3444
3424
3291
3582
3590
3148
3148
3520
3075
3250
3060
3636
3844
3069
3586
3470
3051
2878
3558
3843
3433
3259
2835
3233
3119
3172
2867
3379
3001
3310
3242
3623
3702
3012
3529
3797
3635
3125
3205
3062
3330
3202
3536
3312
2900
3296
2771
3315
3350
3785
3668
3440
3454
3129
3416
3636
3370
4589
3491
3725
3601
2906
3337
3801
3217
3184
3921
3042
2781
3254
3042
3038
3407
2854
3461
3240
3587
3542
3547
3156
3758
3657
3037
3170
3890
3582
2842
3553
3844
3621
4238
3035
3378
4379
3761
3537
3366
3029
3027
2884
3306
3552
3252
3872
3199
3510
3215
3336
2966
3500
3557
3010
2975
3665
3486
3823
3039
3676
3054
3601
3272
3271
3804
3117
3307
3768
3347
3136
3104
3386
3193
3710
3497
3070
3123
3452
2842
3529
3177
3447
3930
3212
3568
3914
3509
3613
3452
2900
3427
3664
3286
3575
3191
3432
3136
3520
3539
3348
3280
3304
3688
3514
3132
3144
3304
3540
3296
3404
3181
3133
3532
3253
3498
3711
3637
3286
3236
3141
3187
3560
4306
3242
2857
2827
3185
2822
3511
3260
3783
3246
3330
3578
3570
3172
3563
3364
2991
3644
3462
3766
2704
3499
3562
3403
2857
3204
3384
3197
3171
4032
3178
3080
3175
3965
2999
3708
2975
3266
2926
3301
3844
2984
3346
3279
2922
3434
3794
3705
3284
3039
3413
2611
2941
3058
2953
3460
3515
3245
3599
3400
3021
3509
3446
3555
3159
3072
3245
3018
3579
3264
3998
2899
3497
3819
3633
2891
2750
3039
3563
3145
2959
3474
4114
3165
3315
3194
3635
3087
2973
3386
3206
3102
3632
3760
3681
3373
3294
3751
3387
3780
3189
2971
3048
3118
3115
3048
3903
3381
3209
3002
3247
3611
3429
3383
3261
3105
3320
3098
3332
3919
3320
3002
3431
3699
2950
2758
3012
3840
3406
3248
3466
3073
3464
3527
3655
3407
3740
3031
3052
3540
3535
3202
3569
3485
3399
3189
3323
2954
3400
3328
3018
3005
3606
3729
2755
3298
3690
3495
3371
3009
3664
2795
3123
3400
3273
3474
3216
3201
3405
3338
3090
3501
2910
3210
3184
3132
3058
3267
3402
3286
3801
2929
3715
3496
3219
3542
2894
3082
3260
4046
3405
3463
3708
3160
3559
3472
3304
2957
3185
3665
3152
2889
2822
3013
3333
3858
3712
3670
3418
3817
3488
3721
2787
2810
3251
3912
3399
3976
3106
3594
3099
3334
3438
3916
3566
3461
3788
4025
2987
3179
3471
3309
3356
3448
2839
3039
3739
3064
3460
3194
3480
3623
3322
3329
4260
3182
3307
3440
3453
3503
3020
3038
3168
4015
3782
3230
3740
2892
3370
3385
3447
3289
2866
3566
3151
3580
3551
3137
3138
3902
3905
3834
3022
3380
3704
3674
3105
3507
3058
3228
3023
3738
3282
3699
3673
3548
2959
3210
2987
3333
3401
3444
3857
3260
3621
3352
3385
3320
3537
3135
3524
3628
3271
3768
2994
3190
3160
3356
3465
2966
3326
3794
3425
2923
3637
3669
3443
3405
3506
3522
3096
3274
3380
3790
2935
3098
3672
3354
3211
2836
3314
3736
3322
3959
3222
3356
3745
3112
3243
4179
3470
3427
3169
3083
3539
3505
3482
3512
3621
3812
3823
3522
3353
3763
3926
3202
3123
3335
2813
3188
3932
3018
3314
3271
3308
3306
3315
3236
3213
3435
2971
3425
3379
3528
3447
3576
3384
3130
3278
3128
3535
3359
3565
3505
2791
3257
3283
3596
3474
3495
2768
3419
3886
3325
3387
2991
3918
3712
3421
3446
2927
3067
3309
3060
2925
3432
3334
3789
3013
3664
3347
3185
3499
3206
3427
3432
3423
3398
2959
3217
3158
3653
3359
3707
3365
3138
3583
3209
3376
3188
3328
3036
3466
3239
3092
3255
3754
3587
3199
3549
3398
3272
2748
2985
2806
3395
3426
3052
2876
2809
3232
3592
3608
3964
2868
3593
3699
3548
3029
3457
3251
3702
4025
3349
3769
4106
3256
3186
3677
3034
3116
3419
3220
3323
3967
3239
3551
3583
3833
3393
3275
3719
3286
3216
3655
3452
3300
3621
3265
3409
3539
3182
3103
3575
3518
3083
3074
3191
3622
3665
3352
3432
3665
3625
3121
3692
3479
3204
3509
3241
3604
3427
3211
3690
3522
3504
3024
3272
3451
2998
3402
2740
2971
3123
3563
3483
3567
3391
3300
3057
3871
3453
3678
3031
3174
3038
3461
3262
2878
3272
2791
3007
3291
3493
3002
3418
3088
3196
3513
3153
3454
3693
3419
4446
2945
3809
3522
3578
2994
3233
3394
3019
3342
3230
3425
3511
3268
3916
3267
3757
3069
3475
2934
3316
2791
3569
3593
3584
3874
3443
3244
3327
3115
3479
3076
3614
3597
3576
3370
3323
3572
3101
3444
3696
3329
3358
3322
3587
3575
3378
3378
3091
3540
3220
3243
3120
2991
3566
3841
3606
3497
3280
3128
3933
3380
3383
3590
2935
3338
3541
3130
3219
3634
3380
3227
3760
3326
3706
3049
3333
3973
2780
3546
3257
2798
3133
3271
3089
3284
2856
3460
3925
3149
3431
3453
3903
3560
2980
3513
3589
3279
3338
3379
3428
3394
3872
2864
3264
3281
3019
3289
2456
3845
2932
3520
3208
3712
3672
3113
3122
3492
3481
3663
3284
3569
3518
3832
3428
3879
3132
3192
3562
2854
3866
3847
4028
3343
3400
3205
3578
3291
3129
3533
2644
3254
3535
3408
3079
3549
3406
3308
3165
3526
3139
3559
3175
3324
3238
2827
3225
3630
3259
3627
4113
3328
3882
3151
3300
2816
3415
3735
3272
3567
3166
3219
3405
3623
3376
2792
3635
4130
3239
2989
3402
3493
2920
3611
3437
3029
3631
3080
2936
3457
4195
3532
3115
3444
3403
3162
3644
3557
3419
3271
3414
3625
3324
3530
3157
3666
3188
2990
3018
4140
3012
3011
3036
3792
3344
3403
3324
2890
3506
3481
3534
3457
3417
2953
3507
3805
3005
3513
3247
3531
3796
3020
3529
3290
3267
3455
2978
3387
3105
3216
3923
3273
3203
3765
3443
3058
3047
3778
3089
3632
3299
3092
3254
3163
2905
3382
3088
3593
3479
3304
3077
3724
3153
3332
3353
3404
3574
3722
3218
3299
3272
3184
3600
3180
3758
3647
3028
3665
3454
3358
3119
3485
3069
3653
3799
3725
3368
3727
3663
3637
3289
3569
3029
3339
3272
3625
3661
3689
3516
3124
3424
3572
3524
3173
3541
3656
3814
3636
3114
3221
3095
3620
3567
3377
3549
3084
3228
3100
2993
2977
3826
4001
2941
3945
3351
3201
2975
3732
3125
3838
3161
3127
3562
3481
3406
3491
3650
3326
3512
3644
3136
2863
3269
3176
3207
3905
3388
3686
3457
3580
3227
3694
3114
3124
3482
3391
3536
3404
4013
3023
3601
3209
3436
3028
3151
3841
2976
2867
3297
2972
3639
3528
3421
3451
3539
3442
3816
3301
3131
3540
2986
3079
3572
3263
3697
3671
3309
3484
3365
2802
3146
3243
2766
3614
3426
3156
3172
3137
3471
3254
2855
3149
3406
3527
4010
3550
3598
3068
3298
3040
3734
3762
3443
3623
3603
3398
3105
2885
3511
2982
3678
3461
2892
2997
3426
3691
2972
3401
3365
3755
3770
2731
3429
3456
2961
3578
3549
3009
3360
3694
3820
3375
3047
3090
2815
2918
4170
3552
3421
3287
3716
3740
3290
2785
3578
2903
3562
3589
3281
3781
3587
3211
3376
2911
3489
3526
3085
3442
3621
3489
3180
3543
3384
3241
3547
3413
3294
3333
3281
3624
3356
3365
3556
3069
3454
3178
3575
3459
3692
3415
3396
3345
3331
2976
3149
3349
3439
2932
3202
3533
3525
3544
3972
3401
3326
3413
3342
3342
2967
3289
3129
3399
3543
2919
3488
4163
3379
3364
3963
3498
3761
3159
2676
3959
3895
3381
3232
3109
3096
3644
3108
3424
3803
2897
3567
3382
3295
3528
3388
3290
4136
3694
2930
3812
2904
3486
3407
2858
3575
3562
3431
3479
3756
3581
3260
2985
3349
3150
3293
3033
3626
3081
3268
3951
3550
3712
3548
3123
3203
3268
4134
3390
3041
3684
3498
3687
3462
3855
3532
3219
3494
3557
3821
3943
3395
3363
3425
3102
3312
3639
3976
3458
3099
3718
2983
3298
3417
3625
3193
3066
2759
3060
3470
3529
3404
3594
3496
3492
3548
3675
3157
3401
3350
3319
3132
3158
3593
3623
3714
3675
3353
3106
3570
3970
3756
3917
3190
3241
3087
3776
3360
3531
3280
3260
3475
3837
3407
3503
3098
3331
3499
4079
3462
3178
3321
3979
3003
3487
3495
3697
3364
3875
3464
3732
3752
3496
3540
3398
3352
3614
3322
3577
3426
2986
3214
3197
3778
3329
3316
3550
3914
3201
2930
3394
3119
3159
3333
3440
3818
2911
3152
3734
3287
3143
3940
4009
3312
3254
4038
3694
2978
3438
3741
3580
3505
3547
3226
3602
3428
3021
3344
3257
3528
3512
3642
3631
3752
3437
3468
3482
3341
3128
3730
3742
3560
3287
3452
2977
2791
3044
3708
3945
3898
3151
2932
3056
3544
3691
3350
4850
3920
3369
3618
3522
2724
2988
3681
3362
3436
3157
3085
3532
3871
3519
3480
3350
3009
3533
3028
2923
3380
3244
3554
3594
3135
3514
3234
3323
3229
3411
3806
3583
3207
3160
3720
3017
3220
3455
3607
3363
3763
3377
2983
3205
3555
3620
3137
3415
3793
3226
3810
3455
3704
3335
3534
3685
3371
3592
3233
3246
3335
3988
3324
3803
3486
3348
3303
3337
3692
3477
3102
3621
3554
3158
3709
3109
3417
2964
3065
3503
3554
3396
3402
3347
3666
3163
3696
3535
3267
3100
3700
3461
3164
3343
3303
4289
3377
3511
3579
3328
3626
3202
3239
3557
3434
3303
2981
2908
3638
3470
3217
3343
3945
3173
3549
3377
3266
3225
3894
3655
3268
3604
3432
3492
2993
3568
3767
3339
3204
3379
3323
3695
3751
4017
3635
2980
3353
3264
2935
3523
2868
3636
3373
3543
3846
2942
3789
3338
3449
3689
3741
3291
3394
3573
3201
3733
3851
3601
3158
3601
3228
3237
3441
3718
3442
3391
3374
3179
2784
3733
3513
3712
3448
3326
3380
3249
3907
3076
2970
3132
3778
3341
3031
3550
3151
2862
3248
3883
3121
3805
3353
3324
3376
3510
3551
3312
3514
3732
2885
3907
3453
3129
3797
3196
2961
3428
3241
3208
3829
3111
3187
3854
3146
3771
3666
3289
3517
3549
3628
3450
2862
3363
3430
3570
3288
3222
3446
3465
3412
3753
3259
3310
3242
3091
2696
3847
3072
3755
2919
3948
3549
3471
3789
3902
3011
4050
3399
3550
3520
3928
3370
3119
3877
3517
3980
3109
3856
3828
3136
3122
4021
3193
3381
3111
3626
3256
3840
3565
3792
2928
3396
3654
3312
3576
3308
3421
3504
3350
3315
3447
3588
3502
3619
3247
3264
3829
3241
3831
3882
3666
3490
3287
3620
3181
3390
3675
3977
3596
3737
3787
3802
2803
3367
3103
3278
3993
3591
3526
3483
3395
3256
3961
3538
3576
3363
3035
3431
3429
4056
3089
3569
3430
3312
3775
3552
3440
4218
3553
3428
3249
3775
3270
3169
3890
3288
3229
3563
3245
3397
3860
3728
3452
3290
3375
3478
3513
3351
3791
3073
2999
3214
4053
3216
3667
3434
3147
3626
3569
3128
2953
3735
3149
3482
3680
3219
3648
3261
3210
2993
3397
3516
3782
2897
3391
2946
3809
3638
2907
3582
3067
3762
3349
3281
3590
3106
3635
3812
3426
3402
3312
3124
3213
3232
3383
3536
3665
3185
3601
3792
3669
3229
3290
3300
3403
3336
3332
3302
3691
3376
3295
3008
3799
3243
3831
3308
3242
3177
3552
3868
3169
3470
3372
3225
3262
3595
3213
3095
3745
3270
3308
3810
4290
4072
3281
3230
3094
3944
3702
4027
3395
3531
3469
3249
3035
3073
3657
3458
3226
3400
3674
3207
3647
4224
3178
3579
3356
3453
3314
3736
3201
2921
3822
3313
3271
3102
3476
3182
3462
3471
3714
3955
3225
3273
3465
3596
3177
3476
3643
3427
4040
3166
3690
3227
3365
3326
4181
3313
3214
3376
4162
3286
3432
3446
3759
3368
3919
3505
3278
3132
3422
3441
3025
3359
3684
3547
3480
3478
3361
3522
3538
3184
3104
3330
3481
3488
3180
3505
3378
3333
3196
3272
3379
3247
3454
3659
3967
3476
3553
3204
3564
3417
3686
3158
3551
3407
3410
3045
3983
3267
3221
3604
3178
3587
3438
3245
3865
3414
3516
4107
3230
2706
3734
3215
3515
2686
3474
3523
3231
3706
3580
3547
3169
2936
3522
3868
3451
3204
3237
3313
3439
3648
3532
3394
3479
3848
3020
3634
3414
3436
3033
3355
3218
3283
3035
3174
2946
3607
3361
3243
3141
3617
4053
3162
2985
3624
3083
2827
3162
3123
3256
3676
3407
3184
3449
3368
2883
3603
3577
3505
3410
3736
3292
2945
3595
3392
3229
3828
3498
3260
3551
3410
3440
3444
3177
3615
3304
4514
3548
3106
3746
3200
3336
3600
3395
3037
3124
3102
3644
3475
3684
3482
3577
3491
3656
3347
3385
2857
3665
3900
3453
3711
3449
3453
2787
3766
4001
4011
3221
3700
3695
3341
3090
3766
3063
3462
3128
3018
3413
3219
3441
3220
4088
3818
3665
3448
3813
3188
3399
3459
3624
3890
3709
3356
3935
3528
3558
3550
3578
3643
3582
3607
3280
3488
2984
3652
2871
3526
3606
3318
3569
3202
3714
3800
3589
3615
4108
3256
3699
3386
3048
2920
2962
3067
3387
2958
3389
3241
3145
3144
3959
3313
3281
3330
3213
3037
3835
3254
3088
3353
3738
3666
3358
3546
3356
3324
3422
3591
3494
3314
3244
3071
3649
3316
3148
3335
2891
3361
3791
3181
3110
2990
3322
2807
2952
3174
3297
3279
3567
3671
4063
3588
3798
3396
3085
3627
3655
3652
3275
3844
3434
3272
3413
3388
3274
3508
3151
3707
3021
3324
3480
3725
3643
3173
3587
3435
3683
3843
3874
2779
3050
3178
3204
3350
3545
3547
3187
2864
3870
3021
3623
3084
3260
3496
3247
3294
3685
3336
3619
3131
3897
3555
3322
3186
3599
3175
3781
3500
3936
4100
3035
3842
2744
3468
3468
3462
3464
3009
3197
3859
3111
3127
4091
3284
3417
3610
3585
3653
3899
3596
3282
3536
3264
3187
3347
3576
2927
3253
3333
3551
3447
3492
4047
3104
3786
3531
3266
3284
3450
3542
3595
3557
3250
3331
4036
3708
3318
3868
3659
3627
3442
3592
3542
3460
3427
4222
3229
3616
3473
3499
3868
3220
3888
3706
2955
3503
3146
3678
3490
3313
3464
2932
3504
3318
3454
3582
3559
2769
3056
3479
3382
2798
2893
3581
3091
3612
3447
3396
3654
3782
3802
3031
3516
3950
3341
5066
3257
3477
3286
3150
3220
4014
3703
3371
3439
3655
3279
4249
3639
3462
3100
3175
3425
3478
3819
3113
3638
3491
2949
3534
3430
3634
3572
3441
3321
3299
3246
3137
3298
3547
3583
3380
3137
3047
3732
3855
3338
3547
3154
3589
3717
3404
3830
3315
3631
3337
3314
3136
3341
3361
3575
3502
2972
3612
3361
3232
3607
3856
3395
3392
3333
3643
3546
3837
3203
3119
3449
3274
2983
3541
3311
3485
4022
3278
3509
3066
3704
3322
3402
3543
3279
2870
2954
3562
3339
3767
3405
3176
3423
3478
3713
3401
3364
3396
3628
3103
3623
3113
3330
3583
3633
4059
3588
3436
3471
3792
3547
3313
3416
2973
4088
3199
3273
3691
3649
3276
2680
3399
3815
3650
3389
3780
3363
3782
3293
3346
2760
3574
3497
3270
3483
3357
3017
3622
4436
3008
3648
3492
3414
3452
3174
4240
3048
3521
3562
3424
3366
3277
3371
3660
3021
3309
3538
3031
3402
3932
3253
3011
3746
4053
3426
3828
3384
3045
3477
3348
4255
3192
3458
3633
3157
3042
3246
3023
3557
3297
3607
3473
2933
3452
3705
3445
3174
3512
3572
3126
3251
2727
3423
3268
3679
3967
3455
3288
3797
3802
3029
3572
3504
4506
3325
3362
3570
3354
3783
3619
3924
3206
3398
3597
3206
3498
3549
3827
3472
3667
3485
3485
3495
2970
3723
3784
3650
3345
3557
3232
3599
3355
3462
3502
3397
3972
3437
3402
3358
3432
3212
3706
3108
3848
3457
3691
3692
3316
3130
3271
3658
3562
3140
3616
3357
3480
3503
3330
3700
3328
3376
3404
3174
3097
3466
3638
3110
3476
3360
3531
3588
3082
3595
3987
3462
3276
2852
3526
3876
3511
3967
3567
3513
3489
3184
3289
3714
3065
4001
3759
3310
3216
3102
3259
3753
3358
3615
3258
3169
3356
3305
3597
3621
2931
3430
3215
3693
3519
3327
3350
3566
2981
3306
3154
2953
3168
3194
3805
3843
3591
3449
3808
4181
3675
3697
2987
3240
3528
3541
3106
3612
3374
3933
3334
3159
3352
3587
3552
3216
3091
3183
3053
3268
2883
2878
3798
3196
3553
3251
3305
3486
3493
3841
3422
3808
3041
3590
3348
3086
3714
3149
3523
3279
3658
3061
3652
2940
3475
3375
3662
3912
3593
3535
3356
3464
3319
3295
3208
3702
3866
3486
3615
3266
3402
3174
3070
2745
3822
2755
3303
3779
3339
3469
3218
3086
3347
3453
3537
3689
3725
3375
3243
3319
3178
3073
3248
3133
3096
3197
3562
3423
3132
3827
3594
3242
4115
3451
3186
3720
3106
3409
3536
3471
3652
3215
4113
3489
3181
3472
3698
3769
3929
3483
3489
3237
3680
3635
3380
3413
3639
3393
3529
3395
3343
2930
3410
3572
3336
3124
3265
3036
3460
3878
3519
3943
3073
3706
2991
3349
3470
3237
3175
3499
3472
3301
3906
4034
3749
2936
3485
2990
3281
3947
3066
3776
3437
3876
3765
3541
3254
3609
3561
3660
3814
3407
3692
3459
3319
3279
2945
3185
3279
3471
3156
4121
3222
3289
3616
3437
3462
3569
3311
3327
3567
3425
3629
3402
4001
3426
3774
3440
3380
3771
3146
3640
3261
3153
3220
3579
3421
2939
3753
3561
3322
3883
3596
3749
3237
3584
3566
3146
3709
3430
3920
3614
3215
3390
3124
3438
3537
3493
3307
3805
3283
3643
3469
3148
3455
3596
4120
3576
3514
3648
3176
3319
3918
3050
3741
3201
3352
3634
3116
2987
3860
3514
3060
2918
3121
3466
3540
3516
3238
3218
3433
4262
3324
3403
3180
3197
3015
3017
3196
3379
4021
3759
3883
3268
3692
3287
3159
2991
3739
3463
3769
3446
3590
3423
3399
4038
3567
3314
3409
3690
3434
3755
3471
3141
3539
3348
3489
3746
3505
3629
3591
3225
3210
3198
3153
3055
3197
4114
3292
3825
3025
3430
3259
3354
3786
3038
3136
4133
3453
3285
3332
3004
3260
3490
3340
3406
3579
3678
3703
3509
3548
3060
3194
3539
3306
4128
3751
3611
3265
3403
3309
2931
3168
3482
3842
3660
4134
3843
3527
3563
3291
3277
3313
3408
3314
3410
3353
3736
3446
3139
3425
4312
3470
3576
3754
3400
3936
4185
3471
4000
4066
3626
3467
3185
3366
3692
3711
3610
3306
3601
3189
3289
3202
3790
3773
3525
3106
3557
3475
3349
3540
3155
3891
3202
3259
2965
3560
3247
3823
3107
3190
3063
3392
3206
3581
4044
3185
3641
3982
3136
3160
3430
3938
3815
3541
3173
3550
3702
3457
3512
3932
3586
3601
3415
3737
3265
3496
3644
3460
3395
3208
3834
3138
3817
3433
3662
3533
3397
3326
4061
3149
3962
3284
3396
3337
3520
3536
3712
3310
3636
3389
3597
3444
3199
3717
3430
3348
3311
3067
3191
2962
3748
3255
3548
3781
3428
3515
3668
3690
4040
3460
3673
3198
2812
3162
3928
3385
3496
3440
3286
3412
3668
3567
3236
3445
3722
3191
3193
3480
3598
3310
3375
3478
4058
3537
3447
3399
4121
3294
3806
3634
3719
3829
3452
3037
3482
3645
3319
3356
3967
3301
3545
3488
3623
3542
3287
3436
3402
3612
3014
3290
3134
3096
3535
3827
3368
3893
3747
3067
3633
3738
3482
3503
3249
3759
3385
3481
3270
3282
3396
3342
3493
3335
3417
3620
3756
3862
3517
3489
3668
3908
3409
3668
2804
2930
3129
3853
3519
3325
3629
3967
3490
3275
3924
3221
3242
3653
3285
3173
3566
3580
3599
3155
3392
3441
3568
2937
3881
3330
3292
3151
3018
2894
3174
3322
3470
3889
3528
3645
3445
3849
3626
3270
3379
3437
4036
3387
3506
3820
3937
4005
3521
3585
2979
3247
3082
3404
3511
3433
3319
3415
3196
3419
3597
3388
2819
3066
3716
2903
3237
3091
3535
3549
3034
3162
3017
2537
2713
2599
2981
2427
2113
1735
2043
2071
1725
1863
1942
1989
1912
1576
1564
1924
1671
1842
1802
1759
1611
1823
2129
1610
1950
1927
1555
1838
1741
1774
1643
1639
1860
1698
1705
1591
1551
1698
1727
1529
1779
1650
1512
1752
1716
1646
1857
1813
1587
1778
1757
1504
1769
1754
1917
1762
1778
1962
1695
1605
1917
1748
1654
1872
1818
1724
1893
1867
1646
1992
1708
1686
1806
1818
1829
1634
1705
1841
1713
1817
2013
1651
1598
1816
1612
1989
1959
1784
1832
1787
1873
1641
1869
1876
1785
1834
1667
1734
1915
1693
1784
1598
1743
1901
1765
1794
1815
1624
1800
1630
1756
1647
2131
1816
1706
1668
1909
1653
1805
1626
1546
1635
1671
1943
1825
1679
1928
1754
1906
1678
1809
1752
1638
1593
1767
1797
1571
1837
1780
1787
2029
1914
1867
1761
2189
1779
1853
1920
2093
1739
1672
1377
1779
1735
1676
1630
1571
1754
1771
1476
1827
1656
1559
1703
1623
1918
1733
1684
1887
1547
1533
1908
1720
1722
2050
1637
1651
1656
1491
1780
1672
1801
1709
1789
1710
1762
1963
1602
1608
1652
1587
1788
1768
1892
1953
1650
1597
1650
1866
1560
1715
1879
1829
1719
1772
1628
1730
1682
1801
1806
1729
1895
1734
1572
1791
1904
1586
1804
1601
1658
1563
1822
1735
1658
1677
1840
1755
1630
1790
1900
1640
1999
1781
1797
1837
1934
1861
1743
1855
1898
1826
1595
1783
1680
1647
1947
1953
1589
1662
1781
1681
1720
1688
1692
1591
1820
1584
1655
1671
1639
1886
1831
1573
1798
1764
1636
1587
1852
1824
1963
1691
1830
1629
1569
1698
1684
1518
1790
1757
1805
2023
1758
2054
1657
1887
1939
1602
1878
1917
1733
1804
1794
1600
2018
1744
1803
1749
1765
1806
1968
1644
1665
1690
1687
1705
1751
1708
1929
1849
1626
1877
1943
1733
1775
1663
1677
1723
1702
1751
1828
1843
1575
1655
1687
1730
1730
1699
1746
2105
1819
1661
1853
1615
1608
1734
1512
2052
1860
1926
1880
1803
1571
1863
1512
1893
1658
1940
1753
1843
1749
1808
1896
1999
1916
1711
1912
1570
1783
1782
1712
1837
1790
1877
1712
1729
1826
1680
1777
1620
1610
1770
1699
1786
1877
1688
2179
1672
1699
1524
1994
1867
1840
1745
1908
1780
1715
1711
1988
1685
1986
1722
1571
1695
1589
1786
2000
1816
1802
1624
1500
1772
1917
1848
1667
1751
1838
1739
1661
1741
1781
1723
1572
1806
1697
1761
1675
1627
1688
1805
1721
1814
2040
1833
1701
1748
1724
1778
1777
1656
1857
1913
1791
1907
1778
1688
1674
1764
1697
1822
1964
1858
2008
1949
1805
1591
1827
1835
1740
1909
1818
1655
1785
1704
1746
1787
1621
1700
1936
1664
1768
1983
1727
1753
1795
1595
2010
1691
1777
1875
1864
1926
1827
1935
1901
1733
2015
1571
1646
1866
1873
1864
1569
1515
1937
1840
1977
1784
1895
2475
1755
2157
1785
1980
1802
1807
1701
1619
1755
1861
2025
1986
1757
1726
1693
1842
1637
1762
1780
1697
1794
1814
1656
1847
1792
1656
1728
1832
1725
1822
1769
1957
2033
2131
1778
1706
1779
1703
1674
1885
1697
1651
1603
1712
1599
1734
1786
1699
1729
1730
1786
1609
1642
1760
1869
1952
1669
1845
1747
1750
1639
1752
1741
2050
1959
1727
1764
1727
1847
1918
1741
1729
1664
1823
1706
1744
1848
1663
1697
1745
1943
1904
1882
1755
1858
1733
1692
1713
1740
1843
1890
1616
1982
1576
1785
2036
1935
1638
1927
1978
1583
1962
1610
1782
1694
1807
1831
1599
1674
1813
1980
1844
1726
1809
1741
1655
1834
1756
1695
1819
1720
1803
1871
1990
1876
1418
1803
1647
1882
1949
1843
1837
1636
1952
1802
1590
1858
2026
1622
1668
1843
1834
1972
1729
1846
1649
1956
1921
1873
1976
1903
1701
1679
1584
1565
1705
1473
1551
1576
1751
1763
1802
1827
1822
1655
1802
1757
1628
1661
1811
1699
1860
1705
1661
1797
1827
1855
2092
1623
1841
1691
1845
1982
1705
1967
1794
1894
1608
1855
1804
1816
2030
1841
1873
1756
1789
2084
1830
1830
1724
1946
1769
1697
1822
1704
1909
1969
1657
1831
1734
1783
1834
1680
1765
1782
1775
1796
1721
1824
1773
1801
1546
1608
1615
1787
1899
1669
1606
1769
1918
1762
1936
1833
1998
1826
2049
1727
1571
1807
1603
1851
1695
1817
1643
1942
1773
1705
1737
1850
1688
1847
1822
1830
1786
1951
2285
1663
1827
1876
1994
1894
1826
1862
1819
1859
1708
1659
1860
1648
1581
1770
1562
1883
1801
1630
1583
1692
1701
1786
1749
1948
2086
1733
1679
1819
1798
1814
1748
1735
1723
1856
1687
1753
2021
1566
1671
1877
1743
1734
1836
1829
1775
1720
1797
1669
1655
1686
1791
1655
1634
1601
1882
1680
1907
2087
1813
1823
1688
1705
1645
1666
1700
1860
1856
1797
1719
1662
1563
1702
1974
1831
1741
2096
1620
1803
1795
1837
1862
1603
1736
1720
1963
1826
1818
1756
1822
1734
1558
1820
1970
1674
1492
1744
1679
1812
1685
1798
1829
1496
1813
1634
1626
1653
1881
1698
1489
1741
1662
1779
1471
1525
1666
1684
2053
1609
1776
1744
1704
1720
1956
1844
1885
1665
1669
1723
1724
1863
1527
1695
1726
1685
1897
1923
1958
1855
1815
1785
1871
1684
1852
1759
1877
1635
1682
1649
1781
1797
1711
1704
1476
1500
1879
1963
1897
1780
1701
1620
2011
1851
1702
1576
1689
1726
1620
1639
1686
1806
1665
1910
1923
1634
1678
1679
1794
1729
1736
1646
1866
1916
1608
1816
1625
1994
1697
1594
1643
1607
1645
1538
1662
1703
1473
1662
1603
1513
1681
1456
1658
1661
1705
1738
1726
1662
1923
1878
1621
1696
1764
1734
1964
1677
1705
1648
1839
1510
1734
1712
1632
1625
1789
1726
1732
1928
1819
1618
1691
1690
1982
1616
1677
1983
1866
1888
1871
1792
1830
1930
1732
1719
1849
1537
1634
1550
1652
1592
1679
1770
1650
1721
1759
1619
1567
1601
1749
1885
1689
1606
1609
1738
1691
1737
1760
1612
1947
1629
1613
1649
1757
1634
1848
1749
1807
1766
1956
1500
1560
1786
1803
1585
1784
1949
1781
1741
1811
1809
1804
1709
1620
1861
1849
1834
1963
1778
1651
1732
1584
1793
1988
1674
1948
1868
1851
1917
1776
2002
1775
1880
1794
2604
1906
1826
1849
1745
1606
2044
1759
2070
1755
1595
1679
1748
1912
1883
1795
1635
1691
1940
1633
1781
1627
1715
1843
1692
1641
1808
1802
1666
1862
1498
1564
1736
1807
2095
1839
1667
1801
1838
1730
1876
1788
1811
1738
1665
1844
1575
1895
1851
1997
1847
1885
1926
1833
1810
1834
1543
1871
1570
1863
1726
1690
1715
1818
1759
1619
1798
1811
1780
1707
1724
1797
1686
1956
1602
1657
1854
1903
1622
1815
1747
1791
1782
1778
1769
1815
1803
1630
1562
1658
1671
1742
1878
1866
1858
1917
1882
1860
1764
1915
1675
1672
1776
1777
1718
1653
1876
1655
1492
1756
1543
1770
1641
1607
1806
1726
1768
1671
1672
1722
1775
1505
1824
1796
1702
1744
1716
1831
1648
1609
1993
1770
1651
1590
1674
1766
1730
1518
1786
1695
1733
1690
1665
1801
1482
1646
1664
1635
1648
1957
1867
1508
1856
1779
1796
1776
1802
1841
1570
1833
1844
1733
1908
1784
1705
1824
1814
1833
1975
1633
1688
1785
1778
1670
1794
1613
1733
1618
1549
1643
1711
1645
1604
1652
1647
1522
1544
1621
1643
1693
1592
1885
1733
1614
1745
1744
1653
1687
1762
1713
1923
1598
1724
1676
1689
1593
1640
1762
1725
1762
1862
1992
1788
1847
1594
1765
1804
1908
1948
1689
1668
1898
1757
1955
1702
1712
1585
1723
1728
1706
1846
1912
1828
2143
1882
2094
1718
1685
1876
1819
1855
1594
1701
1854
1858
1790
1603
1690
1753
1894
1785
1996
1709
1678
1584
1722
1821
1646
1674
1665
1786
1799
1831
1774
1698
1624
1922
1522
1766
1897
1796
1956
1784
1789
1740
1758
1846
2208
1684
1847
1784
1622
1846
1893
1668
1916
1664
1796
1745
2016
1813
1611
1872
1781
1928
1700
1703
2001
1678
1610
1742
1793
1705
1880
1933
2033
1839
1617
1775
1877
1853
1824
1729
1935
1902
1725
1727
1795
1644
1842
1630
1984
1823
1827
1861
1861
1758
1669
1869
1768
1860
1702
2075
1882
1696
1677
1824
2281
2001
2027
1749
1761
1722
1907
1821
1714
1866
1977
1681
1752
1737
1749
1836
1795
2004
1799
1755
1738
1771
1778
1952
1883
2015
1629
1926
1823
1528
1860
1829
1606
1710
1923
1939
1796
1902
1859
1618
2039
2011
1857
1814
1821
1791
1700
1742
1871
1797
1660
1752
1601
1850
1876
1777
1762
1746
1824
1839
1707
1784
1782
1810
1614
2005
1737
1950
1995
1922
1573
1590
1990
1495
1900
1790
2030
1774
1879
1998
1746
1820
1699
1954
1765
1594
1648
2079
1752
1749
1557
1935
1737
1677
1993
1646
1956
1741
1870
1794
1537
1736
1722
1861
1768
1789
1617
1738
1610
1720
1456
1721
1893
1912
1710
1686
1523
1687
1620
1835
1868
1684
1757
1656
1809
1660
1666
1651
1915
1539
1926
1882
1606
1812
1674
1871
1818
1816
1660
1757
1859
1704
1993
1770
1776
1833
1627
1799
1731
1674
1676
1883
1701
1854
1876
1845
1785
1786
1994
1994
1763
1866
1849
2044
2005
1641
2011
1734
1847
1721
1688
1793
1829
1978
1657
1784
1810
1846
1678
1632
1748
1694
1729
1879
1801
1811
1833
1950
1800
1925
1755
1835
1796
1631
1830
1782
1938
1899
1712
1770
2329
1727
1751
1823
1749
1927
1859
1835
1714
1489
1824
1790
1735
1954
1893
1800
1837
1923
1895
1723
1922
1865
1645
1467
1552
1858
1774
1811
2035
1953
1833
1969
1697
1618
2001
1688
1898
1817
1720
1764
1613
1740
1820
1797
1994
1590
2014
1955
1814
1590
1772
1512
1766
1772
1652
1750
1757
1994
1822
2023
1912
1830
1814
1729
1621
1663
1927
1902
1706
1949
1855
1722
1771
1882
1761
1571
1781
1957
1840
1685
1852
1768
1716
1705
1733
2064
1790
2146
1717
1667
1866
1874
1421
1760
1801
1759
1942
1941
1987
1897
2328
2045
1647
1837
1871
1871
1892
1800
1735
1836
1822
1768
1739
1713
1774
1869
1668
1672
1728
1735
2182
1879
1829
1893
1892
1844
1694
1846
1681
1539
1644
1622
1857
1920
1890
1579
1716
1746
1598
1724
1776
1705
1839
1945
1656
1884
1709
1643
1652
1742
1791
1658
1718
1613
1939
1782
1715
1694
1851
1721
1745
1674
1676
1819
1816
1728
1758
1800
1792
1668
1751
1715
1735
1769
1916
1887
1833
1691
1864
2003
1962
2008
1669
2199
1613
1887
1863
1703
1613
1789
1662
1727
1518
1873
1782
1662
1745
1694
1802
1877
1890
1523
1878
1767
1652
1595
2006
1823
1808
1662
1579
1789
1876
1874
1749
1796
1946
1839
1566
1906
2134
1567
1910
1583
1735
1665
1863
1736
1710
1722
1732
1855
1679
1873
1836
1696
1677
1765
1826
1770
1786
1868
2041
1749
1690
1610
1797
2028
1835
2095
1836
2020
1746
1974
1676
1771
1871
1714
1790
1630
1728
1948
1809
1881
1877
1770
1845
1779
1851
1703
2017
1955
1992
1874
1708
1842
2034
2017
1911
1974
2341
1778
1938
2028
1904
1716
1804
1888
1761
1908
1893
1708
1776
1844
1861
1629
1917
2003
1458
1887
1976
1570
2047
1609
1873
1834
1531
1971
1819
1581
1739
1751
1651
1852
1903
1939
1971
1693
1631
1676
1671
1870
1549
1678
1750
1796
1931
1642
1687
1828
1784
1658
1580
1621
1715
1723
1601
1834
1841
1864
1991
1792
1760
1549
1790
1931
1831
1738
1668
1817
1709
1555
1921
1803
1709
1926
1737
1815
1851
1828
1818
1651
1920
1653
1835
1825
1677
1698
1724
1835
1829
1593
1857
1869
1989
1638
1858
1758
1684
1852
1932
1812
1872
1835
1570
1800
1703
1744
1851
1894
1747
1672
1864
1850
1935
1950
1830
1746
1810
1892
2141
1906
1935
1992
1747
1930
1637
1904
1984
1791
1798
1989
1955
1593
1846
1824
1784
1698
1879
1607
1681
1748
1950
1623
1658
2010
1828
1776
1903
1752
1626
1772
1894
1806
1732
1738
1783
1745
1792
1686
1923
1843
1811
1728
1875
1846
1830
1902
1749
1773
2080
1934
1900
1997
2239
1967
2004
1857
1764
1677
1886
1971
1940
1731
1782
1741
2019
1863
1915
1588
1778
1824
1824
1743
1885
1779
1948
1793
1874
1861
1784
1967
1840
1812
1771
2098
1796
1964
1761
1610
1758
1917
1618
1787
1913
1838
1879
1749
1980
1688
1912
2109
2026
1993
1642
1849
1943
1730
1832
1828
1645
1894
1859
1579
1679
1940
1740
1466
1660
1967
1631
2106
1661
1698
1665
2077
1636
1952
2019
1717
1771
1744
1923
1778
1871
1911
1624
1846
1737
1818
1560
1736
1621
1614
1578
1846
1880
1944
2144
1869
1813
1728
1716
1789
2003
1846
1745
1729
1624
1953
1805
2045
1486
1667
2060
1855
1839
1838
1815
1769
1722
2019
1852
1622
1922
1940
1841
1777
1908
1847
1911
1685
1741
1745
1955
1966
1757
1976
2004
1927
1739
2164
1926
1947
1680
2131
1809
1980
1821
1832
1979
1655
1906
1829
1723
1827
1783
2082
1752
1921
1796
1719
1748
1747
1904
1793
1735
1858
1737
1790
1865
1946
1871
1719
1813
1726
1591
1762
1818
1847
1570
1927
1975
1647
1863
1960
1633
1814
1938
1762
1935
1878
1732
1531
1941
1926
1762
1748
1843
1676
1748
1665
1748
1722
1712
1888
1687
1800
1960
1832
1962
2045
1728
1610
1885
1519
1839
1826
1934
1765
1850
1669
1993
1817
1626
1731
1824
1746
1906
1702
1841
1673
1592
1962
1695
1551
1655
1817
1746
1912
1970
1892
1732
1439
1738
1527
1574
1829
1649
1773
2055
1848
1754
1900
1804
1701
1832
1748
1920
1910
1556
1634
1922
1916
1708
1722
1809
1667
1541
1653
1695
1652
1870
1743
1818
1723
1818
1678
1649
1909
1758
1849
1767
1721
1828
1942
1651
1481
1710
1640
1886
1664
1803
1760
1875
1757
1661
1589
1656
1767
1907
1612
1722
1898
1691
1817
1624
1733
1693
1634
1948
1680
1637
1761
1842
1888
1553
1600
1472
1660
1916
1866
1727
1720
1737
2012
1853
1806
1559
1639
1487
1829
1574
1705
1807
1640
1726
1715
1704
1785
1674
1615
1759
1695
1723
1736
1615
1700
1964
1677
2005
1734
1757
1772
2029
1661
1805
1910
1680
1662
1837
1836
1783
1904
1964
1604
2102
1993
1842
1707
1794
2014
1627
1639
1733
1540
1771
1780
1680
1478
1787
1893
1765
1807
1798
1697
1861
1890
2021
1839
1862
1684
1656
1878
1862
1863
1875
1752
1733
1849
1651
1783
1886
1905
1992
1846
1649
1752
1737
1659
1727
1674
1732
1884
1878
1640
1971
1666
1915
1642
1857
1607
1666
1832
1762
1828
1907
1853
1890
1714
1801
1536
1777
1724
1759
1744
1718
1949
1782
1781
1920
1649
1630
1716
1607
1926
1759
1645
1923
1894
1878
1825
1732
1799
1714
1782
1981
1867
1813
1869
1966
1658
1714
1838
1745
1536
1706
1783
1833
1785
1952
1670
1773
1755
1897
1735
1903
1663
1965
1943
1815
1875
1877
1701
1904
1953
1854
1725
1891
1698
1748
1767
1834
1754
1800
1771
1891
1906
1599
1777
1802
1899
1810
1764
1804
1796
1954
1666
1715
1881
2109
1640
2077
1789
1921
1753
1615
1933
1782
1681
1756
1552
1959
1669
1676
1659
1755
1867
1850
1839
1646
1869
1706
1844
1970
1804
1974
1846
1810
2040
1932
1940
1820
1867
1805
1677
1976
1612
1855
1950
1781
1682
1795
1825
1896
1611
1620
1774
1866
1822
1579
1777
1794
1802
1791
2038
2134
2039
1853
1931
1934
1813
1720
2373
1811
1638
1856
1664
1919
1783
1745
1859
1982
1801
1653
1840
1623
1869
1935
1775
2070
1776
1931
1957
1702
1848
2143
2130
1683
1950
2173
2027
1653
1831
1861
1536
1767
2212
1865
1643
1551
1577
1668
1664
1892
1788
1805
1651
1816
1656
1700
1790
1808
1756
1681
1600
1627
1744
1794
1751
1772
1919
1955
2017
1727
1813
1883
1446
1778
1746
1744
1930
1776
2246
1739
1607
1756
1831
1731
1840
1874
1971
1724
1628
2005
1853
1739
1793
1784
1890
1907
1762
1831
1714
1704
1867
1753
1771
1674
1879
1567
1824
2133
1901
1639
1725
1855
1605
1828
1764
1906
1679
1709
1750
1931
1819
1707
1856
1702
1586
1669
1691
1859
1913
1904
1792
1904
1819
1524
1943
1696
1706
1780
1730
1914
1620
1960
1990
1656
1860
2005
1809
1715
1839
1996
1669
2110
2074
2076
1865
2082
2300
2018
1899
1689
2081
1774
1871
1671
1921
1964
2001
1939
1817
2042
1914
1616
1910
2001
1796
1859
1818
1698
1784
1667
1825
1857
1742
1801
1518
1808
1976
1818
1744
1677
1929
1642
1769
2058
1708
1915
1818
1888
1770
1845
1938
1643
2011
1802
1620
1695
1714
1638
1844
1873
1828
1815
1793
1866
1715
1810
1881
1950
1595
1791
1879
1744
1766
1825
1940
1654
2075
1743
1901
1868
1903
1689
1924
1803
1855
1634
1714
1826
1929
1842
1754
1722
2106
1764
1650
1550
2080
2001
1719
1834
1600
1756
1747
1764
1862
1830
1758
1801
1837
1782
1672
1691
1730
1937
1878
1559
1835
1837
1760
1606
1887
1753
1731
1844
1815
1896
1980
1876
1687
1827
1967
1816
1649
1771
2066
1763
1834
1772
1901
1777
1814
1644
1797
1749
1872
2075
1839
1732
1803
1813
1872
1822
1716
1855
1689
1666
1911
1931
1727
1637
1717
1680
1646
1569
1775
1685
1749
1750
1838
1954
1832
1957
1652
1640
1805
1698
1546
1696
1703
1727
1643
1928
1763
1829
1850
1472
1714
1658
1647
1636
1797
1910
1784
1713
1914
1839
1742
1743
1764
1896
1580
1601
1851
1756
1698
2278
1946
1988
1639
1790
1686
1833
1948
1794
1664
1787
1742
1616
1694
1793
1806
1871
1989
1846
1611
1470
1942
1696
1757
1924
1734
1977
1970
1788
1755
1588
1842
1709
1854
1554
1768
1712
1832
1940
1794
1615
1793
1757
1869
1738
1671
1803
1977
1641
1644
1786
1975
1842
2037
1940
1721
1806
1740
1846
1568
1776
1772
1893
1897
1903
1909
1561
1821
2052
1733
1801
1789
1831
1777
1860
1684
1672
1545
1882
1825
1699
1671
1854
1853
1910
1957
1748
1945
1798
1808
1893
1955
1858
1851
1620
1880
1869
1780
1876
1779
1741
1677
1758
1863
2080
1747
1805
1793
2095
1819
1543
1720
1746
1975
1566
1806
1754
1826
1727
1874
1645
1775
1783
1706
1913
2040
1953
1863
2083
1668
2153
1708
1821
2038
1704
1785
2048
1802
1873
2113
1838
1781
1860
1761
1787
1661
2001
1773
1889
1867
1896
1692
1898
1853
1791
1611
1704
1757
1740
1930
1698
1826
1859
1642
1715
2025
1875
1734
1848
1802
1664
1721
1767
1654
1790
1797
1879
1775
1916
1702
1964
1535
1708
1794
1770
1875
1876
1824
1600
1903
1777
1941
1857
1867
2150
1801
1803
1738
1858
1773
1801
1910
1877
1634
1764
1823
1794
1844
1813
1746
1999
1918
1945
1761
1653
1787
1858
1982
1753
1851
1744
1871
1596
1796
2031
1612
2050
1863
1898
1932
2100
1989
1984
1945
1693
1990
1903
1855
1704
1611
1834
1817
1756
1659
1572
1864
1949
1746
1805
1814
1817
1680
1833
1781
2015
1723
2074
1714
1789
1775
1985
1860
1864
1934
2381
2037
1966
1736
1689
1759
1897
1795
1654
2081
1890
1885
1875
1771
1741
1854
1731
1831
1652
1931
1736
1700
1702
1843
1934
2015
1640
1771
1985
1787
1762
1731
1786
1922
1730
1845
1859
1723
1736
2001
1877
1708
1821
1993
1770
1656
1868
1677
1905
1557
1776
1776
1977
1930
1853
1519
1722
1615
1716
1603
1818
1719
1859
1656
1928
1697
1974
1903
1651
2214
1787
1928
1922
1651
1695
1857
1959
1949
2089
1683
2194
1620
1868
1764
1876
1896
1693
1758
1695
1860
1802
1704
1575
1946
2046
1826
1868
2002
1887
2015
2158
2059
1702
1788
1682
1981
1864
1890
1928
1906
2097
1799
1489
2040
1971
1643
1768
1883
1744
1909
1616
1675
1798
1787
1745
1644
1961
1538
1790
1676
1750
1865
1826
1976
1673
1787
1521
1876
1618
1739
1851
1754
1846
1891
1931
1853
1905
2019
1656
1649
1887
1944
2066
1679
1826
1860
1863
1911
1587
1978
1789
1715
1975
1685
1765
1735
1683
1916
1843
1897
1899
2440
1934
1785
1638
1940
1970
1968
2085
1738
1891
1786
1763
1738
1694
1823
1940
1831
2043
1933
1592
1911
1779
1931
1673
1761
1922
1637
1922
1844
1688
1816
1797
1846
1769
1852
1883
1839
1813
1789
1760
1760
1719
1824
1787
1790
1789
1902
2027
1834
1584
1751
1968
1924
1641
2270
1664
1987
1833
1956
1803
1803
1908
1722
1846
1680
1697
1789
1796
1828
1830
1812
1907
2008
1880
1980
1788
1798
1624
1728
1730
1814
1875
1704
1909
1847
2062
1747
1723
1973
1763
1678
1735
1989
1866
1725
1891
1902
2105
1860
1838
1854
1719
1803
1800
1859
1750
1733
1864
1783
1695
1870
1802
1845
1760
1835
1817
2058
1606
1968
1723
1708
1944
1724
1928
1963
1994
1601
1657
1663
1614
1924
1911
1753
2148
1558
1842
1905
1877
1787
1626
1747
1672
1610
1777
1916
1730
1869
1631
1655
1961
1717
1828
1755
1613
1938
1758
1795
1816
1743
1688
1759
1808
1747
1925
1833
1995
1758
1560
1818
1865
1824
1785
1922
1484
1688
1680
1896
1859
1695
1778
1786
1655
1807
1848
1641
1704
1865
1867
1925
1672
1852
1994
1839
1775
1769
1874
1845
2146
1827
2080
2110
1798
2035
1841
1896
1913
1867
1483
1816
1805
1796
1839
1826
1601
2082
1941
2057
1840
1937
1806
1696
1782
1799
1732
1806
1736
1772
1724
1800
1849
1919
1798
1841
1813
1850
1785
1882
1689
1655
1833
1752
1922
1874
1782
2005
1574
1841
1887
2033
1597
1735
1741
1956
1720
1864
1862
1817
2082
1975
1751
1811
1766
1935
1850
1826
1820
1780
1726
1878
1786
1679
1991
1906
1656
1553
1849
1665
1824
1681
1788
1885
1648
2041
1954
1796
1666
1825
1871
1784
1573
1795
1720
1966
1831
1785
1688
2005
1971
1747
1858
1683
2062
1791
1895
1855
1953
1934
1723
1837
1700
1775
1641
1956
1718
1938
2028
1673
1666
1824
1951
1815
1753
1838
1666
1731
1584
1856
1826
1771
1927
1891
1807
1953
1726
1650
1886
1848
1880
1904
1701
1710
1831
1783
1635
1920
1891
1780
1824
1825
1905
1684
1779
1726
1884
1877
1964
1984
1920
1822
1939
1858
1908
1762
1687
2047
1894
1831
1812
1751
2113
1756
1439
1836
1830
1647
1612
1863
1630
1616
1701
1665
1806
1666
1916
1932
1714
1700
1762
1860
1696
1692
1755
1965
1641
1705
1885
1776
1871
1706
1752
1724
1928
1781
1899
1906
1631
1935
1724
1903
1723
1821
1929
1887
1706
1770
1787
1781
1766
1829
1840
1766
1744
1722
2123
1866
1797
1964
1921
1722
1605
1771
2205
1857
1687
1802
1740
1708
1734
1826
2222
1641
1819
1906
1696
1717
1692
1708
1830
1640
2035
1790
1797
1709
1769
1875
1753
1831
1711
1845
1680
1900
2132
1960
2135
1725
1802
1870
1790
1652
1785
1808
1810
1796
1865
1888
1689
1881
1931
1867
1859
1694
1915
1773
1906
2061
1987
1796
1936
1649
1772
1724
1869
1860
2005
1765
1824
1909
1910
1765
1968
1803
1705
1766
1765
1709
2014
1814
1972
1714
1816
1719
1715
1960
1962
1798
1777
1704
2052
1625
1732
1676
1797
1855
1852
2072
1738
2005
2012
1927
1839
1723
1776
1776
1668
1911
1911
1726
1907
1813
1733
1656
1809
1377
1917
1778
1777
2000
1917
1805
1861
2048
1912
1689
1897
1702
1998
1817
1855
1744
1786
1773
1673
1919
1625
1994
1637
1845
2006
1581
1559
1854
1857
1670
1821
2050
1847
1865
1636
1827
1533
1565
1911
1685
1767
1804
1792
1773
1606
1792
1634
1952
1707
1876
1968
1921
1842
1823
1927
1809
1843
1921
1932
1893
1792
1817
1732
1804
1967
1911
1811
1811
1787
2128
1714
1979
1755
1704
1847
2075
1809
1784
1938
1935
1818
1930
2002
1907
2180
1707
1912
1834
1793
1732
2005
1581
1673
2064
1894
1820
1952
1953
1817
2183
1845
1851
2041
2178
1927
1882
1710
1770
1785
1816
1758
2020
1905
1926
1950
1821
1814
1752
1784
1727
1790
1776
1651
1825
1792
1725
1749
1793
2052
1861
2130
1827
1747
1675
1923
1866
2032
1881
1618
1831
1865
1945
1847
1951
1933
1644
1788
1889
1707
1793
1727
1966
1825
1847
1973
1859
1793
1851
1750
1765
1925
1883
1951
1825
1843
1841
1868
1657
1777
1788
1977
1675
1767
1907
1778
1740
1928
1759
1668
1966
1747
1767
1611
1668
1864
1622
1848
1719
1805
1846
1744
1847
1699
1739
1604
1777
1745
1982
1911
1824
1961
1823
1688
1858
2153
1865
1777
1733
1760
1729
2007
1956
1782
1589
1602
1699
1973
1730
2023
1630
1774
2048
1672
1893
1580
1793
1875
1766
1720
1861
1776
1804
1632
1841
1700
2000
1693
1753
1705
1793
1871
1787
1786
1648
2103
1806
1733
1918
1833
1722
1839
1874
1818
1638
1634
1740
1763
1849
1887
1896
1903
1736
1783
1629
1765
1735
1882
1677
1628
1709
1868
1913
2116
1825
1894
1780
1917
1746
1871
1753
1844
1765
1749
1876
1833
2066
1794
2009
1626
1710
2017
1914
1918
1778
1813
1590
1886
2047
2144
1618
1945
1681
1832
2080
1646
1760
1725
1943
1733
1842
1889
1921
1896
1857
1567
1754
1699
1712
1854
1702
1860
1856
1829
1954
1940
1730
1577
1843
1665
1953
1896
1749
1920
1876
2074
1837
1968
1758
1780
1908
1827
1801
1771
1766
1765
1670
1838
1995
1904
2087
1907
2013
1681
1973
2084
1800
1966
1960
1979
1894
1739
1768
1849
1981
1879
1848
1857
1756
1986
1610
1703
1914
1789
1866
1874
1825
1958
1923
1841
1842
1996
1806
2059
1784
1644
1912
2127
1646
1737
1858
1918
1915
1747
1836
1831
1954
1699
1659
1956
1903
1714
1733
1721
1890
1628
1749
1673
1833
1592
1851
2002
1894
1830
1838
1712
1958
1929
1905
1750
1866
1865
1649
1919
1646
1820
1633
2064
2047
1770
1675
1781
1730
1949
1854
1962
1718
1721
1724
1900
1732
1869
1664
1858
1750
1752
1797
2083
1918
1800
1815
1745
1886
1877
1976
1780
1733
1929
1925
1846
1643
1974
1952
1898
1622
1742
1779
2123
1707
1825
1733
2046
1810
1788
1913
1639
1805
1827
2044
1691
1710
1940
1992
1619
1736
1679
1723
1810
2023
1748
2096
1730
1930
1720
2457
1534
1795
2058
1782
1968
1685
1662
1797
1662
1763
1861
1876
1769
1869
1820
1715
1831
1844
1710
1793
1802
1873
1900
1565
1740
1755
1723
1762
1920
1737
1964
1721
1832
2076
1886
1890
1665
1947
1683
1645
1903
2102
1524
1700
2009
2024
1490
1882
1902
1840
1690
1825
1862
1902
1972
1851
1453
1856
1772
1855
1832
1625
1888
1798
1782
1727
1816
1821
2014
1820
1481
1692
1930
1782
1783
1864
1997
2052
1831
1898
1735
1813
2033
1585
1750
1847
1816
1767
1722
1647
1778
1676
1805
1965
1676
1787
1731
1795
1832
1726
1636
1838
1823
1691
1623
1664
1696
1919
1941
1707
1871
1925
1849
1748
1901
1899
1907
2064
2089
1941
2437
1635
1794
1875
1894
1909
1775
1673
1994
1748
1749
1643
1781
2124
1783
1722
1864
1773
1884
1768
1865
1948
1659
1683
1956
1803
1916
1755
1912
1608
1852
1727
1628
2025
1708
1935
1728
1714
1817
1893
1789
1976
1813
1844
1799
1666
1595
1643
1655
1637
1827
1808
1817
1924
1811
1587
1708
1896
1714
1806
1920
1707
1908
1701
1711
1862
1631
1974
1731
1824
1781
1921
1912
2009
1663
1762
1739
1773
1849
1863
1867
1853
1676
1729
1914
1877
1895
1915
1843
1741
1789
2024
1629
1591
1752
1823
1846
1828
1913
1884
1839
1701
2004
1998
1822
1988
1798
1585
1814
1999
1833
1682
1809
1798
1774
1808
1962
1902
1796
1889
1538
1765
1922
1837
1838
1528
2064
1746
2103
1673
1889
1863
1866
1521
1826
1897
1708
1992
1817
2004
1856
1791
1870
1878
1800
1756
1574
1788
1644
1892
1807
1777
1760
1875
1811
1792
1830
1992
1872
2067
1835
1843
1610
1651
1740
1804
1693
1768
1596
1717
1813
1528
1771
1854
1863
1776
1443
1972
1771
1815
1662
1953
1937
1605
1752
1797
1771
1675
1900
1904
1752
1727
1805
1656
1648
1993
1667
1645
1943
1858
1625
1723
1611
1527
1691
1647
1429
1138
1250
