1145
1149
1148
1160
1189
1241
1245
1269
1289
1582
1113
1212
1113
1212
1116
1171
1225
1131
1167
1239
938
1097
1079
1127
1146
1050
1186
1209
1270
1078
1185
1072
1155
1074
1205
1138
1307
1014
1118
1043
960
1107
1126
1083
1153
1152
1216
1218
1473
1327
1062
1211
1153
1191
1219
1252
1160
1224
1175
962
851
1070
1022
1050
1062
1087
1093
966
1147
1185
1153
1064
1193
1207
1132
1207
1237
1159
1226
1591
1221
1014
1156
1155
1116
1228
1131
1183
1009
1102
1125
1057
1027
944
1072
1078
1188
1118
1137
1068
1157
1348
1046
1171
1078
1010
1226
1109
1058
899
1016
1156
1257
1128
1167
1130
1086
1067
1158
1058
1126
1128
1122
912
1111
1100
1246
1202
1340
1217
1115
1090
1057
1124
1168
1282
1208
1217
949
1028
1038
1189
1040
1277
1033
1081
1072
1194
1220
1198
1105
1214
1058
1152
1078
1095
1212
1121
1029
1237
990
1106
1219
1044
1331
1062
1065
1013
917
1249
1184
1073
1203
1325
1118
1044
1080
1134
1326
1273
1052
1070
1084
1235
1089
1038
1106
1182
1135
1136
904
1104
1254
1038
1016
959
1020
1130
1115
1181
1152
1072
1084
1130
916
1109
1122
1239
1071
1276
1091
1054
955
1177
1112
1064
1042
1078
1195
1052
989
1009
1058
1037
1173
1368
967
1046
1088
956
1077
1126
1107
956
896
1021
1026
1325
1124
1027
1144
969
1096
1062
962
1150
1028
1017
1039
1152
1229
1022
1045
1038
1056
880
1017
988
972
1022
1072
1043
1021
944
980
949
1007
1105
1106
966
992
1179
912
1092
951
1201
918
992
916
1034
1127
952
1161
1045
915
1091
1043
1067
1026
1067
976
1096
1111
962
1209
996
986
1087
1189
1089
952
1167
1100
1019
1014
1262
1097
1071
1187
1194
1126
1170
1241
1040
961
1065
1108
1139
1169
1269
1211
1032
1259
1376
1111
1249
1015
1189
1158
1053
1176
1178
1102
1205
1183
1120
1081
1038
896
1145
1030
1137
1110
1108
1182
1112
914
1096
954
1190
1082
1065
1181
1107
1189
1186
1034
937
1174
1186
1246
965
1195
1062
1161
1162
1157
1055
1095
1094
981
1187
1162
1004
1128
992
1164
1241
976
1135
1136
1106
1093
1238
1307
1117
1249
1138
1011
1005
1133
1101
1093
1050
985
1127
1216
1049
1085
1173
1033
913
1164
1240
1062
1219
1260
1198
1211
1244
1247
1268
1050
1071
1303
1132
1108
1049
993
1286
1230
1266
1187
1103
1166
1300
1142
1127
1177
1084
955
1024
1038
1173
1177
1141
1174
1212
930
839
945
1183
1293
958
1030
1103
1065
1128
1018
1033
1330
1040
961
1151
1161
1041
1117
1070
973
1092
1124
925
1162
1054
1101
1180
1063
1238
1250
1191
1244
1021
1032
1045
1084
1062
1090
1147
1046
1212
1230
839
1184
1090
913
954
1082
1192
1186
1132
1029
1158
1221
1057
1017
1145
1133
1099
1129
1285
1133
983
1211
979
1229
1012
980
1129
1028
1052
1159
1112
1169
1323
1129
937
1226
1173
971
1044
1006
1086
1103
1019
1229
991
1107
1112
1053
1107
1025
1227
1082
1161
1145
969
1074
993
1213
1117
991
1201
1185
1262
1036
1168
1263
1338
1066
1056
1137
1275
1031
991
1046
1103
1107
957
1197
963
998
1267
1215
1178
1237
1085
1093
978
1035
1068
1033
1127
1117
1122
1320
1153
980
1250
1045
1191
1184
1084
1325
1105
1155
1127
1065
1208
1109
1101
1096
1053
1195
1185
1149
961
912
1106
1172
1160
1189
1277
923
1083
1093
986
1038
1010
982
1037
1056
952
1080
1007
1049
1089
1102
1000
1130
1046
1066
820
1090
995
1030
1204
1210
980
897
1141
1243
1251
994
1097
1099
1161
1149
1084
1123
1019
984
1103
986
970
1100
1032
1096
1231
989
1024
1070
965
1079
970
1128
1425
1148
1150
1270
1434
1107
1270
1142
978
930
960
1029
1123
1150
1159
1082
1199
1230
1150
1220
1054
1246
1172
1265
1366
1028
1080
1243
1301
1080
1190
1168
1164
1126
1134
1234
1138
1355
1055
992
1133
1193
1127
936
1082
1043
1097
1072
1051
1042
1050
1180
1186
1124
966
1126
1006
1008
1025
1204
1149
1342
1143
1061
1193
1205
1273
1329
1103
1150
1073
1173
1090
1179
1119
1141
1198
1171
973
1219
1172
982
886
1013
1098
1141
1058
1176
1343
996
1135
1140
1250
1178
1095
1133
1058
1186
1186
1056
996
1179
1137
1125
1058
1118
1198
1119
1163
1170
1257
1181
1197
1082
1265
1092
1099
1040
965
1091
1079
1104
1104
1082
1058
942
1061
958
1054
1003
983
1028
951
1038
1127
1044
1246
1236
1076
1234
1144
1068
1080
1161
983
1176
921
971
1026
1076
983
1210
1129
899
1177
990
988
1165
1148
1083
1073
1027
972
1129
961
980
1093
1064
1257
1096
1064
1081
1141
931
1063
960
935
947
1083
1091
1241
1202
968
963
973
960
1044
1178
1093
979
1074
1100
996
991
1045
928
1166
1183
910
885
1102
1251
959
1196
1159
1147
1022
1076
927
1230
1005
1277
1358
1059
1051
958
1005
1081
1062
1058
967
1118
1120
996
1084
1128
1123
966
1129
1159
1329
1019
1254
1020
1118
1082
1022
1131
1196
1141
982
1029
1082
1144
1174
1190
1108
1283
1223
1197
1252
1224
1075
937
1166
1160
1106
1206
997
1060
1223
1151
1196
1052
1149
1048
1136
1092
1246
1272
1031
1103
1040
1210
1220
1183
1075
1211
1243
1157
1171
1002
1086
1121
1241
979
1101
1164
1408
1024
1087
1138
1141
1094
1177
1144
1161
1025
1091
1162
1229
1065
1258
1222
1024
985
1176
1102
1452
1171
1032
1132
1039
968
1088
1157
1067
1010
1186
990
1123
1177
1195
1143
1097
1111
1024
1239
984
1189
1139
1072
1018
1194
1209
1147
1028
1209
1235
1065
1039
1187
1069
1212
1178
991
1102
1298
1095
1073
918
1046
1226
1185
1137
1052
1173
1052
1091
970
1104
1048
1132
1154
1029
1157
1067
1144
1182
1050
961
1180
854
1175
1140
1125
1125
1132
1099
1127
1120
1163
1173
963
985
996
1142
898
1146
1002
1151
1109
1139
1048
1090
1110
1209
1096
1157
1018
1162
1111
1063
1010
1098
1094
870
1095
1192
1109
1205
1120
946
1004
1171
1137
1125
1068
1186
1005
1175
1102
1155
884
1027
1194
937
1088
1060
1226
1127
1201
1092
1083
1060
938
1185
1017
1114
1136
1081
1240
1174
1068
1108
1199
894
1062
1180
1150
982
1131
978
1031
1019
1217
1247
1017
1006
1252
1273
1200
1190
1219
1227
1006
1117
1030
1202
1089
1070
1100
1120
1098
1117
1099
1165
1014
1136
1268
1012
1243
1186
1196
1196
1224
1146
1013
1037
1070
1070
1231
1060
1177
1105
1117
1057
1049
1119
1019
1125
1039
1051
1236
1107
1249
1254
1060
1152
1168
1040
1256
1202
1153
1197
1032
1116
1249
1032
1236
1128
1175
1330
1155
1146
1207
1030
1131
1217
1169
1259
1034
1106
1065
1094
1204
1375
1064
1088
1041
1148
1124
1326
1235
1273
1128
1103
984
961
1097
1180
1073
1330
1131
1160
1281
1101
1101
1179
1224
1048
1158
1206
1131
1200
988
1117
1186
1198
1143
940
1038
1047
1213
1218
1147
1222
1167
1195
1085
1286
1024
1113
1095
1109
1250
976
1176
1064
1098
1159
1150
1092
1091
1265
1114
1052
1296
1143
1102
1220
1119
1152
1126
1294
1111
1147
1031
1058
1180
1151
1047
1167
1064
1169
1093
1214
1159
1225
1016
1035
1126
1256
1203
1153
1108
1199
1154
1081
835
1090
932
973
979
1116
1026
1046
1053
1006
1172
1052
995
1027
1065
1191
1194
1210
1137
1258
871
1006
1128
997
1216
1009
1135
1032
1162
1087
1019
978
1007
1040
1032
1156
1162
1162
1034
1168
1012
1079
1010
1369
1084
1078
1180
1195
1081
1241
1250
1102
1082
1129
1119
1164
1259
1165
1167
1186
1150
1266
1011
1093
1088
1175
1089
1099
1099
1111
1082
1147
975
1082
1007
1129
1168
1141
1237
1243
1043
1353
1069
1192
1243
1096
1176
1076
1189
1130
1024
1048
1040
1212
1163
1230
966
1182
1116
1185
1294
1270
1057
1126
1024
1028
1185
1150
1246
1241
1193
1134
1122
1115
1208
1124
1134
1033
959
1294
1067
1008
1049
1035
1121
1198
1229
1202
1275
1232
1223
1093
1064
1094
1192
1232
1097
1179
1192
1205
1397
1140
1053
1124
1007
1051
1046
1019
1072
1285
1102
1199
1125
1293
867
1037
950
1078
1084
1038
974
1323
1170
1109
1078
1251
1212
1115
1188
1122
1158
1109
1168
1084
1189
1070
1135
1240
1075
1180
1289
1028
1018
1046
1067
1240
991
1093
1296
1337
990
1205
1183
936
1132
1087
947
1038
1127
1023
1121
1141
1114
1185
1143
1201
1091
1135
1241
1139
1146
1074
1270
1036
1284
1159
1207
1173
1036
1080
1049
1094
1055
1231
1104
1109
1280
1036
1065
1076
1067
1122
1279
1095
989
955
1071
1167
1205
1187
1147
1053
981
1051
1170
1284
1085
1059
1064
1115
1186
1066
1087
1053
1235
1140
1031
1074
1220
1043
1170
1085
1125
1076
1087
1059
1180
1083
1076
1091
1272
984
1106
1157
1045
1056
992
1232
1120
1145
1050
1234
1230
1053
1088
1113
1138
1115
1103
1145
1167
1131
1046
948
1107
1233
1228
984
1104
1145
1145
1185
1265
1202
1015
1230
1081
1146
1002
1065
1275
1299
1284
1058
1080
1169
1156
1251
1204
1351
958
1203
1069
1060
1093
1208
1194
1208
1166
1053
1248
1276
1062
1180
977
1041
980
1073
1040
991
1200
1285
1221
1272
1037
1044
1058
1126
1276
1037
1127
1125
925
1108
1295
1166
903
971
1032
990
1030
1033
1135
1078
1119
949
1061
1144
1151
984
1050
1063
1016
1105
1126
1161
1189
1178
982
1004
936
1147
1133
1152
1014
1049
1091
1086
1137
1137
1116
1014
1125
1100
1081
1140
1046
1024
1131
1036
1165
1062
1267
1178
1170
1235
1244
1151
1239
1400
1150
1169
1191
1129
1199
1339
1250
1122
1226
1240
1034
1106
1106
1083
1243
1099
1104
1080
1242
1069
1070
1330
1149
1229
1233
1232
1487
1310
1186
1098
1172
1188
1137
1199
1240
1131
1275
1092
1094
1096
1091
1180
1223
1090
1210
1042
1301
1111
1020
945
1229
1004
1045
1135
978
1023
1234
1155
1022
1041
1065
1073
1094
1113
1247
1083
1115
1359
1031
1158
1057
1032
1152
900
1000
997
1033
1127
925
1125
1128
1127
1081
869
1000
1073
1040
1064
943
1058
1001
1054
1141
1260
1137
1138
1095
980
1131
1112
1012
1148
1014
1164
1116
987
1021
952
1062
1069
1079
1086
994
1161
1136
1200
1217
1141
1149
1239
1194
1036
1213
1288
1102
1206
1028
1174
1089
873
925
1215
1100
1164
1194
1122
1111
1166
1133
1118
1154
1307
1174
1018
1029
986
994
1049
1076
1032
1013
1140
1099
1066
1231
1186
1021
1142
1126
1047
1142
1386
1093
1039
1052
1134
1007
968
1136
1002
1028
1032
1137
1261
1203
1298
1172
1175
1186
1080
1337
1159
1011
1084
1156
1081
1141
1069
1216
1051
1029
1084
1097
1209
1236
1353
1261
1160
1321
1182
1188
1133
1173
1012
1080
1219
1126
1116
1107
1259
1276
951
1102
1084
1194
1139
1199
1250
1142
988
1088
1142
1057
1190
1078
1422
1193
1132
1163
1051
1010
1107
1194
1061
1115
1066
1143
1185
1228
1193
1211
1224
1113
1225
1234
1216
1098
1185
1091
932
1135
1281
1022
1260
1129
1251
1171
1189
1209
1232
1068
1102
1131
1002
972
1224
1184
1149
1416
1221
1106
1072
1184
1094
1098
1256
1370
1328
1135
1115
1351
1256
1141
1016
1011
1063
1134
1151
1354
1189
1247
1158
1288
1131
1028
1310
1128
1206
1010
1167
1077
1128
1094
1285
1278
1301
1158
1185
1096
1187
1209
1101
1055
1095
1074
1097
1070
1127
1136
1047
1119
1175
1093
1279
1076
1221
1076
1050
1096
1178
1304
1192
1056
1137
1244
1146
1051
1168
1115
1258
1219
1176
1264
1439
1259
1297
1431
1108
1061
998
1109
1162
1259
1159
961
1201
1095
1084
1066
1113
1236
1296
1198
1202
1277
1088
1118
1152
1141
1079
1121
1105
1197
1200
1189
1280
1324
1229
1280
1025
1263
1119
1162
1185
1137
1016
1136
1188
1148
1334
1301
1054
1323
1269
1099
1160
981
1158
1180
1221
1098
1092
1112
1117
1198
1103
1247
1052
1211
1213
1075
1079
1132
1122
1158
1083
1207
1172
1192
1299
1223
1156
1066
1163
1006
1078
1054
1174
1065
1209
1141
1150
1025
1092
1115
1260
982
1136
1262
1153
1077
1018
1210
1086
1024
992
1008
1140
1069
1153
1004
1119
1110
1008
1166
1128
1085
1254
1134
1037
1056
1047
1024
1003
1171
1222
998
1022
997
1293
1072
1198
1217
1393
995
1159
1010
1250
1110
1186
1170
1519
1287
1204
1253
1255
1222
1230
1044
1200
1232
1074
1163
1065
1272
1151
1192
1199
1032
1010
1032
1119
1245
1192
1054
1021
1164
1169
1139
1077
1072
1114
1021
1175
1228
1112
1106
1274
1198
1092
1264
1053
1310
1019
1120
1099
1024
1100
1169
1148
1281
1172
1090
1208
1268
1010
996
1212
981
922
1083
1303
1152
1255
1192
1133
959
1126
1163
1078
1401
1259
928
1066
1218
1177
1160
1253
1136
1175
1160
1154
1310
1091
1190
1127
1280
1238
1125
1145
1178
1079
1192
1111
1061
1167
1150
1307
1054
1216
1132
1209
1210
962
1211
1136
1159
1116
995
1213
1053
1285
1196
1219
1107
1262
1059
1001
1153
1296
1392
1353
1144
1097
1169
1306
1063
1394
1234
970
979
1224
1055
1268
1402
1247
1154
1158
1506
1179
999
1120
1145
1186
1056
1099
996
1116
940
1114
1171
1202
1290
1014
1002
1086
1153
1230
1106
1439
1034
1177
1228
1038
1115
1044
1150
1229
1086
963
1271
1251
1229
1097
1100
1162
1199
1104
1091
1206
1080
1088
1223
1106
1131
1125
1093
1176
1185
1141
1019
1049
1005
1127
1068
1092
1177
1230
1426
1164
1150
1110
1019
1144
1201
1082
1284
1173
1110
1103
1207
1130
1022
1166
1119
1130
1121
1156
1223
1217
1162
1169
1186
1248
1136
1297
1115
1089
1225
1250
1144
1071
1143
1060
1181
1154
1231
1159
1098
1327
1063
1084
1309
1064
1155
1096
946
1176
1069
1234
1285
1380
1263
1174
1326
1192
1100
1103
1103
1041
1028
994
1189
1205
1276
1226
1163
1142
1180
1133
1012
1232
1249
1251
1096
1273
1070
1107
1137
1284
1089
1179
940
1190
1011
1218
1102
1236
1321
1189
1251
1171
1104
1047
1141
1147
1137
1100
1253
1032
1246
1033
1169
1161
1129
1169
1117
1143
1210
1221
1005
1045
1190
1132
1170
1096
1213
1076
1268
1149
1001
1105
1207
1095
1105
1150
1000
1352
1089
1215
1189
1336
1276
1526
1231
1048
1154
1238
1017
1151
973
1220
1089
1111
1116
1090
1035
1268
1122
1255
1218
1151
1198
1090
1026
1162
1045
1288
1234
1197
1107
1125
1204
1233
1167
1125
1275
978
1153
1059
1061
1142
1035
1198
1204
1258
1335
1035
1229
1321
1051
986
1124
986
1165
1169
1110
1258
1158
1148
1089
1163
1003
1188
1096
1104
1098
1119
1107
1222
1353
1177
1036
1132
1133
1024
862
1218
1151
1097
1061
996
1241
1226
1129
1135
1074
1346
1165
1223
1282
1083
1082
1071
1076
1078
1123
1153
1114
1052
1046
1135
1149
1271
1209
1299
1216
1192
1148
1150
1111
993
1053
1071
1084
974
1501
1493
1176
1232
1436
1198
1035
1117
1119
1276
1144
1011
982
1051
1111
1240
1174
1198
1291
1060
932
1139
1221
1003
992
1171
1180
1105
1229
1021
1076
1156
1166
1139
1058
1069
933
1018
1177
1011
1087
1203
1175
831
1173
1205
1104
1112
1216
1209
1188
1188
1009
1008
1292
1377
1081
1261
1289
1244
1194
1067
933
1039
1097
1059
1200
1261
1272
1251
1351
1288
1276
1104
1322
1277
1582
1259
1240
1412
1027
1115
1262
1070
1157
1052
1184
1134
1112
1211
902
1125
1140
1277
1067
1062
964
1187
1073
1079
1038
999
1199
1125
1202
1208
1087
1063
1120
1271
1156
1059
1086
1172
1205
1222
1121
1094
1100
1168
1289
1114
1132
1063
1072
998
1421
1367
1053
975
1096
1114
1223
1131
1088
1081
1075
1156
1204
1224
1349
1127
1132
1200
1338
1129
1108
1281
1134
1189
1162
1216
1097
1195
1168
1261
1232
1202
1275
1198
1158
1165
1121
1160
1138
1083
1087
1169
1199
1228
1246
1186
1122
1163
1135
1214
1190
1141
1142
1175
1166
1177
1193
1180
1153
1124
1196
1081
1102
1133
1168
1142
1303
1280
1163
1093
940
1198
1187
1231
1135
1242
1118
1153
959
1269
1279
1014
1104
1241
1155
1167
1011
1273
1218
1130
1115
990
1232
1259
1172
1227
1249
1022
1062
1257
1248
1320
1091
1239
1064
1006
1410
1185
1176
1162
1229
1144
1096
1186
1315
1144
1241
1230
1204
1052
1342
1080
1298
925
1091
1053
1111
1128
1147
1042
1203
1193
1200
1163
1115
980
1322
1101
1047
1204
1058
1119
1232
1144
1016
1122
1050
1255
1009
1115
1100
1045
1229
1221
1022
1270
1144
1231
1061
1027
1287
1292
1285
1125
1237
1316
1257
1036
1182
1129
1214
1451
1037
1077
1055
1227
1221
1290
987
1132
1051
1071
1414
1205
1097
1259
1332
1338
1060
1322
1238
1211
1094
1143
991
1264
1064
1226
1231
1272
946
1021
1263
1229
1161
876
1078
1146
1222
1278
1319
1214
1150
1132
1097
1214
1189
1117
1158
1377
1202
1212
1292
1460
1160
1259
1264
1097
1011
1077
1027
1126
1223
1055
1148
1271
1188
1222
1306
1089
1059
1097
1319
1068
1112
1098
1206
1105
1216
1207
1209
1210
1224
1047
1179
1389
984
1376
1174
1111
1136
1298
1120
1256
1199
1120
1010
1105
1016
1040
919
1202
1161
1224
1037
1469
1009
1101
1151
1034
1112
1120
1023
1170
1100
1018
1085
1161
1102
1265
1284
1119
1132
866
1243
1115
1041
1068
1259
1249
1155
1142
1304
1145
1161
1092
1009
999
1010
1085
1171
1218
1336
1096
1119
1025
1136
1014
1083
1118
989
1122
1206
1153
1124
1098
1147
1034
1122
1042
1047
1154
1126
1100
956
1191
1135
1274
1195
1010
1244
1239
1198
1105
1027
1113
1235
1308
1142
1267
1020
1152
1177
1041
1184
985
1223
1045
1206
1311
1115
1139
1240
1162
1279
1141
1237
1210
1166
1199
1254
1181
1484
1392
1413
1255
1095
1189
1163
1085
1183
919
1097
1101
1305
1322
1094
1147
1131
1086
1192
1226
1232
1171
1305
1014
1302
1289
1067
1257
1109
1191
1126
1102
1150
1255
1248
995
1182
1118
1280
1177
1206
1268
1169
1218
1239
1164
1094
1061
1256
1268
1042
1092
1152
1223
1270
1264
1282
990
1435
1267
1154
1323
1358
1104
1288
1179
1352
1103
1050
1357
1110
1051
957
973
1154
1210
1139
1273
1186
1245
1271
1083
1141
1117
1019
1244
1189
1306
1150
1014
1158
1235
1102
985
1042
1167
1070
1152
986
999
1078
1265
1295
1097
1267
998
1151
1147
1086
1196
1189
1037
1181
1136
1268
1073
1098
1032
1046
1202
913
1147
1185
1009
1095
1289
1113
1090
1191
1113
1187
1249
1108
961
1130
1280
1196
1059
1199
1068
1129
1114
1301
993
1031
1187
1192
1402
1217
1232
1265
1012
1259
1172
1168
1083
969
1146
1165
1185
1292
1359
1510
1571
1351
1328
1279
1159
1245
1174
1314
1281
1354
1284
1268
1026
1144
1173
1154
1266
1031
1151
1118
1104
1269
1173
1067
1287
1155
1178
1193
1080
1162
1084
1134
962
964
987
1194
1205
1257
1085
1199
999
999
1100
1050
1082
1037
1033
1053
989
901
949
950
963
1037
1250
1069
1132
1386
1093
1123
1078
1094
1114
1199
1002
1086
1112
1134
1161
1129
1098
1153
1214
1096
1197
1225
1326
1222
1118
1193
1193
1227
1171
1100
1102
986
1356
1056
1045
1284
1140
1072
1140
1264
1144
1070
1130
1131
1121
1160
1211
1277
1329
1092
984
1005
1162
1124
1147
1260
1147
1281
1003
1028
1114
1299
1010
1001
1037
1131
1106
1204
1119
1176
1095
1024
1132
1173
1072
1210
1076
1149
1107
1038
1126
1182
1143
1265
1127
1280
1180
1187
1083
1122
1162
1182
1060
1108
1147
1088
1129
1199
1211
1275
1139
1038
944
1069
1127
1124
1139
1168
1465
1161
1100
1171
1117
1141
1174
1188
1138
1182
1173
1047
1049
1260
1165
1098
1063
1016
1467
1239
1122
1135
1192
1071
1286
1083
1109
1270
1166
1261
1275
1249
994
1165
1400
1125
1232
1308
1063
1317
1101
1267
992
1088
1186
1277
1163
1242
1161
1207
1139
1118
1159
1119
1193
1340
1246
1077
1150
1075
1179
1126
1069
1282
1225
1103
1160
1102
1253
1095
1081
1064
1058
1037
1153
1093
1189
1127
1105
1210
1176
1286
1213
1189
1102
1264
1257
1266
1269
1134
1501
1162
1115
1269
1141
1224
1087
1120
1056
1086
1091
1220
1035
1038
1046
1233
1219
982
994
1118
1124
1152
1037
1174
1181
1099
1111
946
1058
1137
1153
1147
1279
1130
1149
1232
1134
1258
1211
1034
1177
1195
1044
1101
1227
1194
1135
1164
1000
1087
1089
1125
1133
1275
1102
1285
1035
1198
1063
1172
962
1113
1158
1023
938
1152
998
1196
1119
1082
1373
1266
1156
1125
1062
1045
1164
1039
1153
1268
998
1090
1107
1115
1198
1307
1285
1128
1075
1110
951
1338
949
1099
1036
1296
1236
1122
961
958
1221
1027
1041
1082
1037
1138
1139
1139
1229
1267
1025
901
1072
1085
1131
988
1117
1127
1136
1143
1224
1224
965
1082
1219
1221
1107
1025
1118
1207
1122
1205
1250
1074
966
1234
1089
1110
1123
1260
1210
1247
1374
1163
1114
1140
1015
1110
1220
1150
1197
1185
1028
1130
1240
1084
1382
1129
1192
1101
1206
1144
1122
1144
1124
1251
1224
1034
1131
1132
1266
1251
1243
1269
1266
1134
1147
1112
1015
1148
1140
1139
1266
1207
1152
1189
1220
1339
1112
1112
1136
1124
1301
999
1202
1180
1364
1153
1063
1085
1167
1186
1210
1001
1197
1202
1186
1070
1129
1145
1233
1058
1212
1173
1005
1120
1210
1194
1191
1169
1222
1242
1120
1140
1197
1119
1128
1082
1088
1106
971
1198
1074
1262
994
1221
1127
1179
1166
1125
1135
1080
1104
1236
1017
1208
1002
1335
1155
1148
1101
1141
1265
1060
1115
1313
1033
1166
1174
1103
1279
1028
1329
1075
1210
1146
1261
1245
1170
1247
1203
1054
1152
954
1095
1239
1110
1217
1264
1221
1112
1126
1047
1120
1159
1011
1181
1161
1225
1286
1230
1101
981
1072
1070
1097
1373
1158
1193
1147
1174
1249
995
1200
1012
1121
1104
1076
975
1073
1306
1199
1269
1086
1303
982
1221
1120
1159
1177
1174
1184
1173
1185
1189
1130
1101
1102
1175
1145
1061
1126
1127
1144
1069
1026
1151
1144
1116
1084
1098
1154
1251
1155
960
1043
1114
1062
1211
964
1188
1145
1166
1166
1140
1049
1050
1027
958
1105
1224
1139
1331
1255
1184
944
1065
1172
1256
1149
1109
1070
1184
1087
1305
1248
1000
1265
1171
1161
1262
1183
1275
1335
1221
1214
1192
1171
1312
1115
1049
1093
1102
1089
1116
1301
1278
1129
1244
1197
1263
1127
1290
1280
1182
1123
1171
1176
1225
1182
1056
1104
1440
1147
1175
1155
1205
1134
1112
1276
1299
1266
1294
1194
1381
1143
1244
998
1130
1169
1153
1075
1156
1233
1140
1140
1104
1150
1396
1093
1094
1026
1165
1250
1161
1038
1077
1252
1345
1153
1172
1116
1347
1047
1263
1264
1105
1126
1112
1124
1118
1071
1172
1135
1090
1100
1274
1377
1307
1132
1448
976
1099
1197
1026
1341
1304
1218
1218
1118
1056
1207
1066
1198
1066
1198
1085
1174
1131
1425
1203
1159
1114
1356
1211
1062
1044
1237
1294
1118
1225
1168
1252
1075
1313
1184
1235
1339
1135
1218
1111
1244
1212
994
1237
1269
1209
1245
1082
1181
1178
1303
1141
1246
1249
1320
1257
1207
1069
1133
1174
1123
1152
1122
1156
1279
1176
1102
1234
1262
1266
1055
1027
1224
1151
1210
1217
1233
1238
1230
878
1152
1218
1133
1160
1217
1332
1331
1223
917
1162
1248
1231
1264
1086
1243
1137
1146
1168
1124
1168
1193
1134
971
1233
1004
1179
1212
1201
1284
1075
1283
1158
1269
1228
1093
1123
1066
1153
1283
1241
1197
1236
1178
1119
1278
1187
1182
1335
1125
984
1138
1164
964
1077
1092
1264
1259
1182
1130
1319
1209
1007
1196
1015
1089
1132
1168
1105
1155
1231
1233
1351
1247
1118
1086
1078
1342
1167
1171
1335
1091
1132
1003
1270
1318
1139
1043
1213
1294
1237
1346
1207
1085
1211
1217
1118
1300
1345
990
1199
1271
1288
1195
1178
1245
1136
1047
1303
1181
986
1094
1248
1212
1221
1251
1217
1429
1318
1287
1306
1218
1130
1281
1040
1357
1029
1398
1213
1455
1175
1150
1691
1217
1066
1309
1299
1191
1175
1149
1076
1193
1125
1161
1274
1187
1300
1323
1100
1101
1142
1072
1183
1565
1286
1266
1308
1104
1111
1262
1139
1279
1098
1107
1116
1107
1179
946
1220
1175
1245
1024
1279
1116
1080
1243
1378
1168
1062
1143
1207
1142
1133
1159
1080
1341
1284
1265
1208
1358
1428
1095
1205
1211
1224
1163
1404
1243
1320
1204
1103
1028
1134
1120
1171
1075
1189
1245
1390
1199
1179
1394
1214
1175
1209
1193
1100
1179
1136
1240
1212
1266
1273
1169
1221
1083
1158
1174
1280
1169
1189
1178
1162
1247
1179
1136
1101
1154
1208
1222
1054
1302
1163
1098
1280
1116
1375
1385
1364
1396
1430
1217
1268
1126
1131
1095
1342
1162
1272
1274
1199
1324
1194
1113
1174
1267
1230
972
1114
1175
1067
1108
1125
1162
1180
1256
1100
1156
1131
1001
1183
1162
1246
1176
1353
1386
1266
1086
1030
1112
1382
1156
1173
1207
1367
1256
1146
1138
1143
1282
1162
1015
1196
1134
1270
1115
1244
1138
1230
1341
1150
1174
1126
1186
1099
1160
1259
1146
1610
1300
1277
1135
1159
1253
1137
1070
1228
1276
957
1110
1215
1086
1224
1224
1186
1254
1299
1184
1297
1094
1114
1205
1144
1283
1108
1245
1120
1054
1119
1106
1144
1285
1353
1123
1304
1215
1227
1159
1387
1164
1120
1042
1072
1115
1186
1247
1080
1334
1043
1122
1195
1319
1262
1200
1300
1195
1015
925
1160
1167
1010
1224
1193
1191
1370
1148
1128
1079
1074
1172
1067
1177
1026
1151
1235
1143
1338
1166
1256
1371
1374
1127
1141
1025
1044
1048
1023
1226
956
1177
1105
1245
1161
1195
1252
1111
1095
1245
1043
970
1035
1183
1268
1290
1251
1034
1029
1317
1359
1120
1221
1270
928
992
1147
1063
1155
1291
1061
1051
1050
1262
1225
1274
1281
1169
1148
1286
1190
1165
1043
1213
1060
1124
1188
1295
1291
1013
1155
1284
1204
1252
1239
1094
1075
1186
1062
1116
1102
1144
1218
1148
1220
1408
1149
1248
1304
1246
980
1342
1191
1203
1208
1109
1165
920
1278
1208
1094
1015
1036
1166
1200
1092
1297
1227
1413
1076
1064
1003
1029
951
1166
1169
1112
1115
1292
1315
1099
1118
1120
1249
1125
1082
1200
1196
1200
1203
1148
992
909
1061
1216
1101
1111
1262
1306
1286
1187
1221
1111
1373
960
1284
1294
1332
1213
1180
1154
1098
1195
1097
999
1165
1209
1154
1231
1085
1265
1298
1097
1142
1268
930
1106
1258
1206
1117
1119
1220
1156
1148
1234
1090
1222
1129
1150
1193
1257
1371
1322
1406
1075
1110
1446
1238
1148
1139
1030
1111
1129
1178
1139
1035
1138
1111
1250
1045
1074
1151
1276
1107
1274
1200
1162
1173
1218
1172
1133
1194
1356
1445
1218
1163
1199
1202
1147
1254
1073
1250
1321
1240
1303
1013
1129
1185
1303
1237
1252
1053
972
1160
1104
1209
1321
1167
1035
1171
1402
1276
1040
1158
1144
1195
1290
1082
1220
1254
1268
1276
1297
1087
1070
1168
1206
977
1394
1221
1226
1157
1045
1058
1223
1251
1502
1265
1221
1004
1171
1140
1215
1141
1115
1224
1129
1183
1183
1154
1157
1296
1143
1275
1214
1035
962
1017
1127
1273
1315
1297
1268
974
1311
1223
1145
1373
1054
986
1341
1195
1319
1109
1089
1118
1097
1233
1354
1136
1081
1183
1224
1353
1168
1125
1167
1248
1241
1138
1071
1149
1180
1328
1268
1254
1256
1190
1112
1129
1183
1033
1240
1285
1047
1209
1076
1179
1337
1328
1112
1162
1114
1308
1023
1178
962
1175
1135
1092
1227
1208
1200
1180
1253
1131
1037
1164
1008
1227
1313
1306
1123
1139
1163
1099
1176
1302
1211
1068
1097
1361
1097
1083
1130
1132
1068
1350
1330
1235
1148
1338
1557
1132
1224
1239
1258
1240
1277
1224
1125
1100
1268
1246
1154
1268
1064
1342
1162
1174
1162
1181
1109
1270
1148
1272
1117
1266
1130
1165
1164
1101
1279
1090
1198
1119
1113
1185
1384
1045
1348
1145
1178
1056
1003
1269
1164
1240
1313
1180
1173
1164
1153
1148
1170
1035
1290
1139
1254
1243
1178
1215
1108
1082
1181
1307
1057
1216
1107
1094
1240
1207
1152
1150
1182
1144
1319
1164
1195
1234
1155
1218
1046
1250
1226
1263
1392
1362
1126
1172
1133
1112
1092
1285
1343
1334
1155
1194
1193
1239
1152
1190
1342
1081
1144
1189
1184
1143
1255
1202
1182
1156
1234
1344
1265
1334
1491
1125
1168
1331
1551
1217
1302
1054
1127
1217
1222
1243
1324
1253
1324
1345
1214
1505
1265
1212
1179
1181
1027
1282
1129
1245
1161
1108
1144
1213
1184
1184
1114
1075
1050
977
1244
1091
1210
1228
1251
1132
1258
1114
1252
1244
1067
1195
1025
1064
1105
1169
1207
1171
1030
1156
1376
1106
1209
1369
1124
1241
1131
1029
1053
973
1086
1481
1249
1274
1389
1397
1284
1373
1318
1191
1215
1108
1091
1119
1336
1194
1116
1222
1142
1264
1198
1225
1037
1095
1286
1144
1206
1219
1228
1150
1030
1240
1123
1075
1069
1095
1245
1176
1278
1288
1295
1447
1283
1238
1295
1328
1363
1284
1325
1349
1486
1577
1170
1033
1036
1285
1160
1263
1213
1094
1092
1331
1093
1204
1152
1198
1309
1168
1224
1239
1261
1110
1103
1026
1150
1185
1225
1257
1050
1200
1237
1289
1307
1151
1165
1120
1204
1247
1189
1026
1157
1156
1246
1278
1185
1201
1205
1188
1205
1054
1257
1086
1013
1142
1393
1116
1141
1163
1164
1221
1016
1207
1373
1058
1197
1039
1074
1080
1170
1058
1167
1174
992
1213
1141
1222
1234
1281
1184
1189
1178
1087
1182
987
1093
1151
1131
1202
1201
1208
1194
1185
1171
1231
1050
1062
1320
1254
1253
1215
1368
1252
1176
1071
1225
1025
1247
1160
1196
1218
1100
1140
1140
1295
1167
1145
1310
1363
1126
1474
1620
1243
1327
1165
1202
1296
1236
1255
1276
1173
1390
1286
1222
1029
1183
1270
1255
1173
1344
1250
1134
1248
1171
1377
1187
1193
1126
1168
1283
1075
1147
1280
1112
1133
1037
1144
1209
1228
1197
1235
1048
1309
1208
1125
1343
1213
1101
1199
1189
1280
1139
1203
1383
1193
1129
1427
1164
953
1257
1138
1193
1119
1097
1209
1115
986
1097
1146
1185
1193
1202
1182
1100
1072
1083
1190
1337
1155
1058
997
1123
1059
1262
1043
1360
1050
1143
1332
1168
1236
1077
1209
1204
1143
1304
1201
1115
1177
1094
1063
1285
1244
1201
1180
1185
1268
1350
1033
1020
1121
1129
1148
1122
1241
1268
1245
1438
1191
1003
1202
1257
1169
1370
1105
1165
942
1274
1185
1201
1161
1146
1157
1291
1164
1114
1133
1315
1082
1121
1180
1150
1264
1062
1313
1279
1256
1142
1142
1232
1085
1082
1330
1231
1091
1131
1117
1288
1181
980
1308
1220
1242
1149
1167
1229
1176
1341
1151
1150
1379
1345
1125
1349
1019
1171
1186
1203
1216
1269
1175
1190
1201
1227
1403
1073
1212
1271
1282
1235
1315
1176
1005
1035
1190
1088
1295
1170
1350
1272
1262
1116
1103
1177
1105
1313
1084
1119
1138
1068
1299
1141
1150
1225
1206
1140
1131
1172
1150
1215
1219
1155
994
1192
1018
1102
1187
1009
1273
1106
1148
1187
1160
1173
1100
1163
1169
1078
1115
1174
1216
1278
1246
1198
1334
1339
1041
1019
1232
1118
1242
1263
1306
1207
1057
1132
1236
1078
1207
1053
1055
1153
1323
1389
1093
1152
1366
1041
1161
1165
1207
1159
1235
1104
1317
1134
1233
1310
1402
1251
1083
1311
1253
1179
1108
1204
1255
1707
1086
1307
1140
1246
1373
1163
1288
1090
1198
1117
1276
1184
1089
1300
1119
1219
1317
1197
1034
1132
1134
1233
1401
1244
1187
1204
1065
1060
1124
1039
1137
1347
1105
1290
1475
1205
930
1265
1137
1048
1116
1143
1176
1141
1261
1203
1188
1139
1078
1168
1056
1317
1094
1159
1172
1122
1180
954
1215
1360
1190
1179
1188
1134
1241
1287
1219
1165
1219
1170
1262
1119
1044
1179
1065
1175
1266
1406
1343
1171
1181
1220
1097
1281
1113
1092
1179
1323
1320
1087
1195
1295
1064
1126
1190
1110
1375
1161
1226
1220
1305
1114
1133
1214
1319
1234
1334
1256
1127
1313
1221
1223
1250
1101
1177
1067
1178
1155
1030
1080
1320
1056
1456
1240
1201
1516
1160
1556
1141
1064
1596
1285
1173
1202
1122
1277
1008
1212
1087
1224
1041
1243
1310
1231
1180
1302
1270
1167
1123
1207
1156
1027
1118
1187
1169
1363
1205
1191
1255
1288
1315
1323
1464
1259
1596
1161
1215
1059
1200
1242
1224
1168
1144
1089
1311
1276
1212
1195
1101
1329
1181
1168
1025
1092
1096
1077
1173
1313
1290
1183
1196
1123
1218
1160
1293
1282
1104
1283
1206
1234
1085
1296
1070
1214
1166
1266
1167
1105
1186
1207
1287
1208
1191
1161
1135
1112
1041
1198
1204
1218
1128
1167
1120
1166
1154
1110
1078
1302
1125
1288
1179
1283
1230
1168
1134
1171
1274
1293
1186
1315
1146
1297
1136
1107
1273
1209
1077
1285
1262
1162
1124
1079
1185
1142
1261
1090
1195
1168
1137
1189
1307
1145
1267
1234
1239
1120
1199
1298
1198
1179
1228
1085
1191
1287
1171
1331
1148
1157
1048
1051
1035
1162
1244
1053
1079
1113
1145
1218
1343
1068
1268
1061
1121
1101
1314
1183
1353
1112
1098
1105
1064
1170
1316
1201
1279
1199
1154
1104
1122
1184
1156
1138
1216
1102
1162
1219
1254
1394
1084
1011
1197
1272
1201
1102
1201
1174
1168
1068
1310
1091
1338
1150
1174
1374
1205
1208
1275
1342
1158
1287
1282
1140
1230
1070
1361
1176
1249
1252
1042
1103
1234
1388
1204
1172
1045
1319
1142
1438
1301
1324
1200
1118
1356
1441
1447
937
1697
1336
1285
1208
1272
1225
1248
1390
1283
1136
1134
1063
1245
1075
1134
1043
1018
1142
1022
1143
1354
1168
1298
1114
1238
1187
1340
1192
1103
1221
1185
1137
1121
1355
1251
1098
1248
1385
1111
1209
1347
1166
1083
1030
1220
1107
1216
1123
1120
1161
1302
1161
1073
1255
1292
1293
1069
1188
1374
1037
1137
1034
1014
1107
1313
1198
1135
1150
1111
1185
1177
1172
1152
1147
1249
1265
1038
1092
957
1105
1042
1162
1487
959
1113
1234
1223
1143
988
1155
1179
1298
1172
1196
1111
1192
1258
1030
1337
1131
1178
1075
1165
1192
1286
1141
1203
1095
1142
1152
1176
1043
1177
1106
1084
1032
1150
1132
1253
1374
1261
1204
1117
1091
1212
1182
1326
978
1133
1167
1252
1253
999
1035
1134
1192
1172
1372
1265
1154
1278
1392
1079
1081
1045
1021
1290
1118
1155
1141
1335
1235
1219
1076
1143
1288
1193
1299
1127
1383
1301
1331
1542
1333
1263
1315
1339
1153
1174
1232
1239
1241
1533
1657
1117
1281
1200
1314
1199
1020
1282
1119
1152
1324
1235
1221
1192
1137
1252
1162
1153
1320
1242
1083
1471
1024
1149
1190
1149
1155
1067
1462
1175
1113
950
1100
1237
1171
1304
1237
1148
1163
1213
1304
1272
1142
1085
1135
1183
1163
1137
1052
1224
1286
1184
1236
1200
1300
1310
1299
1119
1300
1145
1150
1178
1210
1078
1278
1095
1284
1254
1174
1271
1169
1243
1302
1153
1351
1083
1225
1161
1082
1157
1207
1191
1306
1228
1456
1271
1186
1185
1404
1147
1090
1087
1228
1289
1200
1283
1106
1179
1020
1193
1484
1161
1250
1036
1185
1160
1016
1073
1217
1092
1234
1134
1016
1296
1213
1251
1140
1339
1109
1056
1183
1163
1205
1396
1288
1158
1207
1348
1235
1168
1220
1240
1220
1003
1217
1098
1270
1311
1168
1071
1239
1119
1370
1099
1231
1239
1245
1163
1172
1325
1239
1139
1107
1151
1170
1123
1264
1117
1038
1172
1192
1240
1131
1216
1138
1239
1202
1418
1179
1370
1257
1261
1390
1216
1035
1173
1114
1378
1239
1166
1164
1171
1186
1321
1048
1192
1311
1292
1328
1187
1254
1174
1329
1169
1275
1272
1100
1283
1294
1190
1152
1187
1136
1323
1315
1279
1215
1187
1181
1139
1154
1182
1291
1179
1265
1278
1178
1237
1286
1191
1239
1179
1077
1230
1147
1197
1319
1115
1211
1129
1193
1092
1107
1024
1189
1170
1209
938
1091
1334
1188
1222
1089
1125
1221
1274
1083
1169
1275
1171
1263
1052
1102
1133
1230
1204
1339
1181
1014
1101
1121
1131
1038
1235
1109
1297
1111
1053
1093
1271
1181
1087
1362
1041
1164
969
1256
1304
966
1088
1074
1339
1232
1277
1073
1297
1215
1285
1171
1282
1139
1122
1143
1126
1015
1087
1196
1156
1290
1256
1126
1110
1120
1057
1186
1156
1120
1367
1049
1063
1117
997
1223
1256
1065
1300
1141
1338
1188
1191
1218
1052
1204
1224
1268
1197
1438
1248
1226
1178
1212
1145
1079
1232
1172
1225
1243
1177
1343
1144
1115
1241
1244
1236
1311
1677
1288
1091
1262
1227
1289
1227
1220
1248
1247
1228
1160
1151
1183
1283
1306
1249
1083
1211
1369
1225
1214
1100
1067
1317
1254
1171
1178
1012
1181
1192
1063
1141
1089
1072
1137
1180
1199
1093
1067
1152
1357
1369
1292
1142
1215
1286
1134
1241
1238
1236
1049
1203
1105
1152
1211
1332
1221
1116
1155
1252
1188
1179
1243
1378
1166
1167
1167
1232
1081
1120
1246
1113
1229
1310
1164
1273
1275
1217
1296
992
1311
1270
1281
1528
1422
1455
1378
1374
1095
1094
1243
1179
1109
1190
1192
1293
1281
1257
1466
1324
1198
1085
1212
1096
1189
1249
1354
1209
1518
1085
1227
1040
1214
1215
1302
1254
1206
1154
1348
1227
1197
1156
1196
1257
1332
1262
1166
1280
1200
1252
1172
1428
936
1185
1396
1236
1239
1094
1292
1242
1272
1218
1291
1302
1086
1287
1334
1174
1381
1171
1357
1198
1315
1302
1301
1257
1157
1229
1223
1336
1205
1100
1177
1303
1214
1160
1163
1335
1253
1249
1007
1224
1175
1143
1209
1324
1189
1189
1282
1311
1172
1187
1122
1192
1045
1163
1064
1149
945
1147
1311
1323
1132
1122
1287
1271
1324
1335
1214
1108
1077
1144
1111
1119
1170
1232
1217
1235
1191
1123
1220
1145
1027
1258
1080
1229
1259
1177
1116
1145
1134
1155
1146
1230
1077
1212
1374
1198
1312
1374
1088
1157
1054
1076
1117
1212
1351
1110
1134
1130
1137
1138
980
1371
1147
1097
1095
1140
1170
1125
1262
1129
1233
1256
1392
1173
1067
1220
1085
1112
1049
1216
1143
1209
1116
1193
1267
1237
1208
1124
1135
1063
1233
1247
1096
1226
1328
1127
1265
1330
1135
991
1169
1293
1212
1153
1117
1171
1184
1187
1334
1377
1369
1129
1040
1049
1155
1109
994
1174
1303
1133
1174
1119
1217
1472
1233
1173
1372
1314
1123
1246
1169
1134
1211
1025
1143
1248
1134
1243
1198
1323
1292
1078
1210
990
1286
1122
1146
1278
1214
1321
1358
1172
1296
1197
1221
1086
1194
1045
1206
1243
1161
1351
1363
1298
1239
1382
1226
1158
1143
1196
1224
1144
1153
1300
1238
1166
1274
1382
1144
1327
1319
1029
1066
1251
1326
1219
1229
1243
1184
1209
1106
1190
1246
1129
1283
1141
1270
1094
1057
1286
1225
1214
1345
1294
1426
1081
1203
1194
1109
1297
1199
1194
1115
1188
1057
1107
1208
1146
1363
1381
1316
1128
1170
1214
1018
1149
1136
1248
1282
1237
1147
1244
1189
1399
1409
1263
1109
1217
1186
1327
1193
1155
1343
1398
1307
1203
1102
1031
1168
1240
1141
1115
1193
1216
1160
1361
1205
1265
1105
1294
1162
1316
1337
1195
1279
1087
1224
1248
1207
1231
1272
1143
1457
1051
1188
1180
1120
1161
1289
1317
1365
1133
1138
1054
1335
1360
1233
1034
1214
1210
1229
1130
1347
1214
1157
1218
1186
1150
1128
1367
1372
1239
1160
1180
1151
1176
1243
1282
1329
1179
1281
1078
1253
1190
1182
1228
1363
1234
1165
1105
1172
1223
1244
1319
1315
1181
1240
1327
1324
1202
1285
1597
1233
1273
1353
1227
1370
1416
1180
1253
1292
1287
1343
1083
1337
1398
1115
1425
1318
1089
1112
1185
1117
1133
926
1207
1220
1218
1144
1306
1232
1194
1146
1229
1216
1218
1186
1192
1212
1279
1230
1310
1112
1239
1137
1084
1208
1254
1257
1199
1175
1183
1130
1245
1102
1316
1083
1145
1273
1266
1367
1324
1124
1056
1264
1289
1194
1156
1302
1098
1189
1227
1101
1213
1302
1298
1109
1343
1361
1122
1269
1239
1204
1182
1327
1313
1094
1442
1199
1270
1181
1214
1326
1109
1094
1123
1130
1189
1081
1206
1206
1207
1309
1345
1168
1071
1314
1110
1120
1124
1125
1127
1305
1311
1201
1201
1340
1146
1298
1179
1406
1339
1371
1179
1170
965
1134
1228
1172
1150
1239
1218
1201
1075
1140
1341
1304
1196
1250
1309
1101
1069
1104
1091
1171
969
1239
1267
1164
1393
1334
1369
1206
1274
1255
1145
1260
1625
1270
1190
1201
1204
1308
1309
1265
1083
1077
1258
1270
1271
1201
1207
1362
1178
1099
1096
1140
1254
1175
1246
1139
1294
1368
1277
1003
1451
1105
1143
1117
1201
1286
1380
1226
1211
1062
1165
1416
1314
1090
1371
1259
1081
1259
1285
1176
1044
1145
1383
1045
989
1330
1156
1138
1182
1151
988
1120
1106
1362
1278
1227
1208
1252
1247
1487
1189
1162
1192
1314
1331
1442
1169
1236
1074
1328
1284
972
1363
1033
1207
1379
1235
1110
1134
1267
1202
1073
1273
1283
996
1243
1360
1209
981
1396
1209
1215
1234
1349
1155
1229
1202
1226
1193
1134
1346
1222
1223
1340
1211
1229
1299
1295
1314
1477
1361
1330
1175
1295
1227
1089
1232
1270
1203
1229
1201
1347
1214
1101
1122
1105
1194
1282
1278
1202
1218
1416
1107
1244
1105
1190
1055
1150
1270
1255
1245
1079
1132
1081
1136
1342
1269
1046
1168
1090
1238
1097
1459
1258
1091
1198
1060
1286
1281
1034
1321
1283
1171
1140
1107
1173
1207
1405
1413
1098
1126
1222
1338
1135
1161
1109
1246
1312
1313
1228
1318
1542
1277
1319
1119
1177
1128
1306
1311
1134
1189
1286
1513
1289
1521
1354
1032
1280
1284
1186
1301
1314
1240
1453
1257
1527
1410
1035
1243
1338
1136
1255
1338
1163
1104
1146
1302
1217
1057
1069
952
1171
1171
1186
1184
1268
1087
1091
1356
1270
1488
1321
1293
1346
1227
1296
1074
1196
1282
1258
1351
1112
1246
1206
1372
1167
1163
1159
1094
1213
1270
1220
1291
1350
1166
1137
1034
1298
1176
1437
1099
1228
1265
1338
1113
1097
1388
1421
1242
1307
1222
1237
1270
1117
1259
1113
1059
1156
1382
1291
1222
1234
1258
1388
1203
1141
1249
1251
1112
1286
1238
1225
1248
1239
1430
1161
1252
1414
1054
1199
1233
1155
1146
1278
1297
1271
1315
1180
1334
1218
1112
1364
1209
1179
1096
1211
1136
1225
1073
1062
1106
1133
1096
1231
1240
1154
1356
1163
1061
1382
1232
1271
1314
1228
1128
1467
1182
1247
1229
1333
1115
1292
1220
1483
1145
1278
1378
1168
1084
1223
1291
1183
1197
1100
1102
1283
1186
1523
1241
1181
1258
1184
1262
1194
1255
1104
1116
1240
1041
1243
1215
1247
1411
1053
1240
1244
1250
1211
1224
1190
1222
1187
1344
1238
1303
1182
1110
1252
1252
1212
1054
1231
1182
1148
1248
1176
1322
1285
1386
1343
1387
1344
1073
1235
1171
1102
1080
1113
1256
1308
1356
1197
1239
1235
1096
1311
1047
1079
1316
1444
1169
1262
1206
1101
1026
1232
1189
1092
1214
1206
1212
1191
1113
1209
1120
1326
1222
1295
1195
1182
1393
1251
1218
1282
1285
1324
1174
1162
1157
1252
1149
1259
1290
1205
1147
1258
1163
1230
1264
1183
1123
1253
1156
1353
1190
1450
1197
1290
1532
1284
1258
1186
1058
1139
1249
1207
1226
1128
1110
1301
1341
1316
1320
1244
1241
1143
1156
1270
1332
1314
1318
1459
1287
1409
1359
1165
1298
1216
1109
1198
1267
1294
1191
1250
1208
1211
1384
1196
1140
1108
1308
1385
1160
1414
1307
1348
1449
1368
1090
1214
1145
1371
1297
1283
1177
1191
1315
1384
1134
1223
1205
1227
1411
1235
1271
1244
1329
1282
1327
1195
1200
1129
1289
1166
1208
1246
1227
1241
1095
1367
1112
1337
1226
1095
1224
1258
1173
1181
1046
1138
1150
1307
1030
1275
1266
1366
1306
1119
1063
1405
1135
1150
1033
1232
1210
1201
1186
1198
1290
1261
1384
1264
1103
1301
1129
1192
1198
1269
1264
1263
1392
1332
1200
1348
1210
1277
1248
1120
1103
1355
1293
1395
1390
1316
1227
1305
1188
1305
1374
1177
1366
1090
1371
1146
1303
1240
1193
1152
1077
1050
1259
1215
1334
998
1461
1164
1275
1338
1262
1439
1124
1085
1287
1422
1147
1184
1153
1110
1095
1489
1349
1265
1232
1421
1284
1047
1169
1280
1146
1175
1252
1406
1202
1301
1119
1094
1255
1203
1172
1212
1172
1300
1172
1435
1389
1309
1297
1773
1366
1437
1288
1296
1153
1252
1408
1520
1226
1303
1301
1249
1193
1127
1062
1111
1362
1093
1031
1235
1370
1305
1272
1264
1190
1285
1264
1283
1274
1118
1062
1200
1229
1137
1178
1193
1236
1219
1174
1147
1068
1071
980
1160
1190
1198
1188
1116
1107
1132
1297
1320
1263
1204
1139
1172
1214
1035
1288
1303
1282
1192
1270
1148
1336
1026
1237
1213
1174
1339
1464
1091
1210
1310
1204
1231
1278
1374
977
1456
1350
1313
1256
1254
1214
1213
1246
1102
1224
1207
1248
1314
1183
1412
1173
1165
1377
1092
1298
1157
1158
1286
1033
1389
1307
1216
1095
1235
1274
1382
1371
1158
1087
1128
1284
1146
1156
1269
1259
1407
1501
1478
1254
1141
1128
1183
1325
1181
1155
1378
1235
1093
1244
1239
1357
1372
1101
1210
1192
1176
1296
1242
1658
1120
1406
1306
1291
1221
1371
1229
1080
1183
1273
1279
1303
1120
1255
1345
1413
1221
1328
1290
1205
1250
1294
1386
1209
1309
1175
1455
1204
1681
1252
1282
1387
1319
1230
1254
1243
1364
1364
1204
1214
1248
1420
1358
1155
1313
1090
1200
1301
1110
1138
1202
1117
1299
1177
1351
1244
1138
1314
1195
1194
1089
1043
1328
1223
1221
1159
1342
1242
1155
1241
1278
1182
1142
1244
1166
1218
1243
1389
1311
1261
1328
1194
1120
1149
1255
1243
1066
1126
1181
1231
1270
1265
1202
1256
1101
1379
1469
1193
1195
1202
1184
1278
1420
1318
1260
1370
1382
1194
1177
1203
1395
1293
1330
1300
1617
1299
1464
1230
1479
1305
1189
1198
1136
1155
1412
1142
1247
1337
1264
1309
1302
1292
1137
1393
1249
1232
1231
1300
1113
1328
1325
1334
1166
1122
1184
1110
1257
1312
1153
1053
1378
1317
1348
1229
1188
1231
1308
1204
1194
1363
1325
1308
1429
1124
1267
1264
1290
1414
1412
1235
1229
1170
1302
1137
1375
1207
1219
1424
1553
1387
1362
1218
1329
1351
1306
1277
1055
1067
1094
1015
1072
1107
1207
1019
1321
1124
1134
1134
1234
1198
950
1087
1326
1203
1191
1323
1231
1241
1158
1267
1322
969
1055
1259
1188
1230
1135
1356
1474
1437
1217
1178
1171
1256
1368
1231
1207
1328
1294
1230
1205
1234
1197
1142
1253
1026
1347
1342
1438
1059
1078
1177
1351
1079
1141
1196
1378
1253
1148
1335
1368
1311
1194
1087
1214
1076
1133
1223
1283
1361
1351
1266
1417
1104
1298
1152
1100
1309
1246
1246
1275
1243
1137
1277
1173
1078
1163
1174
1181
1104
1180
1003
1137
1258
1175
1080
1157
1309
1285
1121
1076
1156
1124
1199
1176
1118
1106
1311
1121
1342
1157
1151
1399
1202
1224
1034
1074
1189
1246
1249
1195
1223
1140
1242
1399
1299
1198
1315
1239
1176
1235
1280
1190
1333
1082
1306
1141
1188
1089
1521
1435
1302
1253
1274
1451
1233
1101
1196
1207
1095
1121
1326
1260
1164
1269
1390
1222
1287
1251
1235
1138
1400
1191
1307
1270
1191
1024
1164
1284
1165
1332
1212
1298
1099
1429
1264
1272
1385
1092
1268
1259
1130
1311
1283
1216
1204
1228
1297
1056
1302
1191
1258
1055
1428
1215
1556
1321
1074
1266
1380
1308
1412
1227
1205
1353
1315
1107
1109
1311
1158
1250
1333
1227
1297
1172
1144
1318
1471
1067
1365
1226
1174
1174
1367
1123
1260
1332
1185
1317
1215
1277
1339
1302
1365
1336
1477
1734
1179
1096
1142
967
1334
1244
1286
1164
1151
1308
1320
1043
1324
1321
1290
1074
1129
1245
1274
1278
1189
1328
1275
1397
1417
1321
1437
1749
1436
1321
1240
1307
1275
1357
1136
1362
1224
1326
1342
1349
1173
1202
1217
1197
1218
1242
1188
1294
1408
1276
1168
1245
1098
1332
1175
1217
1261
1179
1161
1291
1315
1153
1328
1306
1276
1169
1084
1230
1256
1163
1424
1099
1241
1404
1167
1314
1347
1159
1253
1306
1290
1123
1253
1364
1294
1275
1161
1121
1264
1230
1329
1270
1283
1216
1188
1286
1165
1399
1146
1352
1178
1347
1117
1134
1397
1379
1171
1188
1264
1206
1344
1347
1297
1205
1353
1358
1228
1253
1078
1319
1269
1124
1229
1160
1254
1170
1158
1282
953
1246
1208
1244
1225
1282
1393
1321
1023
1120
1195
1106
1228
1160
1326
1413
1527
1555
1079
1249
1171
1172
1327
1219
1069
1140
1089
1213
1325
1231
1337
1140
1171
1247
1184
1346
1188
1393
1110
1428
1176
1131
1188
1337
1176
1283
1332
1301
1189
1305
1120
1260
1204
1279
1224
1295
1205
1348
1333
1226
1502
1714
1340
1356
1479
1132
1487
1353
1128
1223
1102
1122
1195
1218
1318
1219
1560
1273
1365
1153
1137
1164
1112
1052
1325
1152
1265
1312
1365
1493
1375
1144
1333
1204
1140
1299
1179
1206
1188
1332
1261
1296
1328
1219
1186
1103
1110
1160
1356
1138
1261
1364
1305
1306
1221
1138
1202
1040
1188
1133
1349
1177
1166
1194
1315
1308
1250
1097
1298
1239
1228
1230
1259
1306
1368
1250
959
1100
1167
1457
1137
1293
1106
1287
1232
1275
1353
1446
1363
1118
1196
1447
1167
1335
1372
1229
1262
1464
1078
1356
1264
1142
1228
1194
1312
1313
1308
1297
1201
1204
1345
1279
1248
1303
1191
1224
1100
1329
1241
1362
1388
1345
1427
1199
1251
1175
1377
1287
1241
1151
1166
1129
1313
1186
1208
1370
1259
1460
1243
1223
1295
1259
1300
1229
1172
1293
1364
1301
1279
1170
1219
1266
1051
1252
1299
1417
1399
1357
1142
1130
1309
1339
1154
1414
1200
1082
1194
1272
1311
1213
1271
1271
1490
1154
1235
1257
1132
1245
1299
1368
1308
1560
1466
1237
1257
1672
1272
1128
1171
1167
1280
1184
1173
1203
1291
1399
1373
1459
1189
1192
1319
1220
1346
1361
1196
1396
1260
1524
1495
1077
1222
1104
1180
1324
1174
1304
1376
1199
1172
1296
1113
1243
1245
1339
1391
1176
1147
1221
1419
1352
1658
1365
1201
1340
1306
1296
1180
1186
1202
994
1358
1231
1290
1304
1288
1188
1295
1474
1245
1251
1189
1274
1253
1091
1253
1329
1354
1334
1287
1187
1163
1207
1360
1400
1202
1275
1145
1256
1102
1255
1296
1248
1105
1382
1227
1352
1176
1340
1447
1229
1163
1149
1331
1368
1466
1222
1135
1220
1310
1269
1401
1237
1202
1176
1587
1234
1417
1478
1259
1125
1225
1190
1173
1315
1209
1369
1148
1331
1127
1435
1110
1299
1195
1248
1450
1372
1058
1138
1292
1162
1286
1204
1280
1293
1186
1201
1214
1426
1176
1340
1011
1151
1439
1265
1299
1021
1390
1533
1280
1712
1362
1338
1192
1021
1198
1314
1224
1313
1402
1299
1146
1101
1110
1403
1386
1093
1180
1122
1292
1313
1196
1448
1392
1259
1260
1242
1164
1314
1217
1167
1301
1208
1298
1393
1344
1501
1620
1169
1043
1287
1096
1337
1111
1261
1319
1381
1273
1273
1166
1078
1233
1235
1188
1189
1196
1244
1234
1197
1287
1232
1321
1130
1402
1160
1212
1232
1184
1245
1209
1303
1262
1300
1228
1165
1194
1260
1365
1306
1392
1306
1279
1387
1319
1441
1321
1181
1230
1187
1348
1274
1219
1103
1147
1225
1057
1328
1319
1129
1261
1304
1229
1355
1110
1190
1369
1289
1295
1308
1192
1441
1176
1307
1314
1247
1134
1310
1260
1222
1224
1262
1231
1275
1275
1257
1196
1303
1228
1204
1243
1206
1268
1452
1026
1193
1096
1166
1087
1086
1367
1312
1075
1362
1117
1262
1238
1265
1391
1367
1108
1161
1308
1375
1283
1086
1182
1273
1325
1212
1310
1395
1151
1166
1267
1215
1281
1227
1387
1158
1296
1357
1299
1176
1229
1074
1077
1199
1026
1279
1222
1234
1259
1286
1346
1398
1213
1319
1478
1396
1298
1184
1103
1158
1391
1251
1266
1162
1157
1247
1202
1365
1189
1365
1281
1318
1158
1371
1297
1293
1305
1356
1126
1289
1365
1543
1199
1296
1383
1146
1469
1316
1181
1026
1065
1172
1168
1196
1223
1214
1210
1509
1291
1214
1264
1516
1261
1167
1275
1307
1302
1198
1361
1117
1180
1221
1130
1104
1238
1289
1342
1230
1346
1460
1187
1305
1124
1267
1283
1106
1257
1092
1220
1166
1029
1133
1180
1155
1309
1389
1172
1376
1129
1093
1106
1143
1082
1142
1218
1383
1490
1544
1280
1199
1048
1275
1176
1344
1272
1212
1240
1276
1300
1190
1116
1255
1144
1202
1230
1072
1257
1214
1352
1316
1311
1277
1174
1323
1102
1157
1163
1265
1239
1347
1528
1121
1451
1232
1440
1327
1374
1203
1332
1406
1311
1356
1334
1209
1218
1208
1259
1289
1092
1271
1437
1286
1202
1314
1273
1298
1300
1184
1312
1196
1479
1148
1137
1402
1275
1151
1296
1272
1244
1282
1321
1339
1344
1581
1245
1195
1215
1185
1196
1374
1352
1318
1236
1242
1214
1228
1251
1349
1104
1213
1178
1176
1235
1429
1374
1167
1360
1390
1084
1149
1272
1263
1343
1205
1407
1345
1390
1286
1418
1891
1152
1150
1179
1378
1296
1246
1149
1186
1249
1184
1214
1254
1387
1255
1259
1299
1279
1302
1146
1217
1375
1236
1264
1508
1721
1313
1048
1157
1343
1130
1224
1375
1253
1068
1424
1171
1172
1341
1141
1104
1261
1200
1184
1350
1125
1290
1254
1291
1190
1323
1135
1187
1142
1228
1216
1416
1275
1239
1275
1356
1358
1403
1397
1240
1276
1388
1720
1355
1336
1239
1184
1502
1320
1140
1145
1122
1262
1264
1133
1175
1376
1146
1213
1283
1209
1143
1294
1176
1176
1055
1122
1197
1309
1632
1169
1217
1203
1209
1318
1131
1350
1405
1115
1026
1333
1199
1307
1222
1194
1191
1301
1182
1246
1325
1329
1088
1217
1146
1319
1193
1366
1381
1320
1258
1271
1243
1294
1164
1197
1445
1385
1290
1165
1362
1267
1284
1425
1358
1403
1088
1231
1410
1039
1252
1334
1274
1399
1222
1259
1152
1358
1110
1178
1201
1345
1317
972
1279
1311
1462
1159
1133
1151
1365
1180
1286
1404
1340
1282
1249
1341
1115
1295
1333
1265
1254
1115
1382
1381
1225
1176
1486
1347
1151
1088
1083
1192
1316
1225
1130
1140
1134
1351
1356
1363
1263
1232
1297
1277
1274
1436
1219
1149
1151
1242
1255
1175
1442
1148
1201
1220
1272
1313
1367
1275
1367
1210
1198
1017
1332
1227
1311
1338
1217
1386
1020
1451
1375
1109
1131
1322
1192
1292
1342
1223
1077
1293
1314
1297
1114
1269
1485
1193
1170
1317
1065
1459
1270
1378
1078
1276
1203
1221
1269
1191
1265
1363
1212
1299
1273
1230
1256
1454
1328
1329
1308
1112
1175
1281
1178
1101
1218
1237
1374
1391
1246
1260
1285
1180
1082
1210
1139
1308
1280
1354
1251
1301
1272
1245
1233
1165
1435
1312
1455
1331
1391
1105
1325
1243
1286
1683
1504
1218
1194
1303
1368
1261
1260
1233
1311
1132
1369
1280
1289
1378
1168
1184
1480
1151
1372
1273
1127
1090
1243
1376
1276
1398
1482
1170
1426
1266
1157
1200
1116
1314
1317
1236
1360
1320
1334
1270
1355
1111
1337
1131
1328
1466
1134
1248
1340
1227
1245
1225
1306
1306
1183
1238
1105
1205
1070
1054
1244
1193
1315
1317
1337
1209
1089
1230
1262
1372
1151
1226
1241
1280
1285
1326
1399
1294
1398
1327
1197
1269
1190
1195
1196
1297
1114
1322
1207
1378
1245
1191
1439
1361
1391
1380
1326
1168
1254
1359
1261
1231
1237
1188
1215
1187
1283
1174
1381
1140
1146
1282
1220
1214
1259
1167
1408
1308
1143
1236
1247
1334
1192
1333
1249
1081
1361
1351
1404
1296
1163
1087
1299
1315
1230
1127
1201
1268
1082
1270
1248
1230
1335
1339
1436
1162
1178
1221
1307
1269
1218
1242
1217
1297
1448
1276
1101
1194
1162
1249
1158
1340
1425
1287
1338
1105
1239
1258
1471
1192
1279
1201
1324
1454
1200
1240
1360
1368
1344
1132
1661
1556
1154
1204
1231
1559
1089
1394
1246
1437
1448
1285
1187
1256
1250
1384
1203
1265
1189
1249
1247
1272
1254
1387
1347
1210
1292
1442
1203
1311
1172
1291
1484
1282
1296
1100
1236
1185
1400
1163
1239
1429
1221
1329
1288
1201
1216
1123
1100
1325
1132
1254
1240
1315
1296
1143
1193
1111
1279
1275
1497
1058
1247
1227
1292
1395
1189
1260
1282
1122
1219
1111
1242
1214
1251
1153
1215
1235
1399
1149
1248
1180
1395
1207
1313
1308
1211
1170
1313
1180
1318
1333
1354
1552
1498
1301
1325
1362
1178
1203
1228
1339
1225
1159
1117
1171
1187
1201
1225
1074
1313
1356
1110
1439
1325
1235
1558
1464
1245
1438
1273
1601
1322
1277
1329
1306
1158
1334
1245
1369
1374
1109
1377
1120
1306
1259
1228
1245
1164
1443
1169
1240
1194
1193
1162
1348
1315
1237
1124
1167
1226
1326
1234
1367
1244
1194
1513
1342
1328
1275
1210
1084
1346
1311
1201
1127
1274
1146
1267
1354
1446
1221
1138
1367
1061
1205
1360
1153
1320
1219
1190
1206
1266
1118
1274
1243
1164
1388
1199
1216
1239
1051
1254
1313
1239
1285
1264
1282
1397
1251
1244
1245
1327
1156
1239
1314
1226
1218
1287
1117
1170
1300
1009
1246
1293
1277
1321
1450
1210
1515
1169
1322
1217
1216
1418
1325
1204
1198
1220
1191
1353
1106
1253
1414
1354
1251
1267
1509
1451
1145
1098
1327
1385
1233
1236
1312
1072
1394
1132
1296
1366
1301
1335
1335
1229
1147
1308
1254
1329
1343
1232
1266
1299
1378
1077
1110
1268
1223
1274
1289
1251
1196
1245
1507
1307
1255
1282
1152
1248
1321
1242
1240
1315
1238
1165
1262
1278
1275
1405
1541
1074
1246
1326
1268
1172
1227
1119
1212
1226
1292
1489
1192
1182
1159
946
1112
945
880
897
