951
998
996
1037
1040
1042
1040
1046
1064
1077
957
894
918
965
1009
968
970
1023
959
1003
901
905
891
944
941
948
957
960
961
962
918
1045
959
1005
952
966
938
975
942
955
909
930
1059
1055
1105
1015
1018
1009
1017
1007
922
945
975
959
1005
1004
993
974
1058
1040
853
832
914
1020
1106
1072
1072
1069
1013
1096
951
1076
739
876
876
994
958
939
1081
1141
954
926
903
810
951
996
1047
979
927
1011
966
936
1058
944
940
839
944
880
881
1052
838
1022
1049
893
988
1038
1137
1016
1082
1187
1068
978
1018
1183
1007
1013
1059
1070
1118
985
858
1017
916
956
1003
912
904
900
858
973
909
959
1037
1041
901
925
881
1042
1133
909
948
921
1024
887
1062
993
1109
911
1018
910
1011
867
907
1041
980
874
907
1022
1039
925
938
1082
935
1059
974
951
1057
1056
1194
834
880
965
1141
929
1029
1065
1019
1036
934
1032
926
1036
829
1026
1037
926
892
1007
1016
918
920
936
965
859
1108
1070
989
990
1136
1006
880
858
1026
897
1055
934
939
918
907
989
1147
1119
925
830
931
887
938
961
973
1082
892
982
1183
931
938
950
910
966
1003
985
991
918
1006
927
1125
1035
1037
1025
1129
829
884
841
976
1023
872
927
975
981
961
851
851
953
963
887
1007
1135
1034
1054
910
898
983
871
828
885
829
867
872
1072
955
850
1043
982
981
807
977
1021
1096
999
934
1017
921
945
936
995
1006
873
852
988
921
892
923
980
785
983
798
885
1054
1084
926
1071
1042
1042
973
854
824
907
856
1001
981
985
991
982
970
1112
838
807
852
868
997
965
970
1004
1066
1014
977
1077
873
957
859
1123
1029
993
932
934
889
985
767
938
1005
957
959
960
982
915
872
917
907
1091
876
894
906
938
1078
925
971
954
1092
883
888
930
916
944
1084
1165
1119
909
897
950
913
895
1020
1053
987
1040
902
840
914
916
867
884
956
924
983
911
868
1025
1007
1019
993
851
1066
1105
1036
936
1210
954
1023
1020
936
946
988
943
823
967
969
875
1077
932
951
1055
855
1073
877
1046
916
982
1150
1101
1104
1119
940
932
946
1007
1032
925
857
1003
842
898
982
929
1083
920
1036
927
1013
1026
953
1076
1119
889
833
995
907
984
917
992
1062
1056
1124
1027
1016
1046
1103
931
891
811
948
900
951
956
1143
910
801
913
1066
1017
988
1036
834
1014
848
910
835
967
776
1046
981
960
1015
1022
885
1042
1084
825
941
1039
936
923
1015
1047
1017
976
1013
919
955
1021
1062
899
909
995
856
952
1099
1094
792
1012
1120
1040
1040
1006
1113
869
1051
973
1031
855
1011
1034
904
1120
817
917
998
1088
893
1072
974
939
976
902
1043
1083
847
949
915
963
915
1049
1064
892
971
1110
951
1041
854
975
907
1025
991
1133
851
956
816
885
965
1055
1075
747
1144
972
1080
904
940
1073
941
936
1033
922
1028
988
945
966
823
943
960
955
1018
1093
1029
1094
1153
1100
928
918
920
943
1093
941
1009
954
934
1063
1225
989
1089
1110
1105
1005
996
1025
957
951
976
916
882
941
915
1168
969
893
919
1050
928
889
897
919
1037
869
944
1012
978
979
995
901
927
1362
1019
1028
900
810
840
964
992
1043
1009
1057
906
981
986
988
989
900
862
998
960
1002
928
914
1064
1022
891
1001
861
976
1020
1048
1034
945
1102
1014
964
1050
1049
1008
875
980
1010
1066
997
996
994
1012
1017
1028
997
827
1012
1083
1005
1020
988
1108
1040
1106
962
789
1007
1050
1111
1118
1111
1112
1028
1025
1131
976
809
933
939
1011
1023
1006
1048
1097
1095
1067
958
1052
979
922
981
915
987
970
1054
882
893
1007
918
1031
881
1002
1063
1073
1114
860
1002
852
998
1028
885
1021
972
1010
998
1041
795
889
919
1058
1131
1053
941
929
1048
923
1023
1153
916
885
964
951
915
1039
993
815
1021
876
1018
989
962
988
1000
1080
1054
1105
854
811
940
895
846
1009
1050
1057
1052
1144
985
980
1002
937
1145
1009
1050
974
1083
1093
1041
1027
1053
996
897
907
1028
895
966
1077
807
922
1011
1060
887
1034
1030
956
1029
913
878
847
975
911
818
959
838
960
995
945
823
981
986
1027
896
913
1096
960
967
1026
954
1012
1212
1072
933
934
853
854
891
958
870
819
936
977
976
992
833
916
860
961
1154
924
864
932
1090
957
999
803
930
984
968
1010
958
860
898
978
954
1000
1016
1171
1082
985
862
970
857
979
1165
1019
954
908
951
977
897
921
915
1039
951
1005
834
944
1121
1074
974
902
992
826
921
1162
1009
907
960
975
926
1064
925
962
819
899
933
1063
934
1080
1018
940
1016
919
828
952
921
994
1092
835
909
1061
1072
985
895
959
918
889
1071
1072
892
957
956
1052
900
905
1071
991
968
1079
846
998
1058
894
1181
933
880
984
1034
1044
805
965
1039
938
992
945
961
950
949
1051
854
886
914
881
1047
1135
1071
844
1169
932
984
1047
936
936
1004
1061
1017
974
872
1124
892
925
1002
1151
1055
1088
1206
955
992
945
1158
1141
931
935
1067
1082
978
1001
998
896
974
969
964
975
984
901
885
900
1012
771
802
933
893
920
927
1001
1096
1119
1026
815
921
879
899
1044
1120
955
984
1003
1108
963
1151
925
1093
845
983
805
864
926
967
985
1039
991
867
938
896
1078
891
1042
864
984
913
911
964
954
1018
832
1086
844
972
949
1023
942
969
1082
930
1093
1070
1018
929
867
956
1037
967
993
1232
969
1037
1049
891
864
900
1030
964
1034
932
1025
990
873
914
1090
1036
1007
1020
1162
950
984
857
971
1127
1043
942
1021
1064
925
871
1072
1059
1141
973
915
1037
1054
1021
963
933
918
1151
1027
941
985
943
962
1136
979
913
805
1067
1101
874
927
1126
1021
1078
1010
1039
1025
1032
1013
1092
932
1044
1002
844
895
972
1147
941
956
1051
978
1101
970
928
902
965
1033
936
874
998
1007
875
928
1084
1101
906
968
876
1009
954
1138
1040
969
937
954
1026
1089
1128
834
869
992
1065
1022
1043
1026
881
847
888
900
935
809
941
1098
1031
1075
1002
869
996
1090
984
965
931
1103
939
1000
1028
883
996
989
940
953
1055
1057
972
968
994
967
888
975
1030
953
869
897
844
922
980
1052
962
989
962
852
952
951
966
936
1033
1036
915
956
1082
1050
1063
979
1002
966
1126
725
989
982
1108
910
943
880
1029
1030
1016
992
913
777
916
951
881
900
990
950
1098
913
975
887
784
849
959
951
1091
1005
911
1041
864
823
951
952
900
985
931
968
1041
940
987
958
961
1083
915
923
875
1108
1116
1038
984
922
944
911
1031
883
835
918
777
815
1123
978
1002
994
1054
1033
924
1019
1148
1090
985
1066
1051
1061
987
885
860
910
1015
1081
948
945
971
1048
998
885
972
1001
969
912
956
862
1074
1048
971
959
854
959
1090
1030
856
967
937
913
965
1038
1039
1079
983
937
959
819
900
1026
998
986
986
947
932
941
1010
1012
823
961
881
935
1221
841
842
1052
1136
863
969
898
937
1008
994
990
968
1139
856
825
894
1009
1064
934
1191
1057
967
940
1008
970
916
1021
1064
1074
981
1093
892
896
875
975
1206
1236
909
1057
873
998
1004
939
1119
1057
951
996
987
911
1033
1002
1020
1085
924
1010
995
916
945
974
1059
999
1044
881
987
902
1082
1030
880
1037
1175
1130
901
1047
1118
883
792
956
908
1055
1107
1034
974
979
971
1058
912
1043
899
889
993
855
1005
1099
1093
994
1017
967
943
928
1043
986
951
955
955
976
1237
823
824
1018
879
917
924
1064
969
930
931
1095
867
920
1045
847
836
931
1167
1035
840
1070
951
1039
1086
1144
922
898
867
1116
1227
1220
901
937
1092
861
889
910
1002
999
983
861
1082
1024
1025
1038
918
1091
833
804
1014
942
1015
1036
1156
947
1005
1003
891
952
882
986
861
920
1012
998
1004
1059
867
1080
1125
918
1034
1055
1019
1065
1076
1015
871
1052
1038
941
1017
916
966
963
968
1110
868
1029
970
983
966
909
1057
1055
956
1115
923
1097
888
1059
947
1002
924
1006
1005
1057
839
1109
1068
1132
976
1128
942
1094
1117
1080
1025
1092
878
980
849
955
1014
1020
856
901
1131
1125
977
934
942
915
1084
995
1169
1023
923
1219
966
986
973
1047
1184
1057
878
1007
914
973
928
1026
934
1100
895
855
897
927
945
1005
1184
949
947
1064
941
1040
1070
1060
1071
1003
885
920
1003
1022
973
1013
952
955
956
955
845
945
911
908
923
917
912
954
944
1053
1149
1066
1046
1070
1099
1019
921
1062
1014
1106
939
881
994
957
994
1188
949
996
961
1014
1097
915
902
965
780
1033
1217
991
1115
1127
891
1051
955
1087
863
800
1008
858
1017
1053
1179
1261
937
955
1008
1092
941
996
1159
1183
916
1084
1053
992
951
941
980
1033
1152
848
1088
934
1036
994
922
1068
1075
1016
988
1045
1092
975
969
989
1081
1010
961
1000
1032
1031
1020
988
1003
807
1024
1079
990
940
918
1020
954
1047
1058
1029
1115
749
988
903
1047
989
918
1042
1006
1025
1101
960
1083
1084
1182
1008
1081
966
1049
1044
996
1018
987
859
1086
997
986
1017
1022
1073
957
872
837
1051
1107
1007
891
1010
1087
1075
1094
910
1063
1102
1050
1051
1097
947
922
900
972
905
993
1005
963
1015
999
1053
1017
1085
1039
1203
830
1031
1039
999
1035
1002
880
995
1190
1047
1001
998
1019
1053
1081
1132
1007
811
1059
862
920
832
807
1008
1048
1013
953
1012
973
796
995
1033
951
901
990
1020
1039
1007
1029
1045
944
1016
889
1006
906
904
1009
1023
1038
1047
965
927
986
978
937
921
981
1097
1003
1137
995
853
955
805
945
920
1052
931
955
988
901
858
859
909
795
946
977
967
1014
839
1021
883
832
849
857
950
1165
934
915
1007
915
1198
1065
1031
1046
938
1016
1004
906
1022
1020
942
837
1076
1058
1046
1060
1135
1061
1192
887
991
958
997
854
902
1009
1107
1047
976
1114
1035
1022
1172
938
906
949
1071
989
1020
928
1014
1164
1171
1189
1089
1110
1043
1090
1033
933
1006
1080
980
1040
1036
1033
952
1188
878
1011
1011
1120
1101
1073
881
862
870
1011
986
1060
888
1102
915
1011
842
903
951
1083
834
933
1008
1029
1071
1105
1112
782
1048
916
1041
989
1011
994
1105
1037
1153
1084
821
796
916
1045
850
921
1071
1076
984
994
823
992
1062
846
1059
753
939
995
942
928
876
978
1028
892
814
966
958
1074
992
1159
858
951
1195
1044
1022
963
1142
863
954
942
913
1061
1001
1020
858
905
1002
977
1118
1095
1036
1100
1208
933
1163
1109
1060
1143
1261
1088
1075
934
1083
1095
867
1004
1114
902
1096
917
1074
1046
968
982
857
811
910
1065
1021
910
885
1070
956
1015
1045
1059
1080
1082
935
971
894
892
999
999
935
955
871
1037
989
1096
1019
989
868
999
1041
986
1158
922
883
1209
1058
985
984
1026
1068
941
964
993
985
1071
1055
1077
1117
989
909
994
1021
999
998
971
986
1096
1080
1104
1095
840
799
807
916
961
972
949
1090
1057
997
1081
995
1065
835
883
966
957
896
1238
1017
1072
1033
1006
1150
955
987
984
1047
1145
906
1186
1038
912
944
904
1082
1163
1113
1118
970
957
976
1045
1018
959
1370
1008
1263
1060
1094
1001
1004
1120
1090
1065
906
1079
975
925
940
996
1003
986
1044
931
980
952
981
948
955
1002
962
975
933
1049
1003
998
1021
1021
1164
1090
1003
1021
1392
1042
938
1022
1002
1066
1086
1078
1093
1090
882
1022
900
1093
978
1330
1000
1003
1032
1032
1064
1121
1079
1075
1056
1061
992
1002
935
953
853
862
1011
955
966
971
1021
1024
983
1010
949
927
989
931
988
999
963
988
1002
990
827
813
882
974
871
965
966
1020
1003
990
894
990
1067
878
899
900
1053
1122
1033
1071
957
976
923
1096
1122
1029
1013
1098
976
1253
878
1020
936
870
1056
1070
1002
1027
1024
897
913
941
859
927
927
1161
921
946
1131
1025
907
996
1072
1021
971
1014
966
1038
849
805
1141
925
1027
857
964
978
940
1031
947
1054
918
920
902
997
1154
1126
1210
1186
943
1140
1023
951
932
958
950
942
917
957
1031
1092
1142
911
932
1056
934
870
1049
939
873
984
1084
963
996
863
1057
1057
1055
1283
962
1067
1085
1087
942
1124
958
958
1240
947
1071
1071
1130
1237
1035
1127
1052
1117
1140
1211
1105
1056
1076
1083
1248
1179
929
1010
1127
906
1017
934
948
994
1101
942
899
988
1023
1028
1096
1106
1126
1090
998
1026
1079
1053
1014
1000
1059
1141
1166
1168
1371
1025
1054
1069
1097
1035
1141
1059
918
1121
852
988
908
973
991
979
1040
1038
959
987
1111
1102
939
1169
1021
1049
1108
978
955
919
974
934
1052
1124
941
998
1132
1120
1124
1071
1063
1077
892
846
914
966
972
982
1005
1064
1131
1001
848
991
896
981
1029
1007
1070
1042
990
1218
1140
1057
1035
1086
953
1021
1090
1053
1098
983
1053
1048
966
1143
976
970
970
951
1131
1014
965
945
1003
1002
1020
1042
946
1001
960
919
968
928
904
1100
1090
902
960
1027
1182
973
1323
886
914
999
981
1139
1044
936
912
931
1022
910
976
1026
979
1027
949
973
937
841
961
1048
1044
868
1012
1025
1039
941
938
943
988
929
972
1070
880
1035
905
904
926
819
1019
1037
1119
802
979
955
1079
1023
1128
919
1016
935
1025
900
956
1009
968
796
977
960
960
863
831
857
909
903
990
1018
1057
1030
1120
1062
1088
1127
1154
1103
887
927
950
959
998
941
946
921
889
963
978
1124
1017
950
873
1140
896
1123
864
876
1048
1050
1116
1065
1060
991
1147
925
981
1109
936
957
1106
1140
1027
1028
1019
1055
1119
957
1007
1008
978
1030
1037
989
1136
1008
938
912
941
1114
1006
882
1020
1045
847
1006
1064
937
904
1218
1010
928
1045
1136
988
1157
923
1087
1074
983
937
1029
1024
953
975
1079
891
1169
965
1078
930
779
1009
1068
952
932
1027
952
962
1062
947
1051
1140
1057
1181
1007
1079
1037
1039
986
1043
1031
1130
1007
945
1076
964
1008
1002
933
855
982
875
893
888
856
817
979
1003
1062
985
1011
1052
1067
975
975
1028
882
925
945
1091
985
1052
928
1100
985
1013
962
1060
908
1005
930
1041
993
1003
987
988
1082
864
913
1027
893
965
876
1022
929
1045
1089
869
932
869
1073
1070
1229
942
1004
929
1018
992
974
1024
1003
1057
1086
951
1043
883
1122
997
951
980
1011
1201
1106
1006
1032
1000
965
965
921
946
942
1203
1129
898
1014
1020
955
1003
1098
1101
922
960
962
979
1077
1049
912
1076
1090
1412
1138
1125
997
939
1000
1078
1008
991
988
880
1043
1016
1075
1007
1086
993
1159
861
975
1309
984
1229
863
930
1072
1047
1128
1082
1137
1034
1080
1007
1115
1037
1304
1103
1105
1110
1339
899
984
1003
1000
1040
1008
966
986
1017
1021
1020
928
926
1097
904
991
1115
968
1035
1068
940
1103
1049
1084
1056
1035
1203
1100
1228
1218
1079
1119
1064
1030
898
985
1065
1031
1043
1064
884
939
999
1208
801
957
881
1096
991
1138
1066
1066
1106
951
992
880
963
979
1294
1067
967
912
1041
881
788
1067
1023
998
1002
1046
1014
953
1076
1003
984
985
997
947
976
977
953
960
1106
1004
765
958
967
1095
779
867
968
1065
1162
1076
1033
1045
1040
1059
840
1061
1131
991
1069
1117
981
1094
1232
1079
1112
1018
916
900
978
1116
1013
1171
1064
941
1115
845
1180
987
927
1065
1077
1000
904
985
929
931
999
1029
1081
974
1196
1008
1044
1108
1020
1158
997
938
892
953
969
895
1103
918
1069
851
861
871
1002
880
1082
1053
968
1054
995
1035
925
938
1148
1086
1100
885
917
924
929
1135
973
1219
965
1127
1038
986
958
845
972
1072
963
956
884
1056
1068
975
965
983
1115
1129
1049
954
1043
980
975
1051
895
1090
969
1082
1043
953
883
919
1028
957
886
994
1071
1073
957
1115
1043
1041
1026
923
996
886
979
1005
933
884
1004
1024
1014
1060
1010
1084
880
846
951
984
1039
922
904
1029
945
954
911
1019
947
1039
984
946
855
946
880
1078
1090
1006
857
1090
1123
990
974
965
1006
943
981
1096
977
964
976
1107
1190
1119
1049
876
1038
1100
848
1158
950
1019
1035
895
1042
1003
961
1028
992
790
1030
1016
950
963
972
929
961
1083
825
1130
1017
958
840
1036
1163
914
1116
1202
993
1095
949
939
992
969
1102
968
1120
888
1074
1118
955
1030
986
923
946
951
949
1004
908
1066
990
1060
1108
863
1027
1105
980
1124
1013
962
811
949
856
1069
1162
968
1048
1045
956
1019
1016
1048
992
876
1147
895
1138
981
897
924
1036
1078
973
917
1048
1108
999
1036
1035
870
907
1018
1177
924
973
1126
1096
1127
1191
1015
1059
1135
1602
778
1035
912
1135
1172
919
1106
985
944
1108
1031
989
965
900
1069
1047
1081
923
985
981
1135
1143
1037
972
983
1027
965
1058
931
942
961
1009
1100
1125
948
1011
1011
1124
908
1175
930
1055
1083
1068
1075
939
999
1086
891
1066
1155
1004
1093
868
1069
1119
884
1002
1040
1068
948
1054
957
1158
972
1124
1048
1074
1110
966
833
911
979
1203
1003
1082
1107
959
1178
1274
1124
1008
1051
964
986
952
1113
1159
1062
978
868
871
982
985
945
934
927
1234
1146
1108
992
970
974
1015
1028
1244
971
1055
987
927
1012
1254
1038
1019
940
1083
1233
1184
978
1169
1158
1061
1083
939
873
955
954
927
985
933
979
1130
1029
1133
1083
1090
1083
984
1119
920
1136
1154
1090
1100
1145
950
1472
1099
1142
1186
1140
1083
1093
1154
1048
1035
976
1054
1149
1135
1213
1277
1191
1295
1027
1122
1049
1159
996
1015
1028
1091
959
1121
1016
892
1066
1033
940
967
971
942
1111
1189
998
1128
1047
1064
936
1056
1063
1112
1074
994
1072
1004
902
929
1096
1092
1088
965
1057
1214
969
1021
957
1018
973
1049
894
1029
1122
1079
1026
1062
941
1004
1231
849
954
811
915
990
1154
1046
988
994
1120
1117
972
1143
1058
1261
1193
1021
936
1204
1068
956
1148
1089
1156
1011
1057
1122
886
1093
1210
1088
1029
984
1055
1034
1119
1034
938
1070
1091
982
1031
1075
1031
935
858
1032
924
981
1157
1036
900
1006
1017
972
985
972
997
1117
1037
1103
935
1162
1042
1381
944
1082
1095
1093
1202
1157
984
893
1048
1259
980
1066
1107
941
1131
1126
1051
1104
1187
1053
1162
1071
1022
948
929
1062
891
1016
983
962
993
1025
1069
965
1067
924
1347
942
1090
908
1057
961
957
950
920
1196
918
1070
899
877
1024
1016
1219
953
1126
1058
1397
1098
1162
1054
1051
1200
981
1078
1028
1135
916
1042
1128
1238
1050
956
1087
1066
1055
1135
954
1083
1087
880
922
1050
1024
945
1023
1010
1103
974
1054
975
1161
1093
1032
904
1018
1016
1231
1003
1081
1180
1026
1047
974
880
862
1035
953
875
865
978
890
1147
1081
974
1182
894
929
1062
1086
942
1030
1010
977
1022
1196
944
900
934
936
1040
1056
1018
975
1059
991
1180
1081
902
903
1030
954
1000
1063
1022
931
919
904
849
858
992
945
1009
880
957
853
1075
946
896
1029
985
913
878
1036
885
821
1074
901
980
900
915
931
905
1097
978
1215
1060
908
1085
883
942
969
987
969
990
864
884
1051
1074
1163
999
864
943
847
954
812
967
949
1042
1047
993
1065
989
1224
1074
823
1031
898
895
1005
1153
981
988
938
1102
1155
1044
1025
977
1124
918
1061
1059
1032
1013
1108
1142
1156
957
944
1136
1001
1135
1009
1101
1007
1053
1222
911
966
887
1105
1113
1109
1117
874
1070
951
1116
1089
995
1099
1042
879
1012
873
924
1089
1120
1067
1032
1045
1097
1150
910
957
965
1239
1114
1130
1169
1383
991
1201
1146
1267
1129
1008
986
1073
1130
908
1084
1127
940
1038
1319
951
1060
1056
996
986
1087
1196
967
1072
1030
871
1051
763
932
960
1062
988
984
1154
992
1113
986
1100
1036
1000
912
912
1133
888
951
947
938
1039
1019
953
890
891
833
1005
1058
1002
1008
1116
1107
1002
957
963
887
832
956
982
1016
1066
1053
968
887
1004
1074
989
1028
1094
1108
976
957
993
1047
953
1064
1010
1040
1103
999
1026
969
974
1089
1136
1113
1034
987
845
1011
1026
1004
972
976
1070
980
951
1017
881
899
952
948
1105
1115
1103
1229
1034
1089
1120
928
969
1017
1023
984
1040
1012
1125
1270
1055
838
1074
1088
1155
1029
1074
1224
987
991
1009
1049
1174
1124
896
1186
1099
986
1188
1016
965
1181
993
977
1034
1070
939
978
993
1216
1124
1027
1001
958
1258
1138
1213
1122
1368
1079
1028
1107
998
1235
985
1073
1129
1222
953
802
1007
1269
1270
1010
1065
1091
964
1128
1160
1150
927
1114
1022
1117
1147
943
942
1020
1004
993
1010
1034
1093
991
1049
1002
1003
927
1095
1042
932
1081
962
997
957
904
1149
1158
1098
1131
961
977
1068
933
1100
1162
1049
1019
1033
1515
1164
1182
1044
1124
1375
1002
1011
1150
1252
1077
1078
1091
1025
1188
1065
1034
1075
905
962
1049
939
954
1083
1225
1161
978
927
1138
1163
1017
894
1217
1080
1360
1092
1105
1118
1071
1066
965
1006
935
894
1069
1137
1084
1015
1120
982
1033
1052
999
933
1085
1022
1125
1059
1075
964
964
1083
1047
1011
1003
946
945
941
1109
1112
1076
1166
952
1041
869
944
1010
968
902
1046
1058
1136
880
1209
1056
1055
989
899
1112
1110
996
997
1081
1464
1018
1047
1054
1129
1134
928
985
908
1153
1058
973
1021
1072
973
1124
939
958
1022
1024
1022
964
985
1067
1127
1185
847
1060
1022
827
991
909
1137
895
934
848
1201
1031
846
912
1031
985
998
1059
874
1088
1081
945
1097
1005
946
972
1040
1306
1134
1203
1059
992
1115
1083
1217
1080
1098
1076
995
1000
990
894
881
937
1049
1065
957
1091
1120
935
1027
988
1302
1129
1009
945
987
1026
961
1089
983
888
1253
1346
1028
1263
1107
1017
1058
1195
918
1071
1109
970
1018
902
976
936
947
1065
1001
1038
930
1048
1054
1050
964
1044
1035
1086
887
1154
910
1000
1027
1050
1025
1118
1285
1267
1152
1108
966
913
932
1114
1110
1097
909
1036
1008
945
865
1001
978
1033
947
994
1029
858
1199
1199
1043
866
1042
967
983
1023
1036
1084
896
1157
996
1139
917
1007
1094
1151
1118
944
958
1085
1096
1064
1011
1065
993
1045
1240
974
1110
1019
1029
1190
934
1180
973
1028
973
1019
1191
1040
917
1014
912
1051
970
1149
1033
1174
1042
1033
1076
1106
1045
1189
1328
1014
1039
1081
1129
898
959
1083
901
1042
1077
925
936
1067
1089
1140
943
1133
1146
988
916
1058
1279
967
1005
1041
972
1122
948
931
1061
1089
988
1017
1133
954
960
1006
1145
996
1198
1043
1019
1106
1102
1194
1189
998
1120
1000
783
950
1000
912
1158
949
959
1167
1042
1042
1051
1009
946
944
950
1090
1017
976
1112
1054
1074
1143
1079
988
846
1031
1038
990
1111
1163
995
1064
1199
1182
1055
1128
1006
1227
1230
1190
990
842
1018
1160
1089
990
1136
1040
1125
1051
1046
1127
1238
1025
1040
1041
1079
973
1141
1084
1111
1356
1262
1069
1135
1098
962
1058
1027
974
1161
1134
1043
1195
987
1024
942
1058
1132
1108
1087
1071
1069
1082
888
1099
979
771
1062
1076
1162
1006
1097
1011
1140
1221
1052
978
1117
1114
1038
1025
1146
1022
958
856
1046
1211
1124
1100
1113
968
887
1108
1104
1072
925
878
1038
1090
1016
1222
1037
1011
983
1083
1063
890
991
1125
1027
1142
1131
961
949
950
1120
1028
1197
968
1044
1115
1020
1009
1012
1042
1101
1067
964
1070
1041
1009
1142
984
1124
1090
964
1213
1062
1012
871
886
1029
1021
1029
997
954
858
982
1054
1217
959
1042
1070
1179
1071
1099
1138
951
973
1028
1027
972
1055
1013
994
1115
1255
994
1036
1224
986
1037
938
1082
1138
1169
1057
1005
1120
993
1044
1009
1081
1135
1040
1101
1211
1138
923
947
1093
922
1097
1041
1188
1098
965
1149
1189
1050
973
1038
1204
1134
902
955
1050
1182
1007
1007
1266
1276
978
1064
1104
842
982
1035
979
1151
998
1056
958
1019
1034
1040
957
1081
952
1096
954
1088
1086
1030
1079
1150
1184
983
1019
966
951
1136
1111
1030
1011
963
1267
1067
879
1091
779
882
1079
1010
1075
967
972
1203
1057
1001
893
1000
867
1013
972
1069
1072
1107
1127
1036
1293
949
1063
961
1055
1085
1128
1073
1005
1044
1029
1241
1117
1062
905
1040
980
1034
1042
1090
1094
919
1154
1064
1131
1035
926
980
947
1039
982
1102
1146
1062
1008
1005
1088
899
834
1033
1129
1043
1021
1077
1043
1187
1029
1024
1029
1101
1090
1017
1027
1099
1033
1048
1149
901
1124
947
960
980
991
1050
1068
1081
1118
1367
1046
949
1190
975
989
902
945
1036
845
914
1128
1198
1099
1043
873
928
928
964
1109
1035
902
985
1124
920
1029
1181
1114
1225
1150
931
937
968
922
934
1111
977
1049
1025
1028
1024
1157
1099
961
1021
851
1092
972
1039
1147
1010
1110
1039
965
1160
994
1104
1096
1106
1007
1183
922
929
1052
994
989
1140
1147
1058
1055
1169
1019
917
1087
1064
1073
918
1019
998
930
921
937
1088
1091
1131
1230
1034
1008
929
1155
1060
1004
1058
958
1163
1005
938
1030
1037
1088
1067
1096
896
1181
952
1147
1042
1009
1068
989
1160
1115
996
1162
1030
1071
1069
1087
1314
1186
1192
1092
1087
915
1026
1005
1003
968
1018
1017
1037
1098
1047
930
1089
1018
917
986
1112
993
1017
946
883
1053
1009
1168
950
948
949
1054
1038
1028
902
1047
962
896
1061
887
903
984
944
1109
1054
935
877
975
1062
1066
1065
1123
1038
972
971
1057
1015
933
1093
1023
1036
1032
1063
1121
964
1051
1030
1146
1157
1041
1064
1035
1061
1004
977
1017
1073
1097
987
945
1117
1053
1133
1036
1050
1286
1231
994
1018
1042
1093
941
1070
929
1092
1232
1001
855
1028
988
1131
1116
1085
852
1232
1111
1049
1125
1084
1015
1118
1153
1052
838
1061
1082
966
989
1136
1061
1126
990
1159
1101
1231
1074
951
921
925
1177
1060
1143
1120
1234
1159
955
1137
1183
928
962
1065
975
1154
1092
1229
1177
1137
980
946
913
943
1013
1107
993
954
1160
1158
1029
1179
856
954
1039
1026
1117
1090
926
995
1092
1018
1061
1161
1006
1164
1205
1070
981
1082
956
984
1120
996
890
913
1053
1155
1140
1193
1054
1154
1090
1294
1066
1227
1150
1001
1084
1479
1231
1018
1096
1107
1118
1048
1164
1196
1084
948
945
966
985
968
1151
1039
1002
1093
1037
1100
1097
994
1059
938
1003
1085
1124
1092
909
1018
954
1157
982
1083
985
938
1022
1014
1066
1021
1160
1016
1155
851
1049
1020
1228
1186
1055
1140
981
1103
973
956
979
989
1083
1041
925
1062
961
1010
1106
1170
1065
1037
1170
1048
1144
969
921
1040
928
937
1071
920
949
992
971
1133
1017
1079
930
921
1008
1039
954
1056
1054
1052
1012
1198
1141
1101
1010
961
964
1110
1024
1059
1037
1081
985
909
1088
973
1093
974
1047
1010
847
1168
986
1005
898
898
1023
1001
1032
1031
1030
1088
1055
1079
1092
883
968
1052
1017
1156
1036
1095
1184
856
844
955
1093
1047
1076
1066
988
1147
979
1126
1223
917
929
976
1095
1170
1200
1153
1061
1207
1080
932
1064
817
1065
1062
1044
1177
952
1130
951
1015
1047
1082
1127
1244
955
1253
1079
986
1111
1058
1093
1099
1047
1159
1014
1033
1081
1148
1143
969
1109
992
983
1034
1144
1111
1115
992
1119
1106
1161
1129
1042
1020
1159
1149
1070
1059
1041
1135
1177
1085
1100
1041
1076
1005
1068
961
1018
936
1014
950
1086
943
1131
907
1223
1033
1108
1048
1009
1107
936
1047
850
1131
1169
1113
1143
1091
1203
1030
1072
1098
1225
1119
996
977
1107
970
893
1137
1097
1004
911
885
1127
1077
1132
983
869
1169
1068
1081
1058
1065
1048
984
970
978
997
1125
899
875
1132
1048
1129
988
1007
1137
1027
1274
1116
1113
1047
1050
1082
1340
1103
1108
1309
1185
1037
1068
877
1009
984
952
1147
1092
1153
1136
1146
897
946
975
1129
873
1005
1144
1168
1091
1281
1052
888
1156
1099
968
971
1032
1063
1018
1115
1082
1039
979
1195
975
842
1059
916
1047
1123
1063
1112
1085
1086
1325
989
984
1078
961
990
974
1141
1049
1137
853
1135
870
957
1051
957
956
858
969
972
1090
1017
940
1072
1024
992
854
1089
1005
1070
999
983
880
968
949
1136
1024
1071
1115
1112
1033
924
935
980
1008
995
1099
925
932
1135
914
1049
1175
1200
1008
1257
813
913
1015
990
846
1170
1087
1016
1041
1048
955
930
922
874
1049
929
999
1030
1176
1105
1124
1205
876
846
1019
1014
1055
1029
975
1092
986
959
1056
1207
1108
1166
1012
1036
1033
1062
1078
1159
1192
1022
986
1078
924
1056
1119
929
1088
864
1098
1128
1098
1064
924
962
1061
1107
987
1027
973
992
1043
990
1102
1097
1158
1059
1062
1111
1101
1099
1075
966
943
1019
1050
1000
1006
1073
1047
1191
1131
977
1203
1051
979
1022
964
1103
1105
1100
1083
1010
1109
1013
1120
1089
1081
1113
1105
1069
1411
1143
1215
940
1056
1046
984
1052
1159
1248
1086
1048
1170
1050
1082
1094
945
1199
1175
1131
1048
1033
1139
1234
1085
1160
1177
1074
1079
1024
866
1105
1018
1039
1039
977
1101
1142
1055
1106
1027
983
962
971
1144
1138
1098
982
1074
1098
899
986
979
1053
1128
1022
1025
1071
1074
1074
1037
1071
858
963
887
895
1068
1025
1026
1029
1026
1059
977
1001
1049
1089
1050
1084
1066
1072
1179
1117
1169
1064
1104
1159
1079
1105
1000
1154
1160
1221
934
1148
1028
1191
963
1072
1055
1172
1100
1281
916
1092
923
1014
1202
1101
1145
1096
1100
985
1025
1108
955
1062
1092
933
1070
1184
1223
998
1082
1112
1045
922
1039
945
1010
1065
1199
1206
899
1085
1074
1054
1081
1023
988
974
1045
1137
1041
960
1018
1192
1067
1067
1019
1080
1001
1023
1081
991
972
1115
1103
942
1198
1017
1112
1021
1004
994
973
971
1073
1127
1227
1052
1009
1073
1025
1119
981
1035
1061
1079
1149
954
986
1107
1128
993
1088
1129
1414
914
1065
1210
1022
1170
869
1001
1147
979
1115
1052
1096
1097
952
1070
939
983
1026
973
1131
1137
1113
945
1091
1133
1036
1144
1018
1075
1287
1151
966
1015
902
1093
1144
1037
1018
1080
1050
946
1152
1105
1008
1044
1246
1076
1224
1007
1069
1024
1177
1211
972
1091
1081
1268
948
1012
1053
1119
1188
1179
1161
1050
1051
1195
1065
1117
1101
1081
1101
1002
1044
1044
1000
891
1212
1086
1186
998
1107
1102
1047
1062
955
865
1153
1037
990
1058
1058
1080
1131
1232
1019
1126
1014
1175
1000
928
1129
1226
1372
1002
1126
1021
973
1019
1016
1047
1121
1209
1078
1070
989
1085
994
1004
985
1097
987
1010
1065
952
1170
891
1062
1170
1180
1145
1091
1039
1171
1246
1000
1163
944
1046
1035
1028
846
1134
1051
919
1060
1042
1017
1110
1081
1078
1126
1033
929
1131
1010
948
1006
1108
969
1133
903
985
1103
1184
1188
1031
1058
1059
1036
1000
1091
1176
1191
1252
1126
1451
1166
969
1106
1205
1097
908
1207
1229
1142
1102
1007
1022
1019
927
1096
1097
985
893
1069
1085
1038
1026
993
896
926
1053
798
973
1047
1042
1046
1189
1064
1261
948
1148
1009
1127
1088
1204
1175
1003
1278
1324
872
1020
1223
1068
1066
1066
1006
1067
984
1121
1091
958
1076
795
1060
1107
1076
1128
1143
1120
951
1047
1051
1115
1023
987
1091
1056
1107
1018
1267
994
1084
1138
924
1036
951
1018
1157
1094
951
1123
1049
1218
1101
918
903
1106
1141
1101
957
1146
1043
1091
998
899
1043
1003
951
1131
1082
1042
969
1110
895
1077
1106
1088
1091
1145
1108
1110
946
957
1065
1113
1147
995
890
1114
1047
1012
1112
1144
1050
1086
1124
1117
961
1191
920
962
1242
860
1051
884
1144
980
959
1051
1068
977
792
1119
1021
1119
1076
1000
914
867
899
903
993
994
995
1030
1068
1093
1068
937
1029
1084
963
1010
995
1137
974
1088
932
893
897
978
983
970
1061
957
1074
975
965
903
1131
1050
954
1080
998
956
883
976
916
945
901
981
1119
961
1080
945
1119
978
924
918
1053
1146
1025
1151
1141
985
993
1115
1070
1128
1045
1066
983
1021
957
967
1020
940
944
1048
977
1205
1089
900
974
1062
983
1029
999
969
1110
895
1142
823
862
902
931
1063
1000
1022
1034
1014
1170
930
857
809
974
836
942
1129
1055
949
1068
900
1022
927
916
1125
985
1026
885
979
1042
1058
1082
1035
1015
1126
1056
1124
990
1082
976
1056
1130
1134
1071
1090
1055
1117
1089
1181
1015
943
886
1334
1142
901
1135
1084
967
1070
1047
1174
963
1159
1045
1030
992
1205
1055
1032
1173
1066
1016
1139
1139
990
1062
1022
1028
1013
1066
1242
1247
923
1079
841
1082
888
1011
1151
1011
1046
987
1181
970
1134
1151
1205
1223
1018
1034
904
1005
1102
991
1047
1196
1152
1267
977
967
1066
854
1157
1128
1038
1083
1174
1157
1032
1040
1024
1034
1003
1123
995
1035
921
961
1189
1190
1069
1203
946
1000
1059
966
1077
911
1066
1066
1061
1156
1010
1017
976
1195
1231
1082
1011
1028
1144
1069
1006
1107
1178
1075
973
1277
1051
1226
1113
1207
932
1006
1073
1304
1186
1136
1111
1123
925
1083
998
1091
1420
991
1086
1115
1174
1088
1066
1094
1263
954
1019
974
926
959
1087
1025
1086
1052
1147
935
993
1079
1123
1024
1062
1067
1042
1169
1000
997
900
943
1054
969
984
1032
1174
1084
1126
1039
1095
1069
895
1267
1046
1015
1139
944
1109
1061
1157
982
1014
1006
1062
1077
1014
1086
1133
1088
1110
1117
1036
1134
999
1092
1072
1037
1117
1009
1081
1078
995
1066
1037
1134
1229
1231
1059
1166
1010
1064
960
1048
1091
927
989
1132
1164
1162
1209
950
1325
1030
1183
1145
1258
1303
1187
1227
1069
1197
1047
1005
1060
988
1007
1143
1107
959
1278
1057
1038
1076
876
1087
1042
970
1111
1113
1138
1377
961
1046
1123
1144
965
1138
1086
1053
1156
999
1005
1060
1155
987
1097
1181
1082
1052
1106
902
1002
1206
1083
985
1128
1003
1033
1189
929
1275
1231
1152
1135
1365
1292
1024
976
1287
1015
1151
874
1032
1161
1095
1135
1033
1199
1214
1201
1214
1113
1040
1097
1049
1191
944
1100
996
980
988
1048
1031
1182
1092
1124
962
1104
943
1264
990
1106
1073
920
1028
834
1170
921
1105
1080
1069
1104
1019
1247
1021
982
1128
942
984
1090
1045
1056
1064
1155
1295
1120
1007
1076
1047
1095
1029
1144
1588
863
1172
1171
913
1110
1113
1061
986
1123
1085
1045
1024
989
1048
963
1044
1005
989
1146
1072
1119
1182
877
1116
937
1075
1129
1073
965
978
1006
997
1028
1116
1062
1023
1012
1168
1107
1013
942
1057
1026
1032
1087
987
986
1233
977
885
856
1053
915
876
952
1097
1053
1042
1167
868
1060
914
996
940
1110
1006
889
1066
1162
1046
980
1089
1003
935
1006
1095
1347
1230
1080
1144
961
1041
989
1128
991
1041
1075
1087
960
1125
1067
949
1065
1049
921
1012
1040
955
962
1119
1082
906
954
923
1020
1152
1041
990
1053
1027
1026
976
901
879
1043
887
885
976
977
1115
961
1097
942
1145
1219
1019
978
1051
1253
1156
1020
1278
1047
989
1087
1078
1254
1024
905
937
1038
1138
1206
1107
949
938
1082
1086
1000
1014
1046
1000
1162
968
1190
1211
1126
1126
1076
1166
1150
1284
1255
1189
1073
1235
1094
1394
1054
1071
1239
1348
994
1057
1115
1134
1160
949
992
1128
1093
1177
1114
951
1068
1109
1191
1230
1237
1168
932
1008
989
1011
912
1064
984
1095
1087
1181
1130
1021
1034
1093
1240
1048
1064
1160
1068
1080
1041
928
1209
1029
1151
1127
1089
1031
1049
1106
1098
1198
958
1310
1157
1126
1126
1023
1107
1161
1075
1416
1207
981
1379
935
1099
1004
1052
1102
1060
1066
1084
1039
1104
1098
1008
1026
986
949
982
1076
916
1153
1143
1114
1075
1179
1276
995
1008
1057
994
1061
1016
859
1093
975
1085
1197
1036
1204
1114
1023
989
1131
966
1034
1081
1110
1159
1178
1035
1182
1018
1045
894
993
1050
1313
1101
1094
1095
1062
1126
1031
1006
1133
1148
1050
1172
992
1202
1145
959
1037
940
1176
1185
990
1020
1125
1132
1184
1029
1061
1034
1070
1116
975
1077
1076
1041
944
1212
1043
1034
1104
1140
959
1078
1048
1019
1173
954
1117
1060
1203
1196
1062
1069
1015
1121
1083
1198
1114
1006
1027
1018
980
1066
1029
1246
1014
1074
1048
1172
1190
1084
1050
969
1048
1048
1038
1086
1014
1020
1202
1091
1040
1216
968
1197
1029
1011
1034
980
1105
1054
1235
1137
947
1089
1051
991
1036
1083
1112
1049
1186
1045
1134
907
1007
920
1060
925
1018
1109
922
1049
1024
1127
1071
1135
1113
1128
943
1056
1072
917
999
870
945
1046
990
1168
964
978
1091
1221
1045
1086
1039
999
1249
1331
1003
1017
966
1125
1115
1061
1089
1216
901
1042
1181
1191
917
963
1106
988
1103
1340
977
1156
1075
1191
1240
1076
1096
1149
1034
958
1186
951
979
1115
1048
1102
953
1078
982
1267
1047
1107
1131
1038
1055
1044
1149
1080
1030
1008
1076
1004
1090
1122
1148
1156
971
1025
1173
1123
964
1033
1057
1128
1131
1187
873
972
1183
1006
1041
1094
986
992
900
1111
958
1112
1012
1193
1102
1270
1156
1058
1061
1072
1074
1124
940
1164
996
1001
1054
1222
1036
1114
1272
1275
933
954
1012
972
993
1033
1081
1050
1049
1080
1128
1139
1061
1013
1011
1063
937
1216
1053
1066
922
1006
874
909
936
1006
1138
1178
1094
1102
969
1105
1086
930
1154
1045
994
1159
991
1050
1036
931
1089
1097
1146
1068
945
991
1042
1169
1124
1136
1127
958
1084
1365
1017
1027
1136
1162
1046
1087
1094
1034
929
1024
1031
1205
1080
977
1177
1172
1040
1124
1019
1244
1005
1046
1332
1114
1035
1111
1207
1022
1130
1143
1310
1059
1093
1123
959
1091
1305
1045
1016
985
1154
1120
1079
1061
1026
1005
961
1066
998
1052
989
1160
1107
1011
1035
1008
1071
983
1213
1022
1130
1204
1251
928
1073
1185
1173
1120
1337
1112
1152
1009
944
947
1035
907
1073
1011
956
988
1080
1021
1101
1220
1306
992
1009
1151
1010
1151
958
972
1134
1281
1334
1048
1128
1217
1132
1192
956
1132
1171
1439
1061
1094
1100
1262
1092
1067
962
1012
1083
1044
975
1185
1015
1117
1014
997
1200
1029
1055
1114
1019
1011
1110
969
1163
1062
939
941
901
990
1082
1105
1192
1106
1217
926
1190
1010
1067
1044
939
945
1117
1069
1142
1154
974
1082
1022
1103
816
978
1133
1093
1093
995
1061
1085
1127
1086
1062
1051
1051
995
959
1030
1008
994
1084
966
1027
1039
1048
1149
1174
908
1155
1143
1083
970
1015
1333
1074
1116
1000
1028
1108
1006
1076
979
1117
1297
1141
1354
981
932
974
1110
1140
952
921
951
824
1144
910
1022
1035
1074
1136
958
905
1015
1302
1088
1262
1036
1107
1078
992
993
1005
1223
1023
1002
823
1053
1019
1083
1099
1001
1050
1168
1131
1257
1053
1003
1071
1060
941
1043
1154
1213
1178
1216
1016
1018
1019
1362
1107
1069
1129
1045
930
974
1154
1134
1160
994
1048
1095
1162
1585
1339
1147
1126
1012
1177
1048
1122
1114
1112
904
1102
1063
1204
995
983
933
919
1089
1022
1155
1163
1122
1000
1161
1136
1562
1218
1044
1019
1107
1101
1245
1107
1191
1045
1000
969
1155
994
1144
1017
1038
1156
1070
1002
1048
975
1072
992
963
1107
1117
1041
1113
1068
1045
901
887
1114
985
1189
1208
1133
1033
1114
909
1007
1124
1136
937
1132
1128
1136
1200
1029
1027
966
1114
1259
1025
1002
1061
950
1164
919
1001
1080
1022
1019
1135
1153
1035
1219
1000
931
1020
1040
1207
982
1097
1020
999
1014
1166
1161
1157
1054
1145
1046
1111
1033
1004
1032
1017
1061
1212
1076
983
1045
1152
1015
1127
1137
1116
1068
1126
1170
981
1030
1069
968
1098
1029
811
989
1072
1145
1012
966
1165
1085
1067
1157
1007
999
985
1141
1104
1086
988
1064
1185
1233
1108
1256
1107
1013
1048
1130
962
1165
1053
1133
1139
1043
1030
1003
1054
1286
1044
1008
977
1068
1086
933
1034
1012
1329
1150
1269
1167
1171
1158
1242
974
969
1078
999
1098
1038
1093
1122
1150
1145
1009
1202
997
1050
982
1013
1118
1250
1186
1051
1201
1110
964
1088
1228
1099
1013
997
1061
1039
1072
1031
1087
1169
1022
1056
1086
1110
1166
1204
1134
1062
1016
1190
1157
1013
1050
1084
1033
1051
1122
923
965
1002
1175
1138
1021
1103
1139
1113
1124
964
1157
988
1100
1041
1085
999
1108
1165
1135
1070
847
1109
1163
1000
1096
1303
1106
1022
1022
1074
1025
1145
1173
1053
957
1154
1050
1062
1062
1125
1032
957
1116
883
1132
1142
1061
1067
1003
1111
984
988
961
1143
1035
1056
1235
1135
1076
1133
1138
1037
1153
981
993
1032
1126
986
1200
967
1230
1134
1166
1019
1139
946
1001
914
1149
1017
1030
1070
1036
1068
886
997
1214
1168
1116
1112
1143
1000
1229
986
1262
1179
1017
1036
1285
1170
1227
986
1002
988
879
1033
1041
1034
1038
1086
1086
967
1049
890
954
926
1054
1057
1093
1093
1134
1080
956
1097
814
1061
961
1049
1089
1023
1123
1014
879
1004
1125
1018
1030
1018
1006
1044
1047
935
945
1016
1054
1008
931
985
1110
1032
1037
966
972
987
1103
983
957
1029
1032
976
982
870
962
1158
963
945
1061
1005
1030
1083
1137
1071
1022
1209
1219
1058
1011
1124
1047
1217
1165
943
1076
1030
1018
1037
1024
1050
1175
1201
1178
1141
1246
1312
1206
1155
1038
1077
1056
1054
1033
1039
1156
1209
1058
1098
1156
859
970
1088
1091
976
1070
1234
965
979
1209
1101
1116
1127
1166
995
1028
1056
1151
1058
862
1041
1122
1239
1129
1034
1170
1395
1226
1019
1282
1177
910
1197
1070
1196
1006
1145
1151
1285
965
976
1246
1146
1567
1306
1233
1119
910
1099
1234
1341
1073
1111
1118
1095
1068
1067
1099
1015
1184
1038
1093
1038
1134
1007
1040
1161
1181
1189
1067
1214
1042
1138
1047
865
1100
1098
1133
1196
936
1174
1011
1188
1106
1135
1056
1228
1147
1062
979
978
1085
946
998
1001
991
1215
1094
1104
1220
966
1060
907
898
924
1134
936
980
1024
952
1011
904
1009
1049
1100
1154
1017
1089
1007
1036
1120
1106
1137
1029
1157
1063
1078
1061
1061
998
984
987
1001
1090
998
984
934
1098
962
1027
1078
1164
1113
986
1336
1037
1104
1116
1015
1120
1024
744
897
1088
972
1272
1037
1037
1084
1239
1197
980
1191
1011
954
901
991
1062
885
940
1012
1054
1094
1116
997
1015
832
997
1137
1155
1053
993
1176
1213
877
855
983
1070
987
1164
1041
1087
1186
863
1081
1095
1020
1197
927
1045
1083
1213
975
1200
1148
1024
1196
1049
1089
999
918
1015
1141
974
1068
1074
1135
1112
1106
1059
1229
1113
1337
1008
1158
1267
941
858
1130
997
990
1019
1037
1164
1083
1056
955
969
870
900
924
1085
1051
1112
1088
918
1176
997
894
1137
961
1171
1023
942
928
989
1118
1146
991
990
1155
885
1026
903
1100
1102
954
1180
1087
1152
934
1164
972
1043
1166
1179
1050
1133
1030
1137
997
1052
1151
1020
1036
950
952
987
1012
1113
1011
910
1093
1081
1117
1086
881
1202
1124
1087
1030
1252
1350
1061
1113
1157
1053
1069
1136
1115
1090
951
961
981
1002
1086
1165
994
1086
1027
946
1125
962
1006
1204
1118
924
1069
1127
1077
1148
1134
1182
1054
1089
1070
1246
1214
1109
1006
990
1133
1124
1010
1122
998
1158
1141
1041
1181
1255
1065
955
1079
994
1288
1065
1066
1159
1173
1116
1056
1188
1179
1191
1109
1079
1126
1210
995
1012
1103
1107
1107
1132
946
1111
1120
986
1100
1056
948
1153
966
1117
1130
1016
955
1083
1094
1036
1084
1270
1116
979
1075
1013
1120
1131
1058
1062
953
947
1006
1035
1145
1055
973
993
1158
1245
1101
1042
1099
891
1080
991
995
1132
1005
1125
1142
1047
1019
1042
1088
1148
1133
1149
1298
1113
1179
1165
954
1068
1278
1027
984
1032
990
1067
1186
1156
1007
1071
1027
1276
1073
1044
873
1069
1152
920
1013
1078
1166
1168
1009
1160
1034
983
1133
1152
1057
1013
1061
1199
1189
1083
1297
1146
1113
1264
946
1153
1002
1142
1182
1309
1195
978
996
1076
1121
1013
886
885
985
1078
1172
1038
1332
1155
1191
1132
1196
1125
1022
1067
1084
1075
1079
1139
1053
1046
1009
996
1031
1153
1138
1103
1052
1076
980
941
1038
1165
1038
1021
979
1113
1037
1145
1030
1222
1153
1066
1109
1057
1152
1274
1006
1054
1128
1204
1076
1014
1043
1094
1157
1295
957
1258
1141
1165
1177
1059
951
1078
1095
998
1017
1072
1122
1073
1089
1189
1122
1014
1180
1111
1023
974
1003
1100
1102
1122
1072
1023
979
1135
1062
949
1094
1057
1061
1134
1001
953
1042
1156
1109
1201
1092
1163
1064
985
1388
1079
1092
1084
1023
1069
1152
1082
1148
1112
1075
1001
1062
1069
1007
924
971
1178
1033
1180
1185
1128
879
1045
1056
1014
1399
1028
1247
1105
969
1156
940
1186
1044
1122
1042
1134
1129
1130
1114
1137
1194
1190
1057
1488
1168
1166
1092
1195
1267
1213
1302
1031
1306
1055
1055
1115
1049
1187
1248
959
1112
1005
1056
1021
1107
963
993
1120
1054
985
1049
891
1004
1034
1146
1115
1119
1084
1131
1084
1153
1061
993
1097
1049
1169
1000
1257
1054
1172
1102
1063
1167
936
861
1071
1032
1098
1028
1064
968
1098
1206
1175
1174
1081
1164
977
1149
1135
1120
1000
1092
1086
1151
1071
1208
1186
1132
1095
1008
1162
1022
1140
1030
1137
1120
1225
1114
1050
1123
1182
1094
1131
1211
1031
985
1072
981
951
1075
1048
988
1034
1082
1120
1014
1043
1191
1138
1163
1294
1200
1163
1377
1330
1232
1084
1202
985
1098
1042
957
1086
1119
1144
1242
1165
1088
1222
938
1017
903
1026
1060
1199
1117
1136
1041
995
973
1008
1151
1078
1135
1263
1027
1027
1144
1162
1210
957
958
1041
987
1022
1154
854
1043
1182
1191
1047
1033
1184
1054
1053
956
1111
1026
935
1018
877
941
943
1046
1115
1125
1068
1089
1050
1117
1202
1044
972
1148
1160
997
1099
953
1174
933
1211
1231
920
1069
1197
892
1154
1231
1047
1094
1263
1099
1070
1075
1018
1077
1148
1090
924
1050
1063
996
1033
1175
1059
1038
920
959
1168
1023
1056
1248
1064
1113
1110
1059
1343
1056
978
1173
1146
847
892
940
1011
1035
1038
1043
1142
876
1046
954
1219
1033
1192
984
1119
920
1107
1058
1024
1045
1205
950
1118
946
1029
1073
1012
1023
1105
1130
1108
970
934
1050
1057
1013
1151
980
1005
1009
1337
1070
1095
963
1074
1239
1037
1023
1165
1128
998
994
1178
1028
985
1130
1069
1003
1017
966
1092
1050
956
1206
976
1095
1228
1014
1141
1094
946
945
1050
940
1003
898
1110
1069
1167
1082
1091
1028
987
963
1061
1061
920
894
973
1045
1078
1197
844
1052
966
1092
1008
1068
1113
1037
1032
1115
947
1166
1158
1045
1110
983
895
967
999
965
971
1079
1084
983
1075
971
1109
962
955
977
1078
1047
1109
1384
1037
1111
983
985
1221
1106
1085
1103
1191
1020
1029
960
1138
1153
1122
1147
1061
1095
1123
945
1329
1182
1104
1084
1028
837
1045
1017
938
1083
987
991
1086
1192
1122
1100
1020
1111
1102
1145
1122
1083
959
1169
1090
1089
1073
1056
1150
944
1164
1225
949
1058
1174
1100
1035
1105
1087
1092
1048
1094
1089
1164
1112
1067
1032
1180
1242
1138
1076
1104
998
1129
1074
1005
1209
1125
1093
835
973
984
1139
1093
1191
1125
1114
994
1149
1063
946
1160
1156
1154
974
1030
1363
1276
1015
1074
1163
951
1011
1099
1028
1061
1018
1066
1057
1158
1090
1121
1000
1223
1073
1089
986
1084
1303
1118
1168
1080
1071
1200
1117
983
968
1087
1117
1060
1128
1193
1140
1054
1017
993
1149
1030
1106
1056
1024
1112
999
1014
1208
1101
1069
1101
1058
1109
1152
1017
1155
1042
987
1082
1139
1116
1024
1182
1102
1171
1130
1253
1146
1284
1070
1082
1055
979
1099
1095
1189
1207
1136
1113
1208
946
1296
1057
988
1094
1110
1291
1026
1064
950
1039
1044
1259
1096
1187
993
1301
1091
1218
971
1190
1020
1168
1019
1010
910
1112
1248
1198
1112
1069
1102
1122
1093
1004
1046
1139
1078
1132
1136
979
1072
1155
1144
1050
1100
985
1185
1317
1239
1103
930
998
1029
1151
1234
870
1009
1010
1011
1168
1239
1103
1142
1196
1143
956
1105
1106
1113
1066
1060
1036
1071
1116
1275
1362
1114
1151
1170
1291
937
1288
1101
1041
1157
933
1000
1161
1063
1103
1183
1054
1063
1255
1080
1217
1207
1112
972
1113
1084
1160
1142
1192
1085
1067
1149
1260
1151
1152
1248
986
1012
1026
1044
884
1081
1046
1106
1207
963
1138
1090
1191
1288
1113
1126
1132
1039
1141
1072
1099
1088
1085
1194
955
1156
1186
1119
1153
868
1158
1159
1212
1102
1062
1026
1177
1089
1121
1032
990
1110
1236
1277
1155
946
1137
1085
1079
1261
1133
1017
1033
1020
1020
1084
1006
1020
890
1178
1076
1103
1073
1116
1239
1053
1117
1115
1182
909
1120
1055
1058
1172
957
980
1109
952
1087
997
1165
1217
930
1103
1006
1117
922
1040
944
1035
1049
1270
1358
1152
1219
972
1049
1029
1103
829
1017
925
1119
1132
1051
1251
1041
1257
1151
999
1016
1177
1067
1219
1152
1058
1165
1091
1076
1113
997
1054
1207
1067
1150
1160
1122
929
1001
1103
992
1040
930
1113
1046
1109
1106
1166
983
1179
1321
1175
1038
1066
1106
1269
1225
1078
1186
1148
955
1116
1123
1020
1273
1126
1094
1045
1120
1263
1222
1040
1005
1113
996
997
1001
1087
1102
1112
1066
1180
1202
1018
1031
1033
1159
1069
1270
1139
978
1134
1114
958
1187
1042
995
1166
1073
1222
1225
1135
1073
1003
964
1158
1004
941
1072
1237
989
978
1052
1111
1219
1117
1156
1033
1162
1063
986
1020
1015
1053
1066
1223
1202
1033
1101
1161
1095
1131
1229
1001
1167
1035
1000
1056
1063
1007
1150
1067
1022
1026
1094
1194
1217
1095
1098
1141
1001
1101
1186
1104
1043
1099
1043
1172
1232
1236
1048
1036
1002
1126
1077
905
1089
1147
1187
1121
1123
1112
1026
1071
1173
1178
1035
981
1188
1303
1236
1171
1082
1071
1095
1140
1005
1138
1108
1031
944
1050
996
1131
1134
1138
1104
1176
1111
1235
1070
1133
1086
1309
1150
1075
1015
1177
1060
1114
1141
1128
1044
1197
1127
1196
1206
1091
1077
1124
1233
1180
903
1047
1134
1013
1245
1142
1139
1148
1110
1126
1206
1067
1152
969
1066
1206
1186
1102
1129
1192
1190
1084
1314
1212
1051
1135
1145
1050
1187
1048
1180
1101
1142
1066
976
1025
1307
1220
1062
1063
1115
1271
1045
1114
1061
1193
1010
1216
1113
1093
984
1197
1226
1139
1039
1175
1128
1244
1149
1007
1005
1121
1148
884
1168
1144
1224
1080
1240
1069
1245
1126
1049
1055
1050
1020
1129
1072
1063
1134
1134
1142
1044
1060
1157
1060
1188
1231
1250
1281
1289
1423
1257
1200
1318
934
1138
1016
1020
1119
1124
1254
1112
1175
1235
985
1084
978
1208
1032
1207
927
1182
1109
1481
1210
1070
1045
1139
1178
1049
1155
1067
1268
1147
1107
1045
1163
1128
1072
1149
1030
1035
1043
1023
1148
1214
1256
1100
1253
1128
1029
1224
1198
1045
1137
1216
1169
1300
1043
982
1153
1254
1117
1097
1041
904
1142
1077
1221
1098
1327
1108
925
1117
1226
1088
1109
1123
1055
1253
1550
1191
1248
1002
1203
1073
1071
927
1244
1112
1082
1327
1168
984
942
1275
1063
1004
1089
1140
1125
1175
1213
1069
1084
1180
1160
1198
1193
1040
1091
1306
1159
1198
1096
1183
974
1168
1064
1123
1027
1214
1129
1210
1073
1148
1421
949
1100
902
996
1026
1066
1145
1191
1047
1194
953
1135
1059
1126
1076
1198
1051
1287
1215
1131
1148
1150
1397
1302
1158
1150
1134
1162
1046
1135
1148
1160
1258
981
1001
988
997
1054
1197
1043
1202
1228
1317
1113
1137
990
1242
1032
961
1187
1286
1223
1144
1003
1195
1197
1108
1058
966
1207
1125
1047
964
1066
1131
919
1292
1074
1167
945
1079
1095
1260
1080
1082
1131
1279
1148
1398
1044
1097
1081
1143
1163
1025
1140
1173
1295
1003
906
1102
1150
1045
1343
1112
1078
1309
1167
1252
1030
1121
1167
928
1100
1125
1095
1136
1357
1088
1156
1044
1174
1336
1059
1093
1232
1122
1128
1172
1089
1215
1016
1187
1111
1134
1057
1258
1223
1515
1206
1116
1163
1365
1073
1061
1126
1186
1158
1196
1037
1184
1038
964
1110
1001
1142
1062
1067
1135
1142
1114
1070
970
1295
1145
1041
1069
1075
1109
997
1129
1186
1319
992
1085
1109
999
1209
1069
1170
1127
1081
1149
1071
1015
986
1092
1075
1109
1038
1235
1242
996
975
1072
1297
1184
1056
1116
1259
1185
1218
1065
1036
1005
1120
1130
1090
1272
1226
1016
981
1156
1117
1014
1146
1086
1011
1263
1173
1176
1187
1176
1179
1144
930
1010
1335
1149
1061
1094
1186
1201
1293
1187
1148
1209
1038
1140
1035
1028
1084
1258
1218
951
991
1227
1270
1218
1087
1005
1391
1220
1239
1193
1402
1357
1143
1142
1107
1140
1108
1152
1267
1022
1027
1103
1091
1189
1136
1085
1181
1227
1176
1030
1034
936
1033
1232
1192
1111
1014
938
971
1150
1307
1139
1098
1092
1194
1118
1155
953
1052
1216
1229
1023
1225
1087
963
1039
1196
1012
1090
1199
1080
1071
1234
1236
1150
1098
976
1242
1070
1267
1423
1298
1043
1342
1156
1066
1272
1066
1112
1213
1346
1006
1032
1119
1147
1136
1336
1105
1035
1093
1186
1247
1152
1319
1205
1114
1023
1222
1133
975
1222
1029
1025
1049
1073
1234
1259
1162
1166
1146
1286
1138
1021
1044
1060
1015
1054
1125
1205
972
1158
1097
1188
1182
1303
1110
1549
1097
1147
1170
828
675
756
826
757
