******************** Stress Settings ********************
Command:
  Type: write
  Count: -1
  Duration: 30 SECONDS
  No Warmup: false
  Consistency Level: ONE
  Target Uncertainty: not applicable
  Key Size (bytes): 10
  Counter Increment Distibution: add=fixed(1)
Rate:
  Auto: false
  Thread Count: 50
  OpsPer Sec: 0
Population:
  Sequence: 1..1000000
  Order: ARBITRARY
  Wrap: true
Insert:
  Revisits: Uniform:  min=1,max=1000000
  Visits: Fixed:  key=1
  Row Population Ratio: Ratio: divisor=1.000000;delegate=Fixed:  key=1
  Batch Type: not batching
Columns:
  Max Columns Per Key: 1
  Column Names: [C0]
  Comparator: AsciiType
  Timestamp: null
  Variable Column Count: false
  Slice: false
  Size Distribution: Fixed:  key=34
  Count Distribution: Fixed:  key=1
Errors:
  Ignore: false
  Tries: 10
Log:
  No Summary: false
  No Settings: false
  File: null
  Interval Millis: 1000
  Level: NORMAL
Mode:
  API: JAVA_DRIVER_NATIVE
  Connection Style: CQL_PREPARED
  CQL Version: CQL3
  Protocol Version: V4
  Username: null
  Password: null
  Auth Provide Class: null
  Max Pending Per Connection: 128
  Connections Per Host: 8
  Compression: NONE
Node:
  Nodes: [cassandra_a, cassandra_b, cassandra_c]
  Is White List: false
  Datacenter: null
Schema:
  Keyspace: keyspace1
  Replication Strategy: org.apache.cassandra.locator.SimpleStrategy
  Replication Strategy Pptions: {replication_factor=3}
  Table Compression: null
  Table Compaction Strategy: null
  Table Compaction Strategy Options: {}
Transport:
  factory=org.apache.cassandra.thrift.TFramedTransportFactory; truststore=null; truststore-password=null; keystore=null; keystore-password=null; ssl-protocol=TLS; ssl-alg=SunX509; store-type=JKS; ssl-ciphers=TLS_RSA_WITH_AES_128_CBC_SHA,TLS_RSA_WITH_AES_256_CBC_SHA; 
Port:
  Native Port: 9042
  Thrift Port: 9160
  JMX Port: 7199
Send To Daemon:
  *not set*
Graph:
  File: null
  Revision: unknown
  Title: null
  Operation: WRITE
TokenRange:
  Wrap: false
  Split Factor: 1

Connected to cluster: TestCluster, max pending requests per connection 128, max connections per host 8
Datatacenter: datacenter1; Host: cassandra_c/172.19.0.4; Rack: rack1
Datatacenter: datacenter1; Host: cassandra_b/172.19.0.3; Rack: rack1
Datatacenter: datacenter1; Host: cassandra_a/172.19.0.2; Rack: rack1
Created keyspaces. Sleeping 3s for propagation.
Sleeping 2s...
Warming up WRITE with 150000 iterations...
Failed to connect over JMX; not collecting these stats
Running WRITE with 50 threads 30 seconds
Failed to connect over JMX; not collecting these stats
type       total ops,    op/s,    pk/s,   row/s,    mean,     med,     .95,     .99,    .999,     max,   time,   stderr, errors,  gc: #,  max ms,  sum ms,  sdv ms,      mb
total,           705,     705,     705,     705,    48.2,    75.3,    75.4,    75.6,    76.3,    76.4,    1.0,  0.00000,      0,      0,       0,       0,       0,       0
total,          1681,     976,     976,     976,    50.2,    75.3,    75.4,    75.5,    79.2,    79.8,    2.0,  0.11524,      0,      0,       0,       0,       0,       0
total,          2650,     969,     969,     969,    50.6,    75.3,    75.4,    75.4,    75.5,    75.6,    3.0,  0.08280,      0,      0,       0,       0,       0,       0
total,          3682,    1032,    1032,    1032,    51.1,    75.3,    75.4,    75.4,    76.0,    76.2,    4.0,  0.06896,      0,      0,       0,       0,       0,       0
total,          4671,     989,     989,     989,    49.5,    75.2,    75.4,    75.4,    75.5,    75.6,    5.0,  0.05587,      0,      0,       0,       0,       0,       0
total,          5635,     964,     964,     964,    50.8,    75.3,    75.4,    75.5,    75.7,    75.7,    6.0,  0.04656,      0,      0,       0,       0,       0,       0
total,          6615,     980,     980,     980,    50.0,    75.3,    75.4,    75.4,    75.5,    75.6,    7.0,  0.04005,      0,      0,       0,       0,       0,       0
total,          7659,    1044,    1044,    1044,    50.5,    75.3,    75.4,    75.4,    75.6,    75.8,    8.0,  0.03662,      0,      0,       0,       0,       0,       0
total,          8638,     979,     979,     979,    50.1,    75.3,    75.4,    75.4,    75.6,    75.6,    9.0,  0.03255,      0,      0,       0,       0,       0,       0
total,          9636,     998,     998,     998,    49.1,    75.3,    75.4,    75.4,    75.5,    75.5,   10.0,  0.02942,      0,      0,       0,       0,       0,       0
total,         10600,     964,     964,     964,    50.8,    75.3,    75.4,    75.4,    75.5,    75.5,   11.0,  0.02674,      0,      0,       0,       0,       0,       0
total,         11638,    1038,    1038,    1038,    50.9,    75.3,    75.4,    75.4,    75.6,    75.6,   12.0,  0.02510,      0,      0,       0,       0,       0,       0
total,         12622,     984,     984,     984,    49.8,    75.3,    75.4,    75.5,    75.7,    75.8,   13.0,  0.02317,      0,      0,       0,       0,       0,       0
total,         13629,    1007,    1007,    1007,    48.7,    75.3,    75.4,    75.5,    75.8,    75.8,   14.0,  0.02161,      0,      0,       0,       0,       0,       0
total,         14624,     995,     995,     995,    50.0,    75.3,    75.4,    75.4,    75.9,    75.9,   15.0,  0.02019,      0,      0,       0,       0,       0,       0
total,         15664,    1040,    1040,    1040,    50.0,    75.3,    75.4,    75.4,    75.4,    75.6,   16.0,  0.01927,      0,      0,       0,       0,       0,       0
total,         16659,     995,     995,     995,    49.3,    75.3,    75.4,    75.4,    75.5,    75.8,   17.0,  0.01814,      0,      0,       0,       0,       0,       0
total,         17640,     981,     981,     981,    50.0,    75.3,    75.4,    75.4,    75.6,    75.6,   18.0,  0.01713,      0,      0,       0,       0,       0,       0
total,         18692,    1052,    1052,    1052,    49.2,    75.3,    75.4,    75.4,    80.8,    81.7,   19.0,  0.01667,      0,      0,       0,       0,       0,       0
total,         19667,     975,     975,     975,    51.2,    75.2,    75.4,    75.4,    75.4,    75.5,   20.0,  0.01585,      0,      0,       0,       0,       0,       0
total,         20605,     938,     938,     938,    52.2,    75.3,    75.4,    75.4,    75.5,    75.6,   21.0,  0.01529,      0,      0,       0,       0,       0,       0
total,         21591,     986,     986,     986,    49.7,    75.2,    75.4,    75.4,    75.5,    75.5,   22.0,  0.01459,      0,      0,       0,       0,       0,       0
total,         22659,    1068,    1068,    1068,    49.3,    75.3,    75.4,    75.4,    75.4,    75.5,   23.0,  0.01439,      0,      0,       0,       0,       0,       0
total,         23657,     998,     998,     998,    49.2,    75.3,    75.4,    75.4,    75.8,    76.0,   24.0,  0.01379,      0,      0,       0,       0,       0,       0
total,         24585,     928,     928,     928,    52.8,    75.3,    75.4,    75.4,    78.7,    79.8,   25.0,  0.01344,      0,      0,       0,       0,       0,       0
total,         25597,    1012,    1012,    1012,    48.4,    75.2,    75.4,    75.4,    75.6,    80.2,   26.0,  0.01297,      0,      0,       0,       0,       0,       0
total,         26603,    1006,    1006,    1006,    52.4,    75.3,    75.4,    75.4,    75.5,    75.5,   27.0,  0.01250,      0,      0,       0,       0,       0,       0
total,         27569,     966,     966,     966,    50.7,    75.3,    75.4,    75.4,    75.6,    75.8,   28.0,  0.01209,      0,      0,       0,       0,       0,       0
total,         28547,     978,     978,     978,    50.1,    75.3,    75.4,    75.4,    75.5,    75.6,   29.0,  0.01168,      0,      0,       0,       0,       0,       0
total,         29506,     959,     959,     959,    51.1,    75.3,    75.4,    75.4,    75.5,    75.6,   30.0,  0.01133,      0,      0,       0,       0,       0,       0
total,         29850,    1095,    1095,    1095,    54.8,    75.3,    75.5,    76.0,    76.3,    76.3,   30.3,  0.01562,      0,      0,       0,       0,       0,       0


Results:
Op rate                   :      985 op/s  [WRITE: 985 op/s]
Partition rate            :      985 pk/s  [WRITE: 985 pk/s]
Row rate                  :      985 row/s [WRITE: 985 row/s]
Latency mean              :   50.3 ms [WRITE: 50.3 ms]
Latency median            :   75.3 ms [WRITE: 75.3 ms]
Latency 95th percentile   :   75.4 ms [WRITE: 75.4 ms]
Latency 99th percentile   :   75.4 ms [WRITE: 75.4 ms]
Latency 99.9th percentile :   75.8 ms [WRITE: 75.8 ms]
Latency max               :   81.7 ms [WRITE: 81.7 ms]
Total partitions          :     29,850 [WRITE: 29,850]
Total errors              :          0 [WRITE: 0]
Total GC count            : 0
Total GC memory           : 0.000 KiB
Total GC time             :    0.0 seconds
Avg GC time               :    NaN ms
StdDev GC time            :    0.0 ms
Total operation time      : 00:00:30

END
