******************** Stress Settings ********************
Command:
  Type: write
  Count: -1
  Duration: 60 SECONDS
  No Warmup: false
  Consistency Level: LOCAL_ONE
  Target Uncertainty: not applicable
  Key Size (bytes): 10
  Counter Increment Distibution: add=fixed(1)
Rate:
  Auto: false
  Thread Count: 50
  OpsPer Sec: 0
Population:
  Sequence: 1..1000000
  Order: ARBITRARY
  Wrap: true
Insert:
  Revisits: Uniform:  min=1,max=1000000
  Visits: Fixed:  key=1
  Row Population Ratio: Ratio: divisor=1.000000;delegate=Fixed:  key=1
  Batch Type: not batching
Columns:
  Max Columns Per Key: 1
  Column Names: [C0]
  Comparator: AsciiType
  Timestamp: null
  Variable Column Count: false
  Slice: false
  Size Distribution: Fixed:  key=34
  Count Distribution: Fixed:  key=1
Errors:
  Ignore: false
  Tries: 10
Log:
  No Summary: false
  No Settings: false
  File: null
  Interval Millis: 1000
  Level: VERBOSE
Mode:
  API: JAVA_DRIVER_NATIVE
  Connection Style: CQL_PREPARED
  CQL Version: CQL3
  Protocol Version: V4
  Username: null
  Password: null
  Auth Provide Class: null
  Max Pending Per Connection: 128
  Connections Per Host: 8
  Compression: NONE
Node:
  Nodes: [cassandra_a:9042, cassandra_b:9042, cassandra_c:9042]
  Is White List: false
  Datacenter: null
Schema:
  Keyspace: keyspace1
  Replication Strategy: org.apache.cassandra.locator.SimpleStrategy
  Replication Strategy Pptions: {replication_factor=3}
  Table Compression: null
  Table Compaction Strategy: null
  Table Compaction Strategy Options: {}
Transport:
  factory=org.apache.cassandra.thrift.TFramedTransportFactory; truststore=null; truststore-password=null; keystore=null; keystore-password=null; ssl-protocol=TLS; ssl-alg=SunX509; store-type=JKS; ssl-ciphers=TLS_RSA_WITH_AES_128_CBC_SHA,TLS_RSA_WITH_AES_256_CBC_SHA; 
Port:
  Native Port: 9042
  Thrift Port: 9160
  JMX Port: 7199
Send To Daemon:
  *not set*
Graph:
  File: null
  Revision: unknown
  Title: null
  Operation: WRITE
TokenRange:
  Wrap: false
  Split Factor: 1

WARN  05:04:26,640 You listed cassandra_c/172.28.0.4:9042 in your contact points, but it wasn't found in the control host's system.peers at startup
Connected to cluster: TestCluster, max pending requests per connection 128, max connections per host 8
Datatacenter: datacenter1; Host: cassandra_a/172.28.0.2; Rack: rack1
Datatacenter: datacenter1; Host: cassandra_b/172.28.0.3; Rack: rack1
Created keyspaces. Sleeping 3s for propagation.
Sleeping 2s...
Warming up WRITE with 150000 iterations...
java.lang.RuntimeException: java.io.IOException: Failed to retrieve RMIServer stub: javax.naming.InvalidNameException: invalid authority: cassandra_a:7199 [Root exception is java.lang.IllegalArgumentException: invalid authority: cassandra_a:7199]
	at org.apache.cassandra.stress.util.JmxCollector.connect(JmxCollector.java:99)
	at org.apache.cassandra.stress.util.JmxCollector.<init>(JmxCollector.java:85)
	at org.apache.cassandra.stress.report.StressMetrics.<init>(StressMetrics.java:108)
	at org.apache.cassandra.stress.StressAction.run(StressAction.java:229)
	at org.apache.cassandra.stress.StressAction.warmup(StressAction.java:125)
	at org.apache.cassandra.stress.StressAction.run(StressAction.java:70)
	at org.apache.cassandra.stress.Stress.run(Stress.java:143)
	at org.apache.cassandra.stress.Stress.main(Stress.java:62)
Caused by: java.io.IOException: Failed to retrieve RMIServer stub: javax.naming.InvalidNameException: invalid authority: cassandra_a:7199 [Root exception is java.lang.IllegalArgumentException: invalid authority: cassandra_a:7199]
	at javax.management.remote.rmi.RMIConnector.connect(RMIConnector.java:369)
	at javax.management.remote.JMXConnectorFactory.connect(JMXConnectorFactory.java:270)
	at org.apache.cassandra.tools.NodeProbe.connect(NodeProbe.java:209)
	at org.apache.cassandra.tools.NodeProbe.<init>(NodeProbe.java:161)
	at org.apache.cassandra.stress.util.JmxCollector.connect(JmxCollector.java:95)
	... 7 more
Caused by: javax.naming.InvalidNameException: invalid authority: cassandra_a:7199 [Root exception is java.lang.IllegalArgumentException: invalid authority: cassandra_a:7199]
	at com.sun.jndi.url.rmi.rmiURLContext$Parser.newNamingException(rmiURLContext.java:295)
	at com.sun.jndi.url.rmi.rmiURLContext$Parser.parseCompat(rmiURLContext.java:219)
	at com.sun.jndi.url.rmi.rmiURLContext$Parser.parse(rmiURLContext.java:109)
	at com.sun.jndi.url.rmi.rmiURLContext.getRootURLContext(rmiURLContext.java:314)
	at com.sun.jndi.toolkit.url.GenericURLContext.lookup(GenericURLContext.java:215)
	at javax.naming.InitialContext.lookup(InitialContext.java:417)
	at javax.management.remote.rmi.RMIConnector.findRMIServerJNDI(RMIConnector.java:1955)
	at javax.management.remote.rmi.RMIConnector.findRMIServer(RMIConnector.java:1922)
	at javax.management.remote.rmi.RMIConnector.connect(RMIConnector.java:287)
	... 11 more
Caused by: java.lang.IllegalArgumentException: invalid authority: cassandra_a:7199
	at com.sun.jndi.url.rmi.rmiURLContext$Parser.parseCompat(rmiURLContext.java:220)
	... 18 more
Failed to connect over JMX; not collecting these stats
Running WRITE with 50 threads 60 seconds
java.lang.RuntimeException: java.io.IOException: Failed to retrieve RMIServer stub: javax.naming.InvalidNameException: invalid authority: cassandra_c.cassandra-demo_cassandra_net:7199 [Root exception is java.lang.IllegalArgumentException: invalid authority: cassandra_c.cassandra-demo_cassandra_net:7199]
	at org.apache.cassandra.stress.util.JmxCollector.connect(JmxCollector.java:99)
	at org.apache.cassandra.stress.util.JmxCollector.<init>(JmxCollector.java:85)
	at org.apache.cassandra.stress.report.StressMetrics.<init>(StressMetrics.java:108)
	at org.apache.cassandra.stress.StressAction.run(StressAction.java:229)
	at org.apache.cassandra.stress.StressAction.run(StressAction.java:89)
	at org.apache.cassandra.stress.Stress.run(Stress.java:143)
	at org.apache.cassandra.stress.Stress.main(Stress.java:62)
Caused by: java.io.IOException: Failed to retrieve RMIServer stub: javax.naming.InvalidNameException: invalid authority: cassandra_c.cassandra-demo_cassandra_net:7199 [Root exception is java.lang.IllegalArgumentException: invalid authority: cassandra_c.cassandra-demo_cassandra_net:7199]
	at javax.management.remote.rmi.RMIConnector.connect(RMIConnector.java:369)
	at javax.management.remote.JMXConnectorFactory.connect(JMXConnectorFactory.java:270)
	at org.apache.cassandra.tools.NodeProbe.connect(NodeProbe.java:209)
	at org.apache.cassandra.tools.NodeProbe.<init>(NodeProbe.java:161)
	at org.apache.cassandra.stress.util.JmxCollector.connect(JmxCollector.java:95)
	... 6 more
Caused by: javax.naming.InvalidNameException: invalid authority: cassandra_c.cassandra-demo_cassandra_net:7199 [Root exception is java.lang.IllegalArgumentException: invalid authority: cassandra_c.cassandra-demo_cassandra_net:7199]
	at com.sun.jndi.url.rmi.rmiURLContext$Parser.newNamingException(rmiURLContext.java:295)
	at com.sun.jndi.url.rmi.rmiURLContext$Parser.parseCompat(rmiURLContext.java:219)
	at com.sun.jndi.url.rmi.rmiURLContext$Parser.parse(rmiURLContext.java:109)
	at com.sun.jndi.url.rmi.rmiURLContext.getRootURLContext(rmiURLContext.java:314)
	at com.sun.jndi.toolkit.url.GenericURLContext.lookup(GenericURLContext.java:215)
	at javax.naming.InitialContext.lookup(InitialContext.java:417)
	at javax.management.remote.rmi.RMIConnector.findRMIServerJNDI(RMIConnector.java:1955)
	at javax.management.remote.rmi.RMIConnector.findRMIServer(RMIConnector.java:1922)
	at javax.management.remote.rmi.RMIConnector.connect(RMIConnector.java:287)
	... 10 more
Caused by: java.lang.IllegalArgumentException: invalid authority: cassandra_c.cassandra-demo_cassandra_net:7199
	at com.sun.jndi.url.rmi.rmiURLContext$Parser.parseCompat(rmiURLContext.java:220)
	... 17 more
Failed to connect over JMX; not collecting these stats
type       total ops,    op/s,    pk/s,   row/s,    mean,     med,     .95,     .99,    .999,     max,   time,   stderr, errors,  gc: #,  max ms,  sum ms,  sdv ms,      mb
total,           395,     395,     395,     395,    63.6,   100.3,   100.5,   100.8,   102.1,   102.1,    1.0,  0.00000,      0,      0,       0,       0,       0,       0
total,          1162,     767,     767,     767,    65.5,   100.3,   100.4,   100.5,   100.5,   100.5,    2.0,  0.22582,      0,      0,       0,       0,       0,       0
total,          1908,     746,     746,     746,    67.3,   100.3,   100.4,   100.5,   100.5,   100.5,    3.0,  0.15454,      0,      0,       0,       0,       0,       0
total,          2661,     753,     753,     753,    66.7,   100.3,   100.4,   100.5,   100.5,   100.7,    4.0,  0.11716,      0,      0,       0,       0,       0,       0
total,          3417,     756,     756,     756,    66.4,   100.3,   100.4,   100.5,   100.5,   102.2,    5.0,  0.09433,      0,      0,       0,       0,       0,       0
total,          4175,     758,     758,     758,    66.2,   100.3,   100.4,   100.4,   100.5,   100.5,    6.0,  0.07889,      0,      0,       0,       0,       0,       0
total,          4895,     720,     720,     720,    69.7,   100.3,   100.4,   100.4,   100.5,   100.5,    7.0,  0.06744,      0,      0,       0,       0,       0,       0
total,          5681,     786,     786,     786,    63.9,   100.3,   100.4,   100.5,   100.5,   101.5,    8.0,  0.05986,      0,      0,       0,       0,       0,       0
total,          6451,     770,     770,     770,    65.2,   100.3,   100.4,   100.4,   100.5,   106.6,    9.0,  0.05351,      0,      0,       0,       0,       0,       0
total,          7220,     769,     769,     769,    65.3,   100.3,   100.4,   100.5,   100.5,   100.6,   10.0,  0.04829,      0,      0,       0,       0,       0,       0
total,          7998,     778,     778,     778,    64.5,   100.3,   100.4,   100.5,   100.5,   100.5,   11.0,  0.04409,      0,      0,       0,       0,       0,       0
total,          8784,     786,     786,     786,    63.9,   100.3,   100.4,   100.5,   100.5,   100.5,   12.0,  0.04065,      0,      0,       0,       0,       0,       0
total,          9497,     713,     713,     713,    70.4,   100.3,   100.3,   100.4,   100.5,   100.5,   13.0,  0.03765,      0,      0,       0,       0,       0,       0
total,         10240,     743,     743,     743,    67.6,   100.3,   100.4,   100.4,   100.5,   100.5,   14.0,  0.03494,      0,      0,       0,       0,       0,       0
total,         10984,     744,     744,     744,    67.3,   100.3,   100.4,   100.4,   100.5,   100.5,   15.0,  0.03259,      0,      0,       0,       0,       0,       0
total,         11723,     739,     739,     739,    67.9,   100.3,   100.3,   100.4,   100.5,   100.5,   16.0,  0.03054,      0,      0,       0,       0,       0,       0
total,         12468,     745,     745,     745,    67.4,   100.3,   100.4,   100.4,   100.5,   100.5,   17.0,  0.02873,      0,      0,       0,       0,       0,       0
total,         13211,     743,     743,     743,    65.5,   100.3,   100.4,   100.4,   100.4,   100.5,   18.0,  0.02713,      0,      0,       0,       0,       0,       0
total,         13948,     737,     737,     737,    65.5,   100.3,   100.4,   100.5,   101.2,   101.8,   19.0,  0.02569,      0,      0,       0,       0,       0,       0
total,         14682,     734,     734,     734,    66.3,   100.3,   100.3,   100.4,   100.5,   100.5,   20.0,  0.02441,      0,      0,       0,       0,       0,       0
total,         15414,     732,     732,     732,    68.6,   100.3,   100.3,   100.4,   100.5,   100.5,   21.0,  0.02325,      0,      0,       0,       0,       0,       0
total,         16191,     777,     777,     777,    64.6,   100.3,   100.3,   100.4,   100.4,   100.4,   22.0,  0.02228,      0,      0,       0,       0,       0,       0
total,         16948,     757,     757,     757,    66.3,   100.3,   100.4,   100.5,   100.5,   100.5,   23.0,  0.02132,      0,      0,       0,       0,       0,       0
total,         17680,     732,     732,     732,    68.6,   100.3,   100.4,   100.4,   100.5,   100.5,   24.0,  0.02044,      0,      0,       0,       0,       0,       0
total,         18420,     740,     740,     740,    67.8,   100.3,   100.4,   100.4,   100.9,   102.3,   25.0,  0.01962,      0,      0,       0,       0,       0,       0
total,         19164,     744,     744,     744,    67.5,   100.3,   100.4,   100.4,   100.5,   100.5,   26.0,  0.01886,      0,      0,       0,       0,       0,       0
total,         19904,     740,     740,     740,    67.8,   100.3,   100.4,   100.5,   100.9,   103.1,   27.0,  0.01816,      0,      0,       0,       0,       0,       0
total,         20612,     708,     708,     708,    70.9,   100.3,   100.4,   100.4,   100.5,   100.5,   28.0,  0.01760,      0,      0,       0,       0,       0,       0
total,         21343,     731,     731,     731,    68.7,   100.3,   100.4,   100.5,   100.5,   100.5,   29.0,  0.01699,      0,      0,       0,       0,       0,       0
total,         22110,     767,     767,     767,    65.5,   100.3,   100.4,   100.5,   101.3,   101.6,   30.0,  0.01646,      0,      0,       0,       0,       0,       0
total,         22882,     772,     772,     772,    65.0,   100.3,   100.4,   100.5,   100.6,   100.6,   31.0,  0.01598,      0,      0,       0,       0,       0,       0
total,         23649,     767,     767,     767,    65.5,   100.3,   100.4,   100.5,   101.6,   101.9,   32.0,  0.01551,      0,      0,       0,       0,       0,       0
total,         24404,     755,     755,     755,    66.5,   100.3,   100.4,   100.5,   100.7,   100.7,   33.0,  0.01504,      0,      0,       0,       0,       0,       0
total,         25133,     729,     729,     729,    68.9,   100.3,   100.4,   100.5,   100.5,   100.5,   34.0,  0.01461,      0,      0,       0,       0,       0,       0
total,         25891,     758,     758,     758,    66.2,   100.3,   100.4,   100.5,   100.5,   100.5,   35.0,  0.01420,      0,      0,       0,       0,       0,       0
total,         26649,     758,     758,     758,    66.2,   100.3,   100.4,   100.5,   100.5,   101.2,   36.0,  0.01382,      0,      0,       0,       0,       0,       0
total,         27399,     750,     750,     750,    67.0,   100.3,   100.4,   100.5,   100.5,   100.6,   37.0,  0.01344,      0,      0,       0,       0,       0,       0
total,         28138,     739,     739,     739,    67.9,   100.3,   100.4,   100.5,   100.6,   100.7,   38.0,  0.01309,      0,      0,       0,       0,       0,       0
total,         28868,     730,     730,     730,    68.6,   100.3,   100.4,   100.5,   100.5,   100.5,   39.0,  0.01276,      0,      0,       0,       0,       0,       0
total,         29621,     753,     753,     753,    66.7,   100.3,   100.4,   100.5,   100.5,   100.7,   40.0,  0.01245,      0,      0,       0,       0,       0,       0
total,         30361,     740,     740,     740,    67.8,   100.3,   100.4,   100.5,   100.5,   100.6,   41.0,  0.01214,      0,      0,       0,       0,       0,       0
total,         31124,     763,     763,     763,    65.2,   100.3,   100.4,   100.5,   100.5,   100.5,   42.0,  0.01187,      0,      0,       0,       0,       0,       0
total,         31848,     724,     724,     724,    64.1,   100.3,   100.4,   100.5,   104.4,   104.5,   43.0,  0.01160,      0,      0,       0,       0,       0,       0
total,         32605,     757,     757,     757,    65.5,   100.3,   100.3,   100.4,   100.5,   100.5,   44.0,  0.01134,      0,      0,       0,       0,       0,       0
total,         33352,     747,     747,     747,    67.2,   100.3,   100.4,   100.5,   100.5,   100.5,   45.0,  0.01109,      0,      0,       0,       0,       0,       0
total,         34114,     762,     762,     762,    65.9,   100.3,   100.4,   100.5,   100.5,   100.5,   46.0,  0.01086,      0,      0,       0,       0,       0,       0
total,         34846,     732,     732,     732,    68.6,   100.3,   100.3,   100.4,   100.5,   100.5,   47.0,  0.01064,      0,      0,       0,       0,       0,       0
total,         35593,     747,     747,     747,    67.2,   100.3,   100.3,   100.5,   100.5,   100.5,   48.0,  0.01041,      0,      0,       0,       0,       0,       0
total,         36351,     758,     758,     758,    66.2,   100.3,   100.4,   100.4,   100.6,   100.7,   49.0,  0.01021,      0,      0,       0,       0,       0,       0
total,         37096,     745,     745,     745,    67.4,   100.3,   100.4,   100.5,   100.5,   100.7,   50.0,  0.01000,      0,      0,       0,       0,       0,       0
total,         37810,     714,     714,     714,    70.3,   100.3,   100.4,   100.4,   100.5,   100.5,   51.0,  0.00984,      0,      0,       0,       0,       0,       0
total,         38544,     734,     734,     734,    68.4,   100.3,   100.4,   100.5,   100.5,   100.5,   52.0,  0.00966,      0,      0,       0,       0,       0,       0
total,         39307,     763,     763,     763,    65.8,   100.3,   100.4,   100.4,   100.4,   100.5,   53.0,  0.00948,      0,      0,       0,       0,       0,       0
total,         40047,     740,     740,     740,    67.8,   100.3,   100.3,   100.4,   100.4,   100.4,   54.0,  0.00931,      0,      0,       0,       0,       0,       0
total,         40808,     761,     761,     761,    66.0,   100.3,   100.3,   100.4,   100.4,   100.5,   55.0,  0.00915,      0,      0,       0,       0,       0,       0
total,         41558,     750,     750,     750,    66.9,   100.3,   100.3,   100.4,   100.5,   100.5,   56.0,  0.00898,      0,      0,       0,       0,       0,       0
total,         42275,     717,     717,     717,    70.0,   100.3,   100.5,   101.2,   102.1,   107.2,   57.0,  0.00884,      0,      0,       0,       0,       0,       0
total,         42977,     702,     702,     702,    71.5,   100.3,   100.4,   100.5,   100.6,   100.7,   58.0,  0.00875,      0,      0,       0,       0,       0,       0
total,         43698,     721,     721,     721,    69.6,   100.3,   100.5,   197.1,   197.8,   197.9,   59.0,  0.00872,      0,      0,       0,       0,       0,       0
total,         44435,     737,     737,     737,    68.1,   100.3,   100.4,   100.5,   100.9,   100.9,   60.0,  0.00858,      0,      0,       0,       0,       0,       0
total,         44788,     733,     733,     733,    71.1,   100.3,   100.5,   100.7,   101.1,   101.1,   60.5,  0.00866,      0,      0,       0,       0,       0,       0


Results:
Op rate                   :      741 op/s  [WRITE: 741 op/s]
Partition rate            :      741 pk/s  [WRITE: 741 pk/s]
Row rate                  :      741 row/s [WRITE: 741 row/s]
Latency mean              :   67.0 ms [WRITE: 67.0 ms]
Latency median            :  100.3 ms [WRITE: 100.3 ms]
Latency 95th percentile   :  100.4 ms [WRITE: 100.4 ms]
Latency 99th percentile   :  100.5 ms [WRITE: 100.5 ms]
Latency 99.9th percentile :  101.2 ms [WRITE: 101.2 ms]
Latency max               :  197.9 ms [WRITE: 197.9 ms]
Total partitions          :     44,788 [WRITE: 44,788]
Total errors              :          0 [WRITE: 0]
Total GC count            : 0
Total GC memory           : 0.000 KiB
Total GC time             :    0.0 seconds
Avg GC time               :    NaN ms
StdDev GC time            :    0.0 ms
Total operation time      : 00:01:00

END
