******************** Stress Settings ********************
Command:
  Type: write
  Count: -1
  Duration: 30 SECONDS
  No Warmup: false
  Consistency Level: ONE
  Target Uncertainty: not applicable
  Key Size (bytes): 10
  Counter Increment Distibution: add=fixed(1)
Rate:
  Auto: false
  Thread Count: 50
  OpsPer Sec: 0
Population:
  Sequence: 1..1000000
  Order: ARBITRARY
  Wrap: true
Insert:
  Revisits: Uniform:  min=1,max=1000000
  Visits: Fixed:  key=1
  Row Population Ratio: Ratio: divisor=1.000000;delegate=Fixed:  key=1
  Batch Type: not batching
Columns:
  Max Columns Per Key: 1
  Column Names: [C0]
  Comparator: AsciiType
  Timestamp: null
  Variable Column Count: false
  Slice: false
  Size Distribution: Fixed:  key=34
  Count Distribution: Fixed:  key=1
Errors:
  Ignore: false
  Tries: 10
Log:
  No Summary: false
  No Settings: false
  File: null
  Interval Millis: 1000
  Level: NORMAL
Mode:
  API: JAVA_DRIVER_NATIVE
  Connection Style: CQL_PREPARED
  CQL Version: CQL3
  Protocol Version: V4
  Username: null
  Password: null
  Auth Provide Class: null
  Max Pending Per Connection: 128
  Connections Per Host: 8
  Compression: NONE
Node:
  Nodes: [cassandra_a, cassandra_b, cassandra_c]
  Is White List: false
  Datacenter: null
Schema:
  Keyspace: keyspace1
  Replication Strategy: org.apache.cassandra.locator.SimpleStrategy
  Replication Strategy Pptions: {replication_factor=3}
  Table Compression: null
  Table Compaction Strategy: null
  Table Compaction Strategy Options: {}
Transport:
  factory=org.apache.cassandra.thrift.TFramedTransportFactory; truststore=null; truststore-password=null; keystore=null; keystore-password=null; ssl-protocol=TLS; ssl-alg=SunX509; store-type=JKS; ssl-ciphers=TLS_RSA_WITH_AES_128_CBC_SHA,TLS_RSA_WITH_AES_256_CBC_SHA; 
Port:
  Native Port: 9042
  Thrift Port: 9160
  JMX Port: 7199
Send To Daemon:
  *not set*
Graph:
  File: null
  Revision: unknown
  Title: null
  Operation: WRITE
TokenRange:
  Wrap: false
  Split Factor: 1

Connected to cluster: TestCluster, max pending requests per connection 128, max connections per host 8
Datatacenter: datacenter1; Host: cassandra_c/172.19.0.4; Rack: rack1
Datatacenter: datacenter1; Host: cassandra_b/172.19.0.3; Rack: rack1
Datatacenter: datacenter1; Host: cassandra_a/172.19.0.2; Rack: rack1
Created keyspaces. Sleeping 3s for propagation.
Sleeping 2s...
Warming up WRITE with 150000 iterations...
Failed to connect over JMX; not collecting these stats
Running WRITE with 50 threads 30 seconds
Failed to connect over JMX; not collecting these stats
type       total ops,    op/s,    pk/s,   row/s,    mean,     med,     .95,     .99,    .999,     max,   time,   stderr, errors,  gc: #,  max ms,  sum ms,  sdv ms,      mb
total,          5116,    5116,    5116,    5116,     7.0,    10.2,    10.3,    10.4,    10.6,    11.2,    1.0,  0.00000,      0,      0,       0,       0,       0,       0
total,         12304,    7188,    7188,    7188,     6.9,    10.2,    10.3,    10.4,    10.4,    10.5,    2.0,  0.11881,      0,      0,       0,       0,       0,       0
total,         19537,    7233,    7233,    7233,     6.9,    10.2,    10.3,    10.4,    10.5,    10.6,    3.0,  0.08738,      0,      0,       0,       0,       0,       0
total,         26767,    7230,    7230,    7230,     6.9,    10.2,    10.3,    10.4,    10.7,    13.7,    4.0,  0.06806,      0,      0,       0,       0,       0,       0
total,         33998,    7231,    7231,    7231,     6.9,    10.2,    10.3,    10.4,    10.5,    10.6,    5.0,  0.05540,      0,      0,       0,       0,       0,       0
total,         41331,    7333,    7333,    7333,     6.8,    10.2,    10.3,    10.4,    10.5,    14.2,    6.0,  0.04717,      0,      0,       0,       0,       0,       0
total,         48568,    7237,    7237,    7237,     6.9,    10.2,    10.3,    10.4,    10.5,    15.1,    7.0,  0.04074,      0,      0,       0,       0,       0,       0
total,         55712,    7144,    7144,    7144,     7.0,    10.2,    10.4,    10.5,    16.8,    18.6,    8.0,  0.03574,      0,      0,       0,       0,       0,       0
total,         62941,    7229,    7229,    7229,     6.9,    10.2,    10.3,    10.4,    10.6,    10.7,    9.0,  0.03186,      0,      0,       0,       0,       0,       0
total,         69601,    6660,    6660,    6660,     7.5,    10.3,    10.4,    11.2,    87.7,    91.6,   10.0,  0.02876,      0,      0,       0,       0,       0,       0
total,         76536,    6935,    6935,    6935,     7.2,    10.3,    10.4,    10.8,    54.4,    64.1,   11.0,  0.02630,      0,      0,       0,       0,       0,       0
total,         83707,    7171,    7171,    7171,     7.0,    10.2,    10.3,    10.4,    10.5,    16.9,   12.0,  0.02413,      0,      0,       0,       0,       0,       0
total,         90511,    6804,    6804,    6804,     7.3,    10.3,    10.4,    12.2,    81.5,    84.0,   13.0,  0.02239,      0,      0,       0,       0,       0,       0
total,         97787,    7276,    7276,    7276,     6.9,    10.2,    10.3,    10.4,    10.5,    14.5,   14.0,  0.02085,      0,      0,       0,       0,       0,       0
total,        104957,    7170,    7170,    7170,     7.0,    10.2,    10.3,    10.4,    10.4,    11.5,   15.0,  0.01946,      0,      0,       0,       0,       0,       0
total,        112112,    7155,    7155,    7155,     7.0,    10.2,    10.3,    10.4,    10.4,    10.9,   16.0,  0.01824,      0,      0,       0,       0,       0,       0
total,        119294,    7182,    7182,    7182,     7.0,    10.2,    10.3,    10.4,    10.5,    10.7,   17.0,  0.01716,      0,      0,       0,       0,       0,       0
total,        126465,    7171,    7171,    7171,     7.0,    10.2,    10.3,    10.4,    10.4,    10.5,   18.0,  0.01621,      0,      0,       0,       0,       0,       0
total,        133615,    7150,    7150,    7150,     7.0,    10.2,    10.3,    10.7,    20.4,    22.7,   19.0,  0.01536,      0,      0,       0,       0,       0,       0
total,        140826,    7211,    7211,    7211,     6.9,    10.2,    10.3,    10.4,    10.5,    10.9,   20.0,  0.01460,      0,      0,       0,       0,       0,       0
total,        148093,    7267,    7267,    7267,     6.9,    10.2,    10.3,    10.4,    10.5,    10.8,   21.0,  0.01392,      0,      0,       0,       0,       0,       0
total,        155320,    7227,    7227,    7227,     6.9,    10.2,    10.3,    10.4,    10.4,    10.6,   22.0,  0.01329,      0,      0,       0,       0,       0,       0
total,        162544,    7224,    7224,    7224,     6.9,    10.2,    10.3,    10.4,    10.5,    12.1,   23.0,  0.01272,      0,      0,       0,       0,       0,       0
total,        169650,    7106,    7106,    7106,     7.0,    10.2,    10.3,    10.4,    10.5,    11.3,   24.0,  0.01219,      0,      0,       0,       0,       0,       0
total,        176862,    7212,    7212,    7212,     6.9,    10.2,    10.3,    10.4,    10.4,    10.5,   25.0,  0.01170,      0,      0,       0,       0,       0,       0
total,        184086,    7224,    7224,    7224,     6.9,    10.2,    10.3,    10.4,    10.5,    10.8,   26.0,  0.01126,      0,      0,       0,       0,       0,       0
total,        191321,    7235,    7235,    7235,     6.9,    10.2,    10.3,    10.4,    10.5,    10.6,   27.0,  0.01084,      0,      0,       0,       0,       0,       0
total,        198571,    7250,    7250,    7250,     6.9,    10.2,    10.3,    10.4,    10.4,    11.3,   28.0,  0.01046,      0,      0,       0,       0,       0,       0
total,        205798,    7227,    7227,    7227,     6.9,    10.2,    10.3,    10.4,    10.5,    10.9,   29.0,  0.01010,      0,      0,       0,       0,       0,       0
total,        212962,    7164,    7164,    7164,     7.0,    10.2,    10.3,    10.8,    21.8,    23.3,   30.0,  0.00977,      0,      0,       0,       0,       0,       0
total,        214949,    7039,    7039,    7039,     7.1,    10.2,    10.4,    10.6,    11.5,    11.6,   30.3,  0.00946,      0,      0,       0,       0,       0,       0


Results:
Op rate                   :    7,098 op/s  [WRITE: 7,098 op/s]
Partition rate            :    7,098 pk/s  [WRITE: 7,098 pk/s]
Row rate                  :    7,098 row/s [WRITE: 7,098 row/s]
Latency mean              :    7.0 ms [WRITE: 7.0 ms]
Latency median            :   10.2 ms [WRITE: 10.2 ms]
Latency 95th percentile   :   10.3 ms [WRITE: 10.3 ms]
Latency 99th percentile   :   10.4 ms [WRITE: 10.4 ms]
Latency 99.9th percentile :   16.5 ms [WRITE: 16.5 ms]
Latency max               :   91.6 ms [WRITE: 91.6 ms]
Total partitions          :    214,949 [WRITE: 214,949]
Total errors              :          0 [WRITE: 0]
Total GC count            : 0
Total GC memory           : 0.000 KiB
Total GC time             :    0.0 seconds
Avg GC time               :    NaN ms
StdDev GC time            :    0.0 ms
Total operation time      : 00:00:30

END
