******************** Stress Settings ********************
Command:
  Type: write
  Count: -1
  Duration: 90 SECONDS
  No Warmup: false
  Consistency Level: ONE
  Target Uncertainty: not applicable
  Key Size (bytes): 10
  Counter Increment Distibution: add=fixed(1)
Rate:
  Auto: false
  Thread Count: 50
  OpsPer Sec: 0
Population:
  Sequence: 1..1000000
  Order: ARBITRARY
  Wrap: true
Insert:
  Revisits: Uniform:  min=1,max=1000000
  Visits: Fixed:  key=1
  Row Population Ratio: Ratio: divisor=1.000000;delegate=Fixed:  key=1
  Batch Type: not batching
Columns:
  Max Columns Per Key: 1
  Column Names: [C0]
  Comparator: AsciiType
  Timestamp: null
  Variable Column Count: false
  Slice: false
  Size Distribution: Fixed:  key=34
  Count Distribution: Fixed:  key=1
Errors:
  Ignore: false
  Tries: 10
Log:
  No Summary: false
  No Settings: false
  File: null
  Interval Millis: 1000
  Level: NORMAL
Mode:
  API: JAVA_DRIVER_NATIVE
  Connection Style: CQL_PREPARED
  CQL Version: CQL3
  Protocol Version: V4
  Username: null
  Password: null
  Auth Provide Class: null
  Max Pending Per Connection: 128
  Connections Per Host: 8
  Compression: NONE
Node:
  Nodes: [cassandra_a, cassandra_b, cassandra_c]
  Is White List: false
  Datacenter: null
Schema:
  Keyspace: keyspace1
  Replication Strategy: org.apache.cassandra.locator.SimpleStrategy
  Replication Strategy Pptions: {replication_factor=3}
  Table Compression: null
  Table Compaction Strategy: null
  Table Compaction Strategy Options: {}
Transport:
  factory=org.apache.cassandra.thrift.TFramedTransportFactory; truststore=null; truststore-password=null; keystore=null; keystore-password=null; ssl-protocol=TLS; ssl-alg=SunX509; store-type=JKS; ssl-ciphers=TLS_RSA_WITH_AES_128_CBC_SHA,TLS_RSA_WITH_AES_256_CBC_SHA; 
Port:
  Native Port: 9042
  Thrift Port: 9160
  JMX Port: 7199
Send To Daemon:
  *not set*
Graph:
  File: null
  Revision: unknown
  Title: null
  Operation: WRITE
TokenRange:
  Wrap: false
  Split Factor: 1

Connected to cluster: TestCluster, max pending requests per connection 128, max connections per host 8
Datatacenter: datacenter1; Host: cassandra_a/172.28.0.2; Rack: rack1
Datatacenter: datacenter1; Host: cassandra_b/172.28.0.3; Rack: rack1
Datatacenter: datacenter1; Host: cassandra_c/172.28.0.4; Rack: rack1
Created keyspaces. Sleeping 3s for propagation.
Sleeping 2s...
Warming up WRITE with 150000 iterations...
Failed to connect over JMX; not collecting these stats
Running WRITE with 50 threads 90 seconds
Failed to connect over JMX; not collecting these stats
type       total ops,    op/s,    pk/s,   row/s,    mean,     med,     .95,     .99,    .999,     max,   time,   stderr, errors,  gc: #,  max ms,  sum ms,  sdv ms,      mb
total,         89949,   89949,   89949,   89949,     0.5,     0.4,     1.0,     1.7,     4.8,    32.6,    1.0,  0.00000,      0,      0,       0,       0,       0,       0
total,        178647,   88698,   88698,   88698,     0.6,     0.4,     1.0,     1.6,    31.8,    65.8,    2.0,  0.00737,      0,      0,       0,       0,       0,       0
total,        273799,   95152,   95152,   95152,     0.5,     0.4,     1.0,     1.5,    24.6,    35.7,    3.0,  0.01427,      0,      0,       0,       0,       0,       0
total,        363148,   89349,   89349,   89349,     0.6,     0.4,     1.0,     1.5,    16.5,    91.4,    4.0,  0.01235,      0,      0,       0,       0,       0,       0
total,        448935,   85787,   85787,   85787,     0.6,     0.4,     1.0,     1.6,    52.8,    68.7,    5.0,  0.01261,      0,      0,       0,       0,       0,       0
total,        539097,   90162,   90162,   90162,     0.5,     0.5,     1.1,     1.9,     4.7,    18.1,    6.0,  0.01204,      0,      0,       0,       0,       0,       0
total,        615538,   76441,   76441,   76441,     0.6,     0.4,     1.0,     1.8,    71.2,   130.0,    7.0,  0.01430,      0,      0,       0,       0,       0,       0
total,        705675,   90137,   90137,   90137,     0.5,     0.4,     1.1,     1.7,     4.1,    63.9,    8.0,  0.01285,      0,      0,       0,       0,       0,       0
total,        790911,   85236,   85236,   85236,     0.6,     0.4,     1.0,     1.7,     4.2,   140.5,    9.0,  0.01265,      0,      0,       0,       0,       0,       0
total,        874293,   83382,   83382,   83382,     0.6,     0.4,     1.0,     1.6,    72.9,    87.3,   10.0,  0.01190,      0,      0,       0,       0,       0,       0
total,        975505,  101212,  101212,  101212,     0.5,     0.4,     1.0,     1.5,     2.9,    10.5,   11.0,  0.01294,      0,      0,       0,       0,       0,       0
total,       1009736,   34231,   34231,   34231,     1.4,     0.5,     1.1,     2.3,   200.0,   201.6,   12.0,  0.04756,      0,      0,       0,       0,       0,       0
total,       1010500,     764,     764,     764,    65.8,   100.3,   100.5,   100.9,   198.3,   198.8,   13.0,  0.09232,      0,      0,       0,       0,       0,       0
total,       1011243,     743,     743,     743,    67.6,   100.3,   100.4,   100.5,   100.5,   100.5,   14.0,  0.11785,      0,      0,       0,       0,       0,       0
total,       1011971,     728,     728,     728,    69.0,   100.3,   100.4,   100.4,   100.5,   100.5,   15.0,  0.13611,      0,      0,       0,       0,       0,       0
total,       1012708,     737,     737,     737,    66.4,   100.3,   100.6,   154.9,   155.8,   156.0,   16.0,  0.15019,      0,      0,       0,       0,       0,       0
total,       1013437,     729,     729,     729,    68.9,   100.3,   100.5,   100.5,   100.6,   100.7,   17.0,  0.16158,      0,      0,       0,       0,       0,       0
total,       1014167,     730,     730,     730,    68.8,   100.3,   100.4,   100.5,   100.5,   100.5,   18.0,  0.17103,      0,      0,       0,       0,       0,       0
total,       1014936,     769,     769,     769,    65.3,   100.3,   100.4,   100.5,   100.5,   100.5,   19.0,  0.17900,      0,      0,       0,       0,       0,       0
total,       1015654,     718,     718,     718,    69.9,   100.3,   100.4,   100.5,   100.5,   100.6,   20.0,  0.18588,      0,      0,       0,       0,       0,       0
total,       1016376,     722,     722,     722,    67.0,   100.3,   100.4,   100.5,   100.5,   100.6,   21.0,  0.19185,      0,      0,       0,       0,       0,       0
total,       1017128,     752,     752,     752,    66.1,   100.3,   100.4,   100.4,   100.5,   100.5,   22.0,  0.19709,      0,      0,       0,       0,       0,       0
total,       1017878,     750,     750,     750,    67.0,   100.3,   100.5,   100.5,   100.7,   100.7,   23.0,  0.20173,      0,      0,       0,       0,       0,       0
total,       1018616,     738,     738,     738,    68.0,   100.3,   100.4,   100.4,   100.5,   100.9,   24.0,  0.20586,      0,      0,       0,       0,       0,       0
total,       1019360,     744,     744,     744,    67.5,   100.3,   100.4,   100.4,   100.5,   107.0,   25.0,  0.20957,      0,      0,       0,       0,       0,       0
total,       1020109,     749,     749,     749,    67.0,   100.3,   100.4,   100.4,   100.5,   100.5,   26.0,  0.21291,      0,      0,       0,       0,       0,       0
total,       1020831,     722,     722,     722,    69.5,   100.3,   100.3,   100.4,   100.4,   100.5,   27.0,  0.21595,      0,      0,       0,       0,       0,       0
total,       1021578,     747,     747,     747,    67.2,   100.3,   100.4,   100.5,   105.6,   107.2,   28.0,  0.21870,      0,      0,       0,       0,       0,       0
total,       1022346,     768,     768,     768,    65.4,   100.3,   100.3,   100.4,   100.5,   100.5,   29.0,  0.22121,      0,      0,       0,       0,       0,       0
total,       1023079,     733,     733,     733,    68.3,   100.3,   100.4,   100.4,   100.5,   100.5,   30.0,  0.22352,      0,      0,       0,       0,       0,       0
total,       1023810,     731,     731,     731,    68.5,   100.3,   100.3,   100.4,   100.5,   100.5,   31.0,  0.22564,      0,      0,       0,       0,       0,       0
total,       1024515,     705,     705,     705,    67.9,   100.3,   100.3,   100.4,   100.5,   100.5,   32.0,  0.22761,      0,      0,       0,       0,       0,       0
total,       1025265,     750,     750,     750,    66.7,   100.3,   100.4,   100.4,   100.5,   100.5,   33.0,  0.22941,      0,      0,       0,       0,       0,       0
total,       1026030,     765,     765,     765,    65.6,   100.3,   100.4,   100.4,   100.5,   100.5,   34.0,  0.23107,      0,      0,       0,       0,       0,       0
total,       1026772,     742,     742,     742,    67.6,   100.3,   100.3,   100.4,   100.5,   100.5,   35.0,  0.23261,      0,      0,       0,       0,       0,       0
total,       1027512,     740,     740,     740,    67.8,   100.3,   100.3,   100.4,   100.5,   100.5,   36.0,  0.23405,      0,      0,       0,       0,       0,       0
total,       1028229,     717,     717,     717,    70.0,   100.3,   100.4,   100.5,   100.5,   100.6,   37.0,  0.23540,      0,      0,       0,       0,       0,       0
total,       1028966,     737,     737,     737,    68.1,   100.3,   100.4,   100.4,   100.5,   100.5,   38.0,  0.23665,      0,      0,       0,       0,       0,       0
total,       1029724,     758,     758,     758,    66.2,   100.3,   100.4,   100.5,   100.5,   100.5,   39.0,  0.23781,      0,      0,       0,       0,       0,       0
total,       1030475,     751,     751,     751,    66.8,   100.3,   100.4,   100.4,   100.5,   100.5,   40.0,  0.23890,      0,      0,       0,       0,       0,       0
total,       1031204,     729,     729,     729,    68.9,   100.3,   100.4,   100.4,   100.5,   100.5,   41.0,  0.23992,      0,      0,       0,       0,       0,       0
total,       1031934,     730,     730,     730,    68.8,   100.3,   100.4,   100.4,   100.5,   100.5,   42.0,  0.24088,      0,      0,       0,       0,       0,       0
total,       1032697,     763,     763,     763,    65.8,   100.3,   100.4,   100.4,   100.5,   100.6,   43.0,  0.24177,      0,      0,       0,       0,       0,       0
total,       1033447,     750,     750,     750,    66.7,   100.3,   100.4,   100.4,   100.5,   100.5,   44.0,  0.24261,      0,      0,       0,       0,       0,       0
total,       1034232,     785,     785,     785,    63.9,   100.3,   100.3,   100.4,   100.5,   100.7,   45.0,  0.24339,      0,      0,       0,       0,       0,       0
total,       1034934,     702,     702,     702,    68.6,   100.3,   100.3,   100.4,   100.4,   100.4,   46.0,  0.24415,      0,      0,       0,       0,       0,       0
total,       1035677,     743,     743,     743,    67.4,   100.3,   100.4,   100.4,   100.4,   100.5,   47.0,  0.24485,      0,      0,       0,       0,       0,       0
total,       1036423,     746,     746,     746,    67.3,   100.3,   100.3,   100.4,   100.5,   100.5,   48.0,  0.24551,      0,      0,       0,       0,       0,       0
total,       1037144,     721,     721,     721,    69.6,   100.3,   100.3,   100.4,   100.5,   100.5,   49.0,  0.24614,      0,      0,       0,       0,       0,       0
total,       1037918,     774,     774,     774,    64.9,   100.3,   100.3,   100.4,   100.5,   100.5,   50.0,  0.24672,      0,      0,       0,       0,       0,       0
total,       1038647,     729,     729,     729,    68.8,   100.3,   100.4,   100.4,   100.5,   100.5,   51.0,  0.24728,      0,      0,       0,       0,       0,       0
total,       1039412,     765,     765,     765,    65.5,   100.3,   100.3,   100.4,   100.5,   100.5,   52.0,  0.24779,      0,      0,       0,       0,       0,       0
total,       1040199,     787,     787,     787,    63.8,   100.3,   100.4,   100.4,   100.5,   100.5,   53.0,  0.24827,      0,      0,       0,       0,       0,       0
total,       1040927,     728,     728,     728,    68.9,   100.3,   100.4,   100.4,   100.5,   100.6,   54.0,  0.24874,      0,      0,       0,       0,       0,       0
total,       1041690,     763,     763,     763,    65.8,   100.3,   100.4,   100.4,   100.5,   100.5,   55.0,  0.24918,      0,      0,       0,       0,       0,       0
total,       1042425,     735,     735,     735,    68.0,   100.3,   100.4,   100.4,   100.5,   100.5,   56.0,  0.24959,      0,      0,       0,       0,       0,       0
total,       1043140,     715,     715,     715,    67.4,   100.3,   100.4,   100.4,   100.5,   100.5,   57.0,  0.25000,      0,      0,       0,       0,       0,       0
total,       1043907,     767,     767,     767,    64.6,   100.3,   100.4,   100.6,   103.7,   107.2,   58.0,  0.25036,      0,      0,       0,       0,       0,       0
total,       1044671,     764,     764,     764,    65.7,   100.3,   100.4,   100.4,   100.5,   100.6,   59.0,  0.25070,      0,      0,       0,       0,       0,       0
total,       1045417,     746,     746,     746,    67.3,   100.3,   100.3,   100.4,   100.5,   100.5,   60.0,  0.25103,      0,      0,       0,       0,       0,       0
total,       1046173,     756,     756,     756,    66.4,   100.3,   100.3,   100.4,   100.4,   100.4,   61.0,  0.25134,      0,      0,       0,       0,       0,       0
total,       1046921,     748,     748,     748,    67.1,   100.3,   100.3,   100.4,   100.5,   100.5,   62.0,  0.25164,      0,      0,       0,       0,       0,       0
total,       1047681,     760,     760,     760,    66.0,   100.3,   100.4,   100.4,   100.5,   100.5,   63.0,  0.25191,      0,      0,       0,       0,       0,       0
total,       1048446,     765,     765,     765,    65.6,   100.3,   100.3,   100.4,   100.4,   100.4,   64.0,  0.25217,      0,      0,       0,       0,       0,       0
total,       1049215,     769,     769,     769,    65.3,   100.3,   100.4,   100.4,   100.5,   100.5,   65.0,  0.25241,      0,      0,       0,       0,       0,       0
total,       1049950,     735,     735,     735,    68.3,   100.3,   100.4,   100.4,   100.5,   100.5,   66.0,  0.25264,      0,      0,       0,       0,       0,       0
total,       1050718,     768,     768,     768,    65.4,   100.3,   100.3,   100.4,   100.5,   100.5,   67.0,  0.25286,      0,      0,       0,       0,       0,       0
total,       1051454,     736,     736,     736,    68.2,   100.3,   100.3,   100.4,   100.5,   100.5,   68.0,  0.25307,      0,      0,       0,       0,       0,       0
total,       1052206,     752,     752,     752,    66.7,   100.3,   100.3,   100.4,   100.5,   100.5,   69.0,  0.25326,      0,      0,       0,       0,       0,       0
total,       1052929,     723,     723,     723,    69.3,   100.3,   100.3,   100.4,   100.5,   100.5,   70.0,  0.25345,      0,      0,       0,       0,       0,       0
total,       1053671,     742,     742,     742,    66.7,   100.3,   100.3,   100.4,   100.4,   100.4,   71.0,  0.25362,      0,      0,       0,       0,       0,       0
total,       1054430,     759,     759,     759,    65.2,   100.3,   100.3,   100.4,   100.5,   100.7,   72.0,  0.25378,      0,      0,       0,       0,       0,       0
total,       1055180,     750,     750,     750,    66.9,   100.3,   100.3,   100.4,   100.5,   100.5,   73.0,  0.25393,      0,      0,       0,       0,       0,       0
total,       1055934,     754,     754,     754,    66.6,   100.3,   100.3,   100.4,   100.4,   100.5,   74.0,  0.25407,      0,      0,       0,       0,       0,       0
total,       1056695,     761,     761,     761,    65.8,   100.3,   100.3,   100.4,   100.4,   100.5,   75.0,  0.25420,      0,      0,       0,       0,       0,       0
total,       1057433,     738,     738,     738,    68.0,   100.3,   100.4,   100.5,   100.5,   100.7,   76.0,  0.25433,      0,      0,       0,       0,       0,       0
total,       1058170,     737,     737,     737,    68.1,   100.3,   100.4,   100.4,   100.5,   100.5,   77.0,  0.25444,      0,      0,       0,       0,       0,       0
total,       1058927,     757,     757,     757,    66.3,   100.3,   100.4,   100.4,   100.5,   100.5,   78.0,  0.25455,      0,      0,       0,       0,       0,       0
total,       1059683,     756,     756,     756,    66.4,   100.3,   100.4,   100.5,   100.5,   100.5,   79.0,  0.25464,      0,      0,       0,       0,       0,       0
total,       1060439,     756,     756,     756,    65.7,   100.3,   100.4,   100.4,   100.7,   105.9,   80.0,  0.25473,      0,      0,       0,       0,       0,       0
total,       1061191,     752,     752,     752,    65.5,   100.3,   100.3,   100.4,   100.4,   100.5,   81.0,  0.25481,      0,      0,       0,       0,       0,       0
total,       1061922,     731,     731,     731,    66.2,   100.3,   100.3,   100.4,   100.5,   100.5,   82.0,  0.25489,      0,      0,       0,       0,       0,       0
total,       1062623,     701,     701,     701,    71.3,   100.3,   100.3,   100.4,   100.5,   100.5,   83.0,  0.25498,      0,      0,       0,       0,       0,       0
total,       1063363,     740,     740,     740,    67.8,   100.3,   100.4,   100.4,   100.5,   100.5,   84.0,  0.25504,      0,      0,       0,       0,       0,       0
total,       1064105,     742,     742,     742,    67.6,   100.3,   100.3,   100.4,   100.4,   100.4,   85.0,  0.25510,      0,      0,       0,       0,       0,       0
total,       1064889,     784,     784,     784,    64.0,   100.3,   100.3,   100.4,   100.5,   100.5,   86.0,  0.25514,      0,      0,       0,       0,       0,       0
total,       1065660,     771,     771,     771,    65.1,   100.3,   100.3,   100.4,   100.5,   100.5,   87.0,  0.25518,      0,      0,       0,       0,       0,       0
total,       1066408,     748,     748,     748,    67.1,   100.3,   100.4,   100.5,   100.5,   100.5,   88.0,  0.25522,      0,      0,       0,       0,       0,       0
total,       1067157,     749,     749,     749,    67.0,   100.3,   100.4,   100.4,   100.5,   100.5,   89.0,  0.25526,      0,      0,       0,       0,       0,       0
total,       1067916,     759,     759,     759,    67.8,   100.3,   100.7,   159.1,   161.9,   162.3,   90.0,  0.25527,      0,      0,       0,       0,       0,       0
total,       1067989,     525,     525,     525,    89.4,   100.3,   100.9,   101.3,   102.0,   102.0,   90.1,  0.25500,      0,      0,       0,       0,       0,       0


Results:
Op rate                   :   11,848 op/s  [WRITE: 11,848 op/s]
Partition rate            :   11,848 pk/s  [WRITE: 11,848 pk/s]
Row rate                  :   11,848 row/s [WRITE: 11,848 row/s]
Latency mean              :    4.2 ms [WRITE: 4.2 ms]
Latency median            :    0.4 ms [WRITE: 0.4 ms]
Latency 95th percentile   :    1.5 ms [WRITE: 1.5 ms]
Latency 99th percentile   :  100.3 ms [WRITE: 100.3 ms]
Latency 99.9th percentile :  100.4 ms [WRITE: 100.4 ms]
Latency max               :  201.6 ms [WRITE: 201.6 ms]
Total partitions          :  1,067,989 [WRITE: 1,067,989]
Total errors              :          0 [WRITE: 0]
Total GC count            : 0
Total GC memory           : 0.000 KiB
Total GC time             :    0.0 seconds
Avg GC time               :    NaN ms
StdDev GC time            :    0.0 ms
Total operation time      : 00:01:30

END
