******************** Stress Settings ********************
Command:
  Type: write
  Count: -1
  Duration: 90 SECONDS
  No Warmup: false
  Consistency Level: ONE
  Target Uncertainty: not applicable
  Key Size (bytes): 10
  Counter Increment Distibution: add=fixed(1)
Rate:
  Auto: false
  Thread Count: 50
  OpsPer Sec: 0
Population:
  Sequence: 1..1000000
  Order: ARBITRARY
  Wrap: true
Insert:
  Revisits: Uniform:  min=1,max=1000000
  Visits: Fixed:  key=1
  Row Population Ratio: Ratio: divisor=1.000000;delegate=Fixed:  key=1
  Batch Type: not batching
Columns:
  Max Columns Per Key: 1
  Column Names: [C0]
  Comparator: AsciiType
  Timestamp: null
  Variable Column Count: false
  Slice: false
  Size Distribution: Fixed:  key=34
  Count Distribution: Fixed:  key=1
Errors:
  Ignore: false
  Tries: 10
Log:
  No Summary: false
  No Settings: false
  File: null
  Interval Millis: 1000
  Level: NORMAL
Mode:
  API: JAVA_DRIVER_NATIVE
  Connection Style: CQL_PREPARED
  CQL Version: CQL3
  Protocol Version: V4
  Username: null
  Password: null
  Auth Provide Class: null
  Max Pending Per Connection: 128
  Connections Per Host: 8
  Compression: NONE
Node:
  Nodes: [cassandra_a, cassandra_b, cassandra_c]
  Is White List: false
  Datacenter: null
Schema:
  Keyspace: keyspace1
  Replication Strategy: org.apache.cassandra.locator.SimpleStrategy
  Replication Strategy Pptions: {replication_factor=3}
  Table Compression: null
  Table Compaction Strategy: null
  Table Compaction Strategy Options: {}
Transport:
  factory=org.apache.cassandra.thrift.TFramedTransportFactory; truststore=null; truststore-password=null; keystore=null; keystore-password=null; ssl-protocol=TLS; ssl-alg=SunX509; store-type=JKS; ssl-ciphers=TLS_RSA_WITH_AES_128_CBC_SHA,TLS_RSA_WITH_AES_256_CBC_SHA; 
Port:
  Native Port: 9042
  Thrift Port: 9160
  JMX Port: 7199
Send To Daemon:
  *not set*
Graph:
  File: null
  Revision: unknown
  Title: null
  Operation: WRITE
TokenRange:
  Wrap: false
  Split Factor: 1

Connected to cluster: TestCluster, max pending requests per connection 128, max connections per host 8
Datatacenter: datacenter1; Host: cassandra_c/172.19.0.4; Rack: rack1
Datatacenter: datacenter1; Host: cassandra_b/172.19.0.3; Rack: rack1
Datatacenter: datacenter1; Host: cassandra_a/172.19.0.2; Rack: rack1
Created keyspaces. Sleeping 3s for propagation.
Sleeping 2s...
Warming up WRITE with 150000 iterations...
Failed to connect over JMX; not collecting these stats
Running WRITE with 50 threads 90 seconds
Failed to connect over JMX; not collecting these stats
type       total ops,    op/s,    pk/s,   row/s,    mean,     med,     .95,     .99,    .999,     max,   time,   stderr, errors,  gc: #,  max ms,  sum ms,  sdv ms,      mb
total,           299,     299,     299,     299,    50.5,    75.3,    75.4,    75.6,    75.8,    75.8,    1.0,  0.00000,      0,      0,       0,       0,       0,       0
total,          1278,     979,     979,     979,    50.0,    75.2,    75.4,    75.4,    75.4,    75.4,    2.0,  0.37613,      0,      0,       0,       0,       0,       0
total,          2283,    1005,    1005,    1005,    48.8,    75.2,    75.4,    75.4,    75.5,    75.5,    3.0,  0.24792,      0,      0,       0,       0,       0,       0
total,          3256,     973,     973,     973,    50.4,    75.2,    75.4,    75.4,    75.5,    75.5,    4.0,  0.18275,      0,      0,       0,       0,       0,       0
total,          4268,    1012,    1012,    1012,    52.1,    75.2,    75.4,    75.4,    75.4,    75.4,    5.0,  0.14546,      0,      0,       0,       0,       0,       0
total,          5206,     938,     938,     938,    52.2,    75.3,    75.4,    75.4,    75.6,    79.6,    6.0,  0.12016,      0,      0,       0,       0,       0,       0
total,          6220,    1014,    1014,    1014,    48.3,    75.2,    75.4,    75.4,    78.2,    79.0,    7.0,  0.10295,      0,      0,       0,       0,       0,       0
total,          7199,     979,     979,     979,    51.4,    75.2,    75.4,    75.4,    75.5,    75.9,    8.0,  0.08972,      0,      0,       0,       0,       0,       0
total,          8192,     993,     993,     993,    51.8,    75.2,    75.4,    75.4,    75.5,    75.5,    9.0,  0.07956,      0,      0,       0,       0,       0,       0
total,          9163,     971,     971,     971,    50.5,    75.2,    75.4,    75.4,    75.5,    75.6,   10.0,  0.07141,      0,      0,       0,       0,       0,       0
total,         10111,     948,     948,     948,    51.7,    75.2,    75.4,    75.4,    76.5,    79.9,   11.0,  0.06478,      0,      0,       0,       0,       0,       0
total,         11174,    1063,    1063,    1063,    48.8,    75.2,    75.4,    75.4,    75.5,    75.5,   12.0,  0.05988,      0,      0,       0,       0,       0,       0
total,         12140,     966,     966,     966,    51.6,    75.3,    75.4,    75.4,    75.4,    75.4,   13.0,  0.05518,      0,      0,       0,       0,       0,       0
total,         13158,    1018,    1018,    1018,    48.1,    75.2,    75.4,    75.4,    75.4,    75.6,   14.0,  0.05128,      0,      0,       0,       0,       0,       0
total,         14127,     969,     969,     969,    50.6,    75.3,    75.4,    75.4,    75.6,    75.6,   15.0,  0.04781,      0,      0,       0,       0,       0,       0
total,         15197,    1070,    1070,    1070,    49.2,    75.2,    75.4,    75.4,    75.5,    75.5,   16.0,  0.04518,      0,      0,       0,       0,       0,       0
total,         16184,     987,     987,     987,    49.8,    75.2,    75.4,    75.4,    78.5,    80.5,   17.0,  0.04248,      0,      0,       0,       0,       0,       0
total,         17144,     960,     960,     960,    51.0,    75.2,    75.4,    75.4,    75.5,    75.5,   18.0,  0.04011,      0,      0,       0,       0,       0,       0
total,         18112,     968,     968,     968,    50.6,    75.3,    75.4,    75.4,    79.3,    79.8,   19.0,  0.03797,      0,      0,       0,       0,       0,       0
total,         19151,    1039,    1039,    1039,    50.8,    75.3,    75.4,    75.4,    75.5,    78.1,   20.0,  0.03618,      0,      0,       0,       0,       0,       0
total,         20146,     995,     995,     995,    49.2,    75.3,    75.4,    75.4,    75.4,    75.5,   21.0,  0.03444,      0,      0,       0,       0,       0,       0
total,         21128,     982,     982,     982,    49.9,    75.2,    75.4,    75.4,    78.6,    80.3,   22.0,  0.03286,      0,      0,       0,       0,       0,       0
total,         22089,     961,     961,     961,    51.0,    75.2,    75.4,    75.4,    75.4,    75.4,   23.0,  0.03143,      0,      0,       0,       0,       0,       0
total,         23111,    1022,    1022,    1022,    51.6,    75.3,    75.4,    75.4,    75.5,    75.5,   24.0,  0.03015,      0,      0,       0,       0,       0,       0
total,         24125,    1014,    1014,    1014,    49.0,    75.2,    76.0,    94.0,   134.1,   134.2,   25.0,  0.02920,      0,      0,       0,       0,       0,       0
total,         25055,     930,     930,     930,    52.7,    75.3,    75.4,    75.6,    75.8,    75.8,   26.0,  0.02816,      0,      0,       0,       0,       0,       0
total,         26021,     966,     966,     966,    51.0,    75.3,    75.4,    75.4,    75.5,    75.6,   27.0,  0.02712,      0,      0,       0,       0,       0,       0
total,         27029,    1008,    1008,    1008,    50.9,    75.3,    75.4,    75.4,    75.5,    75.5,   28.0,  0.02615,      0,      0,       0,       0,       0,       0
total,         28017,     988,     988,     988,    50.7,    75.3,    75.4,    75.4,    75.5,    75.8,   29.0,  0.02524,      0,      0,       0,       0,       0,       0
total,         29009,     992,     992,     992,    49.4,    75.3,    75.4,    75.4,    75.4,    75.6,   30.0,  0.02439,      0,      0,       0,       0,       0,       0
total,         30019,    1010,    1010,    1010,    49.5,    75.3,    75.4,    75.4,    75.5,    75.5,   31.0,  0.02361,      0,      0,       0,       0,       0,       0
total,         31041,    1022,    1022,    1022,    50.4,    75.3,    75.4,    75.4,    75.5,    75.5,   32.0,  0.02289,      0,      0,       0,       0,       0,       0
total,         32024,     983,     983,     983,    50.2,    75.3,    75.4,    75.4,    75.4,    75.4,   33.0,  0.02219,      0,      0,       0,       0,       0,       0
total,         32998,     974,     974,     974,    50.3,    75.3,    75.4,    75.4,    75.5,    75.6,   34.0,  0.02154,      0,      0,       0,       0,       0,       0
total,         34006,    1008,    1008,    1008,    49.7,    75.3,    75.4,    75.4,    75.6,    75.7,   35.0,  0.02093,      0,      0,       0,       0,       0,       0
total,         35014,    1008,    1008,    1008,    51.0,    75.3,    75.4,    75.4,    75.4,    75.5,   36.0,  0.02035,      0,      0,       0,       0,       0,       0
total,         36041,    1027,    1027,    1027,    48.0,    75.2,    75.4,    75.4,    75.4,    75.5,   37.0,  0.01982,      0,      0,       0,       0,       0,       0
total,         37028,     987,     987,     987,    49.6,    75.2,    75.4,    75.4,    75.5,    75.5,   38.0,  0.01929,      0,      0,       0,       0,       0,       0
total,         38041,    1013,    1013,    1013,    49.5,    75.2,    75.4,    75.4,    75.5,    75.5,   39.0,  0.01881,      0,      0,       0,       0,       0,       0
total,         39062,    1021,    1021,    1021,    50.3,    75.2,    75.4,    75.4,    75.6,    75.8,   40.0,  0.01835,      0,      0,       0,       0,       0,       0
total,         40001,     939,     939,     939,    52.5,    75.2,    75.4,    75.4,    75.4,    75.4,   41.0,  0.01795,      0,      0,       0,       0,       0,       0
total,         41007,    1006,    1006,    1006,    48.7,    75.2,    75.4,    75.4,    75.4,    76.1,   42.0,  0.01752,      0,      0,       0,       0,       0,       0
total,         41999,     992,     992,     992,    50.8,    75.2,    75.4,    75.4,    75.5,    75.6,   43.0,  0.01711,      0,      0,       0,       0,       0,       0
total,         43017,    1018,    1018,    1018,    50.3,    75.2,    75.4,    75.4,    75.5,    75.6,   44.0,  0.01673,      0,      0,       0,       0,       0,       0
total,         44022,    1005,    1005,    1005,    48.8,    75.2,    75.4,    75.4,    75.4,    75.5,   45.0,  0.01636,      0,      0,       0,       0,       0,       0
total,         44991,     969,     969,     969,    51.6,    75.2,    75.4,    75.4,    75.4,    75.5,   46.0,  0.01601,      0,      0,       0,       0,       0,       0
total,         45977,     986,     986,     986,    52.1,    75.2,    75.4,    75.4,    75.5,    75.5,   47.0,  0.01567,      0,      0,       0,       0,       0,       0
total,         46986,    1009,    1009,    1009,    48.9,    75.2,    75.4,    75.4,    75.4,    75.5,   48.0,  0.01534,      0,      0,       0,       0,       0,       0
total,         47986,    1000,    1000,    1000,    49.0,    75.2,    75.4,    75.4,    75.5,    75.6,   49.0,  0.01503,      0,      0,       0,       0,       0,       0
total,         49005,    1019,    1019,    1019,    49.1,    75.3,    75.4,    75.4,    75.5,    75.6,   50.0,  0.01474,      0,      0,       0,       0,       0,       0
total,         50001,     996,     996,     996,    51.6,    75.3,    75.4,    75.4,    75.5,    75.6,   51.0,  0.01445,      0,      0,       0,       0,       0,       0
total,         51018,    1017,    1017,    1017,    48.5,    75.2,    75.4,    75.4,    75.5,    75.6,   52.0,  0.01417,      0,      0,       0,       0,       0,       0
total,         51970,     952,     952,     952,    51.5,    75.3,    75.4,    75.4,    79.0,    80.2,   53.0,  0.01392,      0,      0,       0,       0,       0,       0
total,         52977,    1007,    1007,    1007,    49.7,    75.2,    75.4,    75.4,    77.7,    79.2,   54.0,  0.01367,      0,      0,       0,       0,       0,       0
total,         53991,    1014,    1014,    1014,    50.7,    75.3,    75.4,    75.4,    75.4,    75.4,   55.0,  0.01342,      0,      0,       0,       0,       0,       0
total,         54934,     943,     943,     943,    52.3,    75.2,    75.4,    75.4,    75.4,    75.4,   56.0,  0.01321,      0,      0,       0,       0,       0,       0
total,         55911,     977,     977,     977,    50.3,    75.3,    75.4,    83.2,    84.1,    84.3,   57.0,  0.01298,      0,      0,       0,       0,       0,       0
total,         56914,    1003,    1003,    1003,    50.0,    75.2,    75.4,    75.4,    75.5,    75.5,   58.0,  0.01276,      0,      0,       0,       0,       0,       0
total,         57943,    1029,    1029,    1029,    50.0,    75.3,    75.4,    75.4,    75.6,    79.7,   59.0,  0.01256,      0,      0,       0,       0,       0,       0
total,         58942,     999,     999,     999,    49.3,    75.2,    75.4,    75.4,    75.6,    79.9,   60.0,  0.01235,      0,      0,       0,       0,       0,       0
total,         59954,    1012,    1012,    1012,    49.3,    75.2,    75.4,    75.4,    75.4,    75.6,   61.0,  0.01215,      0,      0,       0,       0,       0,       0
total,         60984,    1030,    1030,    1030,    48.3,    75.2,    75.4,    75.4,    75.5,    75.6,   62.0,  0.01197,      0,      0,       0,       0,       0,       0
total,         62003,    1019,    1019,    1019,    50.1,    75.2,    75.4,    75.4,    75.5,    75.6,   63.0,  0.01179,      0,      0,       0,       0,       0,       0
total,         62941,     938,     938,     938,    52.3,    75.3,    75.4,    75.4,    75.4,    75.5,   64.0,  0.01163,      0,      0,       0,       0,       0,       0
total,         63945,    1004,    1004,    1004,    49.8,    75.3,    75.4,    75.4,    75.4,    75.5,   65.0,  0.01146,      0,      0,       0,       0,       0,       0
total,         64950,    1005,    1005,    1005,    49.5,    75.2,    75.4,    75.4,    75.4,    75.5,   66.0,  0.01128,      0,      0,       0,       0,       0,       0
total,         65962,    1012,    1012,    1012,    50.4,    75.2,    75.4,    75.4,    75.4,    75.5,   67.0,  0.01112,      0,      0,       0,       0,       0,       0
total,         66901,     939,     939,     939,    52.2,    75.2,    75.4,    75.4,    75.4,    75.4,   68.0,  0.01098,      0,      0,       0,       0,       0,       0
total,         67863,     962,     962,     962,    51.9,    75.2,    75.4,    75.4,    75.4,    75.5,   69.0,  0.01083,      0,      0,       0,       0,       0,       0
total,         68906,    1043,    1043,    1043,    48.6,    75.2,    75.4,    75.4,    75.4,    75.4,   70.0,  0.01070,      0,      0,       0,       0,       0,       0
total,         69898,     992,     992,     992,    50.4,    75.2,    75.4,    75.4,    75.4,    75.4,   71.0,  0.01055,      0,      0,       0,       0,       0,       0
total,         70846,     948,     948,     948,    51.7,    75.2,    75.4,    75.4,    75.4,    75.5,   72.0,  0.01042,      0,      0,       0,       0,       0,       0
total,         71837,     991,     991,     991,    50.5,    75.2,    75.4,    75.4,    75.4,    75.5,   73.0,  0.01028,      0,      0,       0,       0,       0,       0
total,         72887,    1050,    1050,    1050,    49.2,    75.2,    75.4,    75.4,    75.4,    75.4,   74.0,  0.01017,      0,      0,       0,       0,       0,       0
total,         73825,     938,     938,     938,    52.3,    75.2,    75.4,    75.4,    75.4,    75.6,   75.0,  0.01006,      0,      0,       0,       0,       0,       0
total,         74786,     961,     961,     961,    51.8,    75.2,    75.4,    75.4,    75.4,    75.4,   76.0,  0.00994,      0,      0,       0,       0,       0,       0
total,         75788,    1002,    1002,    1002,    49.7,    75.2,    75.4,    75.4,    75.4,    75.5,   77.0,  0.00981,      0,      0,       0,       0,       0,       0
total,         76805,    1017,    1017,    1017,    50.2,    75.2,    75.4,    75.4,    75.4,    75.5,   78.0,  0.00969,      0,      0,       0,       0,       0,       0
total,         77793,     988,     988,     988,    49.7,    75.2,    75.4,    75.4,    75.4,    75.4,   79.0,  0.00957,      0,      0,       0,       0,       0,       0
total,         78757,     964,     964,     964,    51.8,    75.2,    75.4,    75.4,    75.5,    75.5,   80.0,  0.00945,      0,      0,       0,       0,       0,       0
total,         79734,     977,     977,     977,    51.0,    75.3,    75.4,    75.4,    75.4,    75.5,   81.0,  0.00934,      0,      0,       0,       0,       0,       0
total,         80717,     983,     983,     983,    51.8,    75.2,    75.4,    75.4,    75.5,    75.5,   82.0,  0.00922,      0,      0,       0,       0,       0,       0
total,         81712,     995,     995,     995,    49.3,    75.2,    75.4,    75.4,    75.5,    75.5,   83.0,  0.00911,      0,      0,       0,       0,       0,       0
total,         82718,    1006,    1006,    1006,    49.7,    75.2,    75.4,    75.4,    75.4,    75.5,   84.0,  0.00901,      0,      0,       0,       0,       0,       0
total,         83752,    1034,    1034,    1034,    49.9,    75.2,    75.4,    75.4,    75.5,    75.9,   85.0,  0.00891,      0,      0,       0,       0,       0,       0
total,         84725,     973,     973,     973,    50.5,    75.3,    75.4,    75.4,    75.5,    75.6,   86.0,  0.00881,      0,      0,       0,       0,       0,       0
total,         85678,     953,     953,     953,    51.4,    75.2,    75.4,    75.4,    75.5,    75.6,   87.0,  0.00872,      0,      0,       0,       0,       0,       0
total,         86656,     978,     978,     978,    51.2,    75.2,    75.4,    75.4,    75.4,    75.4,   88.0,  0.00863,      0,      0,       0,       0,       0,       0
total,         87671,    1015,    1015,    1015,    50.9,    75.2,    75.4,    75.4,    75.4,    75.4,   89.0,  0.00853,      0,      0,       0,       0,       0,       0
total,         88657,     986,     986,     986,    49.8,    75.2,    75.4,    75.4,    75.4,    75.5,   90.0,  0.00844,      0,      0,       0,       0,       0,       0
total,         89396,     991,     991,     991,    51.0,    75.2,    75.4,    75.4,    75.6,    75.6,   90.7,  0.00835,      0,      0,       0,       0,       0,       0


Results:
Op rate                   :      985 op/s  [WRITE: 985 op/s]
Partition rate            :      985 pk/s  [WRITE: 985 pk/s]
Row rate                  :      985 row/s [WRITE: 985 row/s]
Latency mean              :   50.3 ms [WRITE: 50.3 ms]
Latency median            :   75.2 ms [WRITE: 75.2 ms]
Latency 95th percentile   :   75.4 ms [WRITE: 75.4 ms]
Latency 99th percentile   :   75.4 ms [WRITE: 75.4 ms]
Latency 99.9th percentile :   76.3 ms [WRITE: 76.3 ms]
Latency max               :  134.2 ms [WRITE: 134.2 ms]
Total partitions          :     89,396 [WRITE: 89,396]
Total errors              :          0 [WRITE: 0]
Total GC count            : 0
Total GC memory           : 0.000 KiB
Total GC time             :    0.0 seconds
Avg GC time               :    NaN ms
StdDev GC time            :    0.0 ms
Total operation time      : 00:01:30

END
